<?xml version="1.0" encoding="UTF-8"?>
<testsuite xmlns:xsi="http://www.w3.org/2001/XMLSchema-instance" xsi:noNamespaceSchemaLocation="https://maven.apache.org/surefire/maven-surefire-plugin/xsd/surefire-test-report-3.0.xsd" version="3.0" name="Get data from all employees" time="179.437" tests="1" errors="0" skipped="0" failures="0">
  <properties>
    <property name="sun.desktop" value="windows"/>
    <property name="awt.toolkit" value="sun.awt.windows.WToolkit"/>
    <property name="file.encoding.pkg" value="sun.io"/>
    <property name="java.specification.version" value="1.8"/>
    <property name="webdriver.chrome.driver" value="C:\Users\imark\.m2\repository\webdriver\chromedriver\win32\92.0.4515.107\chromedriver.exe"/>
    <property name="sun.cpu.isalist" value="amd64"/>
    <property name="sun.jnu.encoding" value="Cp1252"/>
    <property name="java.class.path" value="C:\Users\imark\Desktop\User2\hrms5Cucumber-JUnit\target\test-classes;C:\Users\imark\Desktop\User2\hrms5Cucumber-JUnit\target\classes;C:\Users\imark\.m2\repository\org\seleniumhq\selenium\selenium-java\3.141.59\selenium-java-3.141.59.jar;C:\Users\imark\.m2\repository\org\seleniumhq\selenium\selenium-api\3.141.59\selenium-api-3.141.59.jar;C:\Users\imark\.m2\repository\org\seleniumhq\selenium\selenium-chrome-driver\3.141.59\selenium-chrome-driver-3.141.59.jar;C:\Users\imark\.m2\repository\org\seleniumhq\selenium\selenium-edge-driver\3.141.59\selenium-edge-driver-3.141.59.jar;C:\Users\imark\.m2\repository\org\seleniumhq\selenium\selenium-firefox-driver\3.141.59\selenium-firefox-driver-3.141.59.jar;C:\Users\imark\.m2\repository\org\seleniumhq\selenium\selenium-ie-driver\3.141.59\selenium-ie-driver-3.141.59.jar;C:\Users\imark\.m2\repository\org\seleniumhq\selenium\selenium-opera-driver\3.141.59\selenium-opera-driver-3.141.59.jar;C:\Users\imark\.m2\repository\org\seleniumhq\selenium\selenium-remote-driver\3.141.59\selenium-remote-driver-3.141.59.jar;C:\Users\imark\.m2\repository\org\seleniumhq\selenium\selenium-safari-driver\3.141.59\selenium-safari-driver-3.141.59.jar;C:\Users\imark\.m2\repository\org\seleniumhq\selenium\selenium-support\3.141.59\selenium-support-3.141.59.jar;C:\Users\imark\.m2\repository\net\bytebuddy\byte-buddy\1.8.15\byte-buddy-1.8.15.jar;C:\Users\imark\.m2\repository\org\apache\commons\commons-exec\1.3\commons-exec-1.3.jar;C:\Users\imark\.m2\repository\com\google\guava\guava\25.0-jre\guava-25.0-jre.jar;C:\Users\imark\.m2\repository\com\google\code\findbugs\jsr305\1.3.9\jsr305-1.3.9.jar;C:\Users\imark\.m2\repository\org\checkerframework\checker-compat-qual\2.0.0\checker-compat-qual-2.0.0.jar;C:\Users\imark\.m2\repository\com\google\errorprone\error_prone_annotations\2.1.3\error_prone_annotations-2.1.3.jar;C:\Users\imark\.m2\repository\com\google\j2objc\j2objc-annotations\1.1\j2objc-annotations-1.1.jar;C:\Users\imark\.m2\repository\org\codehaus\mojo\animal-sniffer-annotations\1.14\animal-sniffer-annotations-1.14.jar;C:\Users\imark\.m2\repository\com\squareup\okhttp3\okhttp\3.11.0\okhttp-3.11.0.jar;C:\Users\imark\.m2\repository\com\squareup\okio\okio\1.14.0\okio-1.14.0.jar;C:\Users\imark\.m2\repository\io\github\bonigarcia\webdrivermanager\3.8.1\webdrivermanager-3.8.1.jar;C:\Users\imark\.m2\repository\org\slf4j\slf4j-api\1.7.25\slf4j-api-1.7.25.jar;C:\Users\imark\.m2\repository\org\apache\commons\commons-lang3\3.8.1\commons-lang3-3.8.1.jar;C:\Users\imark\.m2\repository\org\apache\httpcomponents\httpclient\4.5.6\httpclient-4.5.6.jar;C:\Users\imark\.m2\repository\org\apache\httpcomponents\httpcore\4.4.10\httpcore-4.4.10.jar;C:\Users\imark\.m2\repository\commons-logging\commons-logging\1.2\commons-logging-1.2.jar;C:\Users\imark\.m2\repository\org\rauschig\jarchivelib\1.0.0\jarchivelib-1.0.0.jar;C:\Users\imark\.m2\repository\org\jsoup\jsoup\1.11.3\jsoup-1.11.3.jar;C:\Users\imark\.m2\repository\org\apache\poi\poi\4.1.2\poi-4.1.2.jar;C:\Users\imark\.m2\repository\commons-codec\commons-codec\1.13\commons-codec-1.13.jar;C:\Users\imark\.m2\repository\org\apache\commons\commons-collections4\4.4\commons-collections4-4.4.jar;C:\Users\imark\.m2\repository\org\apache\commons\commons-math3\3.6.1\commons-math3-3.6.1.jar;C:\Users\imark\.m2\repository\com\zaxxer\SparseBitSet\1.2\SparseBitSet-1.2.jar;C:\Users\imark\.m2\repository\org\apache\poi\poi-ooxml\4.1.2\poi-ooxml-4.1.2.jar;C:\Users\imark\.m2\repository\org\apache\poi\poi-ooxml-schemas\4.1.2\poi-ooxml-schemas-4.1.2.jar;C:\Users\imark\.m2\repository\org\apache\xmlbeans\xmlbeans\3.1.0\xmlbeans-3.1.0.jar;C:\Users\imark\.m2\repository\org\apache\commons\commons-compress\1.19\commons-compress-1.19.jar;C:\Users\imark\.m2\repository\com\github\virtuald\curvesapi\1.06\curvesapi-1.06.jar;C:\Users\imark\.m2\repository\commons-io\commons-io\2.8.0\commons-io-2.8.0.jar;C:\Users\imark\.m2\repository\io\cucumber\cucumber-java\6.9.1\cucumber-java-6.9.1.jar;C:\Users\imark\.m2\repository\io\cucumber\cucumber-core\6.9.1\cucumber-core-6.9.1.jar;C:\Users\imark\.m2\repository\io\cucumber\cucumber-gherkin\6.9.1\cucumber-gherkin-6.9.1.jar;C:\Users\imark\.m2\repository\io\cucumber\cucumber-gherkin-messages\6.9.1\cucumber-gherkin-messages-6.9.1.jar;C:\Users\imark\.m2\repository\io\cucumber\messages\13.2.1\messages-13.2.1.jar;C:\Users\imark\.m2\repository\io\cucumber\tag-expressions\3.0.0\tag-expressions-3.0.0.jar;C:\Users\imark\.m2\repository\io\cucumber\cucumber-expressions\10.3.0\cucumber-expressions-10.3.0.jar;C:\Users\imark\.m2\repository\io\cucumber\datatable\3.5.0\datatable-3.5.0.jar;C:\Users\imark\.m2\repository\io\cucumber\cucumber-plugin\6.9.1\cucumber-plugin-6.9.1.jar;C:\Users\imark\.m2\repository\io\cucumber\docstring\6.9.1\docstring-6.9.1.jar;C:\Users\imark\.m2\repository\io\cucumber\html-formatter\9.0.0\html-formatter-9.0.0.jar;C:\Users\imark\.m2\repository\io\cucumber\create-meta\2.0.4\create-meta-2.0.4.jar;C:\Users\imark\.m2\repository\org\apiguardian\apiguardian-api\1.1.0\apiguardian-api-1.1.0.jar;C:\Users\imark\.m2\repository\io\cucumber\cucumber-junit\6.9.1\cucumber-junit-6.9.1.jar;C:\Users\imark\.m2\repository\junit\junit\4.13.1\junit-4.13.1.jar;C:\Users\imark\.m2\repository\org\hamcrest\hamcrest-core\1.3\hamcrest-core-1.3.jar;C:\Users\imark\.m2\repository\mysql\mysql-connector-java\8.0.25\mysql-connector-java-8.0.25.jar;C:\Users\imark\.m2\repository\com\google\protobuf\protobuf-java\3.11.4\protobuf-java-3.11.4.jar;C:\Users\imark\.m2\repository\io\rest-assured\rest-assured\4.4.0\rest-assured-4.4.0.jar;C:\Users\imark\.m2\repository\org\codehaus\groovy\groovy\3.0.8\groovy-3.0.8.jar;C:\Users\imark\.m2\repository\org\codehaus\groovy\groovy-xml\3.0.8\groovy-xml-3.0.8.jar;C:\Users\imark\.m2\repository\org\apache\httpcomponents\httpmime\4.5.13\httpmime-4.5.13.jar;C:\Users\imark\.m2\repository\org\hamcrest\hamcrest\2.1\hamcrest-2.1.jar;C:\Users\imark\.m2\repository\org\ccil\cowan\tagsoup\tagsoup\1.2.1\tagsoup-1.2.1.jar;C:\Users\imark\.m2\repository\io\rest-assured\json-path\4.4.0\json-path-4.4.0.jar;C:\Users\imark\.m2\repository\org\codehaus\groovy\groovy-json\3.0.8\groovy-json-3.0.8.jar;C:\Users\imark\.m2\repository\io\rest-assured\rest-assured-common\4.4.0\rest-assured-common-4.4.0.jar;C:\Users\imark\.m2\repository\io\rest-assured\xml-path\4.4.0\xml-path-4.4.0.jar;C:\Users\imark\.m2\repository\jakarta\xml\bind\jakarta.xml.bind-api\2.3.3\jakarta.xml.bind-api-2.3.3.jar;C:\Users\imark\.m2\repository\jakarta\activation\jakarta.activation-api\1.2.2\jakarta.activation-api-1.2.2.jar;C:\Users\imark\.m2\repository\com\sun\xml\bind\jaxb-impl\2.3.3\jaxb-impl-2.3.3.jar;C:\Users\imark\.m2\repository\com\google\code\gson\gson\2.8.7\gson-2.8.7.jar;C:\Users\imark\.m2\repository\org\json\json\20160810\json-20160810.jar;"/>
    <property name="java.vm.vendor" value="Oracle Corporation"/>
    <property name="sun.arch.data.model" value="64"/>
    <property name="user.variant" value=""/>
    <property name="java.vendor.url" value="http://java.oracle.com/"/>
    <property name="user.timezone" value="America/New_York"/>
    <property name="java.vm.specification.version" value="1.8"/>
    <property name="os.name" value="Windows 10"/>
    <property name="user.country" value="US"/>
    <property name="sun.java.launcher" value="SUN_STANDARD"/>
    <property name="sun.boot.library.path" value="C:\Program Files\Java\jdk1.8.0_281\jre\bin"/>
    <property name="sun.java.command" value="C:\Users\imark\AppData\Local\Temp\surefire5922002332302844745\surefirebooter3304225635628708138.jar C:\Users\imark\AppData\Local\Temp\surefire5922002332302844745 2021-08-25T23-14-12_667-jvmRun1 surefire2109253081426979784tmp surefire_02880559088956786961tmp"/>
    <property name="surefire.test.class.path" value="C:\Users\imark\Desktop\User2\hrms5Cucumber-JUnit\target\test-classes;C:\Users\imark\Desktop\User2\hrms5Cucumber-JUnit\target\classes;C:\Users\imark\.m2\repository\org\seleniumhq\selenium\selenium-java\3.141.59\selenium-java-3.141.59.jar;C:\Users\imark\.m2\repository\org\seleniumhq\selenium\selenium-api\3.141.59\selenium-api-3.141.59.jar;C:\Users\imark\.m2\repository\org\seleniumhq\selenium\selenium-chrome-driver\3.141.59\selenium-chrome-driver-3.141.59.jar;C:\Users\imark\.m2\repository\org\seleniumhq\selenium\selenium-edge-driver\3.141.59\selenium-edge-driver-3.141.59.jar;C:\Users\imark\.m2\repository\org\seleniumhq\selenium\selenium-firefox-driver\3.141.59\selenium-firefox-driver-3.141.59.jar;C:\Users\imark\.m2\repository\org\seleniumhq\selenium\selenium-ie-driver\3.141.59\selenium-ie-driver-3.141.59.jar;C:\Users\imark\.m2\repository\org\seleniumhq\selenium\selenium-opera-driver\3.141.59\selenium-opera-driver-3.141.59.jar;C:\Users\imark\.m2\repository\org\seleniumhq\selenium\selenium-remote-driver\3.141.59\selenium-remote-driver-3.141.59.jar;C:\Users\imark\.m2\repository\org\seleniumhq\selenium\selenium-safari-driver\3.141.59\selenium-safari-driver-3.141.59.jar;C:\Users\imark\.m2\repository\org\seleniumhq\selenium\selenium-support\3.141.59\selenium-support-3.141.59.jar;C:\Users\imark\.m2\repository\net\bytebuddy\byte-buddy\1.8.15\byte-buddy-1.8.15.jar;C:\Users\imark\.m2\repository\org\apache\commons\commons-exec\1.3\commons-exec-1.3.jar;C:\Users\imark\.m2\repository\com\google\guava\guava\25.0-jre\guava-25.0-jre.jar;C:\Users\imark\.m2\repository\com\google\code\findbugs\jsr305\1.3.9\jsr305-1.3.9.jar;C:\Users\imark\.m2\repository\org\checkerframework\checker-compat-qual\2.0.0\checker-compat-qual-2.0.0.jar;C:\Users\imark\.m2\repository\com\google\errorprone\error_prone_annotations\2.1.3\error_prone_annotations-2.1.3.jar;C:\Users\imark\.m2\repository\com\google\j2objc\j2objc-annotations\1.1\j2objc-annotations-1.1.jar;C:\Users\imark\.m2\repository\org\codehaus\mojo\animal-sniffer-annotations\1.14\animal-sniffer-annotations-1.14.jar;C:\Users\imark\.m2\repository\com\squareup\okhttp3\okhttp\3.11.0\okhttp-3.11.0.jar;C:\Users\imark\.m2\repository\com\squareup\okio\okio\1.14.0\okio-1.14.0.jar;C:\Users\imark\.m2\repository\io\github\bonigarcia\webdrivermanager\3.8.1\webdrivermanager-3.8.1.jar;C:\Users\imark\.m2\repository\org\slf4j\slf4j-api\1.7.25\slf4j-api-1.7.25.jar;C:\Users\imark\.m2\repository\org\apache\commons\commons-lang3\3.8.1\commons-lang3-3.8.1.jar;C:\Users\imark\.m2\repository\org\apache\httpcomponents\httpclient\4.5.6\httpclient-4.5.6.jar;C:\Users\imark\.m2\repository\org\apache\httpcomponents\httpcore\4.4.10\httpcore-4.4.10.jar;C:\Users\imark\.m2\repository\commons-logging\commons-logging\1.2\commons-logging-1.2.jar;C:\Users\imark\.m2\repository\org\rauschig\jarchivelib\1.0.0\jarchivelib-1.0.0.jar;C:\Users\imark\.m2\repository\org\jsoup\jsoup\1.11.3\jsoup-1.11.3.jar;C:\Users\imark\.m2\repository\org\apache\poi\poi\4.1.2\poi-4.1.2.jar;C:\Users\imark\.m2\repository\commons-codec\commons-codec\1.13\commons-codec-1.13.jar;C:\Users\imark\.m2\repository\org\apache\commons\commons-collections4\4.4\commons-collections4-4.4.jar;C:\Users\imark\.m2\repository\org\apache\commons\commons-math3\3.6.1\commons-math3-3.6.1.jar;C:\Users\imark\.m2\repository\com\zaxxer\SparseBitSet\1.2\SparseBitSet-1.2.jar;C:\Users\imark\.m2\repository\org\apache\poi\poi-ooxml\4.1.2\poi-ooxml-4.1.2.jar;C:\Users\imark\.m2\repository\org\apache\poi\poi-ooxml-schemas\4.1.2\poi-ooxml-schemas-4.1.2.jar;C:\Users\imark\.m2\repository\org\apache\xmlbeans\xmlbeans\3.1.0\xmlbeans-3.1.0.jar;C:\Users\imark\.m2\repository\org\apache\commons\commons-compress\1.19\commons-compress-1.19.jar;C:\Users\imark\.m2\repository\com\github\virtuald\curvesapi\1.06\curvesapi-1.06.jar;C:\Users\imark\.m2\repository\commons-io\commons-io\2.8.0\commons-io-2.8.0.jar;C:\Users\imark\.m2\repository\io\cucumber\cucumber-java\6.9.1\cucumber-java-6.9.1.jar;C:\Users\imark\.m2\repository\io\cucumber\cucumber-core\6.9.1\cucumber-core-6.9.1.jar;C:\Users\imark\.m2\repository\io\cucumber\cucumber-gherkin\6.9.1\cucumber-gherkin-6.9.1.jar;C:\Users\imark\.m2\repository\io\cucumber\cucumber-gherkin-messages\6.9.1\cucumber-gherkin-messages-6.9.1.jar;C:\Users\imark\.m2\repository\io\cucumber\messages\13.2.1\messages-13.2.1.jar;C:\Users\imark\.m2\repository\io\cucumber\tag-expressions\3.0.0\tag-expressions-3.0.0.jar;C:\Users\imark\.m2\repository\io\cucumber\cucumber-expressions\10.3.0\cucumber-expressions-10.3.0.jar;C:\Users\imark\.m2\repository\io\cucumber\datatable\3.5.0\datatable-3.5.0.jar;C:\Users\imark\.m2\repository\io\cucumber\cucumber-plugin\6.9.1\cucumber-plugin-6.9.1.jar;C:\Users\imark\.m2\repository\io\cucumber\docstring\6.9.1\docstring-6.9.1.jar;C:\Users\imark\.m2\repository\io\cucumber\html-formatter\9.0.0\html-formatter-9.0.0.jar;C:\Users\imark\.m2\repository\io\cucumber\create-meta\2.0.4\create-meta-2.0.4.jar;C:\Users\imark\.m2\repository\org\apiguardian\apiguardian-api\1.1.0\apiguardian-api-1.1.0.jar;C:\Users\imark\.m2\repository\io\cucumber\cucumber-junit\6.9.1\cucumber-junit-6.9.1.jar;C:\Users\imark\.m2\repository\junit\junit\4.13.1\junit-4.13.1.jar;C:\Users\imark\.m2\repository\org\hamcrest\hamcrest-core\1.3\hamcrest-core-1.3.jar;C:\Users\imark\.m2\repository\mysql\mysql-connector-java\8.0.25\mysql-connector-java-8.0.25.jar;C:\Users\imark\.m2\repository\com\google\protobuf\protobuf-java\3.11.4\protobuf-java-3.11.4.jar;C:\Users\imark\.m2\repository\io\rest-assured\rest-assured\4.4.0\rest-assured-4.4.0.jar;C:\Users\imark\.m2\repository\org\codehaus\groovy\groovy\3.0.8\groovy-3.0.8.jar;C:\Users\imark\.m2\repository\org\codehaus\groovy\groovy-xml\3.0.8\groovy-xml-3.0.8.jar;C:\Users\imark\.m2\repository\org\apache\httpcomponents\httpmime\4.5.13\httpmime-4.5.13.jar;C:\Users\imark\.m2\repository\org\hamcrest\hamcrest\2.1\hamcrest-2.1.jar;C:\Users\imark\.m2\repository\org\ccil\cowan\tagsoup\tagsoup\1.2.1\tagsoup-1.2.1.jar;C:\Users\imark\.m2\repository\io\rest-assured\json-path\4.4.0\json-path-4.4.0.jar;C:\Users\imark\.m2\repository\org\codehaus\groovy\groovy-json\3.0.8\groovy-json-3.0.8.jar;C:\Users\imark\.m2\repository\io\rest-assured\rest-assured-common\4.4.0\rest-assured-common-4.4.0.jar;C:\Users\imark\.m2\repository\io\rest-assured\xml-path\4.4.0\xml-path-4.4.0.jar;C:\Users\imark\.m2\repository\jakarta\xml\bind\jakarta.xml.bind-api\2.3.3\jakarta.xml.bind-api-2.3.3.jar;C:\Users\imark\.m2\repository\jakarta\activation\jakarta.activation-api\1.2.2\jakarta.activation-api-1.2.2.jar;C:\Users\imark\.m2\repository\com\sun\xml\bind\jaxb-impl\2.3.3\jaxb-impl-2.3.3.jar;C:\Users\imark\.m2\repository\com\google\code\gson\gson\2.8.7\gson-2.8.7.jar;C:\Users\imark\.m2\repository\org\json\json\20160810\json-20160810.jar;"/>
    <property name="sun.cpu.endian" value="little"/>
    <property name="user.home" value="C:\Users\imark"/>
    <property name="user.language" value="en"/>
    <property name="java.specification.vendor" value="Oracle Corporation"/>
    <property name="java.home" value="C:\Program Files\Java\jdk1.8.0_281\jre"/>
    <property name="basedir" value="C:\Users\imark\Desktop\User2\hrms5Cucumber-JUnit"/>
    <property name="file.separator" value="\"/>
    <property name="line.separator" value="&#10;"/>
    <property name="java.vm.specification.vendor" value="Oracle Corporation"/>
    <property name="java.specification.name" value="Java Platform API Specification"/>
    <property name="java.awt.graphicsenv" value="sun.awt.Win32GraphicsEnvironment"/>
    <property name="surefire.real.class.path" value="C:\Users\imark\AppData\Local\Temp\surefire5922002332302844745\surefirebooter3304225635628708138.jar"/>
    <property name="sun.boot.class.path" value="C:\Program Files\Java\jdk1.8.0_281\jre\lib\resources.jar;C:\Program Files\Java\jdk1.8.0_281\jre\lib\rt.jar;C:\Program Files\Java\jdk1.8.0_281\jre\lib\sunrsasign.jar;C:\Program Files\Java\jdk1.8.0_281\jre\lib\jsse.jar;C:\Program Files\Java\jdk1.8.0_281\jre\lib\jce.jar;C:\Program Files\Java\jdk1.8.0_281\jre\lib\charsets.jar;C:\Program Files\Java\jdk1.8.0_281\jre\lib\jfr.jar;C:\Program Files\Java\jdk1.8.0_281\jre\classes"/>
    <property name="user.script" value=""/>
    <property name="sun.management.compiler" value="HotSpot 64-Bit Tiered Compilers"/>
    <property name="java.runtime.version" value="1.8.0_281-b09"/>
    <property name="user.name" value="imark"/>
    <property name="path.separator" value=";"/>
    <property name="os.version" value="10.0"/>
    <property name="java.endorsed.dirs" value="C:\Program Files\Java\jdk1.8.0_281\jre\lib\endorsed"/>
    <property name="java.runtime.name" value="Java(TM) SE Runtime Environment"/>
    <property name="file.encoding" value="Cp1252"/>
    <property name="java.vm.name" value="Java HotSpot(TM) 64-Bit Server VM"/>
    <property name="localRepository" value="C:\Users\imark\.m2\repository"/>
    <property name="java.vendor.url.bug" value="http://bugreport.sun.com/bugreport/"/>
    <property name="java.io.tmpdir" value="C:\Users\imark\AppData\Local\Temp\"/>
    <property name="idea.version" value="2021.1.1"/>
    <property name="java.version" value="1.8.0_281"/>
    <property name="user.dir" value="C:\Users\imark\Desktop\User2\hrms5Cucumber-JUnit"/>
    <property name="os.arch" value="amd64"/>
    <property name="java.vm.specification.name" value="Java Virtual Machine Specification"/>
    <property name="java.awt.printerjob" value="sun.awt.windows.WPrinterJob"/>
    <property name="sun.os.patch.level" value=""/>
    <property name="java.library.path" value="C:\Program Files\Java\jdk1.8.0_281\jre\bin;C:\WINDOWS\Sun\Java\bin;C:\WINDOWS\system32;C:\WINDOWS;C:\Program Files (x86)\Common Files\Oracle\Java\javapath;C:\Program Files (x86)\Razer Chroma SDK\bin;C:\Program Files\Razer Chroma SDK\bin;C:\Program Files (x86)\Razer\ChromaBroadcast\bin;C:\Program Files\Razer\ChromaBroadcast\bin;C:\Windows\system32;C:\Windows;C:\Windows\System32\Wbem;C:\Windows\System32\WindowsPowerShell\v1.0\;C:\Windows\System32\OpenSSH\;C:\Program Files (x86)\NVIDIA Corporation\PhysX\Common;C:\Program Files\NVIDIA Corporation\NVIDIA NvDLISR;C:\Windows\system32\config\systemprofile\AppData\Local\Microsoft\WindowsApps;C:\Users\imark\AppData\Local\Microsoft\WindowsApps;C:\WINDOWS\system32;C:\WINDOWS;C:\WINDOWS\System32\Wbem;C:\WINDOWS\System32\WindowsPowerShell\v1.0\;C:\WINDOWS\System32\OpenSSH\;C:\Program Files (x86)\Calibre2\;C:\Program Files\Java\jdk1.8.0_281\bin;C:\Program Files\Git\cmd;C:\Program Files\Apache Software Foundation\apache-maven\apache-maven-3.8.1\bin;C:\Installed programs\Python 3.9\Scripts\;C:\Installed programs\Python 3.9\;C:\Installed programs\Microsoft VS Code\bin;C:\Program Files\JetBrains\IntelliJ IDEA Community Edition 2020.3.2\bin;;C:\Users\imark\AppData\Local\Microsoft\WindowsApps;;."/>
    <property name="java.vm.info" value="mixed mode"/>
    <property name="java.vendor" value="Oracle Corporation"/>
    <property name="java.vm.version" value="25.281-b09"/>
    <property name="java.ext.dirs" value="C:\Program Files\Java\jdk1.8.0_281\jre\lib\ext;C:\WINDOWS\Sun\Java\lib\ext"/>
    <property name="sun.io.unicode.encoding" value="UnicodeLittle"/>
    <property name="java.class.version" value="52.0"/>
  </properties>
  <testcase name="Get data from all employees" classname="Get data from all employees" time="179.437">
    <system-out><![CDATA[
@APIRetrievingAllEmployees
Scenario: Get data from all employees                                            # src/test/resources/features/APIGetAllEmployees.feature:5
  Given JWT is generated                                                         # APISteps.GenerateTokenSteps.jwt_is_generated()
  Given request is prepared to retrieve all employees from database              # APISteps.GetAllEmployeesSteps.request_is_prepared_to_retrieve_all_employees_from_database()
  When a GET call is made to retrieve all employees                              # APISteps.GetAllEmployeesSteps.a_get_call_is_made_to_retrieve_all_employees()
  Then verify a status code for retrieving all employees is 200                  # APISteps.GetAllEmployeesSteps.verify_a_status_code_for_retrieving_all_employees_is(java.lang.Integer)
Total employees: 6844
  And count how many employees we have in Database                               # APISteps.GetAllEmployeesSteps.count_how_many_employees_we_have_in_database()
2033677833 
  Mariaa 
  J 
  Torafnei 
 
2033783320 
  Mriaa 
  J 
  Torafnei 
 
2073783320 
  Mriaa 
  J 
  Toragfnei 
 
585877.0 
  Donaldy 
  O 
  Trump 
 
6.6666666E 
  Donald 
  J 
  Trump 
 
9904366.0 
  Donlifad 
  Jkdjf 
  Trumjudjfp 
 
2222222222 
  David 
  K 
  Wick 
 
13931 
  Madara 
  NineTailedFox 
  Uchiha 
 
13932 
  ali 
  rtb 
  red 
 
13933 
  Madara 
  NMB 
  Uchiha 
 
13942 
  Test 
  Empoyee 
  Test 
 
14008 
  gbgcll 
  vlmrbp 
  vxnlxs 
 
14009 
  efhuac 
  ezmgjp 
  yfezfo 
 
14010 
  xwwvjf 
  evvhhd 
  xeyuwg 
 
14011 
  mxwjut 
  kvsrfy 
  uenspx 
 
14012 
  ovvcke 
  wosjjp 
  udurbu 
 
14014 
  wxiisi 
  qvveio 
  xgrzvi 
 
14016 
  alfwiv 
  ywbbmr 
  vtiisn 
 
14018 
  dyuwkl 
  cpvcki 
  uxhyot 
 
14024 
  John 
  K 
  Wick 
 
14038 
  Valery 
  Krol 
  Zhmih 
 
14041 
  Fkootm 
   
  Ttommm 
 
14045 
  Oeeook 
   
  Yeikto 
 
14048 
  uaqkxi 
  bvdmxy 
  ztajqh 
 
14051 
  zjjdsz 
  xfofzc 
  yticnx 
 
14077A 
  nabila 
  nana 
  tata 
 
14078A 
  nabila 
  nana 
  tata 
 
14079A 
  nabila 
  nana 
  tata 
 
14080A 
  nabila 
  nana 
  tata 
 
14083 
  Me 
  aejkxy 
  tbvbfb 
 
14095A 
  Sermin 
   
  Yasar 
 
14150A 
  Naruto 
  Namikaze 
  Uzamaki 
 
14158A 
  Mariia 
  Mari 
  Yarema 
 
14162A 
  Naruto 
  Namikaze 
  Uzamaki 
 
14238A 
  Yo 
  Old 
  Sun 
 
14260A 
  nabila 
  nana 
  tata 
 
14262A 
  nabila 
  nana 
  tata 
 
14272A 
  nabila 
  nana 
  tata 
 
14273A 
  nabila 
  nana 
  tata 
 
14274A 
  nabila 
  nana 
  tata 
 
14283A 
  nabila 
  nana 
  tata 
 
14370A 
  nabila 
  nana 
  tata 
 
14371A 
  nabila 
  nana 
  tata 
 
14372A 
  nabila 
  nana 
  tata 
 
14378A 
  Valery 
  enotik 
  Zhmishenko 
 
14379A 
  Valery 
  enotik 
  Zhmishenko 
 
14380A 
  Valery 
  krol 
  Zhmishenko 
 
14381A 
  Yo 
  Yo 
  Sun 
 
14400A 
  Miyuki 
   
  Yakuza 
 
14404A 
  Syntax 
  Syntax 
  Technologies 
 
14473A 
  nabila 
  nana 
  tata 
 
14482A 
  nabila 
  nana 
  tata 
 
14483A 
  nabila 
  nana 
  tata 
 
14485A 
  Apple 
  null 
  X 
 
14496A 
  nabila 
  nana 
  tata 
 
14503A 
  nabila 
  nana 
  tata 
 
14512A 
  nabila 
  nana 
  tata 
 
14516A 
  Mariia 
  Mari 
  Yarema 
 
14517A 
  Mariia 
  Mari 
  Yarema 
 
14531A 
  nabila 
  nana 
  tata 
 
14547A 
  Miyuki 
   
  Yakuza 
 
14558A 
  nabila 
  nana 
  tata 
 
14561A 
  Miyuki 
   
  Yakuza 
 
14567A 
  Miyuki 
   
  Yakuza 
 
14577A 
  Miyuki 
   
  Yakuza 
 
14582A 
  Mariia 
  Mari 
  Yarema 
 
14586A 
  nabila 
  nana 
  tata 
 
14597A 
  Miyuki 
   
  Yakuza 
 
14605A 
  Miyuki 
   
  Yakuza 
 
14609A 
  Mariia 
  Mari 
  Yarema 
 
14620A 
  nabila 
  nana 
  tata 
 
14638A 
  Mariia 
  Mari 
  Yarema 
 
14639A 
  nabila 
  nana 
  tata 
 
14647A 
  nabila 
  nana 
  tata 
 
14652A 
  nabila 
  nana 
  tata 
 
14655A 
  Mariia 
  Mari 
  Yarema 
 
14667A 
  Miyuki 
   
  Yakuza 
 
14668A 
  Mariia 
  Mari 
  Yarema 
 
14670A 
  Mariia 
  Mari 
  Yarema 
 
14673A 
  Mariia 
  Mari 
  Yarema 
 
14697A 
  Miyuki 
   
  Yakuza 
 
14720A 
  Mariia 
  Mari 
  Yarema 
 
14725A 
  Miyuki 
   
  Yakuza 
 
14729A 
  nabila 
  nana 
  tata 
 
14731A 
  Miyuki 
   
  Yakuza 
 
14746A 
  Mariia 
  Mari 
  Yarema 
 
14752A 
  Mariia 
  Mari 
  Yarema 
 
14758A 
  Mariia 
  Mari 
  Yarema 
 
14787A 
  nabila 
  nana 
  tata 
 
14790A 
  Mariia 
  Mari 
  Yarema 
 
14793A 
  nabila 
  nana 
  tata 
 
14802A 
  Mariia 
  Mari 
  Yarema 
 
14804A 
  Mariia 
  Mari 
  Yarema 
 
14805A 
  Mariia 
  Mari 
  Yarema 
 
14806A 
  Mariia 
  Mari 
  Yarema 
 
14820A 
  nabila 
  nana 
  tata 
 
14823A 
  Mariia 
  Mari 
  Yarema 
 
14824A 
  nabila 
  nana 
  tata 
 
14831A 
  Miyuki 
   
  Yakuza 
 
14834A 
  nabila 
  nana 
  tata 
 
14841A 
  Miyuki 
   
  Yakuza 
 
14853A 
  nabila 
  nana 
  tata 
 
14854A 
  Mariia 
  Mari 
  Yarema 
 
14859A 
  Miyuki 
   
  Yakuza 
 
14869A 
  Mariia 
  Mari 
  Yarema 
 
14889A 
  Miyuki 
   
  Yakuza 
 
14897A 
  Mariia 
  Mari 
  Yarema 
 
14978A 
  Mariia 
  Mari 
  Yarema 
 
15005A 
  Miyuki 
   
  Yakuza 
 
15007A 
  Miyuki 
   
  Yakuza 
 
15036A 
  Mariia 
  Mari 
  Yarema 
 
15043A 
  Mariia 
  Mari 
  Yarema 
 
15048A 
  nabila 
  nana 
  tata 
 
15063A 
  nabila 
  nana 
  tata 
 
15158A 
  Miyuki 
   
  Yakuza 
 
15164A 
  Miyuki 
   
  Yakuza 
 
15177A 
  Mariia 
  Mari 
  Yarema 
 
15183A 
  Mariia 
  Mari 
  Yarema 
 
15195A 
  Mariia 
  Mari 
  Yarema 
 
15365A 
  ABC 
   
  XYZ 
 
15388A 
  {{updated_first_name}} 
  Trop 
  {{updated_last_name}} 
 
15483A 
  Nazi 
   
  Taday 
 
15485A 
  {{updated_first_name}} 
  W 
  {{updated_last_name}} 
 
15486A 
  Indi 
  null 
  Zhanas 
 
15487A 
  Indi 
  null 
  Zhanasq 
 
15490A 
  Indi 
  null 
  Zhanasq 
 
15491A 
  Indi 
  null 
  Zhanasq 
 
15492A 
  Indi 
  null 
  Zhanasq 
 
15495A 
  Iliya 
   
  Zam 
 
15497A 
  Mah 
   
  Zam 
 
15498A 
  Baba 
   
  Zam 
 
15500A 
  Baba 
   
  Zam 
 
15501A 
  Baba 
   
  Zam 
 
15502A 
  Baba 
   
  Zam 
 
15557A 
  Yo 
  Yo 
  Sun 
 
15558A 
  Yo 
  Yo 
  Sun 
 
15559A 
  Yo 
  Yo 
  Sun 
 
15560A 
  Yo 
  Yo 
  Sun 
 
15561A 
  Yo 
  Yo 
  Sun 
 
15562A 
  Yo 
  Yo 
  Sun 
 
15563A 
  Yo 
  Yo 
  Sun 
 
15564A 
  Yo 
  Yo 
  Sun 
 
15565A 
  Yo 
  Yo 
  Sun 
 
15566A 
  Yo 
  Yo 
  Sun 
 
15567A 
  Yo 
  Yo 
  Sun 
 
15568A 
  Yo 
  Yo 
  Sun 
 
15569A 
  Yo 
  Yo 
  Sun 
 
15570A 
  Yo 
  Yo 
  Sun 
 
15575A 
  Yo 
  Yo 
  Sun 
 
15577A 
  Yo 
  Yo 
  Sun 
 
15578A 
  Yo 
  Yo 
  Sun 
 
15581A 
  Mariia 
  Mari 
  Yarema 
 
15583A 
  Mariia 
  Mari 
  Yarema 
 
15584A 
  Mariia 
  Mari 
  Yarema 
 
15585A 
  Mariia 
  Mari 
  Yarema 
 
15586A 
  Mariia 
  Mari 
  Yarema 
 
15587A 
  Mariia 
  Mari 
  Yarema 
 
15599A 
  Yo 
  Yo 
  Sun 
 
15602A 
  nabila 
  nana 
  tata 
 
15603A 
  nabila 
  nana 
  tata 
 
15616A 
  nabila 
  nana 
  tata 
 
15617A 
  nabila 
  nana 
  tata 
 
15618A 
  nabila 
  nana 
  tata 
 
15619A 
  nabila 
  nana 
  tata 
 
15620A 
  Miyuki 
   
  Yakuza 
 
15622A 
  nabila 
  nana 
  tata 
 
15623A 
  nabila 
  nana 
  tata 
 
15624A 
  nabila 
  nana 
  tata 
 
15626A 
  nabila 
  nana 
  tata 
 
15627A 
  nabila 
  nana 
  tata 
 
15661A 
  Indi 
  null 
  Zhanasq 
 
15666A 
  Indi 
  null 
  Zhanasq 
 
15667A 
  Indi 
  null 
  Zhanasq 
 
15668A 
  Indi 
  null 
  Zhanasq 
 
15669A 
  Indi 
  null 
  Zhanasq 
 
15670A 
  Indi 
  null 
  Zhanasq 
 
15671A 
  Indi 
  null 
  Zhanasq 
 
15675A 
  Indi 
  null 
  Zhanasq 
 
15676A 
  Indi 
  null 
  Zhanasq 
 
15678A 
  Indi 
  null 
  Zhanasq 
 
15679A 
  Indi 
  null 
  Zhanasq 
 
15680A 
  Indi 
  null 
  Zhanasq 
 
15681A 
  Indi 
  null 
  Zhanasq 
 
15682A 
  Indi 
  null 
  Zhanasq 
 
15683A 
  Indi 
  null 
  Zhanasq 
 
15684A 
  Indi 
  null 
  Zhanasq 
 
15685A 
  Indi 
  null 
  Zhanasq 
 
15686A 
  Indi 
  null 
  Zhanasq 
 
15687A 
  Indi 
  null 
  Zhanasq 
 
15688A 
  Indi 
  null 
  Zhanasq 
 
15689A 
  Indi 
  null 
  Zhanasq 
 
15690A 
  Indi 
  null 
  Zhanasq 
 
15691A 
  Indi 
  null 
  Zhanasq 
 
15692A 
  Indi 
  null 
  Zhanasq 
 
15693A 
  Indi 
  null 
  Zhanasq 
 
15695A 
  Indi 
  null 
  Zhanasq 
 
15696A 
  Indi 
  null 
  Zhanasq 
 
15699A 
  Indi 
  null 
  Zhanasq 
 
15702A 
  Indi 
  null 
  Zhanasq 
 
15704A 
  Indi 
  null 
  Zhanasq 
 
15707A 
  Indi 
  null 
  Zhanasq 
 
15710A 
  Indi 
  null 
  Zhanasq 
 
15721A 
  Valery 
  enotik 
  Zhmishenko 
 
15729A 
  Yo 
  Yo 
  Sun 
 
15815A 
  Sofiia 
   
  Yarema 
 
15834A 
  Sofiia 
   
  Yarema 
 
15846A 
  Sofiia 
   
  Yarema 
 
14141 
  Sergey 
  V 
  Vershinin 
 
14150 
  xyz 
   
  pqr 
 
 
  John 
  Richard 
  Doe 
 
14162 
  what 
  is 
  up 
 
14188 
  Mariia 
  Marple 
  Yarema 
 
14238 
  Lily 
  ok 
  Profile 
 
14254 
  al 
  is 
  up 
 
14260 
  Hu 
  how 
  wa 
 
14262 
  y 
  g 
  d 
 
14272 
  Lily 
  Fake 
  Profile 
 
14273 
  ss 
  k 
  k 
 
14274 
  qjs 
  mix 
  kxk 
 
14283 
  haaa 
  myy 
  hair 
 
15942A 
  Yo 
  Yo 
  Sun 
 
15943A 
  Yo 
  Yo 
  Sun 
 
15944A 
  Yo 
  Yo 
  Sun 
 
14304 
  test2 
  test2 
  test2 
 
15945A 
  YOyoyoYO 
  Yo 
  Sun 
 
14316 
  Alona 
   
  Ugryn 
 
15963A 
  Baba 
   
  Zam 
 
14324 
  Alona 
   
  Ugryn 
 
15975A 
  Baba 
   
  Zam 
 
15976A 
  Baba 
   
  Zam 
 
15987A 
  ABCD 
   
  XYZQ 
 
15988A 
  ABCD 
   
  XYZQ 
 
15989A 
  {{updated_first_name}} 
   
  XYZQ 
 
15991A 
  ABCD 
   
  XYZQ 
 
15992A 
  ABCD 
   
  XYZQ 
 
15993A 
  ABCD 
   
  XYZQ 
 
15996A 
  YoAnusha4545 
  Yo 
  Sun 
 
15999A 
  Yo 
  Yo 
  Sun 
 
14355 
  ZZZZZZZ 
  ZZZZZZZZZZ 
  ZZZZZZZZZZ39 
 
14370 
  Kate 
  Angela 
  Foster 
 
14371 
  Thor 
   
  Porter 
 
14372 
  Thor 
   
  Porter 
 
16054A 
  Tom 
  W 
  White 
 
16058A 
  Baba 
   
  Zam 
 
16059A 
  Borga 
   
  XYZQ 
 
16061A 
  Baba 
   
  Zam 
 
16062A 
  Baba 
   
  Zam 
 
16067A 
  Baba 
   
  Zam 
 
16068A 
  Baba 
   
  Zam 
 
16070A 
  Baba 
   
  Zam 
 
16071A 
  Baba 
   
  Zam 
 
14378 
  Marta 
  Mary 
  Ostash 
 
14379 
  Marta 
  Mary 
  Ostash 
 
14380 
  kay 
   
  motto 
 
14381 
  selenium 
   
  tester 
 
16084A 
  Yo 
  Yo 
  Sun 
 
16111A 
  Yosun 
  Yo 
  Sunyo 
 
16112A 
  Yo 
  Yo 
  Sun 
 
16123A 
  Baba 
   
  Zam 
 
16124A 
  Baba 
   
  Zam 
 
16125A 
  Baba 
   
  Zam 
 
16126A 
  Baba 
   
  Zam 
 
16127A 
  Baba 
   
  Zam 
 
16128A 
  Baba 
   
  Zam 
 
16129A 
  Baba 
   
  Zam 
 
16144A 
  Baba 
  fff 
  Zam 
 
16146A 
  Borga 
  W 
  XYZQ 
 
16170A 
  Yosun 
  Yo 
  Sunyo 
 
16181A 
  Tom 
   
  XYZQ 
 
16208A 
  Tom 
   
  XYZQ 
 
16209A 
  Tom 
  W 
  XYZQ 
 
16219A 
  Anna 
  W 
  White 
 
16323A 
  Tom 
   
  XYZQ 
 
16329A 
  nabila 
  nana 
  tata 
 
16373A 
  Aigerim 
  Null 
  Telpekbayeva 
 
16550A 
  Eugene 
  Mari 
  Markadanov 
 
14400 
  John 
  John 
  Doe 
 
14404 
  John 
  John 
  Doe 
 
16872A 
  Valery 
  enotik 
  Zhmishenko 
 
16873A 
  Valery 
  Gladiator22854 
  Zhmishenko 
 
16879A 
  Valery 
  Gladiator22854 
  Zhmishenko 
 
16880A 
  Valery 
  Gladiator22854 
  Zhmishenko 
 
16881A 
  Valery 
  Gladiator22854 
  Zhmishenko 
 
16882A 
  Valery 
  Gladiator22854 
  Zhmishenko 
 
16883A 
  Valery 
  Gladiator22854 
  Zhmishenko 
 
16884A 
  Valery 
  Gladiator22854 
  Zhmishenko 
 
16886A 
  Valery 
  Gladiator22854 
  Zhmishenko 
 
17145A 
  Yo 
  Yo 
  Sun 
 
17146A 
  Yo 
  Yo 
  Sun 
 
17147A 
  Yo 
  Yo 
  Sun 
 
17462A 
  Andrii 
  Mari 
  Yarema 
 
17584A 
  Indi 
  null 
  Zhandasq 
 
17586A 
  Indi 
  null 
  Zhandasq 
 
17587A 
  Indi 
  null 
  Zhandasq 
 
17590A 
  Indi 
  null 
  Zhandasq 
 
17591A 
  Indi 
  null 
  Zhandasq 
 
17593A 
  Indi 
  null 
  Zhandasq 
 
17601A 
  Indi 
  null 
  Zhandasq 
 
17602A 
  Indi 
  null 
  Zhandasq 
 
17603A 
  Indi 
  null 
  Zhandasq 
 
17606A 
  Indi 
  null 
  Zhandasq 
 
17777A 
  Tarkan 
  Bey 
  Tevetoglu 
 
17779A 
  Tarkan 
  Bey 
  Tevetoglu 
 
17781A 
  Tarkan 
  Bey 
  Tevetoglu 
 
17782A 
  LOMA 
   
  SYNTAX 
 
17783A 
  LOMA 
   
  SYNTAX 
 
17785A 
  Tarkan 
  Bey 
  Tevetoglu 
 
17786A 
  nabila 
  nana 
  tata 
 
17789A 
  Tarkan 
  Bey 
  Tevetoglu 
 
17790A 
  Tarkan 
  Bey 
  Tevetoglu 
 
17791A 
  Tarkan 
  Bey 
  Tevetoglu 
 
17792A 
  Tarkan 
  Bey 
  Tevetoglu 
 
17793A 
  nabila 
  nana 
  tata 
 
17794A 
  nabila 
  nana 
  tata 
 
17795A 
  nabila 
  nana 
  tata 
 
17796A 
  Tarkan 
  Bey 
  Tevetoglu 
 
17797A 
  Andrii 
  Andrew 
  Yarema 
 
17804A 
  nabila 
  nana 
  tata 
 
17843A 
  Andrii 
  Andrew 
  Yarema 
 
17844A 
  Andrii 
  Andrew 
  Yarema 
 
17847A 
  Andrii 
  Andrew 
  Yarema 
 
17848A 
  Andrii 
  Andrew 
  Yarema 
 
17849A 
  Andrii 
  Andrew 
  Yarema 
 
17850A 
  Andrii 
  Andrew 
  Yarema 
 
17851A 
  Andrii 
  Andrew 
  Yarema 
 
17852A 
  Andrii 
  Andrew 
  Yarema 
 
17854A 
  Andrii 
  Andrew 
  Yarema 
 
17855A 
  Andrii 
  Andrew 
  Yarema 
 
17928A 
  nabila 
  nana 
  tata 
 
17929A 
  nabila 
  nana 
  tata 
 
17930A 
  nabila 
  nana 
  tata 
 
17931A 
  nabila 
  nana 
  tata 
 
17932A 
  nabila 
  nana 
  tata 
 
17933A 
  nabila 
  nana 
  tata 
 
17937A 
  nabila 
  nana 
  tata 
 
17944A 
  nabila 
  nana 
  tata 
 
17946A 
  nabila 
  nana 
  tata 
 
17973A 
  IndiRA 
  null 
  Zhana 
 
17996A 
  Valery 
  enotik 
  Zhmishenko 
 
17997A 
  Valery 
  enotik 
  Zhmishenko 
 
17998A 
  Valery 
  enotik 
  Zhmishenko 
 
17999A 
  Valery 
  enotik 
  Zhmishenko 
 
18000A 
  Valery 
  enotik 
  Zhmishenko 
 
18001A 
  Valery 
  enotik 
  Zhmishenko 
 
18002A 
  Valery 
  enotik 
  Zhmishenko 
 
18003A 
  Valery 
  enotik 
  Zhmishenko 
 
18004A 
  Valery 
  enotik 
  Zhmishenko 
 
18005A 
  Valery 
  enotik 
  Zhmishenko 
 
18006A 
  Valery 
  enotik 
  Zhmishenko 
 
18007A 
  Valery 
  enotik 
  Zhmishenko 
 
18008A 
  Valery 
  enotik 
  Zhmishenko 
 
18009A 
  Valery 
  enotik 
  Zhmishenko 
 
18010A 
  Valery 
  enotik 
  Zhmishenko 
 
18011A 
  Valery 
  enotik 
  Zhmishenko 
 
18012A 
  Valery 
  enotik 
  Zhmishenko 
 
18013A 
  Valery 
  enotik 
  Zhmishenko 
 
18014A 
  Valery 
  enotik 
  Zhmishenko 
 
18015A 
  Valery 
  enotik 
  Zhmishenko 
 
18016A 
  Valery 
  enotik 
  Zhmishenko 
 
18017A 
  Valery 
  enotik 
  Zhmishenko 
 
18018A 
  Valery 
  enotik 
  Zhmishenko 
 
18019A 
  Valery 
  enotik 
  Zhmishenko 
 
18020A 
  Valery 
  enotik 
  Zhmishenko 
 
18021A 
  Valery 
  enotik 
  Zhmishenko 
 
18022A 
  Valery 
  enotik 
  Zhmishenko 
 
18023A 
  Valery 
  enotik 
  Zhmishenko 
 
18024A 
  Valery 
  enotik 
  Zhmishenko 
 
18026A 
  Valery 
  enotik 
  Zhmishenko 
 
18027A 
  Valery 
  enotik 
  Zhmishenko 
 
18028A 
  Valery 
  enotik 
  Zhmishenko 
 
18029A 
  Valery 
  enotik 
  Zhmishenko 
 
18032A 
  Yoyoyoyoyo 
  Old 
  Sun 
 
18064A 
  nabila 
  nana 
  tata 
 
18065A 
  nabila 
  nana 
  tata 
 
18066A 
  nabila 
  nana 
  tata 
 
18067A 
  nabila 
  nana 
  tata 
 
14473 
  Thoron 
   
  Potter 
 
222222.0 
  Sofiia 
  Sof 
  Hrustai 
 
14483 
  Den 
  Pen 
  Petrov 
 
14485 
  Wmkeot 
   
  Rgokeg 
 
14495 
  John 
  K 
  Wick 
 
111116 
  Jack 
  J 
  Toronto 
 
18076A 
  Valery 
  enotik 
  Zhmishenko 
 
18077A 
  Valery 
  enotik 
  Zhmishenko 
 
18078A 
  Andrii 
  Andrew 
  Yarema 
 
18080A 
  Andrii 
  Andrew 
  Yarema 
 
18081A 
  Andrii 
  Andrew 
  Yarema 
 
18082A 
  Andrii 
  Andrew 
  Yarema 
 
14503 
  Madara 
  9Tails 
  Uchiha 
 
18084A 
  Andrii 
  Andrew 
  Yarema 
 
18085A 
  Andrii 
  Andrew 
  Yarema 
 
18086A 
  Andrii 
  Andrew 
  Yarema 
 
18087A 
  Andrii 
  Andrew 
  Yarema 
 
18088A 
  Andrii 
  Andy 
  Yarema 
 
 
  moazzam 
   
  sadiq 
 
 
  nabila 
   
  tata 
 
14517 
  nabila 
   
  tata 
 
 
  nabila 
   
  tata 
 
18097A 
  nabila 
  nana 
  tata 
 
18109A 
  nabila 
  nana 
  tata 
 
14547 
  nabila 
  nana 
  tata 
 
14557 
  John 
  K 
  Wick 
 
3333.0 
  Asdaas 
  sAddadfgss 
  Wgssdsadsss 
 
131144 
  cee 
  L 
  Smsonann 
 
14567 
  Mark 
  J 
  Smith 
 
14577 
  Ali 
  Osman 
  Kursun 
 
14582 
  James 
  007 
  Bond 
 
14586 
  Madara 
  9Tails 
  Uchiha 
 
145998 
  Antonina 
   
  Petrova 
 
18170A 
  Andrii 
  Andrew 
  Yarema 
 
18171A 
  Andrii 
  Andrew 
  Yarema 
 
18172A 
  Andrii 
  Andrew 
  Yarema 
 
18173A 
  Andrii 
  Andrew 
  Yarema 
 
18174A 
  Andrii 
  Andrew 
  Yarema 
 
18175A 
  Andruha 
  Andy 
  Yarema 
 
18176A 
  Andrii 
  Andrew 
  Yarema 
 
18177A 
  Andrii 
  Andrew 
  Yarema 
 
18178A 
  Andrii 
  Andrew 
  Yarema 
 
18179A 
  Andrii 
  Andrew 
  Yarema 
 
14605 
  Molly 
  Ann 
  Brown 
 
14609 
  Madara 
  9Tails 
  Uchiha 
 
14610 
  Madara 
  9Tails 
  Uchiha 
 
18289A 
  Lolo 
  Do 
  Yolo 
 
18290A 
  Andrii 
  Andrew 
  Yarema 
 
18291A 
  Andrii 
  Andrew 
  Yarema 
 
14620 
  Faisal 
  F 
  Sakhi 
 
14622 
  Yunus 
  Emre 
  Yakut 
 
14629 
  zzzzzzz 
   
  zzzzzzzzzzzz 
 
14638 
  John 
  John 
  Doe 
 
14639 
  John 
  John 
  Doe 
 
14647 
  John 
  John 
  John 
 
14652 
  Oksana 
  Anita 
  Larana 
 
14655 
  Oksana 
  Anita 
  Larana 
 
14660 
  John 
  K 
  Wick 
 
14662 
  BABA 
  ALIYU 
  TUNDE 
 
14667 
  stokfh 
  lgxsyj 
  yejlka 
 
14668 
  uikozg 
  qocvvh 
  qpnbsz 
 
14670 
  John19 
  Sam 
  Smith 
 
14673 
  Samuel 
  John 
  Jacob 
 
18455A 
  reviewClassBatch8 
   
  test 
 
14697 
  Rahim 
  Abdul 
  Nazaryan 
 
18479A 
  Yo 
  Yo 
  Sun 
 
14701 
  Rahim 
  Abdul 
  Sultan 
 
14705 
  Rahim 
  Abdul 
  Sultan 
 
14708 
  Rahim 
  Khasn 
  Sultan 
 
14715 
  Rahim 
  Khasn 
  Sultan 
 
160099 
  Rahim 
  Khasn 
  Sultan 
 
190099 
  Rahim 
  Khasn 
  Sultan 
 
14725 
  Thor 
  Osman 
  Potter 
 
14729 
  John 
  John 
  Doe 
 
14731 
  John 
   
  Wick 
 
18491A 
  ReviewClassHi 
   
  test 
 
14746 
  John 
   
  Smith 
 
14752 
  John 
   
  Smith 
 
14758 
  John 
   
  Smith 
 
14787 
  John 
   
  Smith 
 
14790 
  John 
   
  Smith 
 
14793 
  John 
   
  Smith 
 
18506A 
  Lesia 
  Andriivna 
  Yuschusun 
 
18507A 
  Lesia 
  Andriivna 
  Yuschusun 
 
18508A 
  Lesia 
  Andriivna 
  Yuschusun 
 
18509A 
  Lesia 
  Andriivna 
  Yuschusun 
 
18510A 
  Lesia 
  Andriivna 
  Yuschusun 
 
18512A 
  Lesia 
  Andriivna 
  Yuschusun 
 
14802 
  John 
   
  Smith 
 
14804 
  John 
   
  Smith 
 
14805 
  John 
   
  Smith 
 
14806 
  John 
   
  Smith 
 
14820 
  John 
   
  Smith 
 
14823 
  John 
   
  Smith 
 
14824 
  John 
   
  Smith 
 
14831 
  Thor 
   
  Potter 
 
14834 
  Faisal 
  F 
  Sakhi 
 
18586A 
  Anastasiia 
  K 
  Zaiceva 
 
18588A 
  Anastasiia 
  K 
  Zaiceva 
 
18589A 
  Anastasiia 
  K 
  Zaiceva 
 
18590A 
  Anastasiia 
  K 
  Zaiceva 
 
18591A 
  Anastasiia 
  K 
  Zaiceva 
 
18604A 
  Anastasiia 
  K 
  Zaiceva 
 
18606A 
  Anastasiia 
  K 
  Zaiceva 
 
18607A 
  Anastasiia 
  K 
  Zaiceva 
 
18608A 
  Anastasiia 
  K 
  Zaiceva 
 
18611A 
  Anastasiia 
  K 
  Zaiceva 
 
18612A 
  Anastasiia 
  K 
  Zaiceva 
 
18613A 
  Anastasiia 
  K 
  Zaiceva 
 
18614A 
  Anastasiia 
  K 
  Zaiceva 
 
18615A 
  Anastasiia 
  K 
  Zaiceva 
 
18616A 
  Anastasiia 
  K 
  Zaiceva 
 
18617A 
  Anastasiia 
  K 
  Zaiceva 
 
18618A 
  Anastasiia 
  K 
  Zaiceva 
 
18619A 
  Anastasiia 
  K 
  Zaiceva 
 
18620A 
  Anastasiia 
  K 
  Zaiceva 
 
18621A 
  Anastasiia 
  K 
  Zaiceva 
 
18622A 
  Anastasiia 
  K 
  Zaiceva 
 
18623A 
  Anastasiia 
  K 
  Zaiceva 
 
18624A 
  Anastasiia 
  K 
  Zaiceva 
 
18625A 
  Anastasiia 
  K 
  Zaiceva 
 
18626A 
  Anastasiia 
  K 
  Zaiceva 
 
18627A 
  Anastasiia 
  K 
  Zaiceva 
 
18628A 
  Anastasiia 
  K 
  Zaiceva 
 
18629A 
  Anastasiia 
  K 
  Zaiceva 
 
18630A 
  Anastasiia 
  K 
  Zaiceva 
 
18631A 
  Anastasiia 
  K 
  Zaiceva 
 
18632A 
  Anastasiia 
  K 
  Zaiceva 
 
18633A 
  Anastasiia 
  K 
  Zaiceva 
 
18635A 
  Anastasiia 
  K 
  Zaiceva 
 
18636A 
  Anastasiia 
  K 
  Zaiceva 
 
18637A 
  Anastasiia 
  K 
  Zaiceva 
 
18638A 
  Anastasiia 
  K 
  Zaiceva 
 
18639A 
  Anastasiia 
  K 
  Zaiceva 
 
18640A 
  Anastasiia 
  K 
  Zaiceva 
 
18641A 
  Anastasiia 
  K 
  Zaiceva 
 
18642A 
  Anastasiia 
  K 
  Zaiceva 
 
18643A 
  Anastasiia 
  K 
  Zaiceva 
 
18644A 
  Anastasiia 
  K 
  Zaiceva 
 
18645A 
  Anastasiia 
  K 
  Zaiceva 
 
18646A 
  Anastasiia 
  K 
  Zaiceva 
 
18647A 
  Anastasiia 
  K 
  Zaiceva 
 
18648A 
  Anastasiia 
  K 
  Zaiceva 
 
18651A 
  Lucas 
  Mopheus 
  Tannis 
 
18652A 
  Lucas 
  Mopheus 
  Tannis 
 
18653A 
  Lucas 
  Mopheus 
  Tannis 
 
18654A 
  Lucas 
  Mopheus 
  Tannis 
 
18655A 
  Lucas 
  Mopheus 
  Tannis 
 
18659A 
  Anastasiia 
  K 
  Zaiceva 
 
18660A 
  Anastasiia 
  K 
  Zaiceva 
 
18661A 
  Anastasiia 
  K 
  Zaiceva 
 
18662A 
  Anastasiia 
  K 
  Zaiceva 
 
18663A 
  Anastasiia 
  K 
  Zaiceva 
 
18664A 
  Anastasiia 
  K 
  Zaiceva 
 
18665A 
  Anastasiia 
  K 
  Zaiceva 
 
18666A 
  Anastasiia 
  K 
  Zaiceva 
 
18667A 
  Anastasiia 
  K 
  Zaiceva 
 
18668A 
  Anastasiia 
  K 
  Zaiceva 
 
18669A 
  Anastasiia 
  K 
  Zaiceva 
 
18670A 
  Anastasiia 
  K 
  Zaiceva 
 
18671A 
  Anastasiia 
  K 
  Zaiceva 
 
18672A 
  Anastasiia 
  K 
  Zaiceva 
 
18673A 
  Anastasiia 
  K 
  Zaiceva 
 
18674A 
  Anastasiia 
  K 
  Zaiceva 
 
18675A 
  Anastasiia 
  K 
  Zaiceva 
 
18686A 
  Anastasiia 
  K 
  Zaiceva 
 
18687A 
  Anastasiia 
  K 
  Zaiceva 
 
18689A 
  Anastasiia 
  K 
  Zaiceva 
 
18690A 
  Anastasiia 
  K 
  Zaiceva 
 
14841 
  Maria 
   
  Pole 
 
14853 
  Jacob22 
   
  Alvial22 
 
14854 
  Valerie13 
   
  Alvial13 
 
14859 
  dddd 
   
  dd 
 
18878A 
  Yooo 
  Yooo 
  Sun 
 
18879A 
  Yooo 
  Yooo 
  Sun 
 
18880A 
  Yooo 
  Yooo 
  Sun 
 
18881A 
  Yooo 
  Yooo 
  Sun 
 
14869 
  Ded 
   
  Moroz 
 
18885A 
  Yooo 
  Yooo 
  Sun 
 
18886A 
  Yooo 
  Yooo 
  Sun 
 
18887A 
  Yooo 
  Yooo 
  Sun 
 
18888A 
  Yooo 
  Yooo 
  Sun 
 
18889A 
  Yooo 
  Yooo 
  Sun 
 
18906A 
  YoSun 
  Yo 
  SunYO 
 
18907A 
  YoSun 
  Yo 
  SunYO 
 
18908A 
  YoSun 
  Yo 
  SunYO 
 
18909A 
  YoSun 
  Yo 
  SunYO 
 
18910A 
  YoSun 
  Yo 
  SunYO 
 
18911A 
  YoSun 
  Yo 
  SunYO 
 
18912A 
  YoSun 
  Yo 
  SunYO 
 
18913A 
  YoSun 
  Yo 
  SunYO 
 
18914A 
  YoSun 
  Yo 
  SunYO 
 
18915A 
  YoSun 
  Yo 
  SunYO 
 
18916A 
  YoSun 
  Yo 
  SunYO 
 
18917A 
  YoSun 
  Yo 
  SunYO 
 
18918A 
  YoSun 
  Yo 
  SunYO 
 
18919A 
  YoSun 
  Yo 
  SunYO 
 
18920A 
  YoSun 
  Yo 
  SunYO 
 
18921A 
  YoSun 
  Yo 
  SunYO 
 
18922A 
  YoSun 
  Yo 
  SunYO 
 
18923A 
  YoSun 
  Yo 
  SunYO 
 
18924A 
  YoSun 
  Yo 
  SunYO 
 
18925A 
  YoSun 
  Yo 
  SunYO 
 
18926A 
  YoSun 
  Yo 
  SunYO 
 
18927A 
  YoSun 
  Yo 
  SunYO 
 
18928A 
  YoSun 
  Yo 
  SunYO 
 
18929A 
  YoSun 
  Yo 
  SunYO 
 
18930A 
  YoSun 
  Yo 
  SunYO 
 
18931A 
  YoSun 
  Yo 
  SunYO 
 
18932A 
  YoSun 
  Yo 
  SunYO 
 
18933A 
  YoSun 
  Yo 
  SunYO 
 
18934A 
  YoSun 
  Yo 
  SunYO 
 
18935A 
  YoSun 
  Yo 
  SunYO 
 
18936A 
  YoSun 
  Yo 
  SunYO 
 
18937A 
  YoSun 
  Yo 
  SunYO 
 
18938A 
  YoSun 
  Yo 
  SunYO 
 
18939A 
  YoSun 
  Yo 
  SunYO 
 
18940A 
  YoSun 
  Yo 
  SunYO 
 
18941A 
  YoSun 
  Yo 
  SunYO 
 
18942A 
  YoSun 
  Yo 
  SunYO 
 
18943A 
  YoSun 
  Yo 
  SunYO 
 
18944A 
  YoSun 
  Yo 
  SunYO 
 
1488912345 
  Ali 
   
  Pak 
 
1489712345 
  Ali 
   
  Pak1 
 
14978 
  ttt 
   
  ttt 
 
15005 
  Ali 
   
  Nazarov 
 
15007 
  Jane 
   
  Buffet 
 
19010A 
  asliii 
   
  stringggg 
 
19011A 
  asliii 
   
  stringggg 
 
19012A 
  asliii 
   
  stringggg 
 
19013A 
  asliiiiiiiii 
   
  stringiiiiiiiiiiiiggg 
 
19014A 
  asliiiiiiiii 
   
  stringiiiiiiiiiiiiggg 
 
19015A 
  asliiiiiiiii 
   
  stringiiiiiiiiiiiiggg 
 
19016A 
  asliiiiiiiii 
   
  stringiiiiiiiiiiiiggg 
 
19017A 
  asliiiiiiiii 
   
  stringiiiiiiiiiiiiggg 
 
19018A 
  asliiiiiiiii 
   
  stringiiiiiiiiiiiiggg 
 
15036 
  j 
   
  k 
 
15043 
  JAVA 
   
  BEST 
 
15048 
  moazam 
   
  sadiq 
 
15063 
  moazam 
   
  sadiq 
 
15116 
  Syntax 
   
  Technology 
 
15119 
  Syntax 
   
  Technology 
 
15121 
  Syntax 
   
  Technology 
 
15138 
  Yemen 
   
  Yemen 
 
15141 
  Yemen 
   
  Yemen 
 
15143 
  Yemen 
   
  Yemen 
 
15147 
  Yemen 
   
  Yemen 
 
15148 
  Yemen 
   
  Yemen 
 
15151 
  Lisa 
   
  Why 
 
15152 
  Yemen 
   
  Yemen 
 
15158 
  Yenem 
   
  Tone 
 
15164 
  Thor 
   
  Potter 
 
15177 
  Syntax 
   
  Technology 
 
15183 
  Kseniia 
   
  White 
 
15195 
  Alex 
   
  Brown 
 
15249 
  Vladik 
   
  Vladislau 
 
15273 
  metin 
   
  T 
 
15289 
  John9 
   
  White9 
 
15294 
  Jenny 
   
  Torgersen 
 
15299 
  Jennifer 
   
  Torgersen 
 
15300 
  Daniel 
   
  Terrazzas 
 
15303 
  Twotest 
   
  Twotestdata 
 
15304 
  Threetest 
   
  Threetestdata 
 
15306 
  Fivetest 
   
  Testdatafive 
 
15365 
  John 
   
  Mac Gregory 
 
15388 
  Eliazddd 
   
  ddiazz 
 
15395 
  John 
  K 
  Wick 
 
15400 
  Walll 
   
  Wallace 
 
19057A 
  Alexsandra 
  Alex 
  White 
 
19058A 
  Alexsandra 
  Alex 
  White 
 
15417 
  ali 
   
  veli 
 
15418 
  Ali 
  Veli 
  Deli 
 
15426 
  Syntax 
   
  Technology 
 
15427 
  John 
  sam 
  Smith 
 
15428 
  Test1 
   
  Test2 
 
15429 
  mj 
   
  mayar 
 
15430 
  test88 
   
  testing 
 
15431 
  test123 
   
  test12345 
 
15432 
  ghdhfd 
   
  dghsd 
 
15433 
  test 
   
  test12345 
 
15434 
  test123 
   
  test1234 
 
15435 
  test123 
   
  Smith 
 
15436 
  syed 
   
  Test@123 
 
15437 
  syntax 
   
  technologies 
 
15438 
  test1234 
   
  test123456 
 
15439 
  test 
   
  test12345 
 
15440 
  test 
   
  test12345 
 
15441 
  Abc 
   
  Mkan 
 
15442 
  syed 
   
  Mohmoody 
 
15443 
  test123 
   
  test123@ 
 
15444 
  test123 
   
  test12345 
 
15445 
  test 
   
  test12345 
 
15446 
  test123 
   
  test12345 
 
15447 
  test123 
   
  test12345 
 
15448 
  ghdhfd 
   
  dghsd 
 
15449 
  test123 
   
  test12345 
 
15450 
  test88 
   
  testing 
 
15451 
  test123 
   
  test12345 
 
15454 
  test123 
   
  test12345 
 
15455 
  test123 
   
  test12345 
 
15456 
  test123 
   
  test123@ 
 
15457 
  test123 
   
  test12345 
 
15460 
  UniqueOne 
   
  one 
 
15461 
  Winston 
   
  Smith 
 
15462 
  test123 
   
  test12345 
 
15463 
  test1234 
   
  test123456 
 
15464 
  test 
   
  test12345 
 
15465 
  Winston 
   
  Smith 
 
15466 
  test1234 
   
  test123456 
 
15467 
  test1234 
   
  test123456 
 
15468 
  test 
   
  test12345 
 
15470 
  test88 
   
  testing 
 
15472 
  test1234 
   
  test123456 
 
15473 
  test 
   
  test12345 
 
15474 
  syntax 
   
  technologies 
 
15476 
  test1234 
   
  test123456 
 
15477 
  test12344 
   
  test12345666 
 
15478 
  test1234 
   
  test123456 
 
15479 
  test 
   
  test123 
 
15480 
  test12344 
   
  test12345666 
 
15481 
  test12345 
   
  test1234567 
 
15482 
  test123 
   
  test12345 
 
15483 
  test12345 
   
  test1234567 
 
15484 
  test12345 
   
  test1234567 
 
15485 
  test12345 
   
  test1234567 
 
15486 
  test12345 
   
  test1234567 
 
15487 
  test12345 
   
  test1234567 
 
15488 
  nametwo2 
  Nazir123 
  Mmn 
 
15489 
  namethree3 
  good123 
  Mmmm 
 
15490 
  test12345 
   
  test1234567 
 
15491 
  nameone1 
  Ayoubi123 
  Mm 
 
15492 
  test12345 
   
  test1234567 
 
15493 
  test12345 
   
  test1234567 
 
15495 
  Winston 
   
  Smith 
 
15496 
  test123 
   
  test12345 
 
15497 
  test123 
   
  test12345 
 
15498 
  test123 
   
  test12345 
 
15499 
  test1111 
   
  test2222 
 
15500 
  test123 
   
  test12345 
 
15501 
  test123 
   
  test12345 
 
15502 
  test123 
   
  test12345 
 
15504 
  Suslu 
   
  Sulu 
 
15505 
  Sedat 
   
  Peker 
 
15506 
  Sedat 
   
  Peker8 
 
15508 
  Syntax 
  Batch15 
  Syntax 
 
15510 
  test123 
   
  test12345 
 
15511 
  Sedat 
  M33c3 
  Peker 
 
15512 
  hi 
   
  hello 
 
15513 
  Sedat 
  M4492 
  Peker 
 
15514 
  Sedat 
  Mf8a8 
  Peker 
 
15515 
  Sedat 
  M7746 
  Peker 
 
15516 
  Sedat 
  M4061 
  Peker 
 
15517 
  Sedat 
  M9ad1 
  Peker 
 
15518 
  Recep 
  Tayyip 
  Erdogan 
 
15520 
  Sedat 
  M9d23 
  Peker 
 
15521 
  Sedat 
  M691e 
  Peker 
 
15522 
  test123 
   
  test1234 
 
15523 
  Sedat 
  M3f96 
  Peker 
 
15524 
  Sedat 
  M8ad8 
  Peker 
 
15525 
  Sedat 
  Mce3a 
  Peker 
 
15526 
  Sedat 
  M6745 
  Peker 
 
15527 
  Suslu 
  Md272 
  Sulu 
 
15528 
  Suslu 
  Mc0 
  Sulu 
 
15529 
  Suslu 
  M85 
  Sulu 
 
15530 
  Suslu 
  M8c 
  Sulu 
 
15531 
  test123 
   
  test12345 
 
15532 
  test123 
   
  test12345 
 
15533 
  test123 
   
  test12345 
 
15534 
  test123 
   
  test12345 
 
15535 
  test123 
   
  test12345 
 
15536 
  test1237865798 
   
  test12345988665756 
 
15537 
  test1237865798 
   
  test12345988665756 
 
15538 
  test1237865798 
   
  test12345988665756 
 
15539 
  test1111 
   
  test2222 
 
15540 
  test 
   
  xyz 
 
15541 
  test 
   
  xyz 
 
15542 
  test 
   
  xyz 
 
15543 
  test 
   
  xyz 
 
15544 
  test 
   
  test123 
 
15545 
  test 
   
  test123 
 
15546 
  test123 
   
  test12345 
 
15547 
  test123 
   
  test12345 
 
15548 
  test123 
   
  test12345 
 
15549 
  test123 
   
  test12345 
 
15553 
  test123 
   
  test12345 
 
15554 
  test1232 
   
  test123@ 
 
15555 
  Winston 
   
  Smith 
 
15557 
  test1237865798 
   
  test12345988665756 
 
15558 
  test1237865798 
   
  test12345988665756 
 
15559 
  test123 
   
  test12345 
 
15560 
  test1232 
   
  test123@ 
 
15561 
  test123 
   
  test12345 
 
15562 
  test1237865798 
   
  test12345988665756 
 
15563 
  test1237865798 
   
  test12345988665756 
 
15564 
  test123 
   
  test12345 
 
15565 
  YuliyaBatch9 
  test9 
  yuliyatest 
 
15566 
  JohnBatch9 
  test 
  Smithtest 
 
15567 
  Get 
  Batch9 
  Jobs 
 
15568 
  Money 
  Batch9 
  Jobs 
 
15569 
  Start 
  Batch9 
  Jobs 
 
15570 
  test12344 
   
  test12345666 
 
15572 
  test123 
   
  test12345 
 
15575 
  Get 
  Batch9 
  Job 
 
15577 
  Start 
  Batch9 
  Job 
 
15578 
  test123 
   
  test12345 
 
15579 
  test 
   
  test12345 
 
15581 
  test1237865798 
   
  test12345988665756 
 
15583 
  test123 
   
  test12345 
 
15584 
  test123 
   
  test12345 
 
15585 
  test 
   
  tcfgh 
 
15586 
  test123 
   
  test12345 
 
15587 
  test 
   
  test12345 
 
15590 
  Johnny 
  Test 
  Smith 
 
15591 
  William 
  Test 
  Parker 
 
15592 
  test1237865798 
   
  test12345988665756 
 
15593 
  test 
   
  tcfgh 
 
15594 
  test123 
   
  test12345 
 
15595 
  test123 
   
  test12345 
 
15596 
  test123 
   
  test12345 
 
15597 
  test1232 
   
  test123@ 
 
15598 
  test123 
   
  test12345 
 
15599 
  test 
   
  test12345 
 
15600 
  test 
   
  test12345 
 
15601 
  test1237865798 
   
  test12345988665756 
 
15602 
  test 
   
  test12345 
 
15603 
  test123 
   
  test12345 
 
15604 
  test1237865798 
   
  test12345988665756 
 
15605 
  test123 
   
  test12345 
 
15606 
  test1237865798 
   
  test12345988665756 
 
15607 
  ghdhfd 
   
  dghsd 
 
15608 
  test1232 
   
  test123@ 
 
15609 
  test123 
   
  test12345 
 
15610 
  test123 
   
  test12345 
 
15611 
  test123 
   
  test12345 
 
15612 
  test123 
   
  test12345 
 
15613 
  test1232 
   
  test123@ 
 
15614 
  test123 
   
  test12345 
 
15615 
  test123 
   
  test12345 
 
15616 
  test123 
   
  test12345 
 
15617 
  Dasha999 
  test9 
  Nazarenko 
 
15618 
  test1234567 
   
  test1234554345 
 
15619 
  test123 
   
  test12345 
 
15620 
  test123 
   
  test12345 
 
15621 
  test123 
   
  test12345 
 
15622 
  test123 
   
  test12345 
 
15623 
  test123 
   
  test12345 
 
15624 
  test123 
   
  test12345 
 
15625 
  test123 
   
  test12345 
 
15626 
  Ina 
   
  Fil 
 
15627 
  test123 
   
  test12345 
 
15628 
  test123 
   
  test12345 
 
15629 
  test123 
   
  test12345 
 
15630 
  test123 
   
  test12345 
 
15631 
  test123 
   
  test12345 
 
15632 
  test1234567 
   
  test1234554345 
 
15635 
  test 
   
  test12345 
 
15636 
  test123 
   
  test12345 
 
15637 
  test 
   
  test12345 
 
15638 
  Dasha123 
  test9 
  Nazarenko888 
 
15639 
  Dasha333 
  test9 
  Nazarenko88 
 
15640 
  Dasha33343 
  test9 
  Nazarenko88 
 
15641 
  Zeek77756 
  test7 
  Osman45 
 
15643 
  test123 
   
  test12345 
 
15644 
  Wiliam 
  test 
  Parker 
 
15645 
  test123 
   
  test12345 
 
15646 
  test123 
   
  test12345 
 
15649 
  test123 
   
  test12345 
 
15660 
  dvbbdfb 
  sdsddg 
  fdfdhdfhfdh 
 
15661 
  Somename 
  test 
  surname 
 
15662 
  Kingname 
  test 
  secondname 
 
15663 
  Queenname 
  test 
  somesurname 
 
15664 
  test123 
   
  test12345 
 
15665 
  test123 
   
  test12345 
 
15666 
  fbffgfd 
  dfffffff 
  dddddddd 
 
15667 
  test123 
   
  test12345 
 
15668 
  Prince 
  test 
  Princelastname 
 
15669 
  Princess 
  test 
  Princesslastname 
 
15670 
  Rani 
  test 
  Ranilastname 
 
15671 
  Yauheniya 
  sdsddg 
  fdfdhdfhfdh 
 
15675 
  Kevin 
  San 
  Fran 
 
15676 
  Igor 
  Dev 
  Brown 
 
19059A 
  Sandly 
  Suhn 
  Simith 
 
15677 
  test123 
   
  Smith 
 
15678 
  test123 
   
  test12345 
 
15679 
  test123 
   
  test12345 
 
15680 
  test123 
   
  test12345 
 
15681 
  test123 
   
  test12345 
 
15682 
  test123 
   
  test12345 
 
15683 
  test123 
   
  test12345 
 
15684 
  test123 
   
  test12345 
 
15685 
  test123 
   
  test12345 
 
15686 
  test123 
   
  test12345 
 
15687 
  test123 
   
  test12345 
 
15688 
  test123 
   
  test12345 
 
15689 
  test123 
   
  test12345 
 
15690 
  test123 
   
  test12345 
 
15691 
  test123 
   
  test12345 
 
15692 
  test123 
   
  test12345 
 
15693 
  test1237865798 
   
  test12345988665756 
 
15694 
  test1237865798 
   
  test12345988665756 
 
15695 
  test1237865798 
   
  test12345988665756 
 
15696 
  test123 
   
  test12345 
 
15697 
  test123 
   
  test12345 
 
15698 
  test123 
   
  test12345 
 
15699 
  test123 
   
  test12345 
 
15700 
  test123 
   
  test12345 
 
15701 
  test123 
   
  test12345 
 
15702 
  test123 
   
  test12345 
 
15703 
  test123 
   
  test12345 
 
15704 
  test1237865798 
   
  test12345988665756 
 
15705 
  test1237865798 
   
  test12345988665756 
 
15706 
  test1237865798 
   
  test12345988665756 
 
15707 
  test123 
   
  test12345 
 
15709 
  shmail_asdfiiirrr 
  test 
  Parker 
 
15710 
  test1232 
   
  test123@ 
 
15711 
  test1232 
   
  test123@ 
 
15712 
  test1232 
   
  test123@ 
 
15713 
  test1232 
   
  test123@ 
 
15714 
  test123 
   
  Smith 
 
15715 
  test123 
   
  Smith 
 
15716 
  test123 
   
  Smith 
 
15717 
  test123 
   
  Smith 
 
15718 
  test123 
   
  Smith 
 
15719 
  test1232 
   
  test123@ 
 
15720 
  test1232 
   
  test123@ 
 
15721 
  test1232 
   
  test123@ 
 
15722 
  test1232 
   
  test123@ 
 
19060A 
  Alexsandra 
  Alex 
  White 
 
15723 
  Suslu 
  M31 
  Sulu 
 
15725 
  test123 
   
  test12345 
 
15726 
  test123 
   
  test12345 
 
15727 
  test123 
   
  test12345 
 
19061A 
  moazzam 
   
  sadiq 
 
19062A 
  moazzam 
   
  sadiq 
 
19063A 
  moazzam 
   
  sadiq 
 
19064A 
  moazzam 
   
  sadiq 
 
19065A 
  moazzam 
   
  sadiq 
 
19066A 
  moazzam 
   
  sadiq 
 
19067A 
  moazzam 
   
  sadiq 
 
19068A 
  moazzam 
   
  sadiq 
 
19069A 
  moazzam 
   
  sadiq 
 
19070A 
  moazzam 
   
  sadiq 
 
19071A 
  moazzam 
   
  sadiq 
 
19072A 
  moazzam 
   
  sadiq 
 
19073A 
  moazzam 
   
  sadiq 
 
19074A 
  moazzam 
   
  sadiq 
 
19075A 
  moazzam 
   
  sadiq 
 
19076A 
  moazzam 
   
  sadiq 
 
19077A 
  moazzam 
   
  sadiq 
 
19078A 
  moazzam 
   
  sadiq 
 
19079A 
  moazzam 
   
  sadiq 
 
15729 
  John123 
  test11 
  Smith123 
 
15730 
  Maw 
  test22 
  qweerrf 
 
15731 
  Mawsa 
  test22 
  qweerrf 
 
15732 
  John123sd 
  test11 
  Smsad 
 
15733 
  qazsxx 
  test22 
  qweerrf 
 
15735 
  Gulshoda 
   
  Kurbanbaeva 
 
19080A 
  moazzam 
  N 
  Nikolic 
 
15736 
  test123 
   
  test12345 
 
15737 
  test123 
   
  test12345 
 
15738 
  test123 
   
  test12345 
 
15739 
  Suslu 
  M92 
  Sulu 
 
15740 
  Sedat 
  M1b4e 
  Peker 
 
15741 
  Sedat 
  Ma5d6 
  Peker 
 
15742 
  Sedat 
  M371e 
  Peker 
 
15744 
  test123 
   
  test12345 
 
15745 
  test123 
   
  test12345 
 
15746 
  test123 
   
  test12345 
 
15747 
  test123 
   
  test12345 
 
15748 
  test1243 
   
  test12345 
 
15749 
  test123 
   
  test12345 
 
15750 
  test1243 
   
  test12345 
 
15751 
  Joh 
  test 
  Smit 
 
15752 
  test1243 
   
  test12345 
 
15753 
  test1243 
   
  test12345 
 
15754 
  test1243 
   
  test12345 
 
15755 
  test123 
   
  test12345 
 
15756 
  test123 
   
  test12345 
 
15757 
  test123 
   
  test12345 
 
15758 
  test123 
   
  test12345 
 
15759 
  test123 
   
  test12345 
 
15760 
  test123 
   
  test12345 
 
15761 
  test123 
   
  test12345 
 
15762 
  test123 
   
  test12345 
 
19081A 
  Sandly 
  Suhn 
  Simith 
 
19082A 
  Sandly 
  Suhn 
  Simith 
 
15763 
  John 
   
  Smith 
 
15764 
  test123 
   
  test12345 
 
15765 
  test123 
   
  test12345 
 
15766 
  test123 
   
  test12345 
 
15767 
  Aman 
   
  Makhd 
 
15768 
  test123 
   
  test12345 
 
15769 
  test123 
   
  test12345 
 
15770 
  test123 
   
  test12345 
 
15771 
  Ali 
  Osman 
  Kursun 
 
15772 
  Mark 
  J 
  Smith 
 
15773 
  John 
  K 
  Wick 
 
15774 
  iqra 
   
  gggg 
 
15775 
  John123 
  Baker 
  Doe 
 
15776 
  Elton 
  Gay 
  John 
 
15777 
  Yuliya555 
  Mulia 
  Klukach2003 
 
15778 
  assdsaddca 
  sadsafdf 
  sdfsggs 
 
15779 
  Nelson123 
  MS 
  MS123 
 
15780 
  Yovi10 
  SS 
  quis10 
 
15781 
  Nelson123 
  MS 
  MS123 
 
15782 
  Givi123 
  MS 
  MS12 
 
15783 
  Nelson1239 
  MS 
  MS123 
 
15787 
  Nelson123 
  MS 
  MS123 
 
15788 
  Nelson123 
  MS 
  Smith12 
 
15789 
  Nelson123 
  MS 
  efsf 
 
15790 
  Nelson123 
  MS 
  MS123 
 
15791 
  Nelson123 
  MS 
  MS123 
 
15793 
  assdsaddca 
  sadsafdf 
  sdfsggs 
 
15794 
  assdsaddca 
  sadsafdf 
  sdfsggs 
 
15797 
  Givi123 
  MS 
  MS12 
 
15798 
  Nelson123 
  MS 
  MS123 
 
15799 
  Nelson1239 
  MS 
  MS123 
 
15800 
  Yuliya 
  MS 
  Yuliya 
 
15801 
  Elton 
  Gay 
  John 
 
15802 
  Yulia129 
  MS 
  Yulia456 
 
15803 
  Nelson1234 
  MS 
  MS1234 
 
15804 
  Juan 
  Batist 
  Grenui 
 
15805 
  Yoshi10 
  S 
  q10 
 
15810 
  Yovi10 
  SS 
  quis10 
 
15811 
  Yoshi10 
  S 
  q10 
 
15812 
  Nelson123 
  MS 
  MS1234 
 
15813 
  Yarina123 
  MS 
  Yarina456 
 
15814 
  John123 
  Baker 
  Doe 
 
15815 
  John854 
  Cool 
  Dough 
 
15816 
  Nelson9999 
  Ms 
  Syntax 
 
15817 
  Nelson123 
  MS 
  MS123 
 
15818 
  Nelson9999 
  Ms 
  Syntax 
 
15820 
  Nelson9999 
  Ms 
  Syntax 
 
15821 
  Nelson123 
  MS 
  MS123 
 
15822 
  Nelson123 
  MS 
  MS123 
 
15823 
  Nelson9999 
  Ms 
  Syntax 
 
15824 
  Elton 
  Gay 
  John 
 
15825 
  Juan 
  Batist 
  Grenui 
 
15826 
  Nelson9999 
  Ms 
  Syntax 
 
15827 
  Nelson9999 
  Ms 
  Syntax 
 
15828 
  Nelson9999 
  Ms 
  Syntax 
 
15829 
  John854 
  Cool 
  Dough 
 
15830 
  Iqra123 
  IDK 
  Iqra456 
 
15832 
  Testtt12333 
  MS 
  Teskkkkk 
 
15833 
  Goku 
  MS 
  Test1010 
 
15834 
  Keith15 
  Joye15 
  Black15 
 
15835 
  Test123456 
  MS 
  Test9876 
 
15836 
  Test12347 
  MS 
  Test9879 
 
15837 
  Test123456 
  MS 
  Test9876 
 
15838 
  Test1212 
  MS 
  Test7654 
 
15839 
  Test12125 
  MS 
  Test7655 
 
15840 
  Test1212 
  MS 
  Test7654 
 
15841 
  Test123456 
  MS 
  Test9876 
 
15842 
  Test228 
  MS 
  Test7849 
 
15843 
  Test9874 
  Maynor 
  Jacobs15 
 
15844 
  Test8 
  MS 
  Test8 
 
15845 
  Test32320 
  MS 
  Test5451 
 
15846 
  Testtt1233 
  MS 
  Teskkgfbkkk 
 
15847 
  Test0987 
  Mss 
  Test0987 
 
15848 
  Test3232 
  MS 
  Test5454 
 
15849 
  John595 
  Calvin 
  Dough456 
 
15850 
  Test12345 
  MS 
  Test3476 
 
15851 
  Ash 
  Ketchup 
  Pikachu 
 
15852 
  Test89076 
  Mss 
  Test6574 
 
15853 
  Test1212 
  MS 
  Test7654 
 
15854 
  Test3232 
  MS 
  Test5454 
 
15855 
  iqraa 
   
  ggg 
 
15856 
  Iqra123 
  IDK 
  Iqra456 
 
15857 
  TestQuest 
  Test 
  TestBest 
 
15858 
  Yuliya 
  Ms 
  Yuliya 
 
15859 
  Max 
  Mr 
  Max 
 
15861 
  Test0124 
  MS 
  Tester96 
 
15862 
  Test4323 
  MS 
  Tester01 
 
15863 
  C01 
  A24 
  J96 
 
15864 
  Ashleyy 
  Midleee 
  Lastttt 
 
15865 
  Bennyyy 
  MN 
  LN 
 
15866 
  Hailyy 
  Middle 
  Last 
 
15867 
  Test12345 
  MS 
  Test9876 
 
15868 
  ygdgwdjk 
  newjnoweno 
  njwenfwhflwujib 
 
15869 
  Test3 
  Fqwf12 
  sdf 
 
1111111111 
  Jack 
  J 
  Toronto 
 
15875 
  Bob11111 
  john 
  yesss 
 
15876 
  Bob11111 
  john 
  yesss 
 
15877 
  Yoooo123 
  midsss 
  yeaaaa 
 
15879 
  Testing1 
  Test1 
  Testsss1 
 
15880 
  Testing2 
  Test2 
  Testsss2 
 
15882 
  Test12345 
  MS 
  Test9876 
 
15884 
  Test3 
  Fqwf12 
  sdf 
 
15885 
  Mahender 
  Singh 
  Dhoni 
 
15886 
  Mahender 
  Singh 
  Dhoni 
 
168888 
  Jamil123 
  MS 
  Hamdard 
 
15888 
  Test123456 
  MS 
  Test9876 
 
15889 
  Test1212 
  MS 
  Test7654 
 
15890 
  Test3232 
  MS 
  Test5454 
 
15894 
  Kamal 
  MN 
  Rahimi 
 
15895 
  Rahul 
  Sheti 
  Jawaria 
 
15896 
  Paython 
  Java 
  C# 
 
15897 
  Test123456 
  MS 
  Test9876 
 
15898 
  Test1212 
  MS 
  Test7654 
 
15899 
  Test3232 
  MS 
  Test5454 
 
15900 
  Jack123 
  sam 
  Smith 
 
15901 
  Jack456 
  sam 
  Smith 
 
15902 
  Nelson1234 
  MS 
  MS1234 
 
15904 
  Test123456 
  MS 
  Test9876 
 
15905 
  Test1212 
  MS 
  Test7654 
 
15906 
  Test3232 
  MS 
  Test5454 
 
15907 
  Pravin123 
  PP 
  PP123 
 
15908 
  Nelson1234 
  MS 
  MS1234 
 
15910 
  Test123456 
  MS 
  Test9876 
 
15911 
  Test1212 
  MS 
  Test7654 
 
15912 
  Test3232 
  MS 
  Test5454 
 
15913 
  Test123456 
  MS 
  Test9876 
 
15914 
  Test1212 
  MS 
  Test7654 
 
15915 
  Test3232 
  MS 
  Test5454 
 
15916 
  Test123456 
  MS 
  Test9876 
 
15917 
  Test1212 
  MS 
  Test7654 
 
15918 
  Test3232 
  MS 
  Test5454 
 
15919 
  Test54321 
  MSS 
  Test14567 
 
15920 
  Test0987 
  Mss 
  Test0987 
 
15921 
  Test89076 
  Mss 
  Test6574 
 
15922 
  Test123456 
  MS 
  Test9876 
 
15923 
  Test1212 
  MS 
  Test7654 
 
15924 
  Test3232 
  MS 
  Test5454 
 
15925 
  Test54321 
  MSS 
  Test14567 
 
15926 
  Test0987 
  Mss 
  Test0987 
 
15927 
  Test89076 
  Mss 
  Test6574 
 
15928 
  Yuliya555 
  Mulia 
  Klukach2003 
 
15930 
  Test123456 
  MS 
  Test9876 
 
15931 
  Test1212 
  MS 
  Test7654 
 
15932 
  Test3232 
  MS 
  Test5454 
 
15935 
  Test123456 
  MS 
  Test9876 
 
15936 
  Test123456 
  MS 
  Test9876 
 
15937 
  Test1212 
  MS 
  Test7654 
 
15939 
  Test3232 
  MS 
  Test5454 
 
15940 
  Nelson1234 
  MS 
  MS1234 
 
15942 
  Test123456 
  MS 
  Test9876 
 
15943 
  Test1212 
  MS 
  Test7654 
 
15944 
  Test3232 
  MS 
  Test5454 
 
15945 
  Nelson1234 
  MS 
  MS1234 
 
15947 
  Test123456 
  MS 
  Test9876 
 
15948 
  Test1212 
  MS 
  Test7654 
 
15949 
  Test3232 
  MS 
  Test5454 
 
15950 
  hello 
   
  tester 
 
15952 
  Jack0404 
  MS 
  US 
 
15953 
  sdfsadf 
  cvbvcb 
  fdgfdg 
 
15954 
  sdafsadf 
  hhgfh 
  hgfh 
 
15956 
  Ram12345 
  Test123456 
  Chaulagain12356 
 
15957 
  ff 
  ff 
  ff 
 
15958 
  John0404 
  MS 
  US 
 
15960 
  Jon0404 
  MS 
  US 
 
15961 
  Zanna 
  MS 
  Mimino 
 
15962 
  John0649 
  MS 
  US 
 
15963 
  John0404 
  MS 
  US 
 
15964 
  Jack0404 
  MS 
  US 
 
15965 
  Luffy 
  Lucy 
  OnePiece 
 
15966 
  MS0909 
  MS 
  US 
 
15967 
  Zoro 
  Sword 
  Rowanowa 
 
15968 
  Test 
  Tester123 
  Tester 
 
15969 
  Jon0404 
  MS 
  US 
 
15970 
  Tesr23 
  Teste235 
  east 
 
15971 
  Jon0404 
  MS 
  US 
 
15972 
  Jack0404 
  MS 
  US 
 
15973 
  Jon0404 
  MS 
  US 
 
15974 
  Jack 
  MS 
  US 
 
15974 
  Jon111 
  Al 
  David 
 
15976 
  Elysium 
  M 
  Mondy 
 
15977 
  MS0909 
  MS 
  US 
 
15978 
  MS0909 
  MS 
  US 
 
15980 
  Jon0404 
  MS 
  US 
 
15981 
  Luffy 
  Lucy 
  OnePiece 
 
15982 
  Alla 
  MS 
  Pugacheva 
 
15983 
  chopper 
  racoon 
  Doctor 
 
15984 
  John0404 
  Ms 
  user 
 
15985 
  Jack0044 
  Ms 
  Us 
 
15986 
  Ms090906 
  MM 
  UsA 
 
15987 
  John0404 
  MS 
  US 
 
15988 
  Alla 
  MS 
  Pugacheva 
 
15989 
  Jack0404 
  MS 
  US 
 
15990 
  Jon0404 
  MS 
  US 
 
15991 
  MS0909 
  MS 
  US 
 
15992 
  MS0909 
  MS 
  US 
 
15993 
  Kar 
  Mac 
  US 
 
15994 
  Ary 
  Lev 
  US 
 
15995 
  Jon 
  Jonny 
  MS 
 
15996 
  YoAnusha4545 
  test9 
  anushatest 
 
15999 
  Leodardo1 
  test1 
  DiCaprio1 
 
16000 
  Eva 
  test 
  lasttt 
 
16004 
  null 
  null 
  null 
 
16007 
  Nelson123 
  MS 
  MS123 
 
16013 
  Nelson1234 
  MS 
  MS1234 
 
16014 
  Test123456 
  MS 
  Test9876 
 
16015 
  Test3232 
  MS 
  Test5454 
 
16016 
  Nelson1234 
  MS 
  MS1234 
 
16019 
  Polina 
  A 
  Aponasenko 
 
16020 
  Test12345 
  MS 
  Test9876 
 
16022 
  Test3 
  fqf12 
  sdf 
 
16023 
  Jon0404 
  MS 
  US 
 
16025 
  Ari123 
   
  MS 
 
16026 
  Nelson1234 
  MS 
  MS1234 
 
16034 
  MS US 
  MS 
  US 
 
16035 
  MS US 
  MS 
  US 
 
16036 
  MS US 
  MS 
  US 
 
16037 
  Jon0404 
  MS 
  US 
 
16038 
  Jack0404 
  MS 
  US 
 
16039 
  MS0909 
  MS 
  US 
 
16040 
  Nelson12345 
  MSS 
  MS12345 
 
16041 
  Jon0404 
  MS 
  US 
 
16042 
  Jon0404 
  MS 
  US 
 
16043 
  Jon0404 
  MS 
  US 
 
16044 
  Jack0404 
  MS 
  US 
 
16045 
  Jon0404 
  MS 
  US 
 
16046 
  Jack0404 
  MS 
  US 
 
16047 
  MS0909 
  MS 
  US 
 
19083A 
  moazzam 
   
  sadiq 
 
16048 
  Nelson1235 
  Ms3 
  M321 
 
16050 
  Yoooo123 
  midsss 
  yeaaaa 
 
16052 
  Testing1 
  Test1 
  Testsss1 
 
16053 
  Testing2 
  Test2 
  Testsss2 
 
16054 
  Ron 
  Meta 
  Artest 
 
16055 
  Yauheniya23 
   
  fdfdhdfhfdh12 
 
16057 
  Johnr 
  testr 
  Smithr 
 
16058 
  Williarr 
  testr 
  Parkerr 
 
16059 
  Lea 
  Mar 
  Ram 
 
16060 
  Lila 
  Mar 
  Ram 
 
16061 
  Lila123 
  Mar 
  Ram 
 
16062 
  Lila123 
  Mar 
  Ram 
 
16063 
  Lila123 
  Mar 
  Ram 
 
16065 
  Johnr1 
  testr1 
  Smithr1 
 
16066 
  Williarr1 
  testr1 
  Parkerr1 
 
16067 
  Nelson123 
  MS 
  MS123 
 
16068 
  Nelson123 
  MS 
  MS123 
 
16070 
  Test12345 
  MS 
  Test9876 
 
16071 
  Test1212 
  MS 
  Test7654 
 
16072 
  Test3232 
  MS 
  Test5454 
 
16074 
  Test123456 
  MS 
  Test9876 
 
16075 
  Test1212 
  MS 
  Test7654 
 
16076 
  tiajna 
  test 
  rakica 
 
16077 
  tiajna 
  test 
  rakica 
 
16078 
  Nelson1234 
  MS 
  MS1234 
 
16080 
  Test123456 
  MS 
  Test9876 
 
16081 
  Test1212 
  MS 
  Test7654 
 
16082 
  Test3232 
  MS 
  Test5454 
 
16083 
  Test 
  Tester123 
  Tester 
 
16084 
  Tesr23 
  Teste235 
  east 
 
16085 
  Amazon 
  Tester123 
  Tester 
 
16086 
  Tesla 
  Teste235 
  east 
 
16087 
  Nelson123456 
  MSS 
  MS123457 
 
16088 
  Yulia1234 
  MSS 
  Yulia4564 
 
16089 
  Jon0404 
  Ms 
  US 
 
16091 
  Jon0404 
  Ms 
  US 
 
16092 
  Jon0404 
  Ms 
  US 
 
16093 
  Jack0404 
  MS 
  US 
 
16095 
  Test123456 
  MS 
  Test9876 
 
16096 
  Test1212 
  MS 
  Test7654 
 
16097 
  Test3232 
  MS 
  Test5454 
 
16098 
  test123 
   
  test12345 
 
16099 
  Test 
  Tester123 
  Tester 
 
16100 
  Tesr23 
  Teste235 
  east 
 
16101 
  Amazon 
  Tester123 
  Tester 
 
16102 
  Tesla 
  Teste235 
  east 
 
16106 
  Jon0404 
  MS 
  US 
 
16107 
  Jack0404 
  MS 
  US 
 
16108 
  MS0909 
  MS 
  US 
 
16110 
  YuliyaBatch999 
  test999 
  yuliyatest999 
 
16111 
  JohnBatch999 
  test9999 
  Smithtest99 
 
16112 
  Anusha0909 
  test9 
  anushatest 
 
16115 
  Yanci1010 
  test9 
  yancitest 
 
16116 
  Bryan3838 
  test9 
  bryantest 
 
16120 
  Nelson123 
  MS 
  MS123 
 
16123 
  azizullah 
   
  ayoubi 
 
16124 
  Anusha0909 
  test9 
  anushatest 
 
16125 
  Anusha0909 
  test9 
  anushatest 
 
16126 
  Anusha0909 
  test9 
  anushatest 
 
16127 
  Anusha0909 
  test9 
  anushatest 
 
16128 
  Anusha0909 
  test9 
  anushatest 
 
16129 
  Nelson1234 
  MS 
  MS1234 
 
16133 
  Yanci1010 
  test9 
  yancitest 
 
16134 
  Bryan3838 
  test9 
  bryantest 
 
16137 
  Yanci1010 
  test9 
  yancitest 
 
16138 
  Bryan3838 
  test9 
  bryantest 
 
16139 
  Test123456 
  MS 
  Test9876 
 
16140 
  Test1212 
  MS 
  Test7654 
 
16141 
  Test3232 
  MS 
  Test5454 
 
16143 
  Yanci1010 
  test9 
  yancitest 
 
16144 
  Bryan3838 
  test9 
  bryantest 
 
16146 
  Yanci1010 
  test9 
  yancitest 
 
16147 
  Bryan3838 
  test9 
  bryantest 
 
16148 
  Jon0404 
  MS 
  US 
 
16149 
  Jack0404 
  MS 
  US 
 
16150 
  M0909 
  MS 
  US 
 
16151 
  Thor 
   
  Potter 
 
16152 
  Thor 
   
  Potter 
 
16153 
  Thor 
   
  Potter 
 
16154 
  John0404 
  MS 
  US 
 
16155 
  John0404 
  MS 
  US 
 
16156 
  John0404 
  MS 
  US 
 
16157 
  John0404 
  MS 
  US 
 
16158 
  John04014 
  MS1 
  US1 
 
16159 
  John04014 
  MS1 
  US1 
 
16160 
  John04014 
  MS1 
  US1 
 
16161 
  Jack05051 
  MSS1 
  USA1 
 
16162 
  John04014 
  MS1 
  US1 
 
16163 
  Jack05051 
  MSS1 
  USA1 
 
16164 
  Janna123 
  MS123 
  USA1 
 
16165 
  Marta 
  Mary 
  Ostash 
 
19084A 
  Steven 
   
  Klyman 
 
19085A 
  Stevend 
   
  Klyman 
 
19086A 
  Stevend 
   
  Klyman 
 
16166 
  Mark 
  J 
  Smith 
 
16167 
  John 
  K 
  Wick 
 
16168 
  Mark 
  J 
  Smith 
 
16169 
  John 
  K 
  Wick 
 
16170 
  Jon0404 
  MS 
  US 
 
16171 
  Jack0404 
  MS 
  US 
 
16172 
  MS0909 
  MS 
  US 
 
19087A 
  Steven 
   
  Klyman 
 
19088A 
  Steven 
   
  Klyman 
 
19089A 
  Steven 
   
  Klyman 
 
19090A 
  Steven 
   
  Klyman 
 
19091A 
  Steven 
   
  Klyman 
 
19092A 
  Steven 
   
  Klyman 
 
19093A 
  Steven 
   
  Klyman 
 
19094A 
  Steven 
   
  Klyman 
 
19095A 
  Steven 
   
  Klyman 
 
19096A 
  Steven 
   
  Klyman 
 
19097A 
  Steven 
   
  Klyman 
 
19098A 
  Steven 
   
  Klyman 
 
19099A 
  steven 
   
  sadiq 
 
19100A 
  steven 
   
  sadiq 
 
19101A 
  moazzam 
   
  sadiq 
 
19102A 
  moazzam 
   
  sadiq 
 
19103A 
  Steven 
   
  Klyman 
 
19104A 
  Steven 
   
  Klyman 
 
16173 
  Jon0404 
  MS 
  US 
 
16174 
  Jack0404 
  MS 
  US 
 
16175 
  MS0909 
  MS 
  US 
 
16177 
  ghjgvhj 
  fvgjhfgjh 
  fgjhcfgjfgjjh 
 
16178 
  Jack 
  J 
  Smith 
 
16179 
  David 
  K 
  Wick 
 
3654627 
  Jack 
  J 
  Smith 
 
7462878 
  David 
  K 
  Wick 
 
16182 
  Test9874 
  Maynor 
  Jacobs15 
 
16183 
  John595 
  Calvin 
  Dough456 
 
16184 
  Ash 
  Ketchup 
  Pikachu 
 
16185 
  Nelson1234 
  MS 
  MS1234 
 
16187 
  Nelson1235 
  Ms3 
  M321 
 
16188 
  Nelson1235 
  Ms3 
  M321 
 
16189 
  Nelson1235 
  Ms3 
  M321 
 
16190 
  Yhisid 
  ds 
  dsksdk 
 
16191 
  Test123456 
  MS 
  Test9876 
 
16192 
  Test1212 
  MS 
  Test7654 
 
16193 
  Test3232 
  MS 
  Test5454 
 
16196 
  Jon0404 
  Keith10 
  Brown10 
 
16197 
  Jon0411 
  Keith11 
  Brown11 
 
16198 
  assdsaddca 
  sadsafdf 
  sdfsggs 
 
16200 
  assdsaddca 
  sadsafdf 
  sdfsggs 
 
16202 
  assdsaddca 
  sadsafdf 
  sdfsggs 
 
16204 
  assdsaddca 
  sadsafdf 
  sdfsggs 
 
16206 
  assdsaddca 
  sadsafdf 
  sdfsggs 
 
16208 
  assdsaddca 
  sadsafdf 
  sdfsggs 
 
16209 
  Yuliaqwe 
  MS 
  Awertoi 
 
16210 
  assdsaddca 
  sadsafdf 
  sdfsggs 
 
16212 
  John 
  John 
  Doe 
 
16213 
  assdsaddca 
  sadsafdf 
  sdfsggs 
 
16215 
  assdsaddca 
  sadsafdf 
  sdfsggs 
 
16217 
  assdsaddca 
  sadsafdf 
  sdfsggs 
 
16219 
  amxml 
   
  mlml 
 
16220 
  Nelson1234 
  MS 
  MS1234 
 
16222 
  Test123456 
  MS 
  Test9876 
 
16223 
  Test1212 
  MS 
  Test7654 
 
16224 
  Test3232 
  MS 
  Test5454 
 
16225 
  Nelson1234 
  MS 
  MS1234 
 
16227 
  Test123456 
  MS 
  Test9876 
 
16228 
  Test1212 
  MS 
  Test7654 
 
16229 
  Test3232 
  MS 
  Test5454 
 
16230 
  Jon0404 
  MS 
  US 
 
16231 
  Jack0404 
  MS 
  US 
 
16232 
  MS0909 
  MS 
  US 
 
16233 
  Nelson123 
  MS 
  MS123 
 
16234 
  Jon0404 
  Keith10 
  Brown10 
 
16235 
  Jon0411 
  Keith11 
  Brown11 
 
16236 
  Jon0404 
  Keith10 
  Brown10 
 
16237 
  Jon0411 
  Keith11 
  Brown11 
 
16238 
  Jon0404 
  Keith10 
  Brown10 
 
16239 
  Jon0411 
  Keith11 
  Brown11 
 
16240 
  Nelson1234 
  MS 
  MS1234 
 
16242 
  Test123456 
  MS 
  Test9876 
 
16243 
  Test1212 
  MS 
  Test7654 
 
16244 
  Test3232 
  MS 
  Test5454 
 
19107A 
  asliii 
   
  stringggg 
 
19108A 
  asliii 
   
  stringggg 
 
16245 
  Nelson1234 
  MS 
  MS1234 
 
16247 
  Test123456 
  MS 
  Test9876 
 
16248 
  Test1212 
  MS 
  Test7654 
 
16249 
  Test3232 
  MS 
  Test5454 
 
16250 
  Jon0404 
  MS 
  US 
 
16251 
  Jack0404 
  MS 
  US 
 
16252 
  MS0909 
  MS 
  US 
 
16254 
  Nelson1234 
  MS 
  MS1234 
 
16256 
  Test123456 
  MS 
  Test9876 
 
16257 
  Test1212 
  MS 
  Test7654 
 
16258 
  Test3232 
  MS 
  Test5454 
 
16259 
  Jon0404 
  MS 
  US 
 
16260 
  Jack0404 
  MS 
  US 
 
16263 
  gdfg 
  sfdd 
  sdfs 
 
16268 
  Nelson1234 
  MS 
  MS1234 
 
16270 
  Test123456 
  MS 
  Test9876 
 
16271 
  Test1212 
  MS 
  Test7654 
 
16272 
  Test3232 
  MS 
  Test5454 
 
16273 
  Computer 
  Syntax 
  test 
 
16276 
  Nelson1234 
  MS 
  MS1234 
 
16278 
  Test123456 
  MS 
  Test9876 
 
16279 
  Test1212 
  MS 
  Test7654 
 
16280 
  Test3232 
  MS 
  Test5454 
 
16281 
  Nelson1234 
  MS 
  MS1234 
 
16285 
  Nelson1234 
  MS 
  MS1234 
 
16287 
  Nelson1234 
  MS 
  MS1234 
 
16289 
  Test123456 
  MS 
  Test9876 
 
16290 
  Test1212 
  MS 
  Test7654 
 
16291 
  Test3232 
  MS 
  Test5454 
 
19109A 
  Sandly 
  Suhn 
  Simith 
 
16292 
  Nelson1234 
  MS 
  MS1234 
 
16294 
  Test123456 
  MS 
  Test9876 
 
16295 
  Test1212 
  MS 
  Test7654 
 
16296 
  Test3232 
  MS 
  Test5454 
 
19110A 
  Sandly 
  Suhn 
  Simith 
 
19111A 
  Sandly 
  Suhn 
  Simith 
 
16297 
  Nelson1234 
  MS 
  MS1234 
 
19112A 
  Sandly 
  Suhn 
  Simith 
 
16301 
  Sedat 
  M6792 
  Peker 
 
16302 
  Sedat 
  Mef94 
  Peker 
 
19113A 
  Sandly 
  Suhn 
  Simith 
 
16303 
  Jon0404 
  MS 
  US 
 
16304 
  Jack0404 
  MS 
  US 
 
16305 
  MS0909 
  MS 
  US 
 
16306 
  Bacone 
   
  Maximone 
 
16307 
  Nelson123 
  Ms 
  MS123 
 
16308 
  Nelson1234 
  Ms 
  MS1234 
 
16309 
  Nelson1234 
  Ms 
  MS1234 
 
16310 
  Nelson1234 
  Ms 
  MS1234 
 
16312 
  Test123456 
  MS 
  Test9876 
 
16313 
  Test1212 
  MS 
  Test7654 
 
16314 
  Test3232 
  MS 
  Test5454 
 
19128A 
  Sandly 
  Suhn 
  Simith 
 
16315 
  test123 
   
  test12345 
 
16316 
  Sedat 
  M9707 
  Peker 
 
19129A 
  Steven 
   
  Klyman 
 
16317 
  Jon0404 
  MS 
  US 
 
16318 
  Jack0404 
  MS 
  US 
 
16319 
  MS0909 
  MS 
  US 
 
19130A 
  Sandly 
  Suhn 
  Simith 
 
19131A 
  Sandly 
  Suhn 
  Simith 
 
19132A 
  Sandly 
  Suhn 
  Simith 
 
19133A 
  Sandly 
  Suhn 
  Simith 
 
19134A 
  Sandly 
  Suhn 
  Simith 
 
19135A 
  Sandly 
  Suhn 
  Simith 
 
19136A 
  Sandly 
  Suhn 
  Simith 
 
19137A 
  Sandly 
  Suhn 
  Simith 
 
19138A 
  Sandly 
  Suhn 
  Simith 
 
19139A 
  Sandly 
  Suhn 
  Simith 
 
19140A 
  Sandly 
  Suhn 
  Simith 
 
19141A 
  Sandly 
  Suhn 
  Simith 
 
19142A 
  Sandly 
  Suhn 
  Simith 
 
19143A 
  Sandly 
  Suhn 
  Simith 
 
19144A 
  Sandly 
  Suhn 
  Simith 
 
19145A 
  Sandly 
  Suhn 
  Simith 
 
19146A 
  Sandly 
  Suhn 
  Simith 
 
19147A 
  Sandly 
  Suhn 
  Simith 
 
19148A 
  Sandly 
  Suhn 
  Simith 
 
19149A 
  Sandly 
  Suhn 
  Simith 
 
19150A 
  Sandly 
  Suhn 
  Simith 
 
19151A 
  Sandly 
  Suhn 
  Simith 
 
19152A 
  Sandly 
  Suhn 
  Simith 
 
19153A 
  Sandly 
  Suhn 
  Simith 
 
16320 
  test123 
   
  test12345 
 
16321 
  test123 
   
  test12345 
 
16322 
  test123 
   
  test12345 
 
16323 
  test123 
   
  test12345 
 
16324 
  test123 
   
  test12345 
 
16325 
  test123 
   
  test12345 
 
16326 
  test123 
   
  test12345 
 
16327 
  test 
   
  test12345 
 
16328 
  Yauheniya1 
   
  fdfdhdfhfdh1 
 
16329 
  John04014 
  MS1 
  US1 
 
16331 
  Yanci100 
  testr1 
  yancites 
 
16332 
  Bryan383 
  test11 
  bryantes 
 
16333 
  Sedat 
  Mde16 
  Peker 
 
16334 
  Sedat 
  M401e 
  Peker 
 
16335 
  Sedat 
  M1742 
  Pek 
 
16336 
  Sedat 
  male 
  Pek 
 
19154A 
  Created 
  First 
  Employee 
 
19155A 
  Created 
  First 
  Employee 
 
19156A 
  Created 
  First 
  Employee 
 
19157A 
  Created 
  First 
  Employee 
 
19158A 
  Created 
  First 
  Employee 
 
19159A 
  Created 
  First 
  Employee 
 
19160A 
  Created 
  First 
  Employee 
 
19161A 
  Created 
  First 
  Employee 
 
19162A 
  Created 
  First 
  Employee 
 
19163A 
  Created 
  First 
  Employee 
 
19164A 
  Created 
  First 
  Employee 
 
19165A 
  Created 
  First 
  Employee 
 
19166A 
  Sandly 
  Suhn 
  Simith 
 
19167A 
  Sandly 
  Suhn 
  Simith 
 
19168A 
  Sandly 
  Suhn 
  Simith 
 
19169A 
  Sandly 
  Suhn 
  Simith 
 
19170A 
  Sandly 
  Suhn 
  Simith 
 
19171A 
  Sandly 
  Suhn 
  Simith 
 
19172A 
  Sandly 
  Suhn 
  Simith 
 
19173A 
  Sandly 
  Suhn 
  Simith 
 
19174A 
  Sandly 
  Suhn 
  Simith 
 
19175A 
  Sandly 
  Suhn 
  Simith 
 
19176A 
  Sandly 
  Suhn 
  Simith 
 
19177A 
  Sandly 
  Suhn 
  Simith 
 
19178A 
  Sandly 
  Suhn 
  Simith 
 
19179A 
  Sandly 
  Suhn 
  Simith 
 
19180A 
  Sandly 
  Suhn 
  Simith 
 
19181A 
  Sandly 
  Suhn 
  Simith 
 
19182A 
  Sandly 
  Suhn 
  Simith 
 
19183A 
  Sandly 
  Suhn 
  Simith 
 
19184A 
  Sandly 
  Suhn 
  Simith 
 
19185A 
  Sandly 
  Suhn 
  Simith 
 
19186A 
  Sandly 
  Suhn 
  Simith 
 
19187A 
  Sandly 
  Suhn 
  Simith 
 
19188A 
  Sandly 
  Suhn 
  Simith 
 
19189A 
  Sandly 
  Suhn 
  Simith 
 
19190A 
  Sandly 
  Suhn 
  Simith 
 
19191A 
  Sandly 
  Suhn 
  Simith 
 
19192A 
  Sandly 
  Suhn 
  Simith 
 
19193A 
  Sandly 
  Suhn 
  Simith 
 
19194A 
  Sandly 
  Suhn 
  Simith 
 
19195A 
  Sandly 
  Suhn 
  Simith 
 
19196A 
  Sandly 
  Suhn 
  Simith 
 
19197A 
  Sandly 
  Suhn 
  Simith 
 
16338 
  test123 
   
  test12345 
 
16339 
  Anusha922 
  Sharma9 
  Nada99 
 
16341 
  Yulia222 
  MS 
  Yulia422 
 
16343 
  Test12212 
  MS 
  Test898 
 
16345 
  Stephen 
   
  King 
 
16346 
  test123 
   
  test12345 
 
16347 
  test123 
   
  test12345 
 
16349 
  test123 
   
  test12345 
 
16350 
  test123 
   
  test12345 
 
16351 
  WilliamBatch9 
  test 
  Parkertest 
 
16352 
  test123 
   
  test12345 
 
16353 
  test123 
   
  test12345 
 
16354 
  test123 
   
  test12345 
 
16355 
  test123 
   
  test12345 
 
16356 
  test123 
   
  test12345 
 
16357 
  Yuru888 
  test1 
  Richard 
 
16358 
  Jhon888 
  test1 
  Peter 
 
16359 
  Oswold888 
  test1 
  Oswold 
 
16360 
  lalatest1 
  test9 
  yuliatest 
 
16361 
  lalatest2 
  test 
  Smithtest 
 
16362 
  lalatest3 
  test 
  Parkertest 
 
16363 
  Nelson1234 
  MS 
  MS1234 
 
16367 
  Jon0404 
  Ms 
  US 
 
16368 
  Jon0404 
  Ms 
  US 
 
16369 
  Jack0404 
  MS 
  US 
 
16370 
  John0202x 
  Ms 
  USAx z 
 
16371 
  John0402x 
  Ms 
  USOzzzx 
 
16372 
  John0202zzx 
  Msz 
  USAzx 
 
16373 
  John0402zzx 
  Mszx 
  USOzx 
 
16374 
  Stepa 
   
  test 
 
16375 
  Stepa 
   
  test2 
 
16386 
  Sedat 
  male 
  Pek 
 
16387 
  Sedat 
  male 
  Pek 
 
16388 
  Sedat 
  male 
  Pek 
 
16389 
  Sedat 
  male 
  Pek 
 
16390 
  Sedat 
  male 
  Pek 
 
16391 
  Sedat 
  male 
  Pek 
 
16392 
  Sedat 
  male 
  Pek 
 
16393 
  Sedat 
  male 
  Pek 
 
16394 
  John 
  J 
  Smith 
 
16395 
  John 
  J 
  Smith 
 
16396 
  John 
  J 
  Smith 
 
16397 
  John 
  J 
  Smith 
 
16398 
  John 
  J 
  Smith 
 
16399 
  John 
  J 
  Smith 
 
16400 
  John 
  J 
  Smith 
 
16401 
  John 
  J 
  Smith 
 
16402 
  John 
  J 
  Smith 
 
16403 
  John 
  J 
  Smith 
 
16404 
  Sedat 
  male 
  Pek 
 
19198A 
  Canan 
  CC 
  Cerkezkoy 
 
19199A 
  Bahadir 
  BB 
  Kurnaz 
 
19200A 
  Bahadir 
  BB 
  Kurnaz 
 
19201A 
  Bahadir 
  BB 
  Kurnaz 
 
19202A 
  Menemen 
  MY 
  Yilmazlar 
 
19203A 
  Bahadir 
  BB 
  Kurnaz 
 
19204A 
  Bahadir 
  BB 
  Kurnaz 
 
19205A 
  Bahadir 
  BB 
  Kurnaz 
 
19206A 
  Bahadir 
  BB 
  Kurnaz 
 
19207A 
  Bahadir 
  BB 
  Kurnaz 
 
19208A 
  Bahadir 
  BB 
  Kurnaz 
 
19209A 
  Mehmet 
  Jr 
  Unlu 
 
19210A 
  Mehmet 
  Jr 
  Unlu 
 
19211A 
  Bahadir 
  BB 
  Kurnaz 
 
19212A 
  Bahadir 
  BB 
  Kurnaz 
 
19213A 
  Bahadir 
  BB 
  Kurnaz 
 
19214A 
  Bahadir 
  BB 
  Kurnaz 
 
19215A 
  Bahadir 
  BB 
  Kurnaz 
 
19216A 
  Bahadir 
  BB 
  Kurnaz 
 
19217A 
  Bahadir 
  BB 
  Kurnaz 
 
16405 
  John 
  J 
  Smith 
 
16406 
  John 
  J 
  Smith 
 
16407 
  John 
  J 
  Smith 
 
16408 
  John 
  J 
  Smith 
 
16409 
  John 
  J 
  Smith 
 
16410 
  John 
  J 
  Smith 
 
16411 
  John 
  J 
  Smith 
 
16412 
  John 
  J 
  Smith 
 
16413 
  John 
  J 
  Smith 
 
16414 
  John 
  J 
  Smith 
 
16415 
  John 
  J 
  Smith 
 
16416 
  John 
  J 
  Smith 
 
16417 
  John 
  J 
  Smith 
 
16418 
  John 
  J 
  Smith 
 
16419 
  John 
  J 
  Smith 
 
16420 
  John 
  J 
  Smith 
 
16421 
  John 
  J 
  Smith 
 
16422 
  John 
  J 
  Smith 
 
16423 
  John 
  J 
  Smith 
 
16424 
  John 
  J 
  Smith 
 
16425 
  John 
  J 
  Smith 
 
16426 
  John 
  J 
  Smith 
 
16427 
  John 
  J 
  Smith 
 
16428 
  John 
  J 
  Smith 
 
16429 
  John 
  J 
  Smith 
 
16430 
  John 
  J 
  Smith 
 
16431 
  John 
  J 
  Smith 
 
16432 
  John 
  J 
  Smith 
 
16433 
  John 
  J 
  Smith 
 
16434 
  John 
  J 
  Smith 
 
16435 
  John 
  J 
  Smith 
 
16436 
  John 
   
  Khan 
 
16437 
  estrella 
   
  veee 
 
16438 
  Bella 
   
  Eleni 
 
16440 
  Sammyyy 
  middleee 
  lastnameeee 
 
16441 
  Ashleyy 
  Midleee 
  Lastttt 
 
16442 
  Bennyyy 
  MN 
  LN 
 
16443 
  Hailyy 
  Middle 
  Last 
 
16444 
  John 
  J 
  Smith 
 
16445 
  John 
  J 
  Smith 
 
16446 
  John 
  J 
  Smith 
 
16447 
  John 
  J 
  Smith 
 
16448 
  John 
  J 
  Smith 
 
16449 
  John 
  J 
  Smith 
 
16450 
  John 
  J 
  Smith 
 
16451 
  John 
  J 
  Smith 
 
16452 
  John 
  J 
  Smith 
 
16453 
  Givi123 
  MS 
  MS12 
 
16455 
  Test12347 
  MS 
  Test9879 
 
16456 
  John 
  J 
  Smith 
 
16457 
  John 
  J 
  Smith 
 
16458 
  John 
  J 
  Smith 
 
16459 
  John 
  J 
  Smith 
 
16460 
  John 
  J 
  Smith 
 
16461 
  John 
  J 
  Smith 
 
16462 
  John 
  J 
  Smith 
 
16463 
  John 
  J 
  Smith 
 
16464 
  John 
  J 
  Smith 
 
16465 
  John 
  J 
  Smith 
 
16466 
  John 
  J 
  Smith 
 
16467 
  John 
  J 
  Smith 
 
16468 
  John 
  J 
  Smith 
 
16470 
  John 
  J 
  Smith 
 
16471 
  John 
  J 
  Smith 
 
16472 
  John 
  J 
  Smith 
 
16473 
  John 
  J 
  Smith 
 
16474 
  John 
  J 
  Smith 
 
16475 
  John 
  J 
  Smith 
 
16476 
  John 
  J 
  Smith 
 
16477 
  John 
  J 
  Smith 
 
16478 
  John 
  J 
  Smith 
 
16479 
  John 
  J 
  Smith 
 
16480 
  John 
  J 
  Smith 
 
16481 
  Sedat 
  male 
  Pek 
 
16482 
  Sedat 
  male 
  Pek 
 
16483 
  John 
  J 
  Smith 
 
16485 
  Sedat 
  M952e 
  Pek 
 
16494 
  Yuliya555 
  Mulia 
  Klukach2003 
 
16499 
  Sezgin 
  Baran 
  Korkmaz 
 
16502 
  Test123456 
  MS 
  Test9876 
 
16503 
  Test1212 
  MS 
  Test7654 
 
16504 
  Test3232 
  MS 
  Test5454 
 
16514 
  Sezgin 
  Baran 
  Korkmaz 
 
16515 
  Sezgin 
  Baran 
  Korkmaz 
 
16516 
  Sezgin 
  Baran 
  Korkmaz 
 
16517 
  Sezgin 
  Baran 
  Korkmaz 
 
16518 
  Sezgin 
  Baran 
  Korkmaz 
 
16519 
  Sezgin 
  Baran 
  Korkmaz 
 
16520 
  Sezgin 
  Baran 
  Korkmaz 
 
16521 
  Sezgin 
  Baran 
  Korkmaz 
 
16523 
  Sezgin 
  Baran 
  Korkmaz 
 
16524 
  Sezgin 
  Baran 
  Korkmaz 
 
16525 
  Sezgin 
  Baran 
  Korkmaz 
 
16526 
  Sezgin 
  Baran 
  Korkmaz 
 
16527 
  Sezgin 
  Baran 
  Korkmaz 
 
16528 
  Sezgin 
  Baran 
  Korkmaz 
 
16529 
  Sezgin 
  Baran 
  Korkmaz 
 
16530 
  Sezgin 
  Baran 
  Korkmaz 
 
16531 
  Sezgin 
  Baran 
  Korkmaz 
 
16532 
  John 
  J 
  Smith 
 
16533 
  John 
  J 
  Smith 
 
16534 
  John 
  J 
  Smith 
 
16535 
  John 
  J 
  Smith 
 
16536 
  John 
  J 
  Smith 
 
16537 
  Sezgin 
  Baran 
  Korkmaz 
 
16544 
  Lily 
  K 
  King 
 
16545 
  Lily 
  K 
  King 
 
16546 
  Lily 
  K 
  King 
 
16547 
  Lily 
  K 
  King 
 
16548 
  Lily 
  K 
  King 
 
16549 
  Lily 
  K 
  King 
 
16550 
  Eugene 
  K 
  King 
 
16561 
  Nelson123456 
  MSS 
  MS123457 
 
16562 
  Yulia1234 
  MSS 
  Yulia4564 
 
16563 
  Test123456 
  MS 
  Test9876 
 
16564 
  Test1212 
  MS 
  Test7654 
 
16565 
  Test3232 
  MS 
  Test5454 
 
16566 
  Jon0404 
  MS 
  US 
 
16567 
  Jack0404 
  MS 
  US 
 
16568 
  M0909 
  MS 
  US 
 
16569 
  Jon111 
  Al 
  David 
 
16570 
  Bob344 
  B 
  Don 
 
16571 
  Yoooo123 
  midsss 
  yeaaaa 
 
16573 
  Testing1 
  Test1 
  Testsss1 
 
16574 
  Testing2 
  Test2 
  Testsss2 
 
16575 
  Ariana 
   
  C 
 
16576 
  John 
  J 
  Smith 
 
16577 
  John 
  J 
  Smith 
 
16578 
  John 
  J 
  Smith 
 
16579 
  John 
  J 
  Smith 
 
16580 
  John 
  J 
  Smith 
 
16581 
  John 
  J 
  Smith 
 
16582 
  John 
  J 
  Smith 
 
16583 
  John 
  J 
  Smith 
 
16584 
  John 
  J 
  Smith 
 
16585 
  John 
  J 
  Smith 
 
16590 
  Apple 
   
  Green 
 
16591 
  ssss123 
   
  ghgh 
 
16593 
  jhgg 
   
  iooo 
 
16594 
  NNNNN 
   
  KKKKK 
 
678 
  dddd 
   
  hhhh 
 
16599 
  xc 
  xbcv 
  xcv 
 
16600 
  dataname1 
  m 
  datalast1 
 
16601 
  dataname2 
  m 
  datalast2 
 
16602 
  dataname3 
  m 
  datalast3 
 
16604 
  vcszdv 
   
  sdv 
 
16608 
  Jon0404 
  Ms 
  US 
 
16609 
  Jack0404 
  MS 
  US 
 
19218A 
  Sofia 
  Gala 
  Kosh77 
 
19219A 
  Sofia 
  Gala 
  Kosh77 
 
19220A 
  Sofia 
  Gala 
  Kosh77 
 
19221A 
  Sofia 
  Gala 
  Kosh77 
 
19222A 
  Sofia 
  Gala 
  Kosh77 
 
19223A 
  Sofia 
  Gala 
  Kosh77 
 
19224A 
  Sofia 
  Gala 
  Kosh77 
 
19225A 
  Sofia 
  Gala 
  Kosh77 
 
19226A 
  Sofia 
  Gala 
  Kosh77 
 
19227A 
  Sofia 
  Gala 
  Kosh77 
 
19228A 
  Sofia 
  Gala 
  Kosh77 
 
19229A 
  Sofia 
  Gala 
  Kosh77 
 
16614 
  dataname1 
  m 
  datalast1 
 
16615 
  dataname2 
  m 
  datalast2 
 
16616 
  dataname3 
  m 
  datalast3 
 
19230A 
  Sofia 
  Gala 
  Kosh77 
 
19231A 
  Sofia 
  Gala 
  Kosh77 
 
19232A 
  Sofia 
  Gala 
  Kosh77 
 
19233A 
  Sofia 
  Gala 
  Kosh77 
 
16617 
  John 
  J 
  Smith 
 
16618 
  John 
  J 
  Smith 
 
16619 
  John 
  J 
  Smith 
 
16620 
  John 
  J 
  Smith 
 
16621 
  John 
  J 
  Smith 
 
16622 
  John 
  J 
  Smith 
 
16623 
  John 
  J 
  Smith 
 
16624 
  John 
  J 
  Smith 
 
16625 
  John 
  J 
  Smith 
 
16626 
  John 
  J 
  Smith 
 
16627 
  John 
  J 
  Smith 
 
16628 
  John 
  J 
  Smith 
 
16629 
  John 
  J 
  Smith 
 
16630 
  John 
  J 
  Smith 
 
16631 
  John 
  J 
  Smith 
 
16632 
  John 
  J 
  Smith 
 
16633 
  John 
  J 
  Smith 
 
16634 
  Thor 
  Osman 
  Potter 
 
19234A 
  moazzam 
  s 
  sadiq 
 
16635 
  Marta 
  Mary 
  Ostash 
 
16636 
  test123 
   
  test12345 
 
16637 
  aaangeltest 
   
  test123 
 
16638 
  thomas 
   
  Jefferson 
 
16639 
  TimmmyTest 
   
  TurnerTest 
 
16640 
  Nelson1234 
  MS 
  MS1234 
 
16645 
  Random 
  U 
  Testings 
 
11111111 
  Ahmad 
  Khan 
  Khan 
 
16650 
  qwer 
   
  yuio 
 
1665398 
  jdfhhd 
  dfndjnj 
  dhjsgdjh 
 
16654 
  rte 
   
  uywuy 
 
16655 
  ggggg 
   
  fffff 
 
16656 
  yuiop 
   
  mnvc 
 
16657 
  ghjghjgjh 
  hgfgfjfjh 
  vccvhjhj 
 
16658 
  oiuoiuo 
   
  hvjhvhjhj 
 
16659 
  errrrr 
   
  vvvvv 
 
16660 
  khkh 
   
  ll;jk;lj;kl 
 
112233 
  David 
   
  Smith 
 
16690 
  John 
  J 
  Smith 
 
16691 
  John 
  J 
  Smith 
 
16692 
  John 
  J 
  Smith 
 
16693 
  John 
  J 
  Smith 
 
16694 
  John 
  J 
  Smith 
 
16695 
  John 
  J 
  Smith 
 
16696 
  John 
  J 
  Smith 
 
16697 
  John 
  J 
  Smith 
 
16698 
  John 
  J 
  Smith 
 
16699 
  John 
  J 
  Smith 
 
16700 
  John 
  J 
  Smith 
 
16701 
  John 
  J 
  Smith 
 
16702 
  John 
  J 
  Smith 
 
16703 
  John 
  J 
  Smith 
 
16704 
  John 
  J 
  Smith 
 
16705 
  John 
  J 
  Smith 
 
16706 
  John 
  J 
  Smith 
 
16707 
  John 
  J 
  Smith 
 
16708 
  John 
  J 
  Smith 
 
16709 
  John 
  J 
  Smith 
 
16710 
  John 
  J 
  Smith 
 
16711 
  John 
  J 
  Smith 
 
16712 
  John 
  J 
  Smith 
 
16713 
  John 
  J 
  Smith 
 
16714 
  John 
  J 
  Smith 
 
16715 
  John 
  J 
  Smith 
 
16716 
  John 
  J 
  Smith 
 
16717 
  John 
  J 
  Smith 
 
16718 
  John 
  J 
  Smith 
 
16719 
  John 
  J 
  Smith 
 
16720 
  John 
  J 
  Smith 
 
16721 
  John 
  J 
  Smith 
 
16722 
  John 
  J 
  Smith 
 
16723 
  John 
  J 
  Smith 
 
16724 
  John 
  J 
  Smith 
 
16725 
  John 
  J 
  Smith 
 
16727 
  Test123456 
  MS 
  Test9876 
 
16728 
  Test1212 
  MS 
  Test7654 
 
16729 
  John 
  J 
  Smith 
 
16730 
  John 
  J 
  Smith 
 
16731 
  John 
  J 
  Smith 
 
16732 
  John 
  J 
  Smith 
 
16733 
  John 
  J 
  Smith 
 
16734 
  John 
  J 
  Smith 
 
16735 
  John 
  J 
  Smith 
 
16736 
  John 
  J 
  Smith 
 
16737 
  John 
  J 
  Smith 
 
16738 
  John 
  J 
  Smith 
 
16739 
  John 
  J 
  Smith 
 
16740 
  John 
  J 
  Smith 
 
16741 
  John 
  J 
  Smith 
 
16742 
  John 
  J 
  Smith 
 
16743 
  John 
  J 
  Smith 
 
16744 
  John 
  J 
  Smith 
 
16745 
  John 
  J 
  Smith 
 
16746 
  John 
  J 
  Smith 
 
16747 
  John 
  J 
  Smith 
 
16748 
  John 
  J 
  Smith 
 
16749 
  John 
  J 
  Smith 
 
16750 
  John 
  J 
  Smith 
 
16751 
  John 
  J 
  Smith 
 
16752 
  John 
  J 
  Smith 
 
16753 
  John 
  J 
  Smith 
 
16754 
  John 
  J 
  Smith 
 
16755 
  John 
  J 
  Smith 
 
16756 
  John 
  J 
  Smith 
 
16757 
  John 
  J 
  Smith 
 
16758 
  John 
  J 
  Smith 
 
16759 
  John 
  J 
  Smith 
 
16760 
  John 
  J 
  Smith 
 
16762 
  John 
  J 
  Smith 
 
16763 
  John 
  J 
  Smith 
 
16764 
  John 
  J 
  Smith 
 
16765 
  John 
  J 
  Smith 
 
16766 
  John 
  J 
  Smith 
 
16767 
  John 
  J 
  Smith 
 
16768 
  John 
  J 
  Smith 
 
16773 
  Boby 
  momy 
  dady 
 
16775 
  Tommy 
  koko 
  koko 
 
16777 
  Lolo 
  tolo 
  tolo 
 
16778 
  Kabul 
  Herat 
  Mazar 
 
16779 
  Washington 
  Virginia 
  Maryland 
 
16780 
  London 
  Cardiff 
  Manchester 
 
16792 
  sdv 
   
  sdv 
 
16793 
  dv 
   
  sdf 
 
16798 
  TimmmyTest 
   
  TurnerTest 
 
16799 
  sdf 
   
  df 
 
16800 
  John 
  J 
  Smith 
 
16801 
  John 
  J 
  Smith 
 
16802 
  John 
  J 
  Smith 
 
16803 
  John 
  J 
  Smith 
 
16804 
  John 
  J 
  Smith 
 
16805 
  John 
  J 
  Smith 
 
16806 
  Nelson1234 
  MS 
  MS1234 
 
16808 
  John 
  J 
  Smith 
 
16809 
  John 
  J 
  Smith 
 
16810 
  John 
  J 
  Smith 
 
16811 
  John 
  J 
  Smith 
 
16812 
  hgfd 
   
  chg 
 
16813 
  hv 
   
  vh 
 
16814 
  TimmmyTest 
   
  TurnerTest 
 
16817 
  John 
  J 
  Smith 
 
16822 
  sdf 
   
  sad 
 
16845 
  Nelson1234 
  MS 
  MS1234 
 
16847 
  Test123456 
  MS 
  Test9876 
 
16850 
  Test3232 
  MS 
  Test5454 
 
16851 
  Jon0404 
  MS 
  US 
 
16852 
  Jack0404 
  MS 
  US 
 
16853 
  MS0909 
  MS 
  US 
 
16872 
  John 
  J 
  Smith 
 
16873 
  John 
  J 
  Smith 
 
16878 
  John 
  J 
  Smith 
 
16879 
  John 
  J 
  Smith 
 
16880 
  uui 
  i 
  ti 
 
16881 
  John 
  J 
  Smith 
 
16882 
  John 
  J 
  Smith 
 
16883 
  John 
  J 
  Smith 
 
16884 
  John 
  J 
  Smith 
 
16886 
  laila 
  jan 
  ahmadi 
 
16888 
  Nelson1234 
  MS 
  MS1234 
 
16890 
  Nelson1234 
  MS 
  MS1234 
 
16892 
  Nelson1234 
  MS 
  MS1234 
 
16894 
  Nelson1234 
  MS 
  MS1234 
 
16896 
  Nelson1234 
  MS 
  MS1234 
 
16898 
  Test123456 
  MS 
  Test9876 
 
16899 
  Test1212 
  MS 
  Test7654 
 
16900 
  Test3232 
  MS 
  Test5454 
 
16901 
  dataname1 
  m 
  datalast1 
 
16902 
  dataname2 
  m 
  datalast2 
 
16903 
  dataname3 
  m 
  datalast3 
 
16904 
  lalatest12 
  test9 
  yuliatest13 
 
16919 
  Nelson1234 
  MS 
  MS1234 
 
16921 
  Test123456 
  MS 
  Test9876 
 
16922 
  Test1212 
  MS 
  Test7654 
 
16923 
  Test3232 
  MS 
  Test5454 
 
16924 
  Jon0404 
  MS 
  US 
 
16925 
  Jack0404 
  MS 
  US 
 
16973 
  Tommy 
  baby 
  koko 
 
16975 
  Lolo 
  molo 
  tolo 
 
16976 
  Tommy 
  baby 
  koko 
 
16978 
  Lolo 
  molo 
  tolo 
 
16980 
  john 
  ibrahim 
  kk 
 
16981 
  Tom 
  jj 
  cruiz 
 
16982 
  john 
  cina 
  kk 
 
16983 
  akshey 
  AK 
  Kumar 
 
16984 
  Tom 
  jj 
  cruiz 
 
16985 
  john 
  cina 
  kk 
 
16986 
  Tom 
  jj 
  cruiz 
 
16987 
  john 
  cina 
  kk 
 
16988 
  Akshay 
  AK 
  Kumar 
 
16989 
  Tom 
  jj 
  cruiz 
 
16990 
  john 
  cina 
  kk 
 
16991 
  Tom 
  jj 
  cruiz 
 
16992 
  john 
  cina 
  kk 
 
16993 
  Tom 
  jj 
  cruiz 
 
16994 
  john 
  cina 
  kk 
 
16995 
  Akshey 
  AK 
  Kumar 
 
16996 
  Lily 
  a 
  KAAJDkdf;lkal;sd 
 
16997 
  asdd 
  e3da 
  gasdfc 
 
17000 
  juan 
   
  qwd 
 
17007 
  asd 
  dd 
  ddds 
 
17019 
  ssaf 
   
  asdf 
 
17022 
  new 
   
  emp 
 
17028 
  tester 
   
  mctest 
 
17041 
  asd 
  d 
  sdfa 
 
17045 
  dasdf 
  asdf 
  asdfasdfasdf 
 
17052 
  ssss 
   
  ssss 
 
17063 
  asdfasf 
   
  asdfsdf 
 
17080 
  ss 
  ss 
  dddf 
 
17089 
  dasdf 
   
  asdfasdf 
 
17123 
  lalatest1233 
  test9 
  yulia33test13 
 
17124 
  lalatest1233 
  test9 
  yulia33test13 
 
17125 
  lalatest1233 
  test9 
  yulia33test13 
 
17126 
  lalatest1233 
  test9 
  yulia33test13 
 
17127 
  333.0 
  test 
  Smith33test13 
 
17128 
  lalatest32333333 
  test 
  Parke33rtest31 
 
17145 
  dataname1 
  m 
  datalast1 
 
17146 
  dataname2 
  m 
  datalast2 
 
17147 
  dataname3 
  m 
  datalast3 
 
17156 
  dataname1 
  m 
  datalast1 
 
17157 
  dataname2 
  m 
  datalast2 
 
17158 
  dataname3 
  m 
  datalast3 
 
17162 
  da 
  df 
  asdfasdfas 
 
17164 
  asdfasdf 
  asdfasdf 
  asdf 
 
17167 
  asdf 
   
  asdf 
 
17177 
  asdf 
  asdf 
  asdf 
 
17178 
  Anusha2026 
  test09 
  test 
 
17182 
  ddddd 
   
  dddddd 
 
17193 
  ssss 
   
  ssss 
 
17197 
  asdf 
   
  asdf 
 
17204 
  EFG 
  DA 
  DS 
 
17251 
  John 
   
  Khan 
 
17253 
  asfdsd 
   
  ddasdfasdf 
 
17261 
  lily 
   
  asdfasdfasdf 
 
17262 
  lily 
   
  asdfasdfasdf 
 
17268 
  Ty 
  test9 
  Russell 
 
17269 
  Zack 
  test 
  Sawyer 
 
17270 
  Ty-01 
  New 
  Test 
 
17271 
  Zack-01 
  New 
  Test 
 
17290 
  Asghar 
   
  Nazir 
 
17292 
  asdfasdfasdf 
   
  asdfasdfasdfasdf 
 
17354 
  Sezgin 
  Baran 
  Korkmaz 
 
17355 
  Sezgin 
  Baran 
  Korkmaz 
 
17356 
  Sedat 
  male 
  Pek 
 
17357 
  omer 
  yakisti 
  Korkmaz 
 
17358 
  omer 
  yakisti 
  Korkmaz 
 
17359 
  omer 
  yakisti 
  Korkmaz 
 
17360 
  omer 
  yakisti 
  Korkmaz 
 
17361 
  omer 
  yakisti 
  Korkmaz 
 
17362 
  omer 
  yakisti 
  Korkmaz 
 
17363 
  omer 
  yak 
  yakistir 
 
17364 
  omer 
  yak 
  yakistir 
 
17384 
  aasdfasdf 
   
  asdfasdfas 
 
17405 
  asdfasd 
   
  asdfasdf 
 
17438 
  sdfa 
   
  ddd 
 
 
  John 
   
  Khan 
 
17443 
  omer 
  yak 
  yakistir 
 
17444 
  omer 
  yak 
  yakistir 
 
17445 
  omer 
  yak 
  yakistir 
 
17447 
  omer 
  yakisti 
  Korkmaz 
 
17448 
  omer 
  yakisti 
  Korkmaz 
 
17449 
  omer 
  yakisti 
  Korkmaz 
 
17450 
  Sedat 
  M1191 
  Peker 
 
17451 
  Sedat 
  M5e76 
  Peker 
 
17452 
  omer 
  yak 
  yakistir 
 
17453 
  omer 
  yak 
  yakistir 
 
17454 
  omer 
  yak 
  yakistir 
 
17455 
  omer 
  yak 
  yakistir 
 
17456 
  omer 
  yak 
  yakistir 
 
17457 
  omer 
  yak 
  yakistir 
 
17458 
  omer 
  yak 
  yakistir 
 
17459 
  omer 
  yak 
  yakistir 
 
17460 
  Suslu 
  Mac 
  Sulu 
 
17462 
  asdfsdf 
   
  asdfasdf 
 
17476 
  asfd 
   
  sdfasdf 
 
17508 
  Java 
  API 
  Programming 
 
17513 
  sdfasdfasdf 
   
  asdfasdfasdfs 
 
17546 
  Sedat 
  Mb8b7 
  Peker 
 
19235A 
  Farshid 
  F 
  Nouri 
 
19236A 
  Frank 
  F 
  Nouri 
 
19237A 
  Farshid 
  F 
  Nouri 
 
19238A 
  Farshid 
  F 
  Nouri 
 
19240A 
  Farhad 
  F 
  Nouri 
 
19241A 
  Farhad 
  F 
  Nouri 
 
19242A 
  Farhad 
  F 
  Nouri 
 
19243A 
  Farhad 
  F 
  Nouri 
 
19244A 
  Farhad 
  F 
  Nouri 
 
19245A 
  Farhad 
  F 
  Nouri 
 
19246A 
  Farhad 
  F 
  Nouri 
 
19247A 
  Farhad 
  F 
  Nouri 
 
19248A 
  Farhad 
  F 
  Nouri 
 
19249A 
  Farhad 
  F 
  Nouri 
 
19250A 
  Farhad 
  F 
  Nouri 
 
19251A 
  Farhad 
  F 
  Nouri 
 
19252A 
  Farhad 
  F 
  Nouri 
 
19253A 
  Farhad 
  F 
  Nouri 
 
19254A 
  Farhad 
  F 
  Nouri 
 
19255A 
  Farhad 
  F 
  Nouri 
 
19256A 
  Farhad 
  F 
  Nouri 
 
19257A 
  Farhad 
  F 
  Nouri 
 
19258A 
  Farhad 
  F 
  Nouri 
 
19259A 
  Farhad 
  F 
  Nouri 
 
19260A 
  Farhad 
  F 
  Nouri 
 
19261A 
  Farhad 
  F 
  Nouri 
 
19262A 
  Farhad 
  F 
  Nouri 
 
19263A 
  Farhad 
  F 
  Nouri 
 
19264A 
  Farhad 
  F 
  Nouri 
 
17548 
  Steward 
   
  Thomson 
 
17551 
  sdjkbfgksgbk 
  dsfsd 
  fsdfs 
 
17555 
  Omer 
  M20d5 
  Yak 
 
17556 
  Marta 
  Mary 
  Ostash 
 
17563 
  Yuliya 
  MS 
  Yuliya 
 
17567 
  Marta 
  Mary 
  Ostash 
 
17570 
  Yhisid 
  ds 
  dsksdk 
 
17571 
  Yulia123 
  MS 
  Yulia456 
 
17572 
  Yulia1234 
  MSS 
  Yulia4564 
 
17573 
  Yulia123 
  MS 
  Yulia456 
 
17574 
  Yulia123 
  MS 
  Yulia456 
 
17575 
  Marta 
  Mary 
  Ostash 
 
17576 
  Juan 
  Batist 
  Grenui 
 
17577 
  Yulia1234 
  MSS 
  Yulia4564 
 
17578 
  Anusha123 
  SQL 
  Anusha456 
 
17579 
  Yhisid 
  ds 
  dsksdk 
 
17580 
  Juan 
  Batist 
  Grenui 
 
17581 
  Yulia123 
  MS 
  Yulia456 
 
17582 
  Yulia1234 
  MSS 
  Yulia4564 
 
17583 
  Marta 
  Mary 
  Ostash 
 
17584 
  Yulia123 
  MS 
  Yulia456 
 
17585 
  Juan 
  Batist 
  Grenui 
 
17586 
  Yulia123 
  MS 
  Yulia456 
 
17587 
  Yulia1234 
  MSS 
  Yulia4564 
 
17588 
  Juan 
  Batist 
  Grenui 
 
17589 
  Yulia123 
  MS 
  Yulia456 
 
17590 
  Yhisid 
  ds 
  dsksdk 
 
17591 
  Yhisid 
  ds 
  dsksdk 
 
17592 
  Yulia123 
  MS 
  Yulia456 
 
17593 
  Marta 
  Mary 
  Ostash 
 
17594 
  Juan 
  Batist 
  Grenui 
 
17595 
  Gabbyyy 
  middleeee 
  lasttt 
 
17596 
  Jack123 
  Keith123 
  Smith123 
 
17597 
  Yulia123 
  MS 
  Yulia456 
 
17598 
  Yulia123 
  MS 
  Yulia456 
 
17599 
  Yulia123 
  MS 
  Yulia456 
 
17600 
  Yulia123 
  MS 
  Yulia456 
 
17601 
  Gabbyyy 
  middleeee 
  lasttt 
 
17602 
  Jack123 
  Keith123 
  Smith123 
 
17603 
  Yulia123 
  MS 
  Yulia456 
 
17604 
  Yulia123 
  MS 
  Yulia456 
 
17605 
  Yulia123 
  MS 
  Yulia456 
 
17606 
  Nelson1234 
  MS 
  MS1234 
 
17607 
  Yulia123 
  MS 
  Yulia456 
 
17608 
  Test123456 
  MS 
  Test9876 
 
17609 
  Test1212 
  MS 
  Test7654 
 
17610 
  Test3232 
  MS 
  Test5454 
 
17611 
  Jon0404 
  MS 
  US 
 
17612 
  Jack0404 
  MS 
  US 
 
17613 
  MS0909 
  MS 
  US 
 
17614 
  Anusha0909 
  test9 
  anushatest 
 
17615 
  Yulia123 
  MS 
  Yulia456 
 
17616 
  Yulia123 
  MS 
  Yulia456 
 
17617 
  Yulia123 
  MS 
  Yulia456 
 
17618 
  Yulia123 
  MS 
  Yulia456 
 
17619 
  Yulia123 
  MS 
  Yulia456 
 
17620 
  Yoooo123 
  midsss 
  yeaaaa 
 
17621 
  Yoooo123 
  midsss 
  yeaaaa 
 
17622 
  Yoooo123 
  midsss 
  yeaaaa 
 
17623 
  Yulia123 
  MS 
  Yulia456 
 
17624 
  Tom 
  jj 
  cruiz 
 
17625 
  john 
  cina 
  kk 
 
17626 
  Akshey 
  AK 
  Kumar 
 
17627 
  Yulia123 
  MS 
  Yulia456 
 
17628 
  Yulia123 
  MS 
  Yulia456 
 
17629 
  John0649 
  MS 
  US 
 
17630 
  Jack0404 
  MS 
  Us 
 
17631 
  MS0909 
  MS 
  US 
 
19265A 
  Farhad 
  F 
  Nouri 
 
17632 
  Yulia123 
  MS 
  Yulia456 
 
17633 
  Lea 
  ABC 
  DFJ 
 
17634 
  Yulia123 
  MS 
  Yulia456 
 
17635 
  Yarina123 
  MS 
  Yarina456 
 
19266A 
  Farhad 
  F 
  Nouri 
 
19267A 
  Farhad 
  F 
  Nouri 
 
19268A 
  Farhad 
  F 
  Nouri 
 
19269A 
  Farhad 
  F 
  Nouri 
 
19270A 
  Farhad 
  F 
  Nouri 
 
19271A 
  Farhad 
  F 
  Nouri 
 
19272A 
  Farhad 
  F 
  Nouri 
 
19273A 
  Farhad 
  F 
  Nouri 
 
19274A 
  Farhad 
  F 
  Nouri 
 
19275A 
  Farhad 
  F 
  Nouri 
 
19276A 
  Farhad 
  F 
  Nouri 
 
19277A 
  Farhad 
  F 
  Nouri 
 
19278A 
  Farhad 
  F 
  Nouri 
 
19279A 
  Farhad 
  F 
  Nouri 
 
19280A 
  Farhad 
  F 
  Nouri 
 
19281A 
  Farhad 
  F 
  Nouri 
 
19282A 
  Farhad 
  F 
  Nouri 
 
19283A 
  Farhad 
  F 
  Nouri 
 
19284A 
  Farhad 
  F 
  Nouri 
 
19285A 
  Farhad 
  F 
  Nouri 
 
19286A 
  Farhad 
  F 
  Nouri 
 
19287A 
  Farhad 
  F 
  Nouri 
 
19288A 
  Farhad 
  F 
  Nouri 
 
19289A 
  Farhad 
  F 
  Nouri 
 
19290A 
  Farhad 
  F 
  Nouri 
 
17636 
  Yulia123 
  MS 
  Yulia456 
 
17637 
  Yulia123 
  MS 
  Yulia456 
 
17638 
  Yarina123 
  MS 
  Yarina456 
 
17639 
  Yarina123 
  MS 
  Yarina456 
 
17640 
  Yarina123 
  MS 
  Yarina456 
 
17641 
  Yulia123 
  MS 
  Yulia456 
 
19291A 
  Farhad 
  F 
  Nouri 
 
19292A 
  Farhad 
  F 
  Nouri 
 
19293A 
  Farhad 
  F 
  Nouri 
 
19294A 
  Farhad 
  F 
  Nouri 
 
19295A 
  Farhad 
  F 
  Nouri 
 
19296A 
  Farhad 
  F 
  Nouri 
 
19297A 
  Farhad 
  F 
  Nouri 
 
19298A 
  Farnaz 
  F 
  Nouri 
 
19299A 
  Farhad 
  F 
  Nouri 
 
19300A 
  Kasra 
  Kasra 
  Faridi 
 
19301A 
  Farhad 
  F 
  Nouri 
 
19302A 
  Kasra 
  Kasra 
  Faridi 
 
19303A 
  Farhad 
  F 
  Nouri 
 
19304A 
  Kasra 
  Kasra 
  Faridi 
 
19305A 
  Farhad 
  F 
  Nouri 
 
19306A 
  Farhad 
  F 
  Nouri 
 
17642 
  Yulia1234 
  MSS 
  Yulia4564 
 
19307A 
  Farhad 
  F 
  Nouri 
 
17643 
  Yulia123 
  MS 
  Yulia456 
 
19308A 
  moazzam 
   
  sadiq 
 
17644 
  Nelson1234 
  MS 
  MS1234 
 
17645 
  Yulia123 
  MS 
  Yulia456 
 
17646 
  Test123456 
  MS 
  Test9876 
 
17647 
  Test1212 
  MS 
  Test7654 
 
17648 
  Test3232 
  MS 
  Test5454 
 
17649 
  Jon0404 
  MS 
  US 
 
17650 
  Jack0404 
  MS 
  US 
 
17651 
  MS0909 
  MS 
  US 
 
17652 
  Anusha0909 
  test9 
  anushatest 
 
17653 
  Yulia123 
  MS 
  Yulia456 
 
19309A 
  Farhad 
  F 
  Nouri 
 
17654 
  Yulia123 
  MS 
  Yulia456 
 
17655 
  Yulia1234 
  MSS 
  Yulia4564 
 
17656 
  Yulia123 
  MS 
  Yulia456 
 
17657 
  Yulia123 
  MS 
  Yulia456 
 
17658 
  Yulia123 
  MS 
  Yulia456 
 
17659 
  Yulia123 
  MS 
  Yulia456 
 
17660 
  Yulia123 
  MS 
  Yulia456 
 
17661 
  Yulia123 
  MS 
  Yulia456 
 
17662 
  Yulia123 
  MS 
  Yulia456 
 
19310A 
  Naz 
  N 
  Tada 
 
17663 
  Yulia123 
  MS 
  Yulia456 
 
17664 
  Yulia123 
  MS 
  Yulia456 
 
17665 
  Yulia123 
  MS 
  Yulia456 
 
17666 
  Yulia123 
  MS 
  Yulia456 
 
17667 
  Yulia123 
  MS 
  Yulia456 
 
17668 
  Yulia123 
  MS 
  Yulia456 
 
17669 
  musaTalha 
  Mff37 
  Pek 
 
17670 
  Lusy 
  Sam 
  Manual 
 
17671 
  Jaimmy 
  Sam 
  Manual 
 
17672 
  Josh 
  Sam 
  Manual 
 
17673 
  Lusy 
  Sam 
  Manual 
 
17674 
  Jaimmy 
  Sam 
  Manual 
 
17675 
  Yulia123 
  MS 
  Yulia456 
 
17676 
  Steward 
   
  Thomson 
 
17677 
  Steward 
   
  Thomson 
 
17678 
  Yulia123 
  MS 
  Yulia456 
 
17679 
  Yulia123 
  MS 
  Yulia456 
 
17681 
  Yulia123 
  MS 
  Yulia456 
 
17682 
  Yulia123 
  MS 
  Yulia456 
 
17683 
  Yulia123 
  MS 
  Yulia456 
 
17684 
  Yulia123 
  MS 
  Yulia456 
 
17685 
  Anusha123 
  SQL 
  Anusha456 
 
17686 
  Yulia123 
  MS 
  Yulia456 
 
17687 
  Yulia123 
  MS 
  Yulia456 
 
17688 
  Yulia123 
  MS 
  Yulia456 
 
17689 
  Yulia123 
  MS 
  Yulia456 
 
17690 
  Yulia123 
  MS 
  Yulia456 
 
17691 
  Yulia1234 
  MSS 
  Yulia4564 
 
17692 
  Yulia123 
  MS 
  Yulia456 
 
17693 
  Yulia123 
  MS 
  Yulia456 
 
17694 
  Yulia123 
  MS 
  Yulia456 
 
17695 
  Yulia123 
  MS 
  Yulia456 
 
17696 
  Yulia123 
  MS 
  Yulia456 
 
17697 
  Yulia123 
  MS 
  Yulia456 
 
17698 
  Yulia123 
  MS 
  Yulia456 
 
17700 
  Yulia123 
  MS 
  Yulia456 
 
17701 
  Yulia123 
  MS 
  Yulia456 
 
19313A 
  moazzam 
  muhammad 
  sadiq 
 
19314A 
  Katie 
  J 
  Yerm 
 
19315A 
  ariana 
  castro 
  arii 
 
19316A 
  Bryan 
  S 
  Espejo 
 
19318A 
  John 
  MS 
  Doe 
 
19320A 
  Ievgenii 
  Mirko 
  Crocop 
 
19321A 
  dasha 
  darina 
  naz 
 
19322A 
  Gary 
  Edward 
  Youngman 
 
19326A 
  Tijana 
  H 
  Rakic 
 
19328A 
  Olg 
  R 
  Simon 
 
19330A 
  iqra 
  moha 
  ggg 
 
19331A 
  Stephanie 
  J 
  Guzman 
 
19335A 
  Automation 
  Testing 
  Testing 
 
19336A 
  Mustafa 
  Kemal 
  Ataturk 
 
19337A 
  Teno 
   
  string 
 
19339A 
  Jhon 
  None 
  Doe 
 
19340A 
  Anusha123 
  SQL 
  Anusha456 
 
19341A 
  Jhon 
  None 
  Doe 
 
19342A 
  Jhon 
  None 
  Doe 
 
19344A 
  Jane 
  None 
  Doe 
 
19348A 
  Peter 
  N 
  Darii 
 
19349A 
  Thomas 
  Ivanovich 
  Ivanov 
 
19350A 
  roberto 
  angelo 
  soriano 
 
19351A 
  AnushaGiri 
  No 
  GiriAnusha 
 
17702 
  Yulia123 
  MS 
  Yulia456 
 
19352A 
  Tijana 
  H 
  Rakic 
 
19353A 
  Tijana 
  H 
  Rakic 
 
19355A 
  moazzam 
  jhon 
  sadiq 
 
19356A 
  dasha 
  darina 
  naz 
 
19357A 
  moazzam 
  muhammad 
  sadiq 
 
19359A 
  Pavel 
  Petrovich 
  Petrov 
 
19360A 
  Tijana 
  H 
  Rakic 
 
17703 
  Moazzam 
  sadiq 
  muhammad 
 
19362A 
  Kamil 
   
  Gabidullin 
 
19363A 
  moazzam 
  muhammad 
  sadiq 
 
19364A 
  Kamil 
   
  Gabidullin 
 
19365A 
  moazzam 
  muhammad 
  sadiq 
 
19366A 
  moazzam 
   
  sadiq 
 
19367A 
  moazzam 
   
  sadiq 
 
19368A 
  John 
  ne 
  Duo 
 
19369A 
  John 
  neo 
  Duo 
 
19370A 
  khadi 
  Habibi 
  Ras 
 
19373A 
  khadi 
  Habibi 
  Ras 
 
19375A 
  Pavel 
  Petrovich 
  Pavlovich 
 
19376A 
  snizhana 
  m 
  romaniuk 
 
19382A 
  Stephanie 
  J 
  Guzman 
 
19383A 
  Tijana 
  H 
  Rakic 
 
19385A 
  Sergei 
  Mikhail 
  Alemov 
 
19393A 
  Shah 
  A 
  Khan 
 
19394A 
  kari 
  s 
  Ramirez 
 
19395A 
  Automation 
  Testing 
  Testing 
 
19396A 
  Automation 
  Testing 
  Testing 
 
19397A 
  Mustafa 
  Kemal 
  Ataturk 
 
19398A 
  Olga 
  R 
  Simon 
 
19399A 
  Environment 
  Testing 
  Testing 
 
19400A 
  Mustafa 
  Kemal 
  Ataturk 
 
19401A 
  Ram 
  NOT APPLICABLE 
  Chaulagain 
 
19402A 
  Igor 
  Minkevich 
  Minka 
 
19403A 
  John1155 
  Keith1155 
  Smith1155 
 
19404A 
  Daryna 
  darina 
  nazar 
 
19405A 
  Daryna 
  darina 
  nazar 
 
19406A 
  AnushaGiri 
  No 
  GiriAnusha 
 
19407A 
  Ram 
  NOT APPLICABLE 
  Chaulagain 
 
19409A 
  Saleem 
  Nasim 
  Sadat 
 
19410A 
  Stephanie 
  J 
  G 
 
19411A 
  Daryna 
  darina 
  nazar 
 
19412A 
  evgeniya 
  vladimirovna 
  liashkevich 
 
19414A 
  Ram 
  NOT APPLICABLE 
  Chaulagain 
 
19415A 
  John1155 
  Keith1155 
  Smith1155 
 
19416A 
  stepan 
  Ivanovich 
  Ivanov 
 
19417A 
  Takashi 
  Takumi 
  Murakami 
 
19418A 
  nami 
  navigator 
  swan 
 
19419A 
  stepan 
  Ivanovich 
  Ivanov 
 
19420A 
  stepan 
  Ivanovich 
  Ivanov 
 
19421A 
  Cosmos 
  And 
  Wandas 
 
19422A 
  stepan 
  Ivanovich 
  Ivanov 
 
19423A 
  Afzalll 
  hussain 
  sjdnj 
 
19424A 
  stepan 
  Ivanovich 
  Ivanov 
 
19425A 
  Peter 
  N 
  Darii 
 
19428A 
  Johnny 
  Grow 
  Seasons 
 
19429A 
  Saleem 
  Nasim 
  Sadat 
 
19430A 
  Jane 
  None 
  Doe 
 
19431A 
  ANASTASIA 
   
  Sineavscaia 
 
19432A 
  Ram 
  NOT APPLICABLE 
  Chaulagain 
 
19433A 
  Olg 
  R 
  Simon 
 
19434A 
  Katie 
  J 
  Yerm 
 
19435A 
  Global 
  Testing 
  Variable 
 
19436A 
  Katie 
  J 
  Yerm 
 
19437A 
  Katiechka 
  J 
  Yerm 
 
19438A 
  Steph 
  Test 
  G 
 
19439A 
  Mustafa 
  Kemal 
  Ataturk 
 
19440A 
  Pavel 
  Petrovich 
  Petrov 
 
19442A 
  aziz 
  az 
  aziz 
 
19443A 
  aziz 
  az 
  aziz 
 
19444A 
  aziz 
  az 
  aziz 
 
19445A 
  aziz 
  az 
  aziz 
 
19447A 
  aziz 
  az 
  aziz 
 
17704 
  Nelson1234 
  MS 
  MS1234 
 
19451A 
  ValeronYO 
  YOYOYO 
  Laston 
 
19452A 
  Vita 
  Johns 
  Ferari 
 
19453A 
  ValeronYO 
  YOYOYO 
  Laston 
 
19454A 
  Vita 
  Johns 
  Ferari 
 
19455A 
  ValeronYO 
  YOYOYO 
  Laston 
 
19456A 
  ValeronYO 
  YOYOYO 
  Laston 
 
19457A 
  ValeronYO 
  YOYOYO 
  Laston 
 
19458A 
  ValeronYO 
  YOYOYO 
  Laston 
 
19459A 
  ValeronYO 
  YOYOYO 
  Laston 
 
19460A 
  ValeronYO 
  YOYOYO 
  Laston 
 
19461A 
  ValeronYO 
  YOYOYO 
  Laston 
 
19462A 
  ValeronYO 
  YOYOYO 
  Laston 
 
19463A 
  ValeronYO 
  YOYOYO 
  Laston 
 
19464A 
  ValeronYO 
  YOYOYO 
  Laston 
 
19465A 
  ValeronYO 
  YOYOYO 
  Laston 
 
19466A 
  ValeronYO 
  YOYOYO 
  Laston 
 
19467A 
  ValeronYO 
  YOYOYO 
  Laston 
 
19468A 
  ValeronYO 
  YOYOYO 
  Laston 
 
19469A 
  ValeronYO 
  YOYOYO 
  Laston 
 
19470A 
  ValeronYO 
  YOYOYO 
  Laston 
 
19471A 
  ValeronYO 
  YOYOYO 
  Laston 
 
19472A 
  ValeronYO 
  YOYOYO 
  Laston 
 
19473A 
  ValeronYO 
  YOYOYO 
  Laston 
 
19474A 
  ValeronYO 
  YOYOYO 
  Laston 
 
19475A 
  ValeronYO 
  YOYOYO 
  Laston 
 
19476A 
  ValeronYO 
  YOYOYO 
  Laston 
 
19477A 
  ValeronYO 
  YOYOYO 
  Laston 
 
19478A 
  ValeronYO 
  YOYOYO 
  Laston 
 
19479A 
  ValeronYO 
  YOYOYO 
  Laston 
 
19480A 
  ValeronYO 
  YOYOYO 
  Laston 
 
19481A 
  ValeronYO 
  YOYOYO 
  Laston 
 
19482A 
  Jalen 
  S 
  Collin 
 
19483A 
  ValeronYO 
  YOYOYO 
  Laston 
 
19484A 
  Vita 
  Johns 
  Ferari 
 
19485A 
  ValeronYO 
  YOYOYO 
  Laston 
 
19487A 
  ValeronYO 
  YOYOYO 
  Laston 
 
19488A 
  ValeronYO 
  YOYOYO 
  Laston 
 
19489A 
  ValeronYO 
  YOYOYO 
  Laston 
 
19490A 
  ValeronYO 
  YOYOYO 
  Laston 
 
19491A 
  Luda 
  Bog 
  Bereza 
 
19492A 
  ValeronYO 
  YOYOYO 
  Laston 
 
19493A 
  ValeronYO 
  YOYOYO 
  Laston 
 
19494A 
  ValeronYO 
  YOYOYO 
  Laston 
 
19495A 
  ValeronYO 
  YOYOYO 
  Laston 
 
19496A 
  ValeronYO 
  YOYOYO 
  Laston 
 
19497A 
  ValeronYO 
  YOYOYO 
  Laston 
 
19498A 
  ValeronYO 
  YOYOYO 
  Laston 
 
19499A 
  ValeronYO 
  YOYOYO 
  Laston 
 
19500A 
  ValeronYO 
  YOYOYO 
  Laston 
 
19501A 
  ValeronYO 
  YOYOYO 
  Laston 
 
19502A 
  ValeronYO 
  YOYOYO 
  Laston 
 
19503A 
  ValeronYO 
  YOYOYO 
  Laston 
 
19504A 
  ValeronYO 
  YOYOYO 
  Laston 
 
19505A 
  ValeronYO 
  YOYOYO 
  Laston 
 
19506A 
  ValeronYO 
  YOYOYO 
  Laston 
 
19507A 
  ValeronYO 
  YOYOYO 
  Laston 
 
19508A 
  ValeronYO 
  YOYOYO 
  Laston 
 
19509A 
  ValeronYO 
  YOYOYO 
  Laston 
 
17705 
  Yulia123 
  MS 
  Yulia456 
 
19510A 
  Alec 
  David 
  Diaz 
 
17706 
  Steward 
   
  Thomson 
 
17707 
  Steward 
   
  Thomson 
 
19512A 
  Jahanzeb 
  Shah 
  Dawlatzai 
 
19513A 
  Mark 
  Haskin 
  Brewer 
 
19514A 
  Mark 
  Haskin 
  Brewer 
 
19515A 
  Mark 
  Haskin 
  Brewer 
 
19516A 
  Mark 
  Haskin 
  Brewer 
 
17708 
  rumon 
  hu 
  Afzal 
 
17709 
  rumon 
  hu 
  Afzal 
 
17710 
  Nelson1234 
  MS 
  MS1234 
 
17711 
  Yulia123 
  MS 
  Yulia456 
 
17712 
  Test123456 
  MS 
  Test9876 
 
17713 
  Test1212 
  MS 
  Test7654 
 
17714 
  Test3232 
  MS 
  Test5454 
 
17715 
  Jon0404 
  MS 
  US 
 
17716 
  Jack0404 
  MS 
  US 
 
17717 
  MS0909 
  MS 
  US 
 
17718 
  Anusha0909 
  test9 
  anushatest 
 
17719 
  Yulia123 
  MS 
  Yulia456 
 
17720 
  rumon 
  hu 
  Afzal 
 
17721 
  rumon 
  hu 
  Afzal 
 
17722 
  rumon 
  hu 
  Afzal 
 
19518A 
  Jahanzeb 
  Shah 
  Dawlatzai 
 
19519A 
  Estrella 
  A 
  Velasquez 
 
19520A 
  Lola 
  Taa 
  TAA 
 
19521A 
  khadm2 
  Habibi 
  now 
 
17723 
  test12345 
   
  test1234567 
 
19523A 
  Lia 
  lea 
  raa 
 
19524A 
  Postman 
  API 
  name 
 
19525A 
  Postman 
  API 
  name 
 
19526A 
  Postman 
  API 
  name 
 
19527A 
  Emma 
  Rose 
  Thompson 
 
19528A 
  Postman 
  API 
  name 
 
19529A 
  Postmandfasf 
  API 
  name 
 
19530A 
  Postmandfasf 
  API 
  name 
 
19531A 
  Postmandfasf 
  API 
  name 
 
19532A 
  Postmandfasf 
  API 
  name 
 
19533A 
  Postmandfasf 
  API 
  name 
 
19534A 
  Postmandfasf 
  API 
  name 
 
19535A 
  Postmandfasf 
  API 
  name 
 
19536A 
  Postmandfasf 
  API 
  name 
 
19537A 
  Postmandfasf 
  API 
  name 
 
19538A 
  Postmandfasf 
  API 
  name 
 
19539A 
  Postmandfasf 
  API 
  name 
 
19540A 
  Postmandfasf 
  API 
  name 
 
19542A 
  ValeronYO 
  YOYOYO 
  Laston 
 
19543A 
  ValeronYO 
  YOYOYO 
  Laston 
 
19545A 
  Vita 
  Johns 
  Ferari 
 
19546A 
  ValeronYO 
  YOYOYO 
  Laston 
 
19547A 
  ValeronYO 
  YOYOYO 
  Laston 
 
19548A 
  Mark 
  Haskin 
  Brewer 
 
19549A 
  Emma 
  Rose 
  Thompson 
 
19550A 
  Emma 
  Rose 
  Thompson 
 
19551A 
  Jay 
  Adalid 
  Last 
 
19552A 
  Mark 
  Haskin 
  Brewer 
 
19553A 
  Mark 
  Haskin 
  Brewer 
 
17724 
  Burcu1 
  Burcu2 
  Burcu3 
 
19555A 
  Jason 
  Middle 
  Velas 
 
19556A 
  Jason 
  Middle 
  Steitem 
 
19557A 
  Jason 
  Middle 
  Steitem 
 
19581A 
  BEN 
  11000 
  TEN 
 
19582A 
  dasha 
  darina 
  naz 
 
19583A 
  x 
  z 
  y 
 
19584A 
  Pavel 
  Petrovich 
  Petrov 
 
19585A 
  Pavel 
  Petrovich 
  Petrov 
 
19587A 
  Jahanzeb 
  Shah 
  Dawlatzai 
 
17725 
  Ram 
  xina 
  Chaulagain 
 
17726 
  anusha123 
  xina 
  giri123 
 
17727 
  Jon0404 
  MS 
  US 
 
17728 
  Jack0404 
  MS 
  US 
 
17729 
  MS0909 
  MS 
  US 
 
19588A 
  MJ 
  NMN 
  Mayar 
 
19589A 
  Anastasia 
   
  Sineavscaia 
 
19590A 
  Jahanzeb 
  Shah 
  Dawlatzai 
 
19591A 
  Jason 
  Middle 
  Steitem 
 
19592A 
  Katiechka 
  John 
  Yermakova 
 
19593A 
  Syntax 
  NMN 
  API 
 
19594A 
  sere 
  NOtoriT APPLICABLE 
  lakuka 
 
19595A 
  Syntax 
   
  API 
 
19596A 
  Pavel 
  Petrovich 
  Petrov 
 
19597A 
  Syntax 
  Instarctor 
  Api 
 
19598A 
  Minka 
  Igor 
  Igor 
 
19599A 
  Steph 
  Testing 
  G 
 
19600A 
  Emma 
  Rose 
  Thompson 
 
19601A 
  syantax 
  az 
  API 
 
19602A 
  Syntax 
  Instructor 
  API 
 
19603A 
  Jahanzeb 
  Shah 
  Dawlatzai 
 
19604A 
  Oz 
  none 
  Oz 
 
19605A 
  stepan 
  Ivanovich 
  Ivanov 
 
19607A 
  Pagvel 
  Petrovich 
  Petrov 
 
19608A 
  Syntax 
  Instractor 
  API 
 
19609A 
  Jahanzeb 
  Shah 
  Dawlatzai 
 
19610A 
  Jahanzeb 
  Shah 
  Dawlatzai 
 
19611A 
  Ahamed 
  Shah 
  Dawlatzai 
 
19612A 
  Emma 
  Rose 
  Thompson 
 
19613A 
  Emma 
  Rose 
  Thompson 
 
19614A 
  aziz 
  az 
  API 
 
19615A 
  Anastasia 
   
  Sineavscaia 
 
19616A 
  AnushaSyntax 
  hrms 
  API 
 
19617A 
  Takashi 
  Takumi 
  Murakami 
 
19618A 
  Aubrey 
  Sky 
  Garcia 
 
19619A 
  Syntax 
  Instructor 
  API 
 
19620A 
  Snijana 
  M 
  Jeans 
 
19621A 
  Syntax 
  Instructor 
  API 
 
19622A 
  Stephanie 
  Guzman 
  Test 
 
19623A 
  Jason 
  Middle 
  Steitem 
 
19624A 
  Minka 
  Igor 
  Igor 
 
19625A 
  stepan 
  Ivanovich 
  Ivanov 
 
19626A 
  Olg 
  R 
  Simon 
 
19627A 
  stepan 
  Ivanovich 
  Ivanov 
 
19628A 
  Maggie 
  Mag 
  Sal 
 
19629A 
  Emma 
  Rose 
  Thompson 
 
19630A 
  Postman 
  Testing 
  Technolgy 
 
19631A 
  arianna 
  castro 
  arii 
 
19632A 
  Pavel 
  Petrovich 
  Petrov 
 
19633A 
  Bloody 
  Cyrus 
  Seasons 
 
19634A 
  Syntax 
  Instructor 
  API 
 
19635A 
  Vladik 
  vladimirovna 
  Savi 
 
19636A 
  Katiechka 
  John 
  Yermakovushka 
 
19637A 
  sere 
  NOtoriT APPLICABLE 
  lakuka 
 
19638A 
  Olg 
  R 
  Simon 
 
19639A 
  Postman 
  Testing 
  Technolgy 
 
19640A 
  Postman 
  Testing 
  Technolgy 
 
19641A 
  Postman 
  Testing 
  Technolgy 
 
19642A 
  Tom 
  Instructor 
  Dwayne 
 
19643A 
  Syntaxxx 
  jdh 
  api 
 
19644A 
  Molly 
  lea 
  Lia 
 
19645A 
  Saleem123 
  Nasim123 
  Sadat123 
 
19646A 
  Syntax 
  Instructor 
  API 
 
19647A 
  Vladik 
  vladimirovna 
  Savi 
 
19648A 
  Pavel 
  Petrovich 
  Petrov 
 
19649A 
  Jason 
  Middle 
  Steitem 
 
19650A 
  Bloody 
  Cyrus 
  Seasons 
 
19651A 
  Olg 
  R 
  Simon 
 
19653A 
  Syntax 
  Instructor 
  API 
 
19654A 
  Katiechka 
  John 
  Yermakovushka 
 
19655A 
  Syntaxxx 
  jdh 
  api 
 
19657A 
  Jason 
  Middle 
  Steitem 
 
19658A 
  Minka 
  Igor 
  Igor 
 
19659A 
  Vladik 
  vladimirovna 
  Savi 
 
19660A 
  arianna 
  castro 
  arii 
 
19661A 
  Katiechka 
  John 
  Yermakovushka 
 
19662A 
  Maggie 
  Mag 
  Sal 
 
19663A 
  Katiechka 
  John 
  Yermakovushka 
 
19665A 
  Katiechka 
  John 
  Yermakovushka 
 
19666A 
  Anastasia 
   
  Sineavscaia 
 
19667A 
  Maggie 
  Mag 
  Sal 
 
19668A 
  Syntax 
  Instractor 
  API 
 
19669A 
  aziz 
  az 
  API 
 
19670A 
  Vladik 
  vladimirovna 
  Savi 
 
19671A 
  Tom 
  Instructor 
  Dwayne 
 
19672A 
  roberto 
  angelo 
  soriano 
 
19673A 
  Tom 
  Instructor 
  Dwayne 
 
19674A 
  Emma 
  Rose 
  Thomas 
 
19675A 
  Saleem123 
  Nasim123 
  Sadat123 
 
19676A 
  Postman 
  Testing 
  Technolgy 
 
19677A 
  Anastasia 
   
  Sineavscaia 
 
19678A 
  Syntax 
  Instarctor 
  Api 
 
19679A 
  stepan 
  Ivanovich 
  Ivanov 
 
19680A 
  Postman 
  Testing 
  Technolgy 
 
19681A 
  Molly 
  lea 
  Lia 
 
19682A 
  Estela 
  A 
  Vasquez 
 
19683A 
  sere 
  NOtoriT APPLICABLE 
  lakuka 
 
19684A 
  Stephanie 
  Guzman 
  Test Postman 
 
19685A 
  roberto 
  angelo 
  soriano 
 
19686A 
  Syntax 
  Instarctor 
  Api 
 
19687A 
  sere 
  APPLICABLE 
  lakuka 
 
19688A 
  arianna 
  castro 
  arii 
 
19689A 
  sere 
  APPLICABLE 
  lakuka 
 
19690A 
  Estela 
  A 
  Vasquez 
 
19691A 
  Estela 
  A 
  Vasquez 
 
19692A 
  sere 
  APPLICABLE 
  lakuka 
 
19694A 
  stepan 
  Ivanovich 
  Ivanov 
 
19695A 
  Estela 
  A 
  Vasquez 
 
19696A 
  Minka 
  Igor 
  Igor 
 
19697A 
  Postman 
  Testing 
  Technolgy 
 
19698A 
  Jason 
  Middle 
  Steitem 
 
19699A 
  Emma 
  Rose 
  Thomas 
 
19701A 
  Emma 
  Rose 
  Thomas 
 
19702A 
  Saleem123 
  Nasim123 
  Sadat123 
 
19703A 
  roberto 
  angelo 
  soriano 
 
19704A 
  aziz 
  az 
  API 
 
19705A 
  Syntaxxx 
  jdh 
  api 
 
19706A 
  roberto 
  angelo 
  soriano 
 
19707A 
  stepan 
  Ivanovich 
  Ivanov 
 
19708A 
  Emma 
  Rose 
  Thomas 
 
19709A 
  sere 
  APPLICABLE 
  lakuka 
 
19710A 
  Aubrey 
  Sky 
  Garcia 
 
19711A 
  Postman 
  Testing 
  Technolgy 
 
19712A 
  Syntaxxx 
  jdh 
  api 
 
19713A 
  Postman 
  Testing 
  Technolgy 
 
19715A 
  Emma 
  Rose 
  Thomas 
 
19716A 
  Estela 
  A 
  Vasquez 
 
19717A 
  stepan 
  Ivanovich 
  Ivanov 
 
19718A 
  Vladik 
  vladimirovna 
  Savi 
 
19719A 
  Saleem123 
  Nasim123 
  Sadat123 
 
19720A 
  stepan 
  Ivanovich 
  Ivanov 
 
19721A 
  AnushaSyntax 
  hrms 
  API 
 
19722A 
  Estela 
  A 
  Vasquez 
 
19723A 
  Emma 
  Rose 
  Thomas 
 
19724A 
  Minka 
  Igor 
  Igor 
 
19725A 
  Estela 
  A 
  Vasquez 
 
19726A 
  Minka 
  Igor 
  Igor 
 
19727A 
  Emma 
  Rose 
  Thomas 
 
19728A 
  stepan 
  Ivanovich 
  Ivanov 
 
19729A 
  Stephanie 
  Guzman 
  Test Postman 
 
19732A 
  Emma 
  Rose 
  Thomas 
 
19733A 
  Stephanie 
  Guzman 
  Test Postman 
 
19734A 
  AnushaSyntax 
  hrms 
  API 
 
19735A 
  Syntaxxx 
  jdh 
  api 
 
19736A 
  Vladik 
  vladimirovna 
  Savi 
 
19737A 
  Syntaxxx 
  jdh 
  api 
 
19738A 
  Syntax 
  Instructor 
  API 
 
19739A 
  Stephanie 
  Guzman 
  Test Postman 
 
19740A 
  Minka 
  Igor 
  Igor 
 
19741A 
  Minka 
  Igor 
  Igor 
 
19742A 
  sere 
  APPLICABLE 
  lakuka 
 
19743A 
  Minka 
  Igor 
  Igor 
 
19744A 
  Postman 
  Testing 
  Technolgy 
 
19745A 
  Estela 
  A 
  Vasquez 
 
19746A 
  Emma 
  Rose 
  Thomas 
 
19747A 
  Vladik 
  vladimirovna 
  Savi 
 
19748A 
  Saleem123 
  Nasim123 
  Sadat123 
 
19749A 
  Syntax 
  Instarctor 
  Api 
 
19750A 
  roberto 
  angelo 
  soriano 
 
19751A 
  Emma 
  Rose 
  Thomas 
 
19752A 
  Minka 
  Igor 
  Igor 
 
19753A 
  roberto 
  angelo 
  soriano 
 
19754A 
  Anastasia 
   
  Sineavscaia 
 
19755A 
  Aubrey 
  Sky 
  Garcia 
 
19756A 
  Minka 
  Igor 
  Igor 
 
19757A 
  Minka 
  Igor 
  Igor 
 
19758A 
  Aubrey 
  Sky 
  Garcia 
 
19759A 
  Syntax 
  Instarctor 
  Api 
 
19760A 
  Stephanie 
  Guzman 
  Test Postman 
 
19761A 
  Aubrey 
  Sky 
  Garcia 
 
19762A 
  Minka 
  Igor 
  Igor 
 
19763A 
  Olg 
  R 
  Simon 
 
19764A 
  sere 
  APPLICABLE 
  lakuka 
 
19765A 
  Aubrey 
  Sky 
  Garcia 
 
19766A 
  Syntax 
  Instractor 
  API 
 
19767A 
  Syntax 
  Instarctor 
  Api 
 
19768A 
  Tom 
  Instructor 
  Dwayne 
 
19770A 
  AnushaSyntax 
  hrms 
  API 
 
19771A 
  Syntax 
  Instarctor 
  Api 
 
19772A 
  AnushaSyntax 
  hrms 
  API 
 
19773A 
  Postman 
  Testing 
  Technolgy 
 
19774A 
  Olg 
  R 
  Simon 
 
19775A 
  roberto 
  angelo 
  soriano 
 
19776A 
  Syntaxxx 
  jdh 
  api 
 
19777A 
  Anastasia 
   
  Sineavscaia 
 
19778A 
  Estela 
  A 
  Vasquez 
 
19779A 
  sere 
  APPLICABLE 
  lakuka 
 
19780A 
  aziz 
  az 
  API 
 
19781A 
  Aubrey 
  Sky 
  Garcia 
 
19782A 
  AnushaSyntax 
  hrms 
  API 
 
19783A 
  aziz 
  az 
  API 
 
19784A 
  Stephanie 
  Guzman 
  Test Postman 
 
19785A 
  Anastasia 
   
  Sineavscaia 
 
19786A 
  Oz 
  none 
  Oz 
 
19787A 
  Emma 
  Rose 
  Thomas 
 
19788A 
  Oz 
  none 
  Oz 
 
19789A 
  Oz 
  none 
  Oz 
 
19790A 
  Postman 
  Testing 
  Technolgy 
 
19791A 
  Emma 
  Rose 
  Thomas 
 
19792A 
  sere 
  APPLICABLE 
  lakuka 
 
19793A 
  stepan 
  Ivanovich 
  Ivanov 
 
19794A 
  Postman 
  Testing 
  Technolgy 
 
19795A 
  stepan 
  Ivanovich 
  Ivanov 
 
19796A 
  Emma 
  Rose 
  Thomas 
 
19797A 
  aziz 
  az 
  API 
 
19798A 
  stepan 
  Ivanovich 
  Ivanov 
 
19799A 
  roberto 
  angelo 
  soriano 
 
19800A 
  sere 
  APPLICABLE 
  lakuka 
 
19801A 
  Postman 
  Testing 
  Technolgy 
 
19802A 
  stepan 
  Ivanovich 
  Ivanov 
 
19803A 
  stepan 
  Ivanovich 
  Ivanov 
 
19804A 
  Yuliya 
  V 
  K 
 
19806A 
  stepan 
  Ivanovich 
  Ivanov 
 
19807A 
  kutta 
  APPLICABLE 
  lakuka 
 
19808A 
  Yuliya 
  V 
  K 
 
19809A 
  stepan 
  Ivanovich 
  Ivanov 
 
19810A 
  Oz 
  none 
  Oz 
 
19811A 
  arianna 
  castro 
  arii 
 
19812A 
  Oz 
  none 
  Oz 
 
19813A 
  Postman 
  Testing 
  Technolgy 
 
19814A 
  arianna 
  castro 
  arii 
 
19815A 
  stepan 
  Ivanovich 
  Ivanov 
 
19816A 
  Postman 
  Testing 
  Technolgy 
 
19817A 
  arianna 
  castro 
  arii 
 
19818A 
  stepan 
  Ivanovich 
  Ivanov 
 
19819A 
  AnushaSyntax 
  hrms 
  API 
 
19820A 
  aziz 
  az 
  API 
 
19821A 
  Postman 
  Testing 
  Technolgy 
 
19822A 
  Yuliya 
  V 
  K 
 
19823A 
  stepan 
  Ivanovich 
  Ivanov 
 
19824A 
  stepan 
  Ivanovich 
  Ivanov 
 
19825A 
  stepan 
  Ivanovich 
  Ivanov 
 
19826A 
  kutta 
  APPLICABLE 
  lakuka 
 
19827A 
  AnushaSyntax 
  hrms 
  API 
 
19828A 
  stepan 
  Ivanovich 
  Ivanov 
 
19829A 
  aziz 
  az 
  API 
 
19830A 
  Ram 
  APPLICABLE 
  lakuka 
 
19831A 
  Syntax 
  Instructor 
  API 
 
19832A 
  Ram 
  APPLICABLE 
  lakuka 
 
19833A 
  Syntaxxx 
  jdh 
  api 
 
19834A 
  Grimpy 
  Samohue 
  Grampy 
 
19835A 
  Ram 
  APPLICABLE 
  lakuka 
 
19836A 
  Emma 
  Rose 
  Thomas 
 
19837A 
  arianna 
  castro 
  arii 
 
19838A 
  Takashi 
  Takumi 
  Murakami 
 
19839A 
  AnushaSyntax 
  hrms 
  API 
 
19840A 
  nami 
  navigator 
  swan 
 
19841A 
  arianna 
  castro 
  arii 
 
19842A 
  Anastasia 
   
  Sineavscaia 
 
19843A 
  Postman 
  Testing 
  Technolgy 
 
19844A 
  Syntax 
  Instructor 
  API 
 
19845A 
  Tom 
  Instructor 
  Dwayne 
 
19846A 
  Estela 
  A 
  Vasquez 
 
19847A 
  Syntax 
  Instructor 
  API 
 
19848A 
  Jason 
  Middle 
  Steitem 
 
19849A 
  stepan 
  Ivanovich 
  Ivanov 
 
19850A 
  Vladik 
  vladimirovna 
  Savi 
 
19851A 
  Yuliya 
  V 
  K 
 
19852A 
  aziz 
  az 
  API 
 
19853A 
  aziz 
  az 
  API 
 
19854A 
  Olg 
  R 
  Simon 
 
19855A 
  Minka 
  Igor 
  Igor 
 
19856A 
  Minka 
  Igor 
  Igor 
 
19857A 
  Vladik 
  vladimirovna 
  Savi 
 
19858A 
  Syntax 
  Instructor 
  API 
 
19859A 
  Maggie 
  Mag 
  Sal 
 
19860A 
  Minka 
  Igor 
  Igor 
 
19861A 
  Jason 
  Middle 
  Steitem 
 
19862A 
  Yuliya 
  V 
  K 
 
19863A 
  Vladik 
  vladimirovna 
  Savi 
 
19864A 
  Minka 
  Igor 
  Igor 
 
19865A 
  Maggie 
  Mag 
  Sal 
 
19866A 
  Saleem123 
  Nasim123 
  Sadat123 
 
19867A 
  aziz 
  az 
  API 
 
19868A 
  roberto 
  angelo 
  soriano 
 
19869A 
  Jason 
  Middle 
  Steitem 
 
19870A 
  Maggie 
  Mag 
  Sal 
 
19871A 
  aziz 
  az 
  API 
 
19872A 
  stepan 
  Ivanovich 
  Ivanov 
 
19873A 
  Minka 
  Igor 
  Igor 
 
19875A 
  Estela 
  A 
  Vasquez 
 
19876A 
  stepan 
  Ivanovich 
  Ivanov 
 
19877A 
  Maggie 
  Mag 
  Sal 
 
19878A 
  Vladik 
  vladimirovna 
  Savi 
 
19880A 
  Estela 
  A 
  Vasquez 
 
19881A 
  aziz 
  az 
  API 
 
19882A 
  Yuliya 
  V 
  K 
 
19883A 
  Stephanie 
  Guzman 
  Test Postman 
 
19884A 
  Syntax 
  Instructor 
  API 
 
19885A 
  Minka 
  Igor 
  Igor 
 
19886A 
  Postman 
  Testing 
  Technolgy 
 
19887A 
  roberto 
  angelo 
  soriano 
 
19888A 
  Vladik 
  vladimirovna 
  Savi 
 
19889A 
  Estela 
  A 
  Vasquez 
 
19890A 
  Olg 
  R 
  Simon 
 
19891A 
  Stephanie 
  Guzman 
  Test Postman 
 
19892A 
  aziz 
  az 
  API 
 
19893A 
  Maggie 
  Mag 
  Sal 
 
19894A 
  Tom 
  Instructor 
  Dwayne 
 
19895A 
  Syntax 
  Instructor 
  API 
 
19896A 
  arianna 
  castro 
  arii 
 
19897A 
  aziz 
  az 
  API 
 
19898A 
  Anastasia 
   
  Sineavscaia 
 
19899A 
  Jason 
  Middle 
  Steitem 
 
19900A 
  arianna 
  castro 
  arii 
 
19901A 
  Stephanie 
  Guzman 
  Test Postman 
 
19902A 
  Estela 
  A 
  Vasquez 
 
19903A 
  AnushaSyntax 
  hrms 
  API 
 
19904A 
  roberto 
  angelo 
  soriano 
 
19905A 
  Ram 
  APPLICABLE 
  lakuka 
 
19906A 
  Grimpy 
  Samohue 
  Grampy 
 
19907A 
  arianna 
  castro 
  arii 
 
19908A 
  Postman 
  Testing 
  Technolgy 
 
19909A 
  Minka 
  Igor 
  Igor 
 
19911A 
  Maggie 
  Mag 
  Sal 
 
19912A 
  Saleem123 
  Nasim123 
  Sadat123 
 
19913A 
  AnushaSyntax 
  hrms 
  API 
 
19914A 
  stepan 
  Ivanovich 
  Ivanov 
 
19915A 
  Stephanie 
  Guzman 
  Test Postman 
 
19916A 
  stepan 
  Ivanovich 
  Ivanov 
 
19917A 
  stepan 
  Ivanovich 
  Ivanov 
 
19918A 
  roberto 
  angelo 
  soriano 
 
19919A 
  Maggie 
  Mag 
  Sal 
 
19920A 
  Postman 
  Testing 
  Technolgy 
 
19921A 
  Ram 
  APPLICABLE 
  lakuka 
 
19922A 
  Estela 
  A 
  Vasquez 
 
19923A 
  roberto 
  angelo 
  soriano 
 
19924A 
  Stephanie 
  Guzman 
  Test Postman 
 
19925A 
  arianna 
  castro 
  arii 
 
19926A 
  He is Not BlOODY 
  gg 
  d 
 
19927A 
  stepan 
  Ivanovich 
  Ivanov 
 
19928A 
  Tom 
  Instructor 
  Dwayne 
 
19929A 
  stepan 
  Ivanovich 
  Ivanov 
 
19930A 
  Maggie 
  Mag 
  Sal 
 
19931A 
  Postman 
  Testing 
  Technolgy 
 
19932A 
  Emma 
  Rose 
  Thomas 
 
19933A 
  Maggie 
  Mag 
  Sal 
 
19934A 
  Stephanie 
  Guzman 
  Test Postman 
 
19935A 
  Nadejda 
  S 
  Gotsulenko 
 
19936A 
  Minka 
  Igor 
  Igor 
 
19937A 
  Mustafa 
  Kemal 
  Ataturk 
 
19938A 
  Mustafa 
  Kemal 
  Ataturk 
 
19939A 
  Mustafa 
  Kemal 
  Ataturk 
 
19940A 
  Mustafa 
  Kemal 
  Ataturk 
 
19941A 
  Mustafa 
  Kemal 
  Ataturk 
 
19942A 
  Mustafa 
  Kemal 
  Ataturk 
 
19943A 
  Mustafa 
  Kemal 
  Ataturk 
 
19944A 
  Mustafa 
  Kemal 
  Ataturk 
 
19945A 
  Mustafa 
  Kemal 
  Ataturk 
 
19946A 
  Mustafa 
  Kemal 
  Ataturk 
 
19947A 
  Mustafa 
  Kemal 
  Ataturk 
 
19948A 
  Mustafa 
  Kemal 
  Ataturk 
 
19949A 
  Mustafa 
  Kemal 
  Ataturk 
 
19950A 
  Mustafa 
  Kemal 
  Ataturk 
 
19951A 
  Mustafa 
  Kemal 
  Ataturk 
 
19952A 
  Mustafa 
  Kemal 
  Ataturk 
 
19953A 
  Mustafa 
  Kemal 
  Ataturk 
 
19954A 
  Mustafa 
  Kemal 
  Ataturk 
 
19955A 
  Mustafa 
  Kemal 
  Ataturk 
 
19956A 
  Nadejda 
  S 
  Gotsulenko 
 
19957A 
  Sasha 
  Yos 
  Bereza 
 
19958A 
  Mustafa 
  Kemal 
  Ataturk 
 
19959A 
  Mustafa 
  Kemal 
  Ataturk 
 
19960A 
  Nadejda 
  S 
  Gotsulenko 
 
19961A 
  Mustafa 
  Kemal 
  Ataturk 
 
19962A 
  Mustafa 
  Kemal 
  Ataturk 
 
19963A 
  Nadejda 
  S 
  Gotsulenko 
 
19964A 
  Nadejda 
  S 
  Gotsulenko 
 
19965A 
  Nadejda 
  S 
  Gotsulenko 
 
19966A 
  Nadejda 
  S 
  Gotsulenko 
 
19967A 
  Sasha 
  Yos 
  Bereza 
 
19968A 
  Sasha 
  Yos 
  Bereza 
 
19969A 
  Sasha 
  Yos 
  Bereza 
 
19970A 
  Sasha 
  Yos 
  Bereza 
 
19971A 
  Sasha 
  Yos 
  Bereza 
 
19972A 
  Sasha 
  Yos 
  Bereza 
 
19973A 
  Sasha 
  Yos 
  Bereza 
 
19974A 
  Sasha 
  Yos 
  Bereza 
 
19975A 
  Sasha 
  Yos 
  Bereza 
 
19976A 
  love 
  sdfsdfff 
  sdfsdf 
 
19977A 
  aziz 
  az 
  API 
 
19978A 
  aziz 
  az 
  API 
 
19979A 
  aziz 
  az 
  API 
 
19981A 
  aziz 
  az 
  API 
 
19982A 
  Nadejda 
  S 
  Gotsulenko 
 
19983A 
  Nadejda 
  S 
  Gotsulenko 
 
19984A 
  Syntax 
  Instractor 
  API 
 
19985A 
  Syntax 
  Instarctortpr 
  Api13 
 
19986A 
  Syntax 
  Instractor 
  API 
 
19987A 
  Syntax 
  Instractor 
  API 
 
19988A 
  Syntax 
  Instractor 
  API 
 
19989A 
  Syntax 
  Instractor 
  API 
 
19990A 
  Syntax 
  Instractor 
  API 
 
19991A 
  Syntax 
  Instractor 
  API 
 
17730 
  sdad 
  asa 
  sxd 
 
17731 
  aelkyvyulv 
   
  vukcv 
 
17732 
  aelkyvyulv 
   
  vukcv 
 
19992A 
  Stephanie 
  Guzman 
  Test Postman 
 
19993A 
  Syntax 
  Instarctortpr 
  Api13 
 
19994A 
  wahidu 
  wererer 
  mayarkhan 
 
19995A 
  Stephanie 
  Guzman 
  Test Postman 
 
19996A 
  Syntax 
  Instarctortpr 
  Api13 
 
19997A 
  Syntax 
  Instarctortpr 
  Api13 
 
19998A 
  Syntax 
  Instarctortpr 
  Api13 
 
19999A 
  Syntax 
  Instarctortpr 
  Api13 
 
20000A 
  Syntax 
  Instarctortpr 
  Api13 
 
20001A 
  Syntax 
  Instarctortpr 
  Api13 
 
20002A 
  Syntax 
  Instarctortpr 
  Api13 
 
20003A 
  Syntax 
  Instarctortpr 
  Api13 
 
20004A 
  Syntax 
  Instarctortpr 
  Api13 
 
20005A 
  Syntax 
  Instarctortpr 
  Api13 
 
20006A 
  Syntax 
  Instarctortpr 
  Api13 
 
20007A 
  khadija 
  Instarctor 
  rasij 
 
20008A 
  khadija 
  Instarctor 
  rasij 
 
20009A 
  khadija 
  Instarctor 
  rasij 
 
20010A 
  khadija 
  Instarctor 
  rasij 
 
20011A 
  khadija 
  Instarctor 
  rasij 
 
20012A 
  khadija 
  Instarctor 
  rasij 
 
20013A 
  khadija 
  Instarctor 
  rasij 
 
20014A 
  khadija 
  Instarctor 
  rasij 
 
20015A 
  khadija 
  Instarctor 
  rasij 
 
20016A 
  khadija 
  Instarctor 
  rasij 
 
20017A 
  Zdssd 
  M 
  Raksdcsdic 
 
20018A 
  Zdssd 
  M 
  Raksdcsdic 
 
20019A 
  Zdssd 
  M 
  Raksdcsdic 
 
20020A 
  Kamil 
   
  Gabidullin 
 
20021A 
  Zdssd 
  M 
  Raksdcsdic 
 
20022A 
  Zdssd 
  M 
  Raksdcsdic 
 
20023A 
  Zdssd 
  M 
  Raksdcsdic 
 
20024A 
  Zdssd 
  M 
  Raksdcsdic 
 
20025A 
  Zdssd 
  M 
  Raksdcsdic 
 
20026A 
  Zdssd 
  M 
  Raksdcsdic 
 
20027A 
  Zdssd 
  M 
  Raksdcsdic 
 
20028A 
  Zdssd 
  M 
  Raksdcsdic 
 
20029A 
  Zdssd 
  M 
  Raksdcsdic 
 
20030A 
  Zdssd 
  M 
  Raksdcsdic 
 
20031A 
  Zdssd 
  M 
  Raksdcsdic 
 
20032A 
  Zdssd 
  M 
  Raksdcsdic 
 
20033A 
  Zdssd 
  M 
  Raksdcsdic 
 
20034A 
  Zdssd 
  M 
  Raksdcsdic 
 
20035A 
  Zdssd 
  M 
  Raksdcsdic 
 
20036A 
  Syntaxxx 
  jdh 
  api 
 
20037A 
  Olg 
  R 
  Simon 
 
20038A 
  aziz 
  az 
  aziz 
 
20039A 
  Snijana 
  M 
  Jeans 
 
20040A 
  Syntaxxx 
  jdh 
  api 
 
20041A 
  Syntaxxx 
  jdh 
  api 
 
20042A 
  Bella 
  Bea 
  Be 
 
20043A 
  wahidu 
  wererer 
  mayarkhan 
 
20045A 
  Estelar 
  A 
  Vazquez 
 
20046A 
  wahidu 
  wererer 
  mayarkhan 
 
20047A 
  wahidu 
  wererer 
  mayarkhan 
 
20048A 
  Bella 
  Bea 
  Be 
 
20049A 
  wahidu 
  wererer 
  mayarkhan 
 
20051A 
  Syntax 
  Instructor 
  API 
 
20052A 
  khadija 
  Instarctor 
  rasij 
 
20053A 
  Minka 
  Igor 
  Igor 
 
20055A 
  Elena 
  I 
  K 
 
20057A 
  Vladik 
  vladimirovna 
  Savi 
 
20060A 
  AnushaSyntax 
  hrms 
  API 
 
20062A 
  khadija 
  Instarctor 
  rasij 
 
20063A 
  Elena 
  I 
  K 
 
20064A 
  Syntax 
  Instractor 
  API 
 
20068A 
  Ram 
  ram 
  ram 
 
20069A 
  Rus 
  Taa 
  Tas 
 
20070A 
  Tijana 
  M 
  Rakic 
 
20072A 
  Postman 
  Testing 
  Technolgy 
 
20073A 
  Na 
  Instractor 
  dasha 
 
20075A 
  Syntaxxx 
  jdh 
  api 
 
20076A 
  Syntaxxx 
  jdh 
  api 
 
20079A 
   Updated 
  API 
  postman 
 
20080A 
  Olg 
  R 
  Simon 
 
20081A 
  Olg 
  R 
  Simon 
 
20082A 
  Ram 
  ram 
  ram 
 
20083A 
  Nadejda 
  S 
  Gotsulenko 
 
20084A 
  Pikachu 
  Pika 
  chu 
 
20087A 
  wahidu 
  wererer 
  mayarkhan 
 
20088A 
  Bloody 
  Cyrus 
  Seasons 
 
20091A 
  John 
  Bon 
  Don 
 
20092A 
  Snijana 
  M 
  Jeans 
 
20093A 
  Snijana 
  M 
  Jeans 
 
20094A 
  Bryan 
  S 
  Espejo 
 
20095A 
  Ram 
  ram 
  ram 
 
20096A 
  Ram 
  ram 
  ram 
 
20097A 
  Snijana 
  F 
  Joana 
 
20098A 
  string 
   
  string 
 
20099A 
  Snijana 
  F 
  Joana 
 
20100A 
  Nadejda 
  S 
  Gotsulenko 
 
20101A 
  Nadejda 
  S 
  Gotsulenko 
 
20102A 
  Ram 
  ram 
  ram 
 
20103A 
  Ram 
  ram 
  ram 
 
20104A 
  Ram 
  ram 
  ram 
 
20108A 
  John 
  Bon 
  Don 
 
20109A 
  asdf 
  Basdfon 
  Donfdas 
 
20110A 
  Tijana 
  M 
  Rakic 
 
20111A 
  Tijana 
  M 
  Rakic 
 
20112A 
  Mark 
  Haskin 
  Brewer 
 
20113A 
  Nadejda 
  S 
  Gotsulenko 
 
20114A 
  Olga 
  Ro 
  Simon 
 
20118A 
  ND 
  Valentina 
  Gotsulenko 
 
20119A 
  Alicia 
  S 
  Collin 
 
20120A 
  ND 
  Valentina 
  Gotsulenko 
 
20122A 
  Tijana 
  M 
  Rakic 
 
20125A 
  Kamil 
  student 
  Gabidullin 
 
20126A 
  Tijana 
  M 
  Rakic 
 
20127A 
  ND 
  Valentina 
  Gotsulenko 
 
20129A 
  Postman 
  Testing 
  Technolgy 
 
20130A 
  stepan 
  Ivanovich 
  Ivanov 
 
20132A 
  Postman 
  Testing 
  Technolgy 
 
20133A 
  Postman 
  Testing 
  Technolgy 
 
20134A 
  Postman 
  Testing 
  Technolgy 
 
20136A 
  stepan 
  Ivanovich 
  Ivanov 
 
20137A 
  Vladik 
  vladimirovna 
  Savi 
 
20138A 
   Updated 
  API 
  postman 
 
20142A 
  Syntax 
  Instarctortpr 
  Api13 
 
20144A 
  Ram 
  NA 
  ram 
 
20145A 
  Anastasia 
  updated 
  Sineavscaia 
 
20146A 
  Little 
  Carter 
  Wayne 
 
20147A 
  Olga 
  Ro 
  Simon 
 
20148A 
  stepan 
  Ivanovich 
  Ivanov 
 
20149A 
  ND 
  Valentina 
  Gotsulenko 
 
20150A 
  Minka 
  Igor 
  Igor 
 
20151A 
  Jalen 
  S 
  Collin 
 
20152A 
  aziz 
  az 
  aziz 
 
20153A 
  Jason 
  The Second 
  Steitheim 
 
20154A 
  Snijana 
  F 
  Joana 
 
20155A 
  NewName 
  Din 
  NewName 
 
20156A 
  Bryan 
  S 
  Espejo 
 
20157A 
  wahidu 
  wererer 
  mayarkhan 
 
20158A 
  Estellar 
  A 
  Vez 
 
20159A 
  Olga 
  Ro 
  Simon 
 
20161A 
  Little 
  Carter 
  Wayne 
 
20162A 
  stepan 
  Ivanovich 
  Ivanov 
 
20163A 
  Jason 
  The Second 
  Steitheim 
 
20164A 
  arianna 
  castro 
  arii 
 
20165A 
  Ram 
  NA 
  ram 
 
20170A 
  Olga 
  Ro 
  Simon 
 
20173A 
  Olga 
  Ro 
  Simon 
 
20175A 
  Olga 
  Ro 
  Simon 
 
20178A 
  Olga 
  Ro 
  Simon 
 
20182A 
  Olga 
  Ro 
  Simon 
 
20185A 
  Olga 
  Ro 
  Simon 
 
20187A 
  Olga 
  Ro 
  Simon 
 
20190A 
  Olga 
  Ro 
  Simon 
 
20191A 
  Olga 
  Ro 
  Simon 
 
20194A 
  Olga 
  Ro 
  Simon 
 
20198A 
  Olga 
  Ro 
  Simon 
 
20204A 
  Olga 
  Ro 
  Simon 
 
20207A 
  Olga 
  Ro 
  Simon 
 
20209A 
  Olga 
  Ro 
  Simon 
 
20214A 
  Olga 
  Ro 
  Simon 
 
20220A 
  Olga 
  Ro 
  Simon 
 
20221A 
  Olga 
  Ro 
  Simon 
 
20224A 
  Olga 
  Ro 
  Simon 
 
20227A 
  Olga 
  Ro 
  Simon 
 
20228A 
  Olga 
  Ro 
  Simon 
 
20230A 
  Olga 
  Ro 
  Simon 
 
20231A 
  Olga 
  Ro 
  Simon 
 
20233A 
  Olga 
  Ro 
  Simon 
 
20234A 
  Olga 
  Ro 
  Simon 
 
20236A 
  Olga 
  Ro 
  Simon 
 
20238A 
  Olga 
  Ro 
  Simon 
 
20240A 
  Olga 
  Ro 
  Simon 
 
20242A 
  Olga 
  Ro 
  Simon 
 
20243A 
  Olga 
  Ro 
  Simon 
 
20245A 
  Olga 
  Ro 
  Simon 
 
20247A 
  Olga 
  Ro 
  Simon 
 
20248A 
  Olga 
  Ro 
  Simon 
 
20250A 
  Olga 
  Ro 
  Simon 
 
20252A 
  Olga 
  Ro 
  Simon 
 
20255A 
  Olga 
  Ro 
  Simon 
 
20256A 
  Olga 
  Ro 
  Simon 
 
20259A 
  Olga 
  Ro 
  Simon 
 
20262A 
  Olga 
  Ro 
  Simon 
 
20264A 
  Olga 
  Ro 
  Simon 
 
20267A 
  Olga 
  Ro 
  Simon 
 
20270A 
  Olga 
  Ro 
  Simon 
 
20272A 
  Olga 
  Ro 
  Simon 
 
20275A 
  Olga 
  Ro 
  Simon 
 
20279A 
  Olga 
  Ro 
  Simon 
 
20282A 
  Olga 
  Ro 
  Simon 
 
20283A 
  Ram 
  NA 
  ram 
 
20286A 
  Olga 
  Ro 
  Simon 
 
20289A 
  Ram 
  NA 
  ram 
 
20291A 
  Olga 
  Ro 
  Simon 
 
20293A 
  Ram 
  NA 
  ram 
 
20298A 
  Olga 
  Ro 
  Simon 
 
20303A 
  Ram 
  NA 
  ram 
 
20304A 
  Olga 
  Ro 
  Simon 
 
20310A 
  Ram 
  NA 
  ram 
 
20311A 
  Olga 
  Ro 
  Simon 
 
20318A 
  Ram 
  NA 
  ram 
 
20322A 
  Ram 
  NA 
  ram 
 
20332A 
  Ram 
  NA 
  ram 
 
20346A 
  Ram 
  NA 
  ram 
 
20352A 
  Ram 
  NA 
  ram 
 
20360A 
  Ram 
  NA 
  ram 
 
20375A 
  Ram 
  NA 
  ram 
 
20383A 
  Ram 
  NA 
  ram 
 
20389A 
  Ram 
  NA 
  ram 
 
20397A 
  Ram 
  NA 
  ram 
 
20402A 
  Ram 
  NA 
  ram 
 
20409A 
  Ram 
  NA 
  ram 
 
20413A 
  Ram 
  NA 
  ram 
 
20421A 
  Ram 
  NA 
  ram 
 
20433A 
  wahidu 
  wererer 
  mayarkhan 
 
20439A 
  wahidu 
  wererer 
  mayarkhan 
 
20442A 
  wahidu 
  wererer 
  mayarkhan 
 
20445A 
  Ram 
  NA 
  ram 
 
20446A 
  wahidu 
  wererer 
  mayarkhan 
 
20452A 
  wahidu 
  wererer 
  mayarkhan 
 
20453A 
  Ram 
  NA 
  ram 
 
20465A 
  Ram 
  NA 
  ram 
 
20472A 
  Ram 
  NA 
  ram 
 
20480A 
  Ram 
  NA 
  ram 
 
20489A 
  Ram 
  NA 
  ram 
 
20498A 
  Ram 
  NA 
  ram 
 
20504A 
  Ram 
  NA 
  ram 
 
20512A 
  Ram 
  NA 
  ram 
 
20519A 
  Ram 
  NA 
  ram 
 
20521A 
  Postman 
  Testing 
  Technolgy 
 
20526A 
  Ram 
  NA 
  ram 
 
20534A 
  Ram 
  NA 
  ram 
 
20544A 
  Ram 
  NA 
  ram 
 
20550A 
  Ram 
  NA 
  ram 
 
20554A 
  Ram 
  NA 
  ram 
 
20560A 
  Ram 
  NA 
  ram 
 
20569A 
  Ram 
  NA 
  ram 
 
20575A 
  Ram 
  NA 
  ram 
 
20583A 
  Ram 
  NA 
  ram 
 
20589A 
  Ram 
  NA 
  ram 
 
20594A 
  Ram 
  NA 
  ram 
 
20601A 
  Ram 
  NA 
  ram 
 
20607A 
  Elena 
  I 
  K 
 
20619A 
  Postman 
  Testing 
  Technolgy 
 
20641A 
  Pikachu 
  Pika 
  chu 
 
20806A 
  wahidu 
  wererer 
  mayarkhan 
 
20810A 
  wahidu 
  wererer 
  mayarkhan 
 
20813A 
  wahidu 
  wererer 
  mayarkhan 
 
20817A 
  wahidu 
  wererer 
  mayarkhan 
 
20822A 
  wahidu 
  wererer 
  mayarkhan 
 
20825A 
  wahidu 
  wererer 
  mayarkhan 
 
20828A 
  wahidu 
  wererer 
  mayarkhan 
 
20831A 
  wahidu 
  wererer 
  mayarkhan 
 
20836A 
  wahidu 
  wererer 
  mayarkhan 
 
20839A 
  wahidu 
  wererer 
  mayarkhan 
 
20846A 
  wahidu 
  wererer 
  mayarkhan 
 
20851A 
  wahidu 
  wererer 
  mayarkhan 
 
20856A 
  wahidu 
  wererer 
  mayarkhan 
 
20857A 
  wahidu 
  wererer 
  mayarkhan 
 
20861A 
  wahidu 
  wererer 
  mayarkhan 
 
20864A 
  wahidu 
  wererer 
  mayarkhan 
 
20867A 
  wahidu 
  wererer 
  mayarkhan 
 
20870A 
  wahidu 
  wererer 
  mayarkhan 
 
20876A 
  wahidu 
  wererer 
  mayarkhan 
 
20882A 
  wahidu 
  wererer 
  mayarkhan 
 
20886A 
  wahidu 
  wererer 
  mayarkhan 
 
20889A 
  wahidu 
  wererer 
  mayarkhan 
 
20894A 
  wahidu 
  wererer 
  mayarkhan 
 
20895A 
  wahidu 
  wererer 
  mayarkhan 
 
20898A 
  wahidu 
  wererer 
  mayarkhan 
 
20902A 
  wahidu 
  wererer 
  mayarkhan 
 
20904A 
  wahidu 
  wererer 
  mayarkhan 
 
20909A 
  wahidu 
  wererer 
  mayarkhan 
 
20913A 
  wahidu 
  wererer 
  mayarkhan 
 
20915A 
  wahidu 
  wererer 
  mayarkhan 
 
20919A 
  wahidu 
  wererer 
  mayarkhan 
 
20923A 
  wahidu 
  wererer 
  mayarkhan 
 
20925A 
  wahidu 
  wererer 
  mayarkhan 
 
20928A 
  wahidu 
  wererer 
  mayarkhan 
 
20933A 
  wahidu 
  wererer 
  mayarkhan 
 
20937A 
  wahidu 
  wererer 
  mayarkhan 
 
20941A 
  wahidu 
  wererer 
  mayarkhan 
 
20945A 
  wahidu 
  wererer 
  mayarkhan 
 
21011A 
  Syntax 
  Instarctortpr 
  Api13 
 
21055A 
  Little 
  Carter 
  Wayne 
 
21056A 
  Postman 
  Testing 
  Technolgy 
 
21057A 
  Syntax 
  Instarctortpr 
  Api13 
 
21059A 
  Syntax 
  Instarctortpr 
  Api13 
 
21060A 
  Syntax 
  Instarctortpr 
  Api13 
 
21061A 
  Syntax 
  Instarctortpr 
  Api13 
 
21063A 
  Pikachu 
  Pika 
  chu 
 
21064A 
  Pikachu 
  Pika 
  chu 
 
21066A 
  Pikachu 
  Pika 
  chu 
 
21075A 
  Little 
  Carter 
  Wayne 
 
21076A 
  Aubrey 
  Sky 
  Garcia 
 
21078A 
  Estelar 
  A 
  Vazquez 
 
21094A 
  arianna 
  castro 
  arii 
 
21107A 
  Kamil 
   
  Gabidullin 
 
21108A 
  Kamil 
   
  Gabidullin 
 
21109A 
  Kamil 
   
  Gabidullin 
 
21112A 
  Kamil 
   
  Gabidullin 
 
21115A 
  Kamil 
   
  Gabidullin 
 
21118A 
  Ram 
  ram 
  ram 
 
21119A 
  Kamil 
   
  Gabidullin 
 
21123A 
  Kamil 
   
  Gabidullin 
 
21126A 
  Kamil 
   
  Gabidullin 
 
21128A 
  Jalen 
  S 
  Collin 
 
21143A 
  Pikachu 
  Pika 
  chu 
 
21146A 
  Pikachu 
  Pika 
  chu 
 
21148A 
  Pikachu 
  Pika 
  chu 
 
21150A 
  Postman 
  Testing 
  Technolgy 
 
21170A 
  Postman 
  Testing 
  Technolgy 
 
21172A 
  updatedTOm 
  Instructor 
  Dwayne 
 
21173A 
  Pikachu 
  Pika 
  chu 
 
21176A 
  Little 
  Carter 
  Wayne 
 
21177A 
  Estela 
  A 
  Vazquez 
 
21178A 
  Estela 
  A 
  Vazquez 
 
21179A 
  Estela 
  A 
  Vazquez 
 
21180A 
  Little 
  Carter 
  Wayne 
 
21181A 
  Little 
  Carter 
  Wayne 
 
21182A 
  Little 
  Carter 
  Wayne 
 
21183A 
  Little 
  Carter 
  Wayne 
 
21184A 
  Little 
  Carter 
  Wayne 
 
21185A 
  Little 
  Carter 
  Wayne 
 
21186A 
  Little 
  Carter 
  Wayne 
 
21187A 
  Little 
  Carter 
  Wayne 
 
21188A 
  Little 
  Carter 
  Wayne 
 
21189A 
  Little 
  Carter 
  Wayne 
 
21190A 
  Little 
  Carter 
  Wayne 
 
21191A 
  Little 
  Carter 
  Wayne 
 
21192A 
  Little 
  Carter 
  Wayne 
 
21193A 
  Little 
  Carter 
  Wayne 
 
21194A 
  Little 
  Carter 
  Wayne 
 
21195A 
  Saleem 
  Nasim 
  Sadat 
 
21196A 
  Saleem 
  Nasim 
  Sadat 
 
17733 
  Gabbyyy 
  middleeee 
  lasttt 
 
17734 
  Sammyyy 
  middleee 
  lastnameeee 
 
17735 
  Ashleyy 
  Midleee 
  Lastttt 
 
17736 
  Bennyyy 
  MN 
  LN 
 
17737 
  Hailyy 
  Middle 
  Last 
 
17738 
  Hasell 
  Middleee 
  Lasttt 
 
17739 
  Hensell 
  MiddleN 
  LastN 
 
17740 
  Haylii 
  Middle 
  Last 
 
17741 
  Eva 
  test 
  lasttt 
 
21197A 
  Saleem 
  Nasim 
  Sadat 
 
21198A 
  Saleem 
  Nasim 
  Sadat 
 
17742 
  Yulia123 
  MS 
  Yulia456 
 
21199A 
  Aubrey 
  Sky 
  Garcia 
 
21200A 
  Na 
  Instractor 
  dasha 
 
21201A 
  Jeff 
  Matt 
  Hardy 
 
21202A 
  Grimpy 
  Samohue 
  Grampy 
 
21203A 
  Na 
  Instractor 
  dasha 
 
21205A 
  Jeff 
  Matt 
  Hardy 
 
21206A 
  John1155 
  Keith1155 
  Smith1155 
 
21207A 
  Kamil 
  student 
  Gabidullin 
 
21208A 
  Postman 
  Testing 
  Technolgy 
 
21209A 
  Mark 
  Cropop 
  Mirko 
 
21210A 
  Emma 
  Rose 
  Thomas 
 
21211A 
  Emma 
  Rose 
  Thomas 
 
21212A 
  Emma 
  Rose 
  Thomas 
 
21213A 
  Postman 
  Testing 
  Technolgy 
 
21214A 
  Postman 
  Testing 
  Technolgy 
 
21215A 
  Postman 
  Testing 
  Technolgy 
 
21216A 
  Postman 
  Testing 
  Technolgy 
 
21217A 
  Postman 
  Testing 
  Technolgy 
 
21218A 
  Postman 
  Testing 
  Technolgy 
 
21219A 
  Syntax 
  Instructor 
  API 
 
21220A 
  Syntax 
  Instructor 
  API 
 
21221A 
  Postman 
  Testing 
  Technolgy 
 
21222A 
  Postman 
  Testing 
  Technolgy 
 
21223A 
  Postman 
  Testing 
  Technolgy 
 
21224A 
  Postman 
  Testing 
  Technolgy 
 
21225A 
  Postman 
  Testing 
  Technolgy 
 
21226A 
  Postman 
  Testing 
  Technolgy 
 
21227A 
  Postman 
  Testing 
  Technolgy 
 
21228A 
  Jeff 
  Matt 
  Hardy 
 
21229A 
  Postman 
  Testing 
  Technolgy 
 
21230A 
  Postman 
  Testing 
  Technolgy 
 
21231A 
  Postman 
  Testing 
  Technolgy 
 
21232A 
  Jeff 
  Matt 
  Hardy 
 
21233A 
  Jeff 
  Matt 
  Hardy 
 
21234A 
  Postman 
  Testing 
  Technolgy 
 
21235A 
  Postman 
  Testing 
  Technolgy 
 
21236A 
  Postman 
  Testing 
  Technolgy 
 
21237A 
  Postman 
  Testing 
  Technolgy 
 
21238A 
  Postman 
  Testing 
  Technolgy 
 
21239A 
  Postman 
  Testing 
  Technolgy 
 
21240A 
   Updated 
  API 
  postman 
 
21241A 
   Updated 
  API 
  postman 
 
21242A 
   Updated 
  API 
  postman 
 
21243A 
   Updated 
  API 
  postman 
 
21244A 
   Updated 
  API 
  postman 
 
17743 
  Yulia123 
  MS 
  Yulia456 
 
17744 
  Lord Bacon 
  MF 
  Richard 
 
17745 
  Lord Bacon 
  MF 
  Richard 
 
21246A 
  Jim 
  Capo 
  Jones 
 
21247A 
  Saleem 
  Nasim 
  Sadat 
 
21248A 
  Saleem 
  Nasim 
  Sadat 
 
21249A 
  Saleem 
  Nasim 
  Sadat 
 
21250A 
  Saleem 
  Nasim 
  Sadat 
 
21251A 
  Saleem 
  Nasim 
  Sadat 
 
21252A 
  Saleem 
  Nasim 
  Sadat 
 
21254A 
  Saleem 
  Nasim 
  Sadat 
 
21255A 
  Saleem 
  Nasim 
  Sadat 
 
21256A 
  Saleem 
  Nasim 
  Sadat 
 
21257A 
  Saleem 
  Nasim 
  Sadat 
 
21258A 
  Saleem 
  Nasim 
  Sadat 
 
21259A 
  Saleem 
  Nasim 
  Sadat 
 
21260A 
  Saleem 
  Nasim 
  Sadat 
 
21261A 
  Saleem 
  Nasim 
  Sadat 
 
21262A 
  Saleem 
  Nasim 
  Sadat 
 
21263A 
  Saleem 
  Nasim 
  Sadat 
 
21264A 
  Saleem 
  Nasim 
  Sadat 
 
21265A 
  Saleem 
  Nasim 
  Sadat 
 
21266A 
  Saleem 
  Nasim 
  Sadat 
 
21267A 
  Saleem 
  Nasim 
  Sadat 
 
21268A 
  Saleem 
  Nasim 
  Sadat 
 
21269A 
  Saleem 
  Nasim 
  Sadat 
 
21270A 
  Saleem 
  Nasim 
  Sadat 
 
21271A 
  Saleem 
  Nasim 
  Sadat 
 
21272A 
  Saleem 
  Nasim 
  Sadat 
 
21273A 
  Saleem 
  Nasim 
  Sadat 
 
21274A 
  Saleem 
  Nasim 
  Sadat 
 
21275A 
  Saleem 
  Nasim 
  Sadat 
 
21276A 
  Saleem 
  Nasim 
  Sadat 
 
21277A 
  Saleem 
  Nasim 
  Sadat 
 
21278A 
  Saleem 
  Nasim 
  Sadat 
 
21279A 
  Saleem 
  Nasim 
  Sadat 
 
21280A 
  Saleem 
  Nasim 
  Sadat 
 
21281A 
  Saleem 
  Nasim 
  Sadat 
 
21282A 
  Saleem 
  Nasim 
  Sadat 
 
21283A 
  Saleem 
  Nasim 
  Sadat 
 
21284A 
  Saleem 
  Nasim 
  Sadat 
 
21285A 
  Saleem 
  Nasim 
  Sadat 
 
21286A 
  Saleem 
  Nasim 
  Sadat 
 
21287A 
  Saleem 
  Nasim 
  Sadat 
 
21288A 
  Saleem 
  Nasim 
  Sadat 
 
21289A 
  Saleem 
  Nasim 
  Sadat 
 
21290A 
  Saleem 
  Nasim 
  Sadat 
 
21291A 
  Saleem 
  Nasim 
  Sadat 
 
21292A 
  Saleem 
  Nasim 
  Sadat 
 
21293A 
  Saleem 
  Nasim 
  Sadat 
 
21294A 
  Saleem 
  Nasim 
  Sadat 
 
21295A 
  Saleem 
  Nasim 
  Sadat 
 
21296A 
  Saleem 
  Nasim 
  Sadat 
 
21297A 
  Saleem 
  Nasim 
  Sadat 
 
21298A 
  Saleem 
  Nasim 
  Sadat 
 
21299A 
  Saleem 
  Nasim 
  Sadat 
 
21300A 
  Saleem 
  Nasim 
  Sadat 
 
21301A 
  Saleem 
  Nasim 
  Sadat 
 
21302A 
  Saleem 
  Nasim 
  Sadat 
 
21303A 
  Saleem 
  Nasim 
  Sadat 
 
21304A 
  Saleem 
  Nasim 
  Sadat 
 
21305A 
  Saleem 
  Nasim 
  Sadat 
 
21306A 
  Saleem 
  Nasim 
  Sadat 
 
21307A 
  Saleem 
  Nasim 
  Sadat 
 
21308A 
  Saleem 
  Nasim 
  Sadat 
 
21309A 
  Saleem 
  Nasim 
  Sadat 
 
21310A 
  Saleem 
  Nasim 
  Sadat 
 
21312A 
  Saleem 
  Nasim 
  Sadat 
 
21313A 
  Saleem 
  Nasim 
  Sadat 
 
21315A 
  aziz 
  az 
  aziz 
 
21316A 
  Ali 
  MU 
  Yilmaz 
 
21317A 
  Ali 
  MU 
  Yilmaz 
 
21318A 
  Ali 
  MU 
  Yilmaz 
 
21319A 
  Ali 
  MU 
  Yilmaz 
 
21320A 
  Ali 
  MU 
  Yilmaz 
 
21321A 
  Ali 
  MU 
  Yilmaz 
 
21322A 
  khadija 
  Instarctor 
  rasij 
 
21323A 
  khadija 
  Instarctor 
  rasij 
 
21324A 
  Mariam 
  Instarctor 
  rasij 
 
21325A 
  Mariam 
  Instarctor 
  rasij 
 
21326A 
  Mariam 
  Instarctor 
  rasij 
 
21327A 
  Mariam 
  Instarctor 
  rasij 
 
21332A 
  Kareena 
  Ramirez 
  Ruiz 
 
21333A 
  Kareena 
  Ramirez 
  Ruiz 
 
21334A 
  Kareena 
  Ramirez 
  Ruiz 
 
21335A 
  Takashi 
  Takumi 
  Murakami 
 
21336A 
  Takashi 
  Takumi 
  Murakami 
 
21337A 
  Takashi 
  Takumi 
  Murakami 
 
21338A 
  Takashi 
  Takumi 
  Murakami 
 
21339A 
  Sasha 
  Yos 
  Bereza 
 
21340A 
  Tamilyn 
  Lopez 
  R 
 
21341A 
  Tamilyn 
  Lopez 
  R 
 
21343A 
  Tamilyn 
  Lopez 
  R 
 
21344A 
  Kareena 
  Ramirez 
  Ruiz 
 
21345A 
  Tamilyn 
  Lopez 
  R 
 
21346A 
  Tamilyn 
  Lopez 
  R 
 
21348A 
  Tamilyn 
  Lopez 
  R 
 
21349A 
  Tamilyn 
  Lopez 
  R 
 
21350A 
  Danillo 
  Igor 
  Igor 
 
21351A 
  Diego 
  Instractor 
  D 
 
21352A 
  Tamilyn 
  Lopez 
  R 
 
21353A 
  Jalen 
  S 
  Collin 
 
21354A 
  Jalen 
  S 
  Collin 
 
21355A 
  Alicia 
  S 
  Collin 
 
21356A 
  Alicia 
  S 
  Collin 
 
21357A 
  Alicia 
  S 
  Collin 
 
21358A 
  Alicia 
  S 
  Collin 
 
21359A 
  Alicia 
  S 
  Collin 
 
21360A 
  Alicia 
  S 
  Collin 
 
21361A 
  Alicia 
  S 
  Collin 
 
21362A 
  Alicia 
  S 
  Collin 
 
21363A 
  Alicia 
  S 
  Collin 
 
21364A 
  Alicia 
  S 
  Collin 
 
21365A 
  Alicia 
  S 
  Collin 
 
21366A 
  Alicia 
  S 
  Collin 
 
21367A 
  Alicia 
  S 
  Collin 
 
21368A 
  Alicia 
  S 
  Collin 
 
21369A 
  Alicia 
  S 
  Collin 
 
21370A 
  Alicia 
  S 
  Collin 
 
21371A 
  Alicia 
  S 
  Collin 
 
21372A 
  Alicia 
  S 
  Collin 
 
21373A 
  Alicia 
  S 
  Collin 
 
21374A 
  Alicia 
  S 
  Collin 
 
21375A 
  Alicia 
  S 
  Collin 
 
21376A 
  Alicia 
  S 
  Collin 
 
21377A 
  Alicia 
  S 
  Collin 
 
21378A 
  Alicia 
  S 
  Collin 
 
21379A 
  Alicia 
  S 
  Collin 
 
21380A 
  Alicia 
  S 
  Collin 
 
21381A 
  Alicia 
  S 
  Collin 
 
21382A 
  Alicia 
  S 
  Collin 
 
21383A 
  Alicia 
  S 
  Collin 
 
21384A 
  Alicia 
  S 
  Collin 
 
21385A 
  Alicia 
  S 
  Collin 
 
21386A 
  Alicia 
  S 
  Collin 
 
21387A 
  Alicia 
  S 
  Collin 
 
21388A 
  Alicia 
  S 
  Collin 
 
21389A 
  Alicia 
  S 
  Collin 
 
21390A 
  Alicia 
  S 
  Collin 
 
21391A 
  Alicia 
  S 
  Collin 
 
21392A 
  Alicia 
  S 
  Collin 
 
21393A 
  Alicia 
  S 
  Collin 
 
21394A 
  Alicia 
  S 
  Collin 
 
21395A 
  Alicia 
  S 
  Collin 
 
21396A 
  Alicia 
  S 
  Collin 
 
21397A 
  Alicia 
  S 
  Collin 
 
21398A 
  Alicia 
  S 
  Collin 
 
21399A 
  Alicia 
  S 
  Collin 
 
21400A 
  Alicia 
  S 
  Collin 
 
21401A 
  Alicia 
  S 
  Collin 
 
21402A 
  Alicia 
  S 
  Collin 
 
21403A 
  Alicia 
  S 
  Collin 
 
21404A 
  Alicia 
  S 
  Collin 
 
21405A 
  Alicia 
  S 
  Collin 
 
21406A 
  Alicia 
  S 
  Collin 
 
21407A 
  Alicia 
  S 
  Collin 
 
21408A 
  Alicia 
  S 
  Collin 
 
21409A 
  Alicia 
  S 
  Collin 
 
21410A 
  Alicia 
  S 
  Collin 
 
21411A 
  Alicia 
  S 
  Collin 
 
21412A 
  Alicia 
  S 
  Collin 
 
21413A 
  Alicia 
  S 
  Collin 
 
21414A 
  Alicia 
  S 
  Collin 
 
21415A 
  Alicia 
  S 
  Collin 
 
21416A 
  Alicia 
  S 
  Collin 
 
21417A 
  Alicia 
  S 
  Collin 
 
21418A 
  Alicia 
  S 
  Collin 
 
21419A 
  Alicia 
  S 
  Collin 
 
21420A 
  Alicia 
  S 
  Collin 
 
21421A 
  Alicia 
  S 
  Collin 
 
21422A 
  Alicia 
  S 
  Collin 
 
21423A 
  Alicia 
  S 
  Collin 
 
21424A 
  Alicia 
  S 
  Collin 
 
21425A 
  Alicia 
  S 
  Collin 
 
21426A 
  Alicia 
  S 
  Collin 
 
21427A 
  Alicia 
  S 
  Collin 
 
21428A 
  Alicia 
  S 
  Collin 
 
21429A 
  Alicia 
  S 
  Collin 
 
21430A 
  Alicia 
  S 
  Collin 
 
21431A 
  Alicia 
  S 
  Collin 
 
21432A 
  Alicia 
  S 
  Collin 
 
21433A 
  Alicia 
  S 
  Collin 
 
21434A 
  Alicia 
  S 
  Collin 
 
21435A 
  Alicia 
  S 
  Collin 
 
21436A 
  Alicia 
  S 
  Collin 
 
21437A 
  Alicia 
  S 
  Collin 
 
21438A 
  Alicia 
  S 
  Collin 
 
21439A 
  Alicia 
  S 
  Collin 
 
21440A 
  Alicia 
  S 
  Collin 
 
21441A 
  Alicia 
  S 
  Collin 
 
21442A 
  Alicia 
  S 
  Collin 
 
21443A 
  Alicia 
  S 
  Collin 
 
21444A 
  Alicia 
  S 
  Collin 
 
21445A 
  Alicia 
  S 
  Collin 
 
21446A 
  Alicia 
  S 
  Collin 
 
21447A 
  Alicia 
  S 
  Collin 
 
21448A 
  Alicia 
  S 
  Collin 
 
21449A 
  Alicia 
  S 
  Collin 
 
21450A 
  Alicia 
  S 
  Collin 
 
21451A 
  Alicia 
  S 
  Collin 
 
21452A 
  Alicia 
  S 
  Collin 
 
21453A 
  Alicia 
  S 
  Collin 
 
21454A 
  Alicia 
  S 
  Collin 
 
21455A 
  Alicia 
  S 
  Collin 
 
21456A 
  Alicia 
  S 
  Collin 
 
21457A 
  Kareena 
  Ramirez 
  Ruiz 
 
21458A 
  Gulshoda 
  N/A 
  Kurbanbaeva 
 
21459A 
  Syntax 
  Instarctortpr 
  Api13 
 
21460A 
  Kareena 
  Ramirez 
  Ruiz 
 
21461A 
  Mariam 
  Instarctor 
  rasij 
 
21462A 
  Mariam 
  Instarctor 
  rasij 
 
21463A 
  Mariam 
  Instarctor 
  rasij 
 
21464A 
  Mariam 
  Instarctor 
  rasij 
 
21466A 
  Syntax 
  Instarctortpr 
  Api13 
 
21470A 
  Syntax 
  Instarctortpr 
  Api13 
 
21471A 
  Syntax 
  Instarctortpr 
  Api13 
 
21473A 
  Syntax 
  Instarctortpr 
  Api13 
 
21474A 
  Syntax 
  Instarctortpr 
  Api13 
 
21475A 
  Kareena 
  Ramirez 
  Ruiz 
 
21476A 
  Mrad 
  Hab 
  Saki 
 
17746 
  Aaaaaaaaaaa 
   
  Nasdasdasdasfa 
 
21478A 
  Syntax 
  Instarctortpr 
  Api13 
 
21479A 
  Mrad 
  Hab 
  Saki 
 
21480A 
  Syntax 
  Instarctortpr 
  Api13 
 
21481A 
  Syntax 
  Instarctortpr 
  Api13 
 
17747 
  Baba 
   
  Bobo 
 
17748 
  Baba 
   
  Bobo 
 
17750 
  Baba 
   
  Bobo 
 
21483A 
  ND 
  Valentina 
  Gotsulenko 
 
21484A 
  Andy 
   
  Roberts 
 
21485A 
  Andy 
   
  Roberts 
 
21486A 
  Andy 
   
  Roberts 
 
21487A 
  Andy 
   
  Roberts 
 
21488A 
  salma 
  s 
  el 
 
21489A 
  Kareena 
  Ramirez 
  Ruiz 
 
21490A 
  Diego 
  Instractor 
  D 
 
21491A 
  Diego 
  Instractor 
  D 
 
21492A 
  Diego 
  Instractor 
  D 
 
21493A 
  salma 
  s 
  el 
 
21494A 
  salma 
  s 
  el 
 
21495A 
  salma 
  s 
  el 
 
21496A 
  salma 
  s 
  el 
 
21497A 
  salma 
  s 
  el 
 
21498A 
  salma 
  s 
  el 
 
21499A 
  salma 
  s 
  el 
 
21500A 
  salma 
  s 
  el 
 
21501A 
  salma 
  s 
  el 
 
21502A 
  salma 
  s 
  el 
 
21503A 
  salma 
  s 
  el 
 
21504A 
  salma 
  s 
  el 
 
21505A 
  salma 
  s 
  el 
 
21506A 
  salma 
  s 
  el 
 
21507A 
  salma 
  s 
  el 
 
21508A 
  salma 
  s 
  el 
 
21509A 
  salma 
  s 
  el 
 
21510A 
  salma 
  s 
  el 
 
21511A 
  salma 
  s 
  el 
 
21512A 
  salma 
  s 
  el 
 
21513A 
  salma 
  s 
  el 
 
21514A 
  salma 
  s 
  el 
 
21515A 
  salma 
  s 
  el 
 
21516A 
  salma 
  s 
  el 
 
21517A 
  salma 
  s 
  el 
 
21518A 
  salma 
  s 
  el 
 
21519A 
  salma 
  s 
  el 
 
21520A 
  salma 
  s 
  el 
 
21521A 
  salma 
  s 
  el 
 
21522A 
  salma 
  s 
  el 
 
21523A 
  salma 
  s 
  el 
 
21524A 
  salma 
  s 
  el 
 
21525A 
  salma 
  s 
  el 
 
21526A 
  salma 
  s 
  el 
 
21527A 
  salma 
  s 
  el 
 
21528A 
  salma 
  s 
  el 
 
21529A 
  salma 
  s 
  el 
 
21530A 
  salma 
  s 
  el 
 
21531A 
  salma 
  s 
  el 
 
21532A 
  salma 
  s 
  el 
 
21533A 
  salma 
  s 
  el 
 
21534A 
  salma 
  s 
  el 
 
21535A 
  salma 
  s 
  el 
 
21536A 
  salma 
  s 
  el 
 
21537A 
  salma 
  s 
  el 
 
21538A 
  salma 
  s 
  el 
 
21539A 
  salma 
  s 
  el 
 
21540A 
  salma 
  s 
  el 
 
21541A 
  salma 
  s 
  el 
 
21542A 
  salma 
  s 
  el 
 
21543A 
  salma 
  s 
  el 
 
21544A 
  salma 
  s 
  el 
 
21545A 
  salma 
  s 
  el 
 
21546A 
  salma 
  s 
  el 
 
21547A 
  salma 
  s 
  el 
 
21548A 
  salma 
  s 
  el 
 
21549A 
  salma 
  s 
  el 
 
21550A 
  salma 
  s 
  el 
 
21551A 
  salma 
  s 
  el 
 
21552A 
  salma 
  s 
  el 
 
21553A 
  salma 
  s 
  el 
 
21554A 
  salma 
  s 
  el 
 
21555A 
  salma 
  s 
  el 
 
21556A 
  salma 
  s 
  el 
 
21557A 
  salma 
  s 
  el 
 
21558A 
  salma 
  s 
  el 
 
21559A 
  salma 
  s 
  el 
 
21560A 
  salma 
  s 
  el 
 
21561A 
  salma 
  s 
  el 
 
21562A 
  salma 
  s 
  el 
 
21563A 
  salma 
  s 
  el 
 
21564A 
  salma 
  s 
  el 
 
21565A 
  salma 
  s 
  el 
 
21566A 
  salma 
  s 
  el 
 
21567A 
  salma 
  s 
  el 
 
21568A 
  salma 
  s 
  el 
 
21569A 
  salma 
  s 
  el 
 
21570A 
  salma 
  s 
  el 
 
21571A 
  salma 
  s 
  el 
 
21572A 
  salma 
  s 
  el 
 
21573A 
  salma 
  s 
  el 
 
21574A 
  salma 
  s 
  el 
 
21575A 
  salma 
  s 
  el 
 
21576A 
  salma 
  s 
  el 
 
21577A 
  salma 
  s 
  el 
 
21578A 
  salma 
  s 
  el 
 
21579A 
  salma 
  s 
  el 
 
21580A 
  salma 
  s 
  el 
 
21581A 
  salma 
  s 
  el 
 
21582A 
  salma 
  s 
  el 
 
21583A 
  salma 
  s 
  el 
 
21584A 
  salma 
  s 
  el 
 
21585A 
  salma 
  s 
  el 
 
21586A 
  salma 
  s 
  el 
 
21587A 
  salma 
  s 
  el 
 
21588A 
  salma 
  s 
  el 
 
21589A 
  salma 
  s 
  el 
 
21590A 
  salma 
  s 
  el 
 
21591A 
  salma 
  s 
  el 
 
21592A 
  salma 
  s 
  el 
 
21593A 
  salma 
  s 
  el 
 
21594A 
  salma 
  s 
  el 
 
21595A 
  salma 
  s 
  el 
 
21596A 
  salma 
  s 
  el 
 
21597A 
  Ilyas 
  API 
  Dawlatzai 
 
21598A 
  Ilyas 
  API 
  Dawlatzai 
 
21599A 
  Ilyas 
  API 
  Dawlatzai 
 
21600A 
  aziz 
  az 
  aziz 
 
21601A 
  Ilyas 
  API 
  Dawlatzai 
 
21602A 
  Ilyas 
  API 
  Dawlatzai 
 
21603A 
  Ilyas 
  API 
  Dawlatzai 
 
21604A 
  Ilyas 
  API 
  Dawlatzai 
 
21605A 
  Ilyas 
  API 
  Dawlatzai 
 
21606A 
  Ilyas 
  API 
  Dawlatzai 
 
21607A 
  Ilyas 
  API 
  Dawlatzai 
 
21608A 
  Tijana 
  Instructor 
  API 
 
21609A 
  arianna 
  castro 
  arii 
 
21610A 
  Ilyas 
  API 
  Dawlatzai 
 
21611A 
  Ilyas 
  API 
  Dawlatzai 
 
21612A 
  Ilyas 
  API 
  Dawlatzai 
 
21613A 
  Ilyas 
  API 
  Dawlatzai 
 
21614A 
  Jason 
  Middle 
  Steitem 
 
21615A 
  Jason 
  Middle 
  Steitem 
 
21616A 
  Tom 
  Instructor 
  Dwayne 
 
21617A 
  Tijana 
  Instructor 
  API 
 
21618A 
  Syntax 
  Instructor 
  API 
 
21619A 
  Vladik1 
  vladimirovna 
  Savi 
 
21620A 
  Little 
  Carter 
  Wayne 
 
21621A 
  Elena 
  I 
  K 
 
21622A 
  Amber 
  Garcia 
  L 
 
21623A 
  Olg 
  R 
  Simon 
 
21624A 
  Grimpy 
  Samohue 
  Grampy 
 
21625A 
  Jeff 
  Matt 
  Hardy 
 
21626A 
  Katiechka 
  John 
  Yermakovushk 
 
21627A 
  Emma 
  Rose 
  Thomas 
 
21629A 
  Snijana 
  F 
  Joana 
 
21630A 
  nami 
  navigator 
  swan 
 
21631A 
  Hello 
   
  World 
 
21632A 
  Takashi 
  Takumi 
  Murakami 
 
21633A 
  Danillo 
  Igor 
  Igor 
 
21634A 
  stepan 
  Ivanovich 
  Ivanov 
 
21635A 
  Amber 
  Garcia 
  L 
 
21636A 
  Bella 
  Bea 
  Be 
 
21637A 
  Anastasia 
   
  Sineavscaia 
 
21638A 
  arianna 
  castro 
  arii 
 
21639A 
  Maggie 
  Mag 
  Sal 
 
21640A 
  aziz 
  az 
  aziz 
 
21641A 
  Epu 
  Epu 
  Shep 
 
21642A 
  Katiechka 
  John 
  Yermakovushk 
 
21643A 
  Estela 
  A 
  Vazquez 
 
21644A 
  Syntax 
  Instructor 
  API 
 
21645A 
  Jeff 
  Matt 
  Hardy 
 
21646A 
  Olg 
  R 
  Simon 
 
21647A 
  Emma 
  Rose 
  Thomas 
 
21648A 
  Snijana 
  F 
  Joana 
 
21649A 
  Elena 
  I 
  K 
 
21650A 
  Katiechka 
  John 
  Yermakovushk 
 
21651A 
  AnushaSyntax 
  hrms 
  API 
 
21652A 
  Vladik1 
  vladimirovna 
  Savi 
 
21653A 
  aziz 
  az 
  aziz 
 
21654A 
  Bella 
  Bea 
  Be 
 
21655A 
  Grimpy 
  Samohue 
  Grampy 
 
21656A 
  Tijana 
  Instructor 
  API 
 
21657A 
  Maggie 
  Mag 
  Sal 
 
21658A 
  Hello 
   
  World 
 
21659A 
  nami 
  navigator 
  swan 
 
21660A 
  Jason 
  Middle 
  Steitem 
 
21661A 
  Takashi 
  Takumi 
  Murakami 
 
21662A 
  Takashi 
  Takumi 
  Murakami 
 
21663A 
  Smith 
  Benjamin 
  Jonas 
 
21664A 
  Diego 
  Instractor 
  D 
 
21665A 
  Syntax 
  Instructor 
  API 
 
21666A 
  AnushaSyntax 
  hrms 
  API 
 
21667A 
  Ilyas 
  API 
  Dawlatzai 
 
21668A 
  Diego 
  Instractor 
  D 
 
21669A 
  Postman 
  Testing 
  Technolgy 
 
21670A 
  Syntax 
  Instructor 
  API 
 
21671A 
  Postman 
  Testing 
  Technolgy 
 
21672A 
  Syntax 
  Instructor 
  API 
 
21673A 
  Amber 
  Garcia 
  L 
 
21674A 
  Syntax 
  Instructor 
  API 
 
21675A 
  Saleem 
  Nasim 
  Sadat 
 
21676A 
  Tijana 
  Instructor 
  API 
 
21677A 
  Postman 
  Testing 
  Technolgy 
 
21678A 
  Tijana 
  Instructor 
  API 
 
21679A 
  Tom 
  Instructor 
  Dwayne 
 
21680A 
  Postman 
  Testing 
  Technolgy 
 
21681A 
  Syntax 
  Instructor 
  API 
 
21682A 
  Vladik1 
  vladimirovna 
  Savi 
 
21683A 
  Syntax 
  Instructor 
  API 
 
21684A 
  Estela 
  A 
  Vazquez 
 
21685A 
  Jeff 
  Matt 
  Hardy 
 
21686A 
  Danillo 
  Igor 
  Igor 
 
21687A 
  Bella 
  Bea 
  Be 
 
21688A 
  Hello 
   
  World 
 
21689A 
  Takashi 
  Takumi 
  Murakami 
 
21690A 
  Emma 
  Rose 
  Thomas 
 
21691A 
  Snijana 
  F 
  Joana 
 
21692A 
  Elena 
  I 
  K 
 
21693A 
  Olg 
  R 
  Simon 
 
21694A 
  Little 
  Carter 
  Wayne 
 
21695A 
  aziz 
  az 
  aziz 
 
21696A 
  Vladik1 
  vladimirovna 
  Savi 
 
21697A 
  Syntax 
  Instructor 
  API 
 
21698A 
  Syntax 
  Instructor 
  API 
 
21699A 
  Jason 
  Middle 
  Steitem 
 
21700A 
  Little 
  Carter 
  Wayne 
 
21701A 
  Elena 
  I 
  K 
 
21702A 
  Bella 
  Bea 
  Be 
 
21703A 
  Estela 
  A 
  Vazquez 
 
21704A 
  Maggie 
  Mag 
  Sal 
 
21705A 
  Epu 
  Epu 
  Shep 
 
21706A 
  Takashi 
  Takumi 
  Murakami 
 
21707A 
  Tom 
  Instructor 
  Dwayne 
 
21708A 
  Syntax 
  Instructor 
  API 
 
21709A 
  Jeff 
  Matt 
  Hardy 
 
21710A 
  Snijana 
  F 
  Joana 
 
21711A 
  nami 
  navigator 
  swan 
 
21712A 
  Olg 
  R 
  Simon 
 
21714A 
  Grimpy 
  Samohue 
  Grampy 
 
21715A 
  Emma 
  Rose 
  Thomas 
 
21716A 
  Katiechka 
  John 
  Yermakovushk 
 
21717A 
  Saleem 
  Nasim 
  Sadat 
 
21718A 
  Syntax 
  Instructor 
  API 
 
21719A 
  aziz 
  az 
  aziz 
 
21720A 
  Hello 
   
  World 
 
21721A 
  Danillo 
  Igor 
  Igor 
 
21722A 
  stepan 
  Ivanovich 
  Ivanov 
 
21723A 
  Syntax 
  Instructor 
  API 
 
21724A 
  Danillo 
  Igor 
  Igor 
 
21725A 
  Postman 
  Testing 
  Technolgy 
 
21726A 
  Diego 
  Instractor 
  D 
 
21727A 
  Syntax 
  Instructor 
  API 
 
21728A 
  AnushaSyntax 
  hrms 
  API 
 
21729A 
  stepan 
  Ivanovich 
  Ivanov 
 
21730A 
  Bella 
  Bea 
  Be 
 
21731A 
  Tijana 
  Instructor 
  API 
 
21732A 
  Postman 
  Testing 
  Technolgy 
 
21733A 
  Olg 
  R 
  Simon 
 
21734A 
  Jeff 
  Matt 
  Hardy 
 
21735A 
  arianna 
  castro 
  arii 
 
21736A 
  Hello 
   
  World 
 
21737A 
  Syntax 
  Instructor 
  API 
 
21738A 
  Diego 
  Instractor 
  D 
 
21739A 
  Takashi 
  Takumi 
  Murakami 
 
21740A 
  Little 
  Carter 
  Wayne 
 
21741A 
  Tom 
  Instructor 
  Dwayne 
 
21742A 
  Snijana 
  F 
  Joana 
 
21743A 
  aziz 
  az 
  aziz 
 
21744A 
  Maggie 
  Mag 
  Sal 
 
21745A 
  Jason 
  Middle 
  Steitem 
 
21746A 
  Vladik1 
  vladimirovna 
  Savi 
 
21747A 
  Emma 
  Rose 
  Thomas 
 
21748A 
  Syntax 
  Instructor 
  API 
 
21749A 
  Saleem 
  Nasim 
  Sadat 
 
21750A 
  Elena 
  I 
  K 
 
21751A 
  Katiechka 
  John 
  Yermakovushk 
 
21752A 
  Grimpy 
  Samohue 
  Grampy 
 
21753A 
  AnushaSyntax 
  hrms 
  API 
 
21754A 
  Syntax 
  Instructor 
  API 
 
21755A 
  Elena 
  I 
  K 
 
21756A 
  Little 
  Carter 
  Wayne 
 
21757A 
  Syntax 
  Instructor 
  API 
 
21758A 
  Vladik1 
  vladimirovna 
  Savi 
 
21759A 
  Jeff 
  Matt 
  Hardy 
 
21760A 
  Takashi 
  Takumi 
  Murakami 
 
21761A 
  Maggie 
  Mag 
  Sal 
 
21762A 
  Estela 
  A 
  Vazquez 
 
21763A 
  nami 
  navigator 
  swan 
 
21764A 
  Emma 
  Rose 
  Thomas 
 
21765A 
  Saleem 
  Nasim 
  Sadat 
 
21766A 
  Syntax 
  Instructor 
  API 
 
21767A 
  Hello 
   
  World 
 
21769A 
  Little 
  Carter 
  Wayne 
 
21770A 
  Takashi 
  Takumi 
  Murakami 
 
21771A 
  Tijana 
  Instructor 
  API 
 
21772A 
  Estela 
  A 
  Vazquez 
 
21773A 
  Vladik1 
  vladimirovna 
  Savi 
 
21774A 
  Maggie 
  Mag 
  Sal 
 
21775A 
  Emma 
  Rose 
  Thomas 
 
21776A 
  Diego 
  Instractor 
  D 
 
21777A 
  Jeff 
  Matt 
  Hardy 
 
21778A 
  Syntax 
  Instructor 
  API 
 
21779A 
  Postman 
  Testing 
  Technolgy 
 
21780A 
  Epu 
  Epu 
  Shep 
 
21781A 
  Tijana 
  Instructor 
  API 
 
21782A 
  Syntax 
  Instructor 
  API 
 
21783A 
  Amber 
  Garcia 
  L 
 
21784A 
  Little 
  Carter 
  Wayne 
 
21785A 
  Hello 
   
  World 
 
21786A 
  AnushaSyntax 
  hrms 
  API 
 
21787A 
  Postman 
  Testing 
  Technolgy 
 
21788A 
  Tijana 
  Instructor 
  API 
 
21789A 
  Syntax 
  Instructor 
  API 
 
21790A 
  aziz 
  az 
  aziz 
 
21791A 
  Diego 
  Instractor 
  D 
 
21792A 
  Estela 
  A 
  Vazquez 
 
21793A 
  Jason 
  Middle 
  Steitem 
 
21794A 
  aziz 
  az 
  aziz 
 
21795A 
  Syntax 
  Instructor 
  API 
 
21796A 
  arianna 
  castro 
  arii 
 
21797A 
  Saleem 
  Nasim 
  Sadat 
 
21798A 
  Takashi 
  Takumi 
  Murakami 
 
21799A 
  AnushaSyntax 
  hrms 
  API 
 
21800A 
  Elena 
  I 
  K 
 
21801A 
  Grimpy 
  Samohue 
  Grampy 
 
21802A 
  Syntax 
  Instructor 
  API 
 
21803A 
  Little 
  Carter 
  Wayne 
 
21804A 
  nami 
  navigator 
  swan 
 
21805A 
  Jason 
  Middle 
  Steitem 
 
21806A 
  Syntax 
  Instructor 
  API 
 
21807A 
  Tom 
  Instructor 
  Dwayne 
 
21808A 
  arianna 
  castro 
  arii 
 
21809A 
  Danillo 
  Igor 
  Igor 
 
21810A 
  Vladik1 
  vladimirovna 
  Savi 
 
21811A 
  Maggie 
  Mag 
  Sal 
 
21812A 
  Vladik1 
  vladimirovna 
  Savi 
 
21813A 
  Syntax 
  Instructor 
  API 
 
21814A 
  Elena 
  I 
  K 
 
21815A 
  arianna 
  castro 
  arii 
 
21816A 
  Takashi 
  Takumi 
  Murakami 
 
21817A 
  Vladik1 
  vladimirovna 
  Savi 
 
21818A 
  Tijana 
  Instructor 
  API 
 
21819A 
  Syntax 
  Instructor 
  API 
 
21820A 
  Syntax 
  Instructor 
  API 
 
21821A 
  Little 
  Carter 
  Wayne 
 
21822A 
  Maggie 
  Mag 
  Sal 
 
21823A 
  Grimpy 
  Samohue 
  Grampy 
 
21824A 
  aziz 
  az 
  aziz 
 
21825A 
  Syntax 
  Instructor 
  API 
 
21827A 
  Estela 
  A 
  Vazquez 
 
21828A 
  Tom 
  Instructor 
  Dwayne 
 
21829A 
  nami 
  navigator 
  swan 
 
21830A 
  Syntax 
  Instructor 
  API 
 
21831A 
  Syntax 
  Instructor 
  API 
 
21832A 
  Katiechka 
  John 
  Yermakovushk 
 
21833A 
  Olg 
  R 
  Simon 
 
21834A 
  Bella 
  Bea 
  Be 
 
21835A 
  Saleem 
  Nasim 
  Sadat 
 
21836A 
  Emma 
  Rose 
  Thomas 
 
21837A 
  Tijana 
  Instructor 
  API 
 
21838A 
  AnushaSyntax 
  hrms 
  API 
 
21839A 
  Tom 
  Instructor 
  Dwayne 
 
21840A 
  Danillo 
  Igor 
  Igor 
 
21841A 
  Diego 
  Instractor 
  D 
 
21842A 
  aziz 
  az 
  aziz 
 
21843A 
  Tom 
  Instructor 
  Dwayne 
 
21844A 
  Syntax 
  Instructor 
  API 
 
21845A 
  Vladik1 
  vladimirovna 
  Savi 
 
21846A 
  Maggie 
  Mag 
  Sal 
 
21847A 
  Saleem 
  Nasim 
  Sadat 
 
21848A 
  Syntaxxx 
  jdh 
  api 
 
21849A 
  Tijana 
  Instructor 
  API 
 
21850A 
  Anastasia 
  updated 
  Sineavscaia 
 
21851A 
  Elena 
  I 
  K 
 
21852A 
  Jason 
  Middle 
  Steitem 
 
21853A 
  Little 
  Carter 
  Wayne 
 
21854A 
  Tijana 
  Instructor 
  API 
 
21855A 
  Tom 
  Instructor 
  Dwayne 
 
21856A 
  Stephanie API 
  J. 
  Postman 
 
21857A 
  Jason 
  Middle 
  Steitem 
 
21858A 
  Syntax 
  Instructor 
  API 
 
21859A 
  Takashi 
  Takumi 
  Murakami 
 
21860A 
  Diego 
  Instractor 
  D 
 
21861A 
  Elena 
  I 
  K 
 
21862A 
  Olg 
  R 
  Simon 
 
21863A 
  Danillo 
  Igor 
  Igor 
 
21864A 
  Saleem 
  Nasim 
  Sadat 
 
21865A 
  Emma 
  Rose 
  Thomas 
 
21866A 
  aziz 
  az 
  aziz 
 
21867A 
  Jason 
  Middle 
  Steitem 
 
21868A 
  nami 
  navigator 
  swan 
 
21869A 
  Syntax 
  Instructor 
  API 
 
21871A 
  Estela 
  A 
  Vazquez 
 
21872A 
  Tom 
  Instructor 
  Dwayne 
 
21873A 
  Grimpy 
  Samohue 
  Grampy 
 
21874A 
  AnushaSyntax 
  hrms 
  API 
 
21875A 
  Oz 
  none 
  Oz 
 
21877A 
  Hello 
   
  World 
 
21878A 
  Vladik1 
  vladimirovna 
  Savi 
 
21879A 
  Grimpy 
  Samohue 
  Grampy 
 
21880A 
  Tom 
  Instructor 
  Dwayne 
 
21881A 
  Katiechka 
  John 
  Yermakovushk 
 
21882A 
  Syntax 
  Instructor 
  API 
 
21883A 
  Tijana 
  Instructor 
  API 
 
21884A 
  AnushaSyntax 
  hrms 
  API 
 
21885A 
  Tom 
  Instructor 
  Dwayne 
 
21886A 
  Syntax 
  Instructor 
  API 
 
21887A 
  Emma 
  Rose 
  Thomas 
 
21888A 
  Takashi 
  Takumi 
  Murakami 
 
21889A 
  Syntax 
  Instructor 
  API 
 
21890A 
  Ilyas 
  API 
  Dawlatzai 
 
21891A 
  Syntax 
  Instructor 
  API 
 
21892A 
  Syntax 
  Instructor 
  API 
 
21893A 
  Tom 
  Instructor 
  Dwayne 
 
21894A 
  Postman 
  Testing 
  Technolgy 
 
21895A 
  Syntax 
  Instructor 
  API 
 
21896A 
  Syntax 
  Instructor 
  API 
 
21897A 
  Syntax 
  Instructor 
  API 
 
21898A 
  Syntax 
  Instructor 
  API 
 
21899A 
  Postman 
  Testing 
  Technolgy 
 
21900A 
  Stephanie J 
  G 
  Postman 
 
21901A 
  Tijana 
  Instructor 
  API 
 
21902A 
  Syntax 
  Instructor 
  API 
 
21903A 
  Postman 
  Testing 
  Technolgy 
 
21904A 
  Hello 
   
  World 
 
21905A 
  Tijana 
  Instructor 
  API 
 
21906A 
  Hello 
   
  World 
 
21907A 
  Tijana 
  Instructor 
  API 
 
21908A 
  Maggie 
  Mag 
  Sal 
 
21909A 
  Bella 
  Bea 
  Be 
 
21910A 
  Danillo 
  Igor 
  Igor 
 
21911A 
  Maggie 
  Mag 
  Sal 
 
21912A 
  Postman 
  Testing 
  Technolgy 
 
21913A 
  Hello 
   
  World 
 
21914A 
  Syntax 
  Instructor 
  API 
 
21915A 
  Syntax 
  Instructor 
  API 
 
21916A 
  Jason 
  Middle 
  Steitem 
 
21917A 
  Little 
  Carter 
  Wayne 
 
21918A 
  Saleem 
  Nasim 
  Sadat 
 
21919A 
  Syntax 
  Instructor 
  API 
 
21920A 
  Jeff 
  Matt 
  Hardy 
 
21921A 
  arianna 
  castro 
  arii 
 
21922A 
  Estela 
  A 
  Vazquez 
 
21923A 
  Jason 
  Middle 
  Steitem 
 
21924A 
  Postman 
  Testing 
  Technolgy 
 
21925A 
  Hello 
   
  World 
 
21926A 
  Syntax 
  Instructor 
  API 
 
21927A 
  Jason 
  Middle 
  Steitem 
 
21928A 
  Syntax 
  Instructor 
  API 
 
21929A 
  Bella 
  Bea 
  Be 
 
21930A 
  Tom 
  Instructor 
  Dwayne 
 
21931A 
  aziz 
  az 
  aziz 
 
21932A 
  Vladik1 
  vladimirovna 
  Savi 
 
21933A 
  Syntax 
  Instructor 
  API 
 
21934A 
  Danillo 
  Igor 
  Igor 
 
21935A 
  Elena 
  I 
  K 
 
21936A 
  Syntax 
  Instructor 
  API 
 
21937A 
  Grimpy 
  Samohue 
  Grampy 
 
21938A 
  Tom 
  Instructor 
  Dwayne 
 
21939A 
  Postman 
  Testing 
  Technolgy 
 
21940A 
  Jeff 
  Matt 
  Hardy 
 
21941A 
  arianna 
  castro 
  arii 
 
21942A 
  Saleem 
  Nasim 
  Sadat 
 
21943A 
  Tom 
  Instructor 
  Dwayne 
 
21944A 
  Hello 
   
  World 
 
21945A 
  Jeff 
  Matt 
  Hardy 
 
21946A 
  Estela 
  A 
  Vazquez 
 
21947A 
  Jeff 
  Matt 
  Hardy 
 
21948A 
  Jason 
  Middle 
  Steitem 
 
21949A 
  Jeff 
  Matt 
  Hardy 
 
21950A 
  Diego 
  Instractor 
  D 
 
21951A 
  Estela 
  A 
  Vazquez 
 
21952A 
  Hello 
   
  World 
 
21953A 
  arianna 
  castro 
  arii 
 
21954A 
  Syntax 
  Instructor 
  API 
 
21955A 
  AnushaSyntax 
  hrms 
  API 
 
21956A 
  Little 
  Carter 
  Wayne 
 
21957A 
  Syntax 
  Instructor 
  API 
 
21958A 
  arianna 
  castro 
  arii 
 
21959A 
  Olg 
  R 
  Simon 
 
21960A 
  Grimpy 
  Samohue 
  Grampy 
 
21961A 
  Bella 
  Bea 
  Be 
 
21962A 
  Tom 
  Instructor 
  Dwayne 
 
21963A 
  Elena 
  I 
  K 
 
21964A 
  Saleem 
  Nasim 
  Sadat 
 
21965A 
  Katiechka 
  John 
  Yermakovushk 
 
21966A 
  Syntax 
  Instructor 
  API 
 
21967A 
  Postman 
  Testing 
  Technolgy 
 
21968A 
  Syntax 
  Instructor 
  API 
 
21969A 
  Syntax 
  Instructor 
  API 
 
21970A 
  Syntax 
  Instructor 
  API 
 
21971A 
  Vladik1 
  vladimirovna 
  Savi 
 
21972A 
  aziz 
  az 
  aziz 
 
21973A 
  Syntax 
  Instructor 
  API 
 
21974A 
  Diego 
  Instractor 
  D 
 
21975A 
  Vladik1 
  vladimirovna 
  Savi 
 
21976A 
  Danillo 
  Igor 
  Igor 
 
21977A 
  aziz 
  az 
  aziz 
 
21978A 
  stepan 
  Ivanovich 
  Ivanov 
 
21979A 
  Katiechka 
  John 
  Yermakovushk 
 
21980A 
  stepan 
  Ivanovich 
  Ivanov 
 
21981A 
  Danillo 
  Igor 
  Igor 
 
21982A 
  Danillo 
  Igor 
  Igor 
 
21983A 
  Olg 
  R 
  Simon 
 
21984A 
  Diego 
  Instractor 
  D 
 
21985A 
  stepan 
  Ivanovich 
  Ivanov 
 
21986A 
  Postman 
  Testing 
  Technolgy 
 
21987A 
  Syntax 
  Instructor 
  API 
 
21988A 
  Tijana 
  Instructor 
  API 
 
21989A 
  stepan 
  Ivanovich 
  Ivanov 
 
21990A 
  Syntax 
  Instructor 
  API 
 
21991A 
  nami 
  navigator 
  swan 
 
21992A 
  Takashi 
  Takumi 
  Murakami 
 
21993A 
  Takashi 
  Takumi 
  Murakami 
 
21994A 
  Tijana 
  Instructor 
  API 
 
21995A 
  Diego 
  Instractor 
  D 
 
21996A 
  Jeff 
  Matt 
  Hardy 
 
21997A 
  Hello 
   
  World 
 
21998A 
  Syntax 
  Instructor 
  API 
 
21999A 
  Danillo 
  Igor 
  Igor 
 
22000A 
  Syntax 
  Instructor 
  API 
 
22001A 
  Syntax 
  Instructor 
  API 
 
22002A 
  Syntax 
  Instructor 
  API 
 
22003A 
  Diego 
  Instractor 
  D 
 
22004A 
  Diego 
  Instractor 
  D 
 
22005A 
  Syntax 
  Instructor 
  API 
 
22006A 
  Diego 
  Instractor 
  D 
 
22007A 
  Vladik1 
  vladimirovna 
  Savi 
 
22008A 
  Tom 
  Instructor 
  Dwayne 
 
22009A 
  Olg 
  R 
  Simon 
 
22010A 
  Hello 
   
  World 
 
22011A 
  Estela 
  A 
  Vazquez 
 
22012A 
  aziz 
  az 
  aziz 
 
22013A 
  Takashi 
  Takumi 
  Murakami 
 
22014A 
  Syntax 
  Instructor 
  API 
 
22015A 
  stepan 
  Ivanovich 
  Ivanov 
 
22016A 
  Syntax 
  Instructor 
  API 
 
22017A 
  Grimpy 
  Samohue 
  Grampy 
 
22018A 
  Tijana 
  Instructor 
  API 
 
22019A 
  Jason 
  Middle 
  Steitem 
 
22020A 
  Tom 
  Instructor 
  Dwayne 
 
22021A 
  Estela 
  A 
  Vazquez 
 
22022A 
  Katiechka 
  John 
  Yermakovushk 
 
22023A 
  Bella 
  Bea 
  Be 
 
22024A 
  Syntax 
  Instructor 
  API 
 
22025A 
  Elena 
  I 
  K 
 
22026A 
  Syntax 
  Instructor 
  API 
 
22027A 
  Syntax 
  Instructor 
  API 
 
22028A 
  Danillo 
  Igor 
  Igor 
 
22029A 
  Little 
  Carter 
  Wayne 
 
22030A 
  Estela 
  A 
  Vazquez 
 
22031A 
  Tijana 
  Instructor 
  API 
 
22032A 
  Syntax 
  Instructor 
  API 
 
22033A 
  Vladik1 
  vladimirovna 
  Savi 
 
22034A 
  Katiechka 
  John 
  Yermakovushk 
 
22035A 
  Syntax 
  Instructor 
  API 
 
22036A 
  Saleem 
  Nasim 
  Sadat 
 
22037A 
  Katiechka 
  John 
  Yermakovushk 
 
22038A 
  Estela 
  A 
  Vazquez 
 
22039A 
  Syntax 
  Instructor 
  API 
 
22040A 
  Hello 
   
  World 
 
22041A 
  Takashi 
  Takumi 
  Murakami 
 
22042A 
  Katiechka 
  John 
  Yermakovushk 
 
22043A 
  Syntax 
  Instructor 
  API 
 
22044A 
  Hello 
   
  World 
 
22045A 
  Tijana 
  Instructor 
  API 
 
22046A 
  Syntax 
  Instructor 
  API 
 
22047A 
  Saleem 
  Nasim 
  Sadat 
 
22048A 
  Estela 
  A 
  Vazquez 
 
22049A 
  Tijana 
  Instructor 
  API 
 
22050A 
  Estela 
  A 
  Vazquez 
 
22051A 
  Emma 
  Rose 
  Thomas 
 
22052A 
  Estela 
  A 
  Vazquez 
 
22053A 
  aziz 
  az 
  aziz 
 
22054A 
  Diego 
  Instractor 
  D 
 
22055A 
  Diego 
  Instractor 
  D 
 
22056A 
  arianna 
  castro 
  arii 
 
22057A 
  aziz 
  az 
  aziz 
 
22058A 
  arianna 
  castro 
  arii 
 
22059A 
  aziz 
  az 
  aziz 
 
22060A 
  Olg 
  R 
  Simon 
 
22061A 
  Estela 
  A 
  Vazquez 
 
22062A 
  arianna 
  castro 
  arii 
 
22063A 
  aziz 
  az 
  aziz 
 
22064A 
  Diego 
  Instractor 
  D 
 
22065A 
  Syntax 
  Instructor 
  API 
 
22066A 
  aziz 
  az 
  aziz 
 
22067A 
  Tom 
  Instructor 
  Dwayne 
 
22068A 
  Syntax 
  Instructor 
  API 
 
22069A 
  Jason 
  Middle 
  Steitem 
 
22071A 
  Emma 
  Rose 
  Thomas 
 
22072A 
  Grimpy 
  Samohue 
  Grampy 
 
22073A 
  Bella 
  Bea 
  Be 
 
22074A 
  Katiechka 
  John 
  Yermakovushk 
 
22075A 
  Vladik1 
  vladimirovna 
  Savi 
 
22076A 
  Elena 
  I 
  K 
 
22077A 
  aziz 
  az 
  aziz 
 
22078A 
  Syntax 
  Instructor 
  API 
 
22079A 
  aziz 
  az 
  aziz 
 
22080A 
  Syntax 
  Instructor 
  API 
 
22081A 
  Takashi 
  Takumi 
  Murakami 
 
22082A 
  AnushaSyntax 
  hrms 
  API 
 
22083A 
  Syntax 
  Instructor 
  API 
 
22084A 
  Bella 
  Bea 
  Be 
 
22085A 
  aziz 
  az 
  aziz 
 
22086A 
  Jeff 
  Matt 
  Hardy 
 
22087A 
  Diego 
  Instractor 
  D 
 
22088A 
  AnushaSyntax 
  hrms 
  API 
 
22089A 
  nami 
  navigator 
  swan 
 
22090A 
  Danillo 
  Igor 
  Igor 
 
22091A 
  Elena 
  I 
  K 
 
22092A 
  Jason 
  Middle 
  Steitem 
 
22093A 
  Saleem 
  Nasim 
  Sadat 
 
22094A 
  Elena 
  I 
  K 
 
22095A 
  Syntax 
  Instructor 
  API 
 
22096A 
  Syntax 
  Instructor 
  API 
 
22097A 
  Grimpy 
  Samohue 
  Grampy 
 
22098A 
  Olg 
  R 
  Simon 
 
22099A 
  Jeff 
  Matt 
  Hardy 
 
22100A 
  Syntax 
  Instructor 
  API 
 
22101A 
  nami 
  navigator 
  swan 
 
22102A 
  Danillo 
  Igor 
  Igor 
 
22103A 
  stepan 
  Ivanovich 
  Ivanov 
 
22104A 
  Katiechka 
  John 
  Yermakovushk 
 
22105A 
  Syntax 
  Instructor 
  API 
 
22106A 
  aziz 
  az 
  aziz 
 
22107A 
  Vladik1 
  vladimirovna 
  Savi 
 
22108A 
  Syntax 
  Instructor 
  API 
 
22109A 
  Syntax 
  Instructor 
  API 
 
22110A 
  Syntax 
  Instructor 
  API 
 
22111A 
  Saleem 
  Nasim 
  Sadat 
 
22112A 
  Syntax 
  Instructor 
  API 
 
22113A 
  Danillo 
  Igor 
  Igor 
 
22114A 
  Katiechka 
  John 
  Yermakovushk 
 
22115A 
  Tom 
  Instructor 
  Dwayne 
 
22116A 
  Katiechka 
  John 
  Yermakovushk 
 
22117A 
  Syntax 
  Instructor 
  API 
 
22118A 
  Vladik1 
  vladimirovna 
  Savi 
 
22119A 
  Vladik1 
  vladimirovna 
  Savi 
 
22120A 
  Syntax 
  Instructor 
  API 
 
22121A 
  Syntax 
  Instructor 
  API 
 
22122A 
  AnushaSyntax 
  hrms 
  API 
 
22123A 
  Syntax 
  Instructor 
  API 
 
22124A 
  Syntax 
  Instructor 
  API 
 
22125A 
  Jason 
  Middle 
  Steitem 
 
22126A 
  Emma 
  Rose 
  Thomas 
 
22127A 
  Syntax 
  Instructor 
  API 
 
22128A 
  Little 
  Carter 
  Wayne 
 
22129A 
  Vladik1 
  vladimirovna 
  Savi 
 
22130A 
  Emma 
  Rose 
  Thomas 
 
22131A 
  Bella 
  Bea 
  Be 
 
22132A 
  Little 
  Carter 
  Wayne 
 
22133A 
  Syntax 
  Instructor 
  API 
 
22134A 
  Grimpy 
  Samohue 
  Grampy 
 
22135A 
  Bella 
  Bea 
  Be 
 
22136A 
  Takashi 
  Takumi 
  Murakami 
 
22137A 
  arianna 
  castro 
  arii 
 
22138A 
  Syntax 
  Instructor 
  API 
 
22139A 
  aziz 
  az 
  aziz 
 
22140A 
  Syntax 
  Instructor 
  API 
 
22141A 
  Jeff 
  Matt 
  Hardy 
 
22142A 
  Diego 
  Instractor 
  D 
 
22143A 
  Elena 
  I 
  K 
 
22144A 
  Emma 
  Rose 
  Thomas 
 
22145A 
  Emma 
  Rose 
  Thomas 
 
22146A 
  Elena 
  I 
  K 
 
22147A 
  Syntax 
  Instructor 
  API 
 
22148A 
  Syntax 
  Instructor 
  API 
 
22149A 
  Grimpy 
  Samohue 
  Grampy 
 
22151A 
  Vladik1 
  vladimirovna 
  Savi 
 
22152A 
  Vladik1 
  vladimirovna 
  Savi 
 
22153A 
  Estela 
  A 
  Vazquez 
 
22154A 
  Jeff 
  Matt 
  Hardy 
 
22155A 
  aziz 
  az 
  aziz 
 
22156A 
  Saleem 
  Nasim 
  Sadat 
 
22158A 
  arianna 
  castro 
  arii 
 
22159A 
  Takashi 
  Takumi 
  Murakami 
 
22160A 
  Emma 
  Rose 
  Thomas 
 
22161A 
  Olg 
  R 
  Simon 
 
22162A 
  AnushaSyntax 
  hrms 
  API 
 
22163A 
  Estela 
  A 
  Vazquez 
 
22164A 
  arianna 
  castro 
  arii 
 
22165A 
  nami 
  navigator 
  swan 
 
22166A 
  Syntax 
  Instructor 
  API 
 
22167A 
  Takashi 
  Takumi 
  Murakami 
 
22168A 
  arianna 
  castro 
  arii 
 
22169A 
  Bella 
  Bea 
  Be 
 
22170A 
  nami 
  navigator 
  swan 
 
22171A 
  aziz 
  az 
  aziz 
 
22172A 
  Syntax 
  Instructor 
  API 
 
22173A 
  Syntax 
  Instructor 
  API 
 
22174A 
  Jeff 
  Matt 
  Hardy 
 
22175A 
  Jason 
  Middle 
  Steitem 
 
22176A 
  Estela 
  A 
  Vazquez 
 
22177A 
  Syntax 
  Instructor 
  API 
 
22178A 
  Saleem 
  Nasim 
  Sadat 
 
22179A 
  Little 
  Carter 
  Wayne 
 
22180A 
  arianna 
  castro 
  arii 
 
22181A 
  Syntax 
  Instructor 
  API 
 
22182A 
  Syntax 
  Instructor 
  API 
 
22183A 
  Syntax 
  Instructor 
  API 
 
22184A 
  Jason 
  Middle 
  Steitem 
 
22185A 
  Syntax 
  Instructor 
  API 
 
22186A 
  Takashi 
  Takumi 
  Murakami 
 
22187A 
  Bella 
  Bea 
  Be 
 
22188A 
  Syntax 
  Instructor 
  API 
 
22189A 
  aziz 
  az 
  aziz 
 
22190A 
  nami 
  navigator 
  swan 
 
22191A 
  Jason 
  Middle 
  Steitem 
 
22192A 
  Estela 
  A 
  Vazquez 
 
22193A 
  Syntax 
  Instructor 
  API 
 
22194A 
  Takashi 
  Takumi 
  Murakami 
 
22195A 
  nami 
  navigator 
  swan 
 
22196A 
  Syntax 
  Instructor 
  API 
 
22197A 
  Syntax 
  Instructor 
  API 
 
22198A 
  Syntax 
  Instructor 
  API 
 
22199A 
  Saleem 
  Nasim 
  Sadat 
 
22200A 
  Saleem 
  Nasim 
  Sadat 
 
22201A 
  Little 
  Carter 
  Wayne 
 
22202A 
  Jason 
  Middle 
  Steitem 
 
22203A 
  Syntax 
  Instructor 
  API 
 
22204A 
  Elena 
  I 
  K 
 
22205A 
  Takashi 
  Takumi 
  Murakami 
 
22206A 
  arianna 
  castro 
  arii 
 
22207A 
  nami 
  navigator 
  swan 
 
22208A 
  Bella 
  Bea 
  Be 
 
22209A 
  Olg 
  R 
  Simon 
 
22210A 
  Jason 
  Middle 
  Steitem 
 
22211A 
  Grimpy 
  Samohue 
  Grampy 
 
22212A 
  Saleem 
  Nasim 
  Sadat 
 
22213A 
  Syntax 
  Instructor 
  API 
 
22214A 
  Danillo 
  Igor 
  Igor 
 
22215A 
  Danillo 
  Igor 
  Igor 
 
22216A 
  Danillo 
  Igor 
  Igor 
 
22217A 
  Syntax 
  Instructor 
  API 
 
22218A 
  Takashi 
  Takumi 
  Murakami 
 
22219A 
  Danillo 
  Igor 
  Igor 
 
22220A 
  Elena 
  I 
  K 
 
22221A 
  Olg 
  R 
  Simon 
 
22222A 
  Jason 
  Middle 
  Steitem 
 
22223A 
  Estela 
  A 
  Vazquez 
 
22224A 
  arianna 
  castro 
  arii 
 
22225A 
  Katiechka 
  John 
  Yermakovushk 
 
22226A 
  Saleem 
  Nasim 
  Sadat 
 
22227A 
  nami 
  navigator 
  swan 
 
22228A 
  Danillo 
  Igor 
  Igor 
 
22229A 
  Danillo 
  Igor 
  Igor 
 
22230A 
  Elena 
  I 
  K 
 
22232A 
  aziz 
  az 
  aziz 
 
22233A 
  Vladik1 
  vladimirovna 
  Savi 
 
22234A 
  stepan 
  Ivanovich 
  Ivanov 
 
22235A 
  Estela 
  A 
  Vazquez 
 
22236A 
  Danillo 
  Igor 
  Igor 
 
22237A 
  Syntax 
  Instructor 
  API 
 
22238A 
  Jeff 
  Matt 
  Hardy 
 
22239A 
  Olg 
  R 
  Simon 
 
22240A 
  aziz 
  az 
  aziz 
 
22241A 
  Katiechka 
  John 
  Yermakovushk 
 
22242A 
  Syntax 
  Instructor 
  API 
 
22243A 
  nami 
  navigator 
  swan 
 
22244A 
  aziz 
  az 
  aziz 
 
22245A 
  Katiechka 
  John 
  Yermakovushk 
 
22246A 
  Danillo 
  Igor 
  Igor 
 
22247A 
  Syntax 
  Instructor 
  API 
 
22248A 
  Danillo 
  Igor 
  Igor 
 
22249A 
  Syntax 
  Instructor 
  API 
 
22250A 
  khlid 
  Hab 
  Saki 
 
22251A 
  Saleem 
  Nasim 
  Sadat 
 
22252A 
  Saleem 
  Nasim 
  Sadat 
 
22253A 
  Syntax 
  Instructor 
  API 
 
22254A 
  Tijana 
  Instructor 
  API 
 
22255A 
  Tijana 
  Instructor 
  API 
 
22256A 
  Syntax 
  Instructor 
  API 
 
22257A 
  Postman 
  Testing 
  Technolgy 
 
22258A 
  Danillo 
  Igor 
  Igor 
 
22259A 
  Postman 
  Testing 
  Technolgy 
 
22260A 
  Postman 
  Testing 
  Technolgy 
 
22261A 
  Postman 
  Testing 
  Technolgy 
 
22262A 
  Postman 
  Testing 
  Technolgy 
 
22263A 
  Postman 
  Testing 
  Technolgy 
 
22264A 
  Postman 
  Testing 
  Technolgy 
 
22265A 
  Postman 
  Testing 
  Technolgy 
 
22266A 
  Postman 
  Testing 
  Technolgy 
 
22267A 
  Postman 
  Testing 
  Technolgy 
 
22268A 
  Postman 
  Testing 
  Technolgy 
 
22269A 
  arianna 
  castro 
  arii 
 
22270A 
  Postman 
  Testing 
  Technolgy 
 
22271A 
  Tom 
  Instructor 
  Dwayne 
 
22272A 
  Postman 
  Testing 
  Technolgy 
 
22273A 
  Tom 
  Instructor 
  Dwayne 
 
22274A 
  Tom 
  Instructor 
  Dwayne 
 
22275A 
  Tom 
  Instructor 
  Dwayne 
 
22276A 
  arianna 
  castro 
  arii 
 
22277A 
  Tom 
  Instructor 
  Dwayne 
 
22278A 
  Tom 
  Instructor 
  Dwayne 
 
22279A 
  Tom 
  Instructor 
  Dwayne 
 
22280A 
  Tom 
  Instructor 
  Dwayne 
 
22281A 
  arianna 
  castro 
  arii 
 
22282A 
  Tom 
  Instructor 
  Dwayne 
 
22283A 
  Postman 
  Testing 
  Technolgy 
 
22284A 
  Tom 
  Instructor 
  Dwayne 
 
22285A 
  Postman 
  Testing 
  Technolgy 
 
22286A 
  Postman 
  Testing 
  Technolgy 
 
22287A 
  Tom 
  Instructor 
  Dwayne 
 
22288A 
  Tom 
  Instructor 
  Dwayne 
 
22289A 
  Postman 
  Testing 
  Technolgy 
 
22290A 
  Tom 
  Instructor 
  Dwayne 
 
22291A 
  Tom 
  Instructor 
  Dwayne 
 
22292A 
  Postman 
  Testing 
  Technolgy 
 
22293A 
  Tom 
  Instructor 
  Dwayne 
 
22294A 
  Tom 
  Instructor 
  Dwayne 
 
22295A 
  Tom 
  Instructor 
  Dwayne 
 
22296A 
  Tom 
  Instructor 
  Dwayne 
 
22297A 
  Tom 
  Instructor 
  Dwayne 
 
22298A 
  Tom 
  Instructor 
  Dwayne 
 
22299A 
  Tom 
  Instructor 
  Dwayne 
 
22300A 
  Tom 
  Instructor 
  Dwayne 
 
22301A 
  Tom 
  Instructor 
  Dwayne 
 
17751 
  Lord Bacon 
  MF 
  Richard 
 
22302A 
  John 
  dd 
  Cina 
 
22304A 
  Gulshoda 
  N/A 
  Kurbanbaeva 
 
22306A 
  Teo 
  N/A 
  Kurbanbaeva 
 
22307A 
  Jawad 
  Kohistani 
  Safi 
 
17752 
  Lord Bacon 
  MF 
  Richard 
 
22308A 
  ND 
  Valentina 
  Gotsulenko 
 
22309A 
  ND 
  Valentina 
  Gotsulenko 
 
22310A 
  ND 
  Valentina 
  Gotsulenko 
 
22311A 
  ND 
  Valentina 
  Gotsulenko 
 
22312A 
  ND 
  Valentina 
  Gotsulenko 
 
22313A 
  ND 
  Valentina 
  Gotsulenko 
 
22314A 
  ND 
  Valentina 
  Gotsulenko 
 
22315A 
  ND 
  Valentina 
  Gotsulenko 
 
22316A 
  AnushaSyntax 
  hrms 
  API 
 
22317A 
  Sasha 
  Yos 
  Bereza 
 
22318A 
  Sasha 
  Yos 
  Bereza 
 
22319A 
  Sasha 
  Yos 
  Bereza 
 
22320A 
  AnushaSyntax 
  hrms 
  API 
 
22321A 
  AnushaSyntax 
  hrms 
  API 
 
22322A 
  Sasha 
  Yos 
  Bereza 
 
22323A 
  Sasha 
  Yos 
  Bereza 
 
22324A 
  AnushaSyntax 
  hrms 
  API 
 
22325A 
  AnushaSyntax 
  hrms 
  API 
 
22326A 
  Sasha 
  Yos 
  Bereza 
 
22327A 
  Sasha 
  Yos 
  Bereza 
 
22328A 
  AnushaSyntax 
  hrms 
  API 
 
22329A 
  AnushaSyntax 
  hrms 
  API 
 
22330A 
  AnushaSyntax 
  hrms 
  API 
 
22331A 
  Sasha 
  Yos 
  Bereza 
 
22332A 
  Sasha 
  Yos 
  Bereza 
 
22333A 
  Sasha 
  Yos 
  Bereza 
 
22334A 
  AnushaSyntax 
  hrms 
  API 
 
22335A 
  Sasha 
  Yos 
  Bereza 
 
22336A 
  Sasha 
  Yos 
  Bereza 
 
22337A 
  Sasha 
  Yos 
  Bereza 
 
22338A 
  Sasha 
  Yos 
  Bereza 
 
22339A 
  John 
  dd 
  Cina 
 
22340A 
  John 
  dd 
  Cina 
 
22341A 
  John 
  dd 
  Cina 
 
22342A 
  John 
  dd 
  Cina 
 
22343A 
  Syntax 
  Instructor 
  API 
 
22344A 
  updatedTOm 
  Instructor 
  Dwayne 
 
22345A 
  aziz 
  az 
  aziz 
 
22346A 
  Saleem 
  Nasim 
  Sadat 
 
22347A 
  Saleem 
  Nasim 
  Sadat 
 
22348A 
  Sasha 
  Yos 
  Bereza 
 
22349A 
  Sasha 
  Yos 
  Bereza 
 
22350A 
  Sasha 
  Yos 
  Bereza 
 
22351A 
  Sasha 
  Yos 
  Bereza 
 
22352A 
  Sasha 
  Yos 
  Bereza 
 
22353A 
  Sasha 
  Yos 
  Bereza 
 
22354A 
  khlid 
  Hab 
  Saki 
 
22355A 
  khlid 
  Hab 
  Saki 
 
22356A 
  khlid 
  Hab 
  Saki 
 
22357A 
  khlid 
  Hab 
  Saki 
 
22358A 
  khlid 
  Hab 
  Saki 
 
22359A 
  khlid 
  Hab 
  Saki 
 
22360A 
  khlid 
  Hab 
  Saki 
 
22361A 
  khlid 
  Hab 
  Saki 
 
22362A 
  khlid 
  Hab 
  Saki 
 
22363A 
  khlid 
  Hab 
  Saki 
 
22364A 
  khlid 
  Hab 
  Saki 
 
22365A 
  khlid 
  Hab 
  Saki 
 
22366A 
  khlid 
  Hab 
  Saki 
 
22367A 
  khlid 
  Hab 
  Saki 
 
22368A 
  khlid 
  Hab 
  Saki 
 
22369A 
  khlid 
  Hab 
  Saki 
 
22370A 
  khlid 
  Hab 
  Saki 
 
22371A 
  khlid 
  Hab 
  Saki 
 
22372A 
  khlid 
  Hab 
  Saki 
 
22373A 
  khlid 
  Hab 
  Saki 
 
22374A 
  khlid 
  Hab 
  Saki 
 
22375A 
  khlid 
  Hab 
  Saki 
 
22376A 
  aziz 
  az 
  aziz 
 
22377A 
  khlid 
  Hab 
  Saki 
 
22378A 
  Syntax 
  Instructor 
  API 
 
22379A 
  khlid 
  Hab 
  Saki 
 
22380A 
  Syntax 
  Instructor 
  API 
 
22381A 
  khlid 
  Hab 
  Saki 
 
22382A 
  khlid 
  Hab 
  Saki 
 
22383A 
  khlid 
  Hab 
  Saki 
 
22384A 
  Syntax 
  Instructor 
  API 
 
22385A 
  khlid 
  Hab 
  Saki 
 
22386A 
  Ilyas 
  API 
  Dawlatzai 
 
22387A 
  Ilyas 
  API 
  Dawlatzai 
 
22388A 
  khlid 
  Hab 
  Saki 
 
22389A 
  khlid 
  Hab 
  Saki 
 
22390A 
  khlid 
  Hab 
  Saki 
 
22391A 
  Ilyas 
  API 
  Dawlatzai 
 
22392A 
  Ilyas 
  API 
  Dawlatzai 
 
22393A 
  Ilyas 
  API 
  Dawlatzai 
 
22394A 
  Ilyas 
  API 
  Dawlatzai 
 
22395A 
  Ilyas 
  API 
  Dawlatzai 
 
22396A 
  Ilyas 
  API 
  Dawlatzai 
 
22397A 
  Updated 
  cruz 
  tom 
 
22398A 
  khlid 
  Hab 
  Saki 
 
22399A 
  khlid 
  Hab 
  Saki 
 
22400A 
  khlid 
  Hab 
  Saki 
 
22401A 
  khlid 
  Hab 
  Saki 
 
22402A 
  khlid 
  Hab 
  Saki 
 
22403A 
  khlid 
  Hab 
  Saki 
 
22404A 
  Syntax 
  Instructor 
  API 
 
22405A 
  Syntax 
  Instructor 
  API 
 
22406A 
  Syntax 
  Instructor 
  API 
 
22407A 
  Gulshoda 
  N/A 
  Kurbanbaeva 
 
22408A 
  Gulshoda 
  N/A 
  Kurbanbaeva 
 
22409A 
  Gulshoda 
  N/A 
  Kurbanbaeva 
 
22410A 
  Gulshoda 
  N/A 
  Kurbanbaeva 
 
22411A 
  Gulshoda 
  N/A 
  Kurbanbaeva 
 
22412A 
  Gulshoda 
  N/A 
  Kurbanbaeva 
 
22413A 
  Gulshoda 
  N/A 
  Kurbanbaeva 
 
22415A 
  Hello 
   
  World 
 
22416A 
  Hello 
   
  World 
 
22417A 
  Postman 
  Testing 
  Technolgy 
 
22418A 
  Hello 
   
  World 
 
22420A 
  Hello 
   
  World 
 
22421A 
  Hello 
   
  World 
 
22422A 
  Hello 
   
  World 
 
22423A 
  Hello 
   
  World 
 
22424A 
  Hello 
   
  World 
 
22425A 
  Hello 
   
  World 
 
22428A 
  Hello 
   
  World 
 
22429A 
  Shah 
  A 
  Khan 
 
22430A 
  Shah 
  A 
  Khan 
 
22431A 
  Shah 
  A 
  Khan 
 
22432A 
  Hello 
   
  World 
 
22433A 
  Updated 
  cruz 
  HOHO 
 
22434A 
  Ilyas 
  API 
  Dawlatzai 
 
17753 
  Yulia123 
  MS 
  Yulia456 
 
17754 
  Yulia123 
  MS 
  Yulia456 
 
22435A 
  Monia 
  Shonia 
  Jonia 
 
22436A 
  Monia 
  Shonia 
  Jonia 
 
22437A 
  Monia 
  Shonia 
  Jonia 
 
22438A 
  Monia 
  Shonia 
  Jonia 
 
22439A 
  Monia 
  Shonia 
  Jonia 
 
22440A 
  Monia 
  Shonia 
  Jonia 
 
22441A 
  Monia 
  Shonia 
  Jonia 
 
22442A 
  Monia 
  Shonia 
  Jonia 
 
22443A 
  Monia 
  Shonia 
  Jonia 
 
22444A 
  Monia 
  Shonia 
  Jonia 
 
22445A 
  Monia 
  Shonia 
  Jonia 
 
22446A 
  Monia 
  Shonia 
  Jonia 
 
22447A 
  Monia 
  Shonia 
  Jonia 
 
22448A 
  Monia 
  Shonia 
  Jonia 
 
22449A 
  Monia 
  Shonia 
  Jonia 
 
22450A 
  Monia 
  Shonia 
  Jonia 
 
22451A 
  Monia 
  Shonia 
  Jonia 
 
22452A 
  Monia 
  Shonia 
  Jonia 
 
22453A 
  Monia 
  Shonia 
  Jonia 
 
22454A 
  Monia 
  Shonia 
  Jonia 
 
22456A 
  kari 
  s 
  Ramirez 
 
22457A 
  kari 
  s 
  Ramirez 
 
22458A 
  Jack 
  Mc 
  Sandenmann 
 
22459A 
  Jack 
  Mc 
  Sandenmann 
 
22461A 
  Jack 
  Mc 
  Sandenmann 
 
22462A 
  Kareena 
  Ramirez 
  Ruiz 
 
22463A 
  kari 
  s 
  Ramirez 
 
22464A 
  Kareena 
  Ramirez 
  Ruiz 
 
22465A 
  kari 
  s 
  Ramirez 
 
22466A 
  Kareena 
  Ramirez 
  Ruiz 
 
22467A 
  kari 
  s 
  Ramirez 
 
22468A 
  Kareena 
  Ramirez 
  Ruiz 
 
22469A 
  kari 
  s 
  Ramirez 
 
22470A 
  Kareena 
  Ramirez 
  Ruiz 
 
22471A 
  kari 
  s 
  Ramirez 
 
22472A 
  Kareena 
  Ramirez 
  Ruiz 
 
22473A 
  kari 
  s 
  Ramirez 
 
22474A 
  Kareena 
  Ramirez 
  Ruiz 
 
22475A 
  kari 
  s 
  Ramirez 
 
22476A 
  Kareena 
  Ramirez 
  Ruiz 
 
22477A 
  kari 
  s 
  Ramirez 
 
22478A 
  Kareena 
  Ramirez 
  Ruiz 
 
22479A 
  kari 
  s 
  Ramirez 
 
22480A 
  Kareena 
  Ramirez 
  Ruiz 
 
22481A 
  kari 
  s 
  Ramirez 
 
22482A 
  Kareena 
  Ramirez 
  Ruiz 
 
22483A 
  kari 
  s 
  Ramirez 
 
22484A 
  Kareena 
  Ramirez 
  Ruiz 
 
22485A 
  kari 
  s 
  Ramirez 
 
22486A 
  Kareena 
  Ramirez 
  Ruiz 
 
22487A 
  kari 
  s 
  Ramirez 
 
22488A 
  Kareena 
  Ramirez 
  Ruiz 
 
22489A 
  kari 
  s 
  Ramirez 
 
22490A 
  Kareena 
  Ramirez 
  Ruiz 
 
22491A 
  kari 
  s 
  Ramirez 
 
22492A 
  Kareena 
  Ramirez 
  Ruiz 
 
22493A 
  kari 
  s 
  Ramirez 
 
22494A 
  Kareena 
  Ramirez 
  Ruiz 
 
22495A 
  kari 
  s 
  Ramirez 
 
22496A 
  Kareena 
  Ramirez 
  Ruiz 
 
22497A 
  kari 
  s 
  Ramirez 
 
22498A 
  Kareena 
  Ramirez 
  Ruiz 
 
22499A 
  kari 
  s 
  Ramirez 
 
22500A 
  Kareena 
  Ramirez 
  Ruiz 
 
22501A 
  kari 
  s 
  Ramirez 
 
22502A 
  Kareena 
  Ramirez 
  Ruiz 
 
22503A 
  kari 
  s 
  Ramirez 
 
22504A 
  Kareena 
  Ramirez 
  Ruiz 
 
22505A 
  kari 
  s 
  Ramirez 
 
22506A 
  Kareena 
  Ramirez 
  Ruiz 
 
22507A 
  kari 
  s 
  Ramirez 
 
22508A 
  Kareena 
  Ramirez 
  Ruiz 
 
22509A 
  kari 
  s 
  Ramirez 
 
22510A 
  Kareena 
  Ramirez 
  Ruiz 
 
22511A 
  kari 
  s 
  Ramirez 
 
22512A 
  Kareena 
  Ramirez 
  Ruiz 
 
22513A 
  kari 
  s 
  Ramirez 
 
22514A 
  Kareena 
  Ramirez 
  Ruiz 
 
22515A 
  kari 
  s 
  Ramirez 
 
22516A 
  Kareena 
  Ramirez 
  Ruiz 
 
22517A 
  kari 
  s 
  Ramirez 
 
22518A 
  Kareena 
  Ramirez 
  Ruiz 
 
22519A 
  kari 
  s 
  Ramirez 
 
22520A 
  Kareena 
  Ramirez 
  Ruiz 
 
22521A 
  kari 
  s 
  Ramirez 
 
22522A 
  Kareena 
  Ramirez 
  Ruiz 
 
22523A 
  kari 
  s 
  Ramirez 
 
22524A 
  Kareena 
  Ramirez 
  Ruiz 
 
22525A 
  kari 
  s 
  Ramirez 
 
22526A 
  Kareena 
  Ramirez 
  Ruiz 
 
22527A 
  kari 
  s 
  Ramirez 
 
22528A 
  Kareena 
  Ramirez 
  Ruiz 
 
22529A 
  kari 
  s 
  Ramirez 
 
22530A 
  Kareena 
  Ramirez 
  Ruiz 
 
22531A 
  kari 
  s 
  Ramirez 
 
22532A 
  Kareena 
  Ramirez 
  Ruiz 
 
22533A 
  kari 
  s 
  Ramirez 
 
22534A 
  Kareena 
  Ramirez 
  Ruiz 
 
22535A 
  kari 
  s 
  Ramirez 
 
22536A 
  Kareena 
  Ramirez 
  Ruiz 
 
22537A 
  kari 
  s 
  Ramirez 
 
22538A 
  Kareena 
  Ramirez 
  Ruiz 
 
22539A 
  kari 
  s 
  Ramirez 
 
22540A 
  Kareena 
  Ramirez 
  Ruiz 
 
22541A 
  kari 
  s 
  Ramirez 
 
22542A 
  Kareena 
  Ramirez 
  Ruiz 
 
22543A 
  kari 
  s 
  Ramirez 
 
22544A 
  Kareena 
  Ramirez 
  Ruiz 
 
22545A 
  kari 
  s 
  Ramirez 
 
22546A 
  Kareena 
  Ramirez 
  Ruiz 
 
22547A 
  kari 
  s 
  Ramirez 
 
22548A 
  Kareena 
  Ramirez 
  Ruiz 
 
22549A 
  kari 
  s 
  Ramirez 
 
22550A 
  Kareena 
  Ramirez 
  Ruiz 
 
22551A 
  kari 
  s 
  Ramirez 
 
22552A 
  Kareena 
  Ramirez 
  Ruiz 
 
22553A 
  kari 
  s 
  Ramirez 
 
22554A 
  Kareena 
  Ramirez 
  Ruiz 
 
22555A 
  kari 
  s 
  Ramirez 
 
22556A 
  Kareena 
  Ramirez 
  Ruiz 
 
22557A 
  kari 
  s 
  Ramirez 
 
22558A 
  Kareena 
  Ramirez 
  Ruiz 
 
22559A 
  kari 
  s 
  Ramirez 
 
22560A 
  Kareena 
  Ramirez 
  Ruiz 
 
22561A 
  kari 
  s 
  Ramirez 
 
22562A 
  Kareena 
  Ramirez 
  Ruiz 
 
22563A 
  kari 
  s 
  Ramirez 
 
22564A 
  Kareena 
  Ramirez 
  Ruiz 
 
22565A 
  kari 
  s 
  Ramirez 
 
22566A 
  Kareena 
  Ramirez 
  Ruiz 
 
22567A 
  kari 
  s 
  Ramirez 
 
22568A 
  Kareena 
  Ramirez 
  Ruiz 
 
22569A 
  kari 
  s 
  Ramirez 
 
22570A 
  Kareena 
  Ramirez 
  Ruiz 
 
22571A 
  kari 
  s 
  Ramirez 
 
22572A 
  Kareena 
  Ramirez 
  Ruiz 
 
22573A 
  kari 
  s 
  Ramirez 
 
22574A 
  Kareena 
  Ramirez 
  Ruiz 
 
22575A 
  kari 
  s 
  Ramirez 
 
22576A 
  Kareena 
  Ramirez 
  Ruiz 
 
22577A 
  kari 
  s 
  Ramirez 
 
22578A 
  Kareena 
  Ramirez 
  Ruiz 
 
22579A 
  kari 
  s 
  Ramirez 
 
22580A 
  Kareena 
  Ramirez 
  Ruiz 
 
22581A 
  kari 
  s 
  Ramirez 
 
22582A 
  Kareena 
  Ramirez 
  Ruiz 
 
22583A 
  kari 
  s 
  Ramirez 
 
22584A 
  Kareena 
  Ramirez 
  Ruiz 
 
22585A 
  kari 
  s 
  Ramirez 
 
22586A 
  Kareena 
  Ramirez 
  Ruiz 
 
22587A 
  kari 
  s 
  Ramirez 
 
22588A 
  Kareena 
  Ramirez 
  Ruiz 
 
22589A 
  kari 
  s 
  Ramirez 
 
22590A 
  Kareena 
  Ramirez 
  Ruiz 
 
22591A 
  kari 
  s 
  Ramirez 
 
22592A 
  Kareena 
  Ramirez 
  Ruiz 
 
22593A 
  kari 
  s 
  Ramirez 
 
22594A 
  Kareena 
  Ramirez 
  Ruiz 
 
22595A 
  kari 
  s 
  Ramirez 
 
22596A 
  Kareena 
  Ramirez 
  Ruiz 
 
22597A 
  kari 
  s 
  Ramirez 
 
22598A 
  Kareena 
  Ramirez 
  Ruiz 
 
22599A 
  kari 
  s 
  Ramirez 
 
22600A 
  Kareena 
  Ramirez 
  Ruiz 
 
22601A 
  kari 
  s 
  Ramirez 
 
22602A 
  Kareena 
  Ramirez 
  Ruiz 
 
22603A 
  kari 
  s 
  Ramirez 
 
22604A 
  Kareena 
  Ramirez 
  Ruiz 
 
22605A 
  kari 
  s 
  Ramirez 
 
22606A 
  Kareena 
  Ramirez 
  Ruiz 
 
22607A 
  kari 
  s 
  Ramirez 
 
22608A 
  Kareena 
  Ramirez 
  Ruiz 
 
22609A 
  kari 
  s 
  Ramirez 
 
22610A 
  Kareena 
  Ramirez 
  Ruiz 
 
22611A 
  kari 
  s 
  Ramirez 
 
22612A 
  Kareena 
  Ramirez 
  Ruiz 
 
22613A 
  kari 
  s 
  Ramirez 
 
22614A 
  Kareena 
  Ramirez 
  Ruiz 
 
22615A 
  kari 
  s 
  Ramirez 
 
22616A 
  Kareena 
  Ramirez 
  Ruiz 
 
22617A 
  kari 
  s 
  Ramirez 
 
22618A 
  Kareena 
  Ramirez 
  Ruiz 
 
22619A 
  kari 
  s 
  Ramirez 
 
22620A 
  Kareena 
  Ramirez 
  Ruiz 
 
22621A 
  kari 
  s 
  Ramirez 
 
22622A 
  Kareena 
  Ramirez 
  Ruiz 
 
22623A 
  kari 
  s 
  Ramirez 
 
22624A 
  Kareena 
  Ramirez 
  Ruiz 
 
22625A 
  kari 
  s 
  Ramirez 
 
22626A 
  Kareena 
  Ramirez 
  Ruiz 
 
22627A 
  kari 
  s 
  Ramirez 
 
22628A 
  Kareena 
  Ramirez 
  Ruiz 
 
22629A 
  kari 
  s 
  Ramirez 
 
22630A 
  Kareena 
  Ramirez 
  Ruiz 
 
22631A 
  kari 
  s 
  Ramirez 
 
22632A 
  Kareena 
  Ramirez 
  Ruiz 
 
22633A 
  kari 
  s 
  Ramirez 
 
22634A 
  Kareena 
  Ramirez 
  Ruiz 
 
22635A 
  kari 
  s 
  Ramirez 
 
22636A 
  Kareena 
  Ramirez 
  Ruiz 
 
22637A 
  kari 
  s 
  Ramirez 
 
22638A 
  Kareena 
  Ramirez 
  Ruiz 
 
22639A 
  kari 
  s 
  Ramirez 
 
22640A 
  Kareena 
  Ramirez 
  Ruiz 
 
22641A 
  kari 
  s 
  Ramirez 
 
22642A 
  Kareena 
  Ramirez 
  Ruiz 
 
22643A 
  kari 
  s 
  Ramirez 
 
22644A 
  Kareena 
  Ramirez 
  Ruiz 
 
22645A 
  kari 
  s 
  Ramirez 
 
22646A 
  Kareena 
  Ramirez 
  Ruiz 
 
22647A 
  kari 
  s 
  Ramirez 
 
22648A 
  Kareena 
  Ramirez 
  Ruiz 
 
22649A 
  kari 
  s 
  Ramirez 
 
22650A 
  Kareena 
  Ramirez 
  Ruiz 
 
22651A 
  kari 
  s 
  Ramirez 
 
22652A 
  Kareena 
  Ramirez 
  Ruiz 
 
22653A 
  kari 
  s 
  Ramirez 
 
22654A 
  Kareena 
  Ramirez 
  Ruiz 
 
22655A 
  kari 
  s 
  Ramirez 
 
22656A 
  Kareena 
  Ramirez 
  Ruiz 
 
22657A 
  kari 
  s 
  Ramirez 
 
22658A 
  Kareena 
  Ramirez 
  Ruiz 
 
22659A 
  kari 
  s 
  Ramirez 
 
22660A 
  Kareena 
  Ramirez 
  Ruiz 
 
22661A 
  kari 
  s 
  Ramirez 
 
22662A 
  Kareena 
  Ramirez 
  Ruiz 
 
22663A 
  kari 
  s 
  Ramirez 
 
22664A 
  Kareena 
  Ramirez 
  Ruiz 
 
22665A 
  kari 
  s 
  Ramirez 
 
22666A 
  Kareena 
  Ramirez 
  Ruiz 
 
22667A 
  kari 
  s 
  Ramirez 
 
22668A 
  Kareena 
  Ramirez 
  Ruiz 
 
22669A 
  kari 
  s 
  Ramirez 
 
22670A 
  Kareena 
  Ramirez 
  Ruiz 
 
22671A 
  kari 
  s 
  Ramirez 
 
22672A 
  Kareena 
  Ramirez 
  Ruiz 
 
22673A 
  kari 
  s 
  Ramirez 
 
22674A 
  Kareena 
  Ramirez 
  Ruiz 
 
22675A 
  kari 
  s 
  Ramirez 
 
22676A 
  Kareena 
  Ramirez 
  Ruiz 
 
22677A 
  kari 
  s 
  Ramirez 
 
22678A 
  Kareena 
  Ramirez 
  Ruiz 
 
22679A 
  kari 
  s 
  Ramirez 
 
22680A 
  Kareena 
  Ramirez 
  Ruiz 
 
22681A 
  kari 
  s 
  Ramirez 
 
22682A 
  Kareena 
  Ramirez 
  Ruiz 
 
22683A 
  kari 
  s 
  Ramirez 
 
22684A 
  Kareena 
  Ramirez 
  Ruiz 
 
22685A 
  kari 
  s 
  Ramirez 
 
22686A 
  Kareena 
  Ramirez 
  Ruiz 
 
22687A 
  kari 
  s 
  Ramirez 
 
22688A 
  Kareena 
  Ramirez 
  Ruiz 
 
22689A 
  kari 
  s 
  Ramirez 
 
22690A 
  Kareena 
  Ramirez 
  Ruiz 
 
22691A 
  kari 
  s 
  Ramirez 
 
22692A 
  Kareena 
  Ramirez 
  Ruiz 
 
22693A 
  kari 
  s 
  Ramirez 
 
22694A 
  Kareena 
  Ramirez 
  Ruiz 
 
22695A 
  kari 
  s 
  Ramirez 
 
22696A 
  Kareena 
  Ramirez 
  Ruiz 
 
22697A 
  kari 
  s 
  Ramirez 
 
22698A 
  Kareena 
  Ramirez 
  Ruiz 
 
22699A 
  kari 
  s 
  Ramirez 
 
22700A 
  Kareena 
  Ramirez 
  Ruiz 
 
22701A 
  kari 
  s 
  Ramirez 
 
22702A 
  Kareena 
  Ramirez 
  Ruiz 
 
22703A 
  kari 
  s 
  Ramirez 
 
22704A 
  Kareena 
  Ramirez 
  Ruiz 
 
22705A 
  kari 
  s 
  Ramirez 
 
22706A 
  Kareena 
  Ramirez 
  Ruiz 
 
22707A 
  kari 
  s 
  Ramirez 
 
22708A 
  Kareena 
  Ramirez 
  Ruiz 
 
22709A 
  kari 
  s 
  Ramirez 
 
22710A 
  Kareena 
  Ramirez 
  Ruiz 
 
22711A 
  kari 
  s 
  Ramirez 
 
22712A 
  Kareena 
  Ramirez 
  Ruiz 
 
22713A 
  kari 
  s 
  Ramirez 
 
22714A 
  Kareena 
  Ramirez 
  Ruiz 
 
22715A 
  kari 
  s 
  Ramirez 
 
22716A 
  Kareena 
  Ramirez 
  Ruiz 
 
22717A 
  kari 
  s 
  Ramirez 
 
22718A 
  Kareena 
  Ramirez 
  Ruiz 
 
22719A 
  kari 
  s 
  Ramirez 
 
22720A 
  Kareena 
  Ramirez 
  Ruiz 
 
22721A 
  kari 
  s 
  Ramirez 
 
22722A 
  Kareena 
  Ramirez 
  Ruiz 
 
22723A 
  kari 
  s 
  Ramirez 
 
22724A 
  Kareena 
  Ramirez 
  Ruiz 
 
22725A 
  kari 
  s 
  Ramirez 
 
22726A 
  Kareena 
  Ramirez 
  Ruiz 
 
22727A 
  kari 
  s 
  Ramirez 
 
22728A 
  Kareena 
  Ramirez 
  Ruiz 
 
22729A 
  kari 
  s 
  Ramirez 
 
22730A 
  Kareena 
  Ramirez 
  Ruiz 
 
22731A 
  kari 
  s 
  Ramirez 
 
22732A 
  Kareena 
  Ramirez 
  Ruiz 
 
22733A 
  kari 
  s 
  Ramirez 
 
22734A 
  Kareena 
  Ramirez 
  Ruiz 
 
22735A 
  kari 
  s 
  Ramirez 
 
22736A 
  Kareena 
  Ramirez 
  Ruiz 
 
22737A 
  kari 
  s 
  Ramirez 
 
22738A 
  Kareena 
  Ramirez 
  Ruiz 
 
22739A 
  kari 
  s 
  Ramirez 
 
22740A 
  Kareena 
  Ramirez 
  Ruiz 
 
22741A 
  kari 
  s 
  Ramirez 
 
22742A 
  Kareena 
  Ramirez 
  Ruiz 
 
22743A 
  kari 
  s 
  Ramirez 
 
22744A 
  Kareena 
  Ramirez 
  Ruiz 
 
22745A 
  kari 
  s 
  Ramirez 
 
22746A 
  Kareena 
  Ramirez 
  Ruiz 
 
22747A 
  kari 
  s 
  Ramirez 
 
22748A 
  Kareena 
  Ramirez 
  Ruiz 
 
22749A 
  kari 
  s 
  Ramirez 
 
22750A 
  Kareena 
  Ramirez 
  Ruiz 
 
22751A 
  kari 
  s 
  Ramirez 
 
22752A 
  Kareena 
  Ramirez 
  Ruiz 
 
22753A 
  kari 
  s 
  Ramirez 
 
22754A 
  Kareena 
  Ramirez 
  Ruiz 
 
22755A 
  kari 
  s 
  Ramirez 
 
22756A 
  Kareena 
  Ramirez 
  Ruiz 
 
22757A 
  kari 
  s 
  Ramirez 
 
22758A 
  Kareena 
  Ramirez 
  Ruiz 
 
22759A 
  kari 
  s 
  Ramirez 
 
22760A 
  Kareena 
  Ramirez 
  Ruiz 
 
22761A 
  kari 
  s 
  Ramirez 
 
22762A 
  Kareena 
  Ramirez 
  Ruiz 
 
22763A 
  kari 
  s 
  Ramirez 
 
22764A 
  Kareena 
  Ramirez 
  Ruiz 
 
22765A 
  kari 
  s 
  Ramirez 
 
22766A 
  Kareena 
  Ramirez 
  Ruiz 
 
22767A 
  kari 
  s 
  Ramirez 
 
22768A 
  Kareena 
  Ramirez 
  Ruiz 
 
22769A 
  kari 
  s 
  Ramirez 
 
22770A 
  Kareena 
  Ramirez 
  Ruiz 
 
22771A 
  kari 
  s 
  Ramirez 
 
22772A 
  Kareena 
  Ramirez 
  Ruiz 
 
22773A 
  kari 
  s 
  Ramirez 
 
22774A 
  Kareena 
  Ramirez 
  Ruiz 
 
22775A 
  kari 
  s 
  Ramirez 
 
22776A 
  Kareena 
  Ramirez 
  Ruiz 
 
22777A 
  kari 
  s 
  Ramirez 
 
22778A 
  Kareena 
  Ramirez 
  Ruiz 
 
22779A 
  kari 
  s 
  Ramirez 
 
22780A 
  Kareena 
  Ramirez 
  Ruiz 
 
22781A 
  kari 
  s 
  Ramirez 
 
22782A 
  Kareena 
  Ramirez 
  Ruiz 
 
22783A 
  kari 
  s 
  Ramirez 
 
22784A 
  Kareena 
  Ramirez 
  Ruiz 
 
22785A 
  kari 
  s 
  Ramirez 
 
22786A 
  Kareena 
  Ramirez 
  Ruiz 
 
22787A 
  kari 
  s 
  Ramirez 
 
22788A 
  Kareena 
  Ramirez 
  Ruiz 
 
22789A 
  kari 
  s 
  Ramirez 
 
22790A 
  Kareena 
  Ramirez 
  Ruiz 
 
22791A 
  kari 
  s 
  Ramirez 
 
22792A 
  Kareena 
  Ramirez 
  Ruiz 
 
22793A 
  kari 
  s 
  Ramirez 
 
22794A 
  Kareena 
  Ramirez 
  Ruiz 
 
22795A 
  kari 
  s 
  Ramirez 
 
22796A 
  Kareena 
  Ramirez 
  Ruiz 
 
22797A 
  kari 
  s 
  Ramirez 
 
22798A 
  Kareena 
  Ramirez 
  Ruiz 
 
22799A 
  kari 
  s 
  Ramirez 
 
22800A 
  Kareena 
  Ramirez 
  Ruiz 
 
22801A 
  kari 
  s 
  Ramirez 
 
22802A 
  Kareena 
  Ramirez 
  Ruiz 
 
22803A 
  kari 
  s 
  Ramirez 
 
22804A 
  Kareena 
  Ramirez 
  Ruiz 
 
22805A 
  kari 
  s 
  Ramirez 
 
22806A 
  Kareena 
  Ramirez 
  Ruiz 
 
22807A 
  kari 
  s 
  Ramirez 
 
22808A 
  Kareena 
  Ramirez 
  Ruiz 
 
22809A 
  kari 
  s 
  Ramirez 
 
22810A 
  Kareena 
  Ramirez 
  Ruiz 
 
22811A 
  kari 
  s 
  Ramirez 
 
22812A 
  Kareena 
  Ramirez 
  Ruiz 
 
22813A 
  kari 
  s 
  Ramirez 
 
22814A 
  Kareena 
  Ramirez 
  Ruiz 
 
22815A 
  kari 
  s 
  Ramirez 
 
22816A 
  Kareena 
  Ramirez 
  Ruiz 
 
22817A 
  kari 
  s 
  Ramirez 
 
22818A 
  Kareena 
  Ramirez 
  Ruiz 
 
22819A 
  kari 
  s 
  Ramirez 
 
22820A 
  Kareena 
  Ramirez 
  Ruiz 
 
22821A 
  kari 
  s 
  Ramirez 
 
22822A 
  Kareena 
  Ramirez 
  Ruiz 
 
22823A 
  kari 
  s 
  Ramirez 
 
22824A 
  Kareena 
  Ramirez 
  Ruiz 
 
22825A 
  kari 
  s 
  Ramirez 
 
22826A 
  Kareena 
  Ramirez 
  Ruiz 
 
22827A 
  kari 
  s 
  Ramirez 
 
22828A 
  Kareena 
  Ramirez 
  Ruiz 
 
22829A 
  kari 
  s 
  Ramirez 
 
22830A 
  Kareena 
  Ramirez 
  Ruiz 
 
22831A 
  kari 
  s 
  Ramirez 
 
22832A 
  Kareena 
  Ramirez 
  Ruiz 
 
22833A 
  kari 
  s 
  Ramirez 
 
22834A 
  Kareena 
  Ramirez 
  Ruiz 
 
22835A 
  kari 
  s 
  Ramirez 
 
22836A 
  Kareena 
  Ramirez 
  Ruiz 
 
22837A 
  kari 
  s 
  Ramirez 
 
22838A 
  Kareena 
  Ramirez 
  Ruiz 
 
22839A 
  kari 
  s 
  Ramirez 
 
22840A 
  Kareena 
  Ramirez 
  Ruiz 
 
22841A 
  kari 
  s 
  Ramirez 
 
22842A 
  Kareena 
  Ramirez 
  Ruiz 
 
22843A 
  kari 
  s 
  Ramirez 
 
22844A 
  Kareena 
  Ramirez 
  Ruiz 
 
22845A 
  kari 
  s 
  Ramirez 
 
22846A 
  Kareena 
  Ramirez 
  Ruiz 
 
22847A 
  kari 
  s 
  Ramirez 
 
22848A 
  Kareena 
  Ramirez 
  Ruiz 
 
22849A 
  kari 
  s 
  Ramirez 
 
22850A 
  Kareena 
  Ramirez 
  Ruiz 
 
22851A 
  kari 
  s 
  Ramirez 
 
22852A 
  Kareena 
  Ramirez 
  Ruiz 
 
22853A 
  kari 
  s 
  Ramirez 
 
22854A 
  Kareena 
  Ramirez 
  Ruiz 
 
22855A 
  kari 
  s 
  Ramirez 
 
22856A 
  Kareena 
  Ramirez 
  Ruiz 
 
22857A 
  kari 
  s 
  Ramirez 
 
22858A 
  Kareena 
  Ramirez 
  Ruiz 
 
22859A 
  kari 
  s 
  Ramirez 
 
22860A 
  Kareena 
  Ramirez 
  Ruiz 
 
22861A 
  kari 
  s 
  Ramirez 
 
22862A 
  Jack 
  Mc 
  Sandenmann 
 
22863A 
  Jack 
  Mc 
  Sandenmann 
 
22864A 
  Kamil 
  Mc 
  Sandenmann 
 
22865A 
  Kamil 
  Mc 
  Gabidullin 
 
22866A 
  Kamil 
  Mc 
  Gabidullin 
 
22868A 
  AnushaSyntax 
  hrms 
  API 
 
22869A 
  Anusha 
  noName 
  myLastname 
 
22870A 
  Syntax 
  Instructor 
  API 
 
22871A 
  Syntax 
  Instructor 
  API 
 
22872A 
  Syntax 
  Instructor 
  API 
 
22873A 
  Syntax 
  Instructor 
  API 
 
22874A 
  Syntax 
  Instructor 
  API 
 
22875A 
  AnushaSyntax 
  hrms 
  API 
 
22876A 
  Syntax 
  Instructor 
  API 
 
22877A 
  Rammani 
  Chaulagain 
  Xina 
 
22878A 
  Rammani 
  Chaulagain 
  Xina 
 
22879A 
  Rammani 
  Chaulagain 
  Xina 
 
22880A 
  Diego 
  Instractor 
  D 
 
22881A 
  Diego 
  Instractor 
  D 
 
22882A 
  Diego 
  Instractor 
  D 
 
22883A 
  Diego 
  Instractor 
  D 
 
22884A 
  rwerwerw 
  wertyuytujerer 
  sfsdfdsfsdfsdfsdf 
 
22885A 
  Diego 
  Instractor 
  D 
 
22886A 
  rwerwerw 
  wertyuytujerer 
  sfsdfdsfsdfsdfsdf 
 
22887A 
  rwerwerw 
  wertyuytujerer 
  sfsdfdsfsdfsdfsdf 
 
22888A 
  rwerwerw 
  wertyuytujerer 
  sfsdfdsfsdfsdfsdf 
 
22889A 
  rwerwerw 
  wertyuytujerer 
  sfsdfdsfsdfsdfsdf 
 
22890A 
  rwerwerw 
  wertyuytujerer 
  sfsdfdsfsdfsdfsdf 
 
22891A 
  Diego 
  Instractor 
  D 
 
22892A 
  Diego 
  Instractor 
  D 
 
22893A 
  Diego 
  Instractor 
  D 
 
22894A 
  Diego 
  Instractor 
  D 
 
22895A 
  Diego 
  Instractor 
  D 
 
22896A 
  Diego 
  Instractor 
  D 
 
22897A 
  Diego 
  Instractor 
  D 
 
22898A 
  Diego 
  Instractor 
  D 
 
22899A 
  Diego 
  Instractor 
  D 
 
22900A 
  Diego 
  Instractor 
  D 
 
22901A 
  John1155 
  Keith1155 
  Smith1155 
 
22902A 
  rwerwerw 
  wertyuytujerer 
  sfsdfdsfsdfsdfsdf 
 
17756 
  Yulia123 
  MS 
  Yulia456 
 
22903A 
  rwerwerw 
  wertyuytujerer 
  sfsdfdsfsdfsdfsdf 
 
22904A 
  rwerwerw 
  wertyuytujerer 
  sfsdfdsfsdfsdfsdf 
 
22905A 
  rwerwerw 
  wertyuytujerer 
  sfsdfdsfsdfsdfsdf 
 
22906A 
  rwerwerw 
  wertyuytujerer 
  sfsdfdsfsdfsdfsdf 
 
22907A 
  rwerwerw 
  wertyuytujerer 
  sfsdfdsfsdfsdfsdf 
 
22908A 
  rwerwerw 
  wertyuytujerer 
  sfsdfdsfsdfsdfsdf 
 
22909A 
  rwerwerw 
  wertyuytujerer 
  sfsdfdsfsdfsdfsdf 
 
17757 
  Jon0404 
  MS 
  US 
 
17758 
  Jack0404 
  MS 
  US 
 
17759 
  Jon0404 
  MS 
  US 
 
17760 
  Jack0404 
  MS 
  US 
 
17761 
  MS0909 
  MS 
  US 
 
17762 
  Yulia123 
  MS 
  Yulia456 
 
22910A 
  rwerwerw 
  wertyuytujerer 
  sfsdfdsfsdfsdfsdf 
 
22911A 
  rwerwerw 
  wertyuytujerer 
  sfsdfdsfsdfsdfsdf 
 
22912A 
  rwerwerw 
  wertyuytujerer 
  sfsdfdsfsdfsdfsdf 
 
22913A 
  rwerwerw 
  wertyuytujerer 
  sfsdfdsfsdfsdfsdf 
 
22914A 
  rwerwerw 
  wertyuytujerer 
  sfsdfdsfsdfsdfsdf 
 
22915A 
  rwerwerw 
  wertyuytujerer 
  sfsdfdsfsdfsdfsdf 
 
22916A 
  rwerwerw 
  wertyuytujerer 
  sfsdfdsfsdfsdfsdf 
 
22917A 
  John1155 
  Keith1155 
  Smith1155 
 
22918A 
  John1155 
  Keith1155 
  Smith1155 
 
22919A 
  Kareena 
  Ramirez 
  Ruiz 
 
17763 
  Yulia123 
  MS 
  Yulia456 
 
22920A 
  John1155 
  Keith1155 
  Smith1155 
 
22921A 
  John1155 
  Keith1155 
  Smith1155 
 
22922A 
  rwerwerw 
  wertyuytujerer 
  sfsdfdsfsdfsdfsdf 
 
17764 
  Nelson1234 
  MS 
  MS1234 
 
17765 
  Yulia123 
  MS 
  Yulia456 
 
17766 
  Test123456 
  MS 
  Test9876 
 
17767 
  Test1212 
  MS 
  Test7654 
 
17768 
  Test3232 
  MS 
  Test5454 
 
17769 
  Jon0404 
  MS 
  US 
 
17770 
  Jack0404 
  MS 
  US 
 
17771 
  MS0909 
  MS 
  US 
 
17772 
  Anusah0909 
  test9 
  anushatest 
 
17773 
  Yulia123 
  MS 
  Yulia456 
 
17774 
  Yulia123 
  MS 
  Yulia456 
 
17775 
  Yulia123 
  MS 
  Yulia456 
 
17776 
  Nelson1234 
  MS 
  MS1234 
 
17777 
  Yulia123 
  MS 
  Yulia456 
 
17778 
  Test123456 
  MS 
  Test9876 
 
17779 
  Test1212 
  MS 
  Test7654 
 
17780 
  Test3232 
  MS 
  Test5454 
 
17781 
  Jon0404 
  MS 
  US 
 
17782 
  Jack0404 
  MS 
  US 
 
17783 
  MS0909 
  MS 
  US 
 
17784 
  Anusah0909 
  test9 
  anushatest 
 
17785 
  Yulia123 
  MS 
  Yulia456 
 
22923A 
  Maxx 
  ssafd 
  Lldfgg 
 
22924A 
  Gulshoda 
  N/A 
  Kurbanbaeva 
 
17786 
  Sedat 
  M4156 
  Peker 
 
17787 
  Sedat 
  M7285 
  Peker 
 
17789 
  Suslu 
  Mc0 
  Sulu 
 
17790 
  Suslu 
  Md5 
  Sulu 
 
17791 
  Suslu 
  M76 
  Sulu 
 
17792 
  Suslu 
  Md2 
  Sulu 
 
17793 
  Soslu 
  Mad 
  Kuru 
 
22925A 
  Tom 
  Instructor 
  Dwayne 
 
22926A 
  Gulshoda 
  N/A 
  Kurbanbaeva 
 
22927A 
  Gulshoda 
  N/A 
  Kurbanbaeva 
 
22928A 
  Syntax 
  Instructor 
  API 
 
22929A 
  Gulshoda 
  N/A 
  Kurbanbaeva 
 
22930A 
  Gulshoda 
  N/A 
  Kurbanbaeva 
 
22931A 
  Gulshoda 
  N/A 
  Kurbanbaeva 
 
22932A 
  Gulshoda 
  N/A 
  Kurbanbaeva 
 
22933A 
  Gulshoda 
  N/A 
  Kurbanbaeva 
 
22934A 
  Gulshoda 
  N/A 
  Kurbanbaeva 
 
22935A 
  Gulshoda 
  N/A 
  Kurbanbaeva 
 
22936A 
  Gulshoda 
  N/A 
  Kurbanbaeva 
 
22937A 
  Johnn 
  ddn 
  Cinan 
 
22938A 
  Gulshoda 
  N/A 
  Kurbanbaeva 
 
22939A 
  Johnn 
  ddn 
  Cinan 
 
22940A 
  Gulshoda 
  N/A 
  Kurbanbaeva 
 
22941A 
  Johnn 
  ddn 
  Cinan 
 
22942A 
  Johnn 
  ddn 
  Cinan 
 
22943A 
  Johnn 
  ddn 
  Cinan 
 
22944A 
  Johnn 
  ddn 
  Cinan 
 
22945A 
  Gulshoda 
  N/A 
  Kurbanbaeva 
 
22946A 
  Gulshoda 
  N/A 
  Kurbanbaeva 
 
22947A 
  Gulshoda 
  N/A 
  Kurbanbaeva 
 
22948A 
  Gulshoda 
  N/A 
  Kurbanbaeva 
 
22949A 
  Gulshoda 
  N/A 
  Kurbanbaeva 
 
22950A 
  Gulshoda 
  N/A 
  Kurbanbaeva 
 
22951A 
  Gulshoda 
  N/A 
  Kurbanbaeva 
 
22952A 
  Gulshoda 
  N/A 
  Kurbanbaeva 
 
22953A 
  Monia 
  Shonia 
  Jonia 
 
22954A 
  Monia 
  Shonia 
  Jonia 
 
22955A 
  Monia 
  Shonia 
  Jonia 
 
22956A 
  Monia 
  Shonia 
  Jonia 
 
22957A 
  Monia 
  Shonia 
  Jonia 
 
22958A 
  Monia 
  Shonia 
  Jonia 
 
22959A 
  Moe 
  Jib 
  Kalouda 
 
22960A 
  Saleem 
  Nasim 
  Sadat 
 
22961A 
  Syntax 
  Instructor 
  API 
 
22962A 
  Syntax 
  Instructor 
  API 
 
22963A 
  SaleemSadat123 
  Sadat123 
  Sadat123 
 
22964A 
  Emma 
  Rose 
  Thomas 
 
22965A 
  Syntax 
  Instructor 
  API 
 
22966A 
  Saleem 
  Nasim 
  Sadat 
 
22967A 
  AnushaSyntax 
  hrms 
  API 
 
22968A 
  AnushaSyntax 
  hrms 
  API 
 
22969A 
  Syntax 
  Instructor 
  API 
 
22970A 
  Hello 
   
  World 
 
22971A 
  Syntax 
  Instructor 
  API 
 
22972A 
  AnushaSyntax 
  hrms 
  API 
 
22973A 
  Hello 
   
  World 
 
22973A 
  Olg 
  R 
  Simon 
 
22974A 
  Vladik1 
  vladimirovna 
  Savi 
 
22975A 
  Jason 
  Middle 
  Steitem 
 
22976A 
  Moe 
  Jib 
  Kalouda 
 
22977A 
  Hello 
   
  World 
 
22978A 
  Saleem 
  Nasim 
  Sadat 
 
22979A 
  AnushaSyntax 
  hrms 
  API 
 
22980A 
  Emma 
  Rose 
  Thomas 
 
22981A 
  Moe 
  Jib 
  Kalouda 
 
22982A 
  Emma 
  Rose 
  Thomas 
 
22983A 
  aziz 
  az 
  aziz 
 
22984A 
  Elena 
  I 
  K 
 
22985A 
  Hello 
   
  World 
 
22986A 
  Postman 
  Testing 
  Technolgy 
 
22987A 
  Diego 
  Instractor 
  D 
 
22988A 
  Bella 
  Bea 
  Be 
 
22989A 
  Emma 
  Rose 
  Thomas 
 
22990A 
  Elena 
  I 
  K 
 
22991A 
  aziz 
  az 
  aziz 
 
22992A 
  Danillo 
  Igor 
  Igor 
 
22993A 
  Postman 
  Testing 
  Technolgy 
 
22994A 
  Vladik1 
  vladimirovna 
  Savi 
 
22995A 
  Emma 
  Rose 
  Thomas 
 
22996A 
  Syntax 
  Instructor 
  API 
 
22997A 
  Hello 
   
  World 
 
22998A 
  Estela 
  A 
  Vazquez 
 
22999A 
  Hello 
   
  World 
 
23000A 
  Elena 
  I 
  K 
 
23001A 
  Emma 
  Rose 
  Thomas 
 
23002A 
  Estela 
  A 
  Vazquez 
 
23003A 
  Emma 
  Rose 
  Thomas 
 
23004A 
  Elena 
  I 
  K 
 
23005A 
  Vladik1 
  vladimirovna 
  Savi 
 
23006A 
  aziz 
  az 
  aziz 
 
23007A 
  Jason 
  Middle 
  Steitem 
 
23008A 
  Rammani 
  Chaulagain 
  Xina 
 
23009A 
  Elena 
  I 
  K 
 
23010A 
  Hello 
   
  World 
 
23011A 
  Hello 
   
  World 
 
23012A 
  Estela 
  A 
  Vazquez 
 
23013A 
  Sasha 
  Yos 
  Bereza 
 
23014A 
  Vladik1 
  vladimirovna 
  Savi 
 
23015A 
  Elena 
  I 
  K 
 
23016A 
  Emma 
  Rose 
  Thomas 
 
23017A 
  Update 
  made 
  has 
 
23018A 
  Estela 
  A 
  Vazquez 
 
23019A 
  Syntax 
  Instructor 
  API 
 
23020A 
  Danillo 
  Igor 
  Igor 
 
23021A 
  nami 
  navigator 
  swan 
 
23022A 
  Diego 
  Instractor 
  D 
 
23023A 
  Syntax 
  Instructor 
  API 
 
23024A 
  Saleem 
  Nasim 
  Sadat 
 
23025A 
  AnushaSyntax 
  hrms 
  API 
 
23026A 
  Bella 
  Bea 
  Be 
 
23027A 
  nami 
  navigator 
  swan 
 
23028A 
  aziz 
  az 
  aziz 
 
23029A 
  Katiechka 
  John 
  Yermakovushk 
 
23030A 
  AnushaSyntax 
  hrms 
  API 
 
23031A 
  Danillo 
  Igor 
  Igor 
 
23032A 
  Vladik1 
  vladimirovna 
  Savi 
 
23033A 
  aziz 
  az 
  aziz 
 
23034A 
  Moe 
  Jib 
  Kalouda 
 
23035A 
  Emma 
  Rose 
  Thomas 
 
23036A 
  Jason 
  Middle 
  Steitem 
 
23037A 
  Hello 
   
  World 
 
23038A 
  Estela 
  A 
  Vazquez 
 
23039A 
  JaneSmartGirl 
  Vladimirovna 
  Savi 
 
23040A 
  aziz 
  az 
  aziz 
 
23041A 
  Vladik1 
  vladimirovna 
  Savi 
 
23042A 
  syntaxUpdatedFirstName 
  syntaxUpdatedMiddleName 
  syntaxUpdatedLastName 
 
23043A 
  Rammani 
  Chaulagain 
  Xina 
 
23044A 
  Jason 
  The Second 
  Smith 
 
23045A 
  K 
  J 
  Y 
 
23046A 
  Olga 
  R 
  Simon 
 
23047A 
  arianna 
  castro 
  arii 
 
23048A 
  aziz 
  az 
  aziz 
 
23049A 
  Danillo 
  Igor 
  Igor 
 
23050A 
  Postman Update 
  Testing 
  Technolgy 
 
23051A 
  JaneSmartGirl 
  Vladimirovna 
  Savi 
 
23052A 
  azizullah 
  az 
  ayoubi 
 
23053A 
  syntaxUpdatedFirstName 
  syntaxUpdatedMiddleName 
  syntaxUpdatedLastName 
 
23054A 
  Estela 
  A 
  Vazquez 
 
23055A 
  Elena 
  Ivanovna 
  Kliukach 
 
23056A 
  syntaxUpdatedFirstName 
  syntaxUpdatedMiddleName 
  syntaxUpdatedLastName 
 
23057A 
  Moe 
  Jib 
  Kalouda 
 
23058A 
  Peter 
  N 
  Darii 
 
23059A 
  syntaxUpdatedFirstName 
  syntaxUpdatedMiddleName 
  syntaxUpdatedLastName 
 
23060A 
  Rammani 
  Chaulagain 
  Xina 
 
23061A 
  Stephan 
  Matus 
  Бацьковiч 
 
23062A 
  syntaxUpdatedFirstName 
  syntaxUpdatedMiddleName 
  syntaxUpdatedLastName 
 
23063A 
  Update 
  made 
  has 
 
23064A 
  Update 
  has been 
  made 
 
23065A 
  Stephan 
  Matus 
  Бацьковiч 
 
23066A 
  Anusha 
  noMiddlename 
  myLastname 
 
23067A 
  Pikachu 
  Pika 
  Chu 
 
23068A 
  Liam 
  Dan 
  Mart 
 
23069A 
  Anastasia 
  updated 
  Sineavscaia 
 
23070A 
  Emma 
  Rose 
  Thomas 
 
23071A 
  Ludmulaaa 
  ytythhgh 
  bnyt 
 
23073A 
  Sasha 
  Smart 
  Brainy 
 
23074A 
  Emma 
  Rose 
  Thomas 
 
23075A 
  John2255 
  Keith2255 
  Smith2255 
 
23076A 
  Stela 
  A 
  Vazquez 
 
23077A 
  Elena 
  Kliukach 
  Ivanovna 
 
23078A 
  updatedRumon 
  Hussain 
  Rumon 
 
23079A 
  Stela 
  A 
  Vazquez 
 
23080A 
  Anusha 
  noMiddlename 
  myLastname 
 
23081A 
  Sasha 
  Smart 
  Brainy 
 
23082A 
  Emma2 
  mi 
  last 
 
23083A 
  Little 
  Yeahh 
  John 
 
23084A 
  syntaxUpdatedFirstName 
  syntaxUpdatedMiddleName 
  syntaxUpdatedLastName 
 
23085A 
  syntaxUpdatedFirstName 
  syntaxUpdatedMiddleName 
  syntaxUpdatedLastName 
 
23086A 
  syntaxUpdatedFirstName 
  syntaxUpdatedMiddleName 
  syntaxUpdatedLastName 
 
23087A 
  Danillo 
  Igor 
  Igor 
 
23088A 
  Goku 
  Vegeta 
  Gohan 
 
23089A 
  Danillo 
  Igor 
  Igor 
 
23090A 
  syntaxUpdatedFirstName 
  syntaxUpdatedMiddleName 
  syntaxUpdatedLastName 
 
23091A 
  Tijana 
  Instructor 
  API 
 
23092A 
  Tijana 
  Instructor 
  API 
 
23093A 
  Syntax 
  Instructor 
  API 
 
23094A 
  syntaxUpdatedFirstName 
  syntaxUpdatedMiddleName 
  syntaxUpdatedLastName 
 
23095A 
  Vadim 
  Cropop 
  Vadimchenko 
 
23096A 
  Emma 
  Rose 
  Thomas 
 
23097A 
  Mark 
  Cropop 
  Mirko 
 
23098A 
  Emma 
  Rose 
  Thomas 
 
23099A 
  Emma 
  Rose 
  Thomas 
 
23100A 
  Emma 
  Rose 
  Thomas 
 
23101A 
  Emma 
  Rose 
  Thomas 
 
23102A 
  Emma 
  Rose 
  Thomas 
 
23103A 
  Emma 
  Rose 
  Thomas 
 
23104A 
  Emma 
  Rose 
  Thomas 
 
23105A 
  Emma 
  Rose 
  Thomas 
 
23106A 
  Update 
  has been 
  made 
 
23107A 
  Postman 
  Testing 
  Technolgy 
 
23108A 
  Syntax 
  Instructor 
  API 
 
23109A 
  Moe 
  Jib 
  Kalouda 
 
23110A 
  Syntax 
  Instructor 
  API 
 
23111A 
  Olg 
  R 
  Simon 
 
23112A 
  John1155 
  Keith1155 
  Smith1155 
 
23113A 
  Katiechka 
  Johnchik 
  Yermakovushk 
 
23114A 
  AnushaSyntax 
  hrms 
  API 
 
23115A 
  Syntax 
  Instructor 
  API 
 
23116A 
  Moe 
  Jib 
  Kalouda 
 
23117A 
  Katiechka 
  Johnchik 
  Yermakovushk 
 
23118A 
  Syntax 
  Instructor 
  API 
 
23119A 
  AnushaSyntax 
  hrms 
  API 
 
23120A 
  AnushaSyntax 
  hrms 
  API 
 
23121A 
  Saleem 
  Nasim 
  Sadat 
 
23122A 
  Moe 
  Jib 
  Kalouda 
 
23123A 
  Jason 
  Middle 
  Steitem 
 
23124A 
  Maggie 
  Mag 
  Sal 
 
23126A 
  Jason 
  Middle 
  Steitem 
 
23127A 
  Syntax 
  Instructor 
  API 
 
23128A 
  Saleem 
  Nasim 
  Sadat 
 
23129A 
  Jason 
  Middle 
  Steitem 
 
23130A 
  Anastasia 
   
  Sineavscaia 
 
23131A 
  Syntax 
  Instructor 
  API 
 
23132A 
  John1155 
  Keith1155 
  Smith1155 
 
23133A 
  Syntax 
  Instructor 
  API 
 
23134A 
  Gobia 
  Grom 
  Gellar 
 
23135A 
  Syntax 
  Instructor 
  API 
 
23136A 
  Olg 
  R 
  Simon 
 
23137A 
  Jason 
  Middle 
  Steitem 
 
23138A 
  Olg 
  R 
  Simon 
 
23139A 
  Grimpy 
  Samohue 
  Grampy 
 
23140A 
  Katiechka 
  Johnchik 
  Yermakovushk 
 
23141A 
  Ram 
  ram 
  ram 
 
23142A 
  Syntax 
  Instructor 
  API 
 
23143A 
  Syntax 
  Instructor 
  API 
 
23144A 
  aziz 
  az 
  aziz 
 
23145A 
  nami 
  navigator 
  swan 
 
23146A 
  Moe 
  Jib 
  Kalouda 
 
23147A 
  AnushaSyntax 
  hrms 
  API 
 
23148A 
  aziz 
  az 
  aziz 
 
23149A 
  Danillo 
  Igor 
  Igor 
 
23150A 
  Saleem 
  Nasim 
  Sadat 
 
23151A 
  Syntax 
  Instructor 
  API 
 
23152A 
  Danillo 
  Igor 
  Igor 
 
23153A 
  Takashi 
  Takumi 
  Murakami 
 
23154A 
  Syntax 
  Instructor 
  API 
 
23155A 
  Danillo 
  Igor 
  Igor 
 
23156A 
  Estela 
  A 
  Vazquez 
 
23157A 
  Saleem 
  Nasim 
  Sadat 
 
23158A 
  Syntax 
  Instructor 
  API 
 
23159A 
  Diego 
  Instractor 
  D 
 
23160A 
  Syntax 
  Instructor 
  API 
 
23161A 
  Ram 
  ram 
  ram 
 
23162A 
  Saleem 
  Nasim 
  Sadat 
 
23163A 
  Ram 
  ram 
  ram 
 
23164A 
  Syntax 
  Instructor 
  API 
 
23165A 
  Saleem 
  Nasim 
  Sadat 
 
23166A 
  stepan 
  Ivanovich 
  Ivanov 
 
23167A 
  Little 
  Carter 
  Wayne 
 
23168A 
  Saleem 
  Nasim 
  Sadat 
 
23169A 
  Syntax 
  Instructor 
  API 
 
23171A 
  Vladik1 
  vladimirovna 
  Savi 
 
23172A 
  Saleem 
  Nasim 
  Sadat 
 
23173A 
  Saleem 
  Nasim 
  Sadat 
 
23174A 
  Vladik1 
  vladimirovna 
  Savi 
 
23175A 
  Danillo 
  Igor 
  Igor 
 
23176A 
  Diego 
  Instractor 
  D 
 
23177A 
  Saleem 
  Nasim 
  Sadat 
 
23178A 
  Vladik1 
  vladimirovna 
  Savi 
 
23179A 
  stepan 
  Ivanovich 
  Ivanov 
 
23180A 
  Jason 
  Middle 
  Steitem 
 
23181A 
  Takashi 
  Takumi 
  Murakami 
 
23182A 
  Syntax 
  Instructor 
  API 
 
23183A 
  Syntax 
  Instructor 
  API 
 
23184A 
  Anastasia 
   
  Sineavscaia 
 
23185A 
  Moe 
  Jib 
  Kalouda 
 
23186A 
  Syntax 
  Instructor 
  API 
 
23187A 
  Estela 
  A 
  Vazquez 
 
23188A 
  Jason 
  Middle 
  Steitem 
 
23189A 
  Katiechka 
  Johnchik 
  Yermakovushk 
 
23190A 
  Jason 
  Middle 
  Steitem 
 
23191A 
  Jason 
  Middle 
  Steitem 
 
23192A 
  Jason 
  Middle 
  Steitem 
 
23193A 
  Syntax 
  Instructor 
  API 
 
23194A 
  Vladik1 
  vladimirovna 
  Savi 
 
23195A 
  Syntax 
  Instructor 
  API 
 
23196A 
  Moe 
  Jib 
  Kalouda 
 
23197A 
  Vladik1 
  vladimirovna 
  Savi 
 
23198A 
  Jason 
  Middle 
  Steitem 
 
23199A 
  Katiechka 
  Johnchik 
  Yermakovushk 
 
23200A 
  Syntax 
  Instructor 
  API 
 
23201A 
  Saleem 
  Nasim 
  Sadat 
 
23202A 
  Moe 
  Jib 
  Kalouda 
 
23203A 
  Takashi 
  Takumi 
  Murakami 
 
23204A 
  Jason 
  Middle 
  Steitem 
 
23205A 
  nami 
  navigator 
  swan 
 
23206A 
  Jason 
  Middle 
  Steitem 
 
23207A 
  Anastasia 
   
  Sineavscaia 
 
23208A 
  Jason 
  Middle 
  Steitem 
 
23209A 
  Jason 
  Middle 
  Steitem 
 
23210A 
  Tijana 
  Instructor 
  API 
 
23211A 
  Jason 
  Middle 
  Steitem 
 
23212A 
  Jason 
  Middle 
  Steitem 
 
23213A 
  Jason 
  Middle 
  Steitem 
 
23214A 
  Vladik1 
  vladimirovna 
  Savi 
 
23215A 
  Jason 
  Middle 
  Steitem 
 
17794 
  Yulia123 
  MS 
  Yulia456 
 
17795 
  Yulia123 
  MS 
  Yulia456 
 
23216A 
  syntaxUpdatedFirstName 
  syntaxUpdatedMiddleName 
  syntaxUpdatedLastName 
 
23217A 
  Jason 
  Middle 
  Steitem 
 
23218A 
  khlid 
  Hab 
  Saki 
 
23219A 
  Jason 
  Middle 
  Steitem 
 
23220A 
  Jason 
  Middle 
  Steitem 
 
23221A 
  Jason 
  Middle 
  Steitem 
 
23222A 
  Olg 
  R 
  Simon 
 
23223A 
  Syntax 
  Instructor 
  API 
 
23224A 
  AnushaSyntax 
  hrms 
  API 
 
23225A 
  Vladik1 
  vladimirovna 
  Savi 
 
23226A 
  Saleem 
  Nasim 
  Sadat 
 
23227A 
  Takashi 
  Takumi 
  Murakami 
 
23228A 
  Syntax 
  Instructor 
  API 
 
23229A 
  Olg 
  R 
  Simon 
 
23230A 
  nami 
  navigator 
  swan 
 
23231A 
  Moe 
  Jib 
  Kalouda 
 
23232A 
  John1155 
  Keith1155 
  Smith1155 
 
23233A 
  Syntax 
  Instructor 
  API 
 
23234A 
  Ram 
  ram 
  ram 
 
23235A 
  Olg 
  R 
  Simon 
 
23236A 
  AnushaSyntax 
  hrms 
  API 
 
23237A 
  Syntax 
  Instructor 
  API 
 
23238A 
  John1155 
  Keith1155 
  Smith1155 
 
23239A 
  Grimpy 
  Samohue 
  Grampy 
 
23240A 
  Jason 
  Middle 
  Steitem 
 
23241A 
  Katiechka 
  Johnchik 
  Yermakovushk 
 
23242A 
  Syntax 
  Instructor 
  API 
 
23243A 
  Jason 
  Middle 
  Steitem 
 
23244A 
  John1155 
  Keith1155 
  Smith1155 
 
23245A 
  Katiechka 
  Johnchik 
  Yermakovka 
 
23246A 
  Mark 
  Cropop 
  Mirko 
 
23247A 
  Jason 
  Middle 
  Steitem 
 
23248A 
  Grimpy 
  Samohue 
  Grampy 
 
23249A 
  AnushaSyntax 
  hrms 
  API 
 
23250A 
  Jason 
  Middle 
  Steitem 
 
23251A 
  Syntax 
  Instructor 
  API 
 
23252A 
  Anastasia 
   
  Sineavscaia 
 
23253A 
  aziz 
  az 
  aziz 
 
23254A 
  Danillo 
  Igor 
  Igor 
 
23255A 
  Syntax 
  Instructor 
  API 
 
23256A 
  Grimpy 
  Samohue 
  Grampy 
 
23257A 
  Postman 
  Testing 
  Technolgy 
 
23258A 
  Jason 
  Middle 
  Steitem 
 
23259A 
  aziz 
  az 
  aziz 
 
23260A 
  Danillo 
  Igor 
  Igor 
 
23261A 
  Postman 
  Testing 
  Technolgy 
 
23262A 
  Danillo 
  Igor 
  Igor 
 
23263A 
  Jason 
  Middle 
  Steitem 
 
23264A 
  Tijana 
  Instructor 
  API 
 
23265A 
  Jason 
  Middle 
  Steitem 
 
23266A 
  Grimpy 
  Samohue 
  Grampy 
 
23267A 
  Syntax 
  Instructor 
  API 
 
23268A 
  aziz 
  az 
  aziz 
 
23269A 
  Tijana 
  Instructor 
  API 
 
23270A 
  Syntax 
  Instructor 
  API 
 
23271A 
  Jason 
  Middle 
  Steitem 
 
23272A 
  aziz 
  az 
  aziz 
 
23273A 
  Syntax 
  Instructor 
  API 
 
23274A 
  aziz 
  az 
  aziz 
 
23275A 
  Jason 
  Middle 
  Steitem 
 
23276A 
  Jason 
  Middle 
  Steitem 
 
23277A 
  Grimpy 
  Samohue 
  Grampy 
 
23278A 
  Katiechka 
  Johnchik 
  Yermakovushk 
 
23279A 
  Katiechka 
  Johnchik 
  Yermakovushk 
 
23280A 
  Syntax 
  Instructor 
  API 
 
23281A 
  Tijana 
  Instructor 
  API 
 
23282A 
  aziz 
  az 
  aziz 
 
23283A 
  Syntax 
  Instructor 
  API 
 
23284A 
  T 
  Instructor 
  API 
 
23285A 
  Danillo 
  Igor 
  Igor 
 
23286A 
  Danillo 
  Igor 
  Igor 
 
23287A 
  aziz 
  az 
  aziz 
 
23288A 
  Katiechka 
  Johnchik 
  Yermakovushk 
 
23289A 
  Jason 
  Middle 
  Steitem 
 
23290A 
  Jeff 
  Matt 
  Hardy 
 
23291A 
  Danillo 
  Igor 
  Igor 
 
23292A 
  aziz 
  az 
  aziz 
 
23293A 
  aziz 
  az 
  aziz 
 
23294A 
  Danillo 
  Igor 
  Igor 
 
23295A 
  Danillo 
  Igor 
  Igor 
 
23296A 
  AnushaSyntax 
  hrms 
  API 
 
23297A 
  Danillo 
  Igor 
  Igor 
 
23298A 
  Danillo 
  Igor 
  Igor 
 
23299A 
  Danillo 
  Igor 
  Igor 
 
23300A 
  aziz 
  az 
  aziz 
 
23301A 
  aziz 
  az 
  aziz 
 
23302A 
  Jeff 
  Matt 
  Hardy 
 
23303A 
  Jeff 
  Matt 
  Hardy 
 
23304A 
  Danillo 
  Igor 
  Igor 
 
23305A 
  Rod 
  bod 
  Ascs 
 
23306A 
  Rod 
  bod 
  Ascs 
 
23307A 
  aziz 
  az 
  aziz 
 
23308A 
  Rod 
  bod 
  Ascs 
 
23309A 
  Danillo 
  Igor 
  Igor 
 
23310A 
  Danillo 
  Igor 
  Igor 
 
23311A 
  Ilyas 
  API 
  Dawlatzai 
 
23312A 
  Ilyas 
  API 
  Dawlatzai 
 
23313A 
  Ilyas 
  API 
  Dawlatzai 
 
23314A 
  Jeff 
  Matt 
  Hardy 
 
23315A 
  Updated 
  cruz 
  HOHO 
 
23316A 
  Danillo 
  Igor 
  Igor 
 
23317A 
  Syntax 
  Instructor 
  API 
 
23318A 
  Jeff 
  Matt 
  Hardy 
 
23319A 
  Jeff 
  Matt 
  Hardy 
 
23320A 
  Jeff 
  Matt 
  Hardy 
 
23321A 
  Jeff 
  Matt 
  Hardy 
 
23322A 
  Jeff 
  Matt 
  Hardy 
 
23323A 
  Jeff 
  Matt 
  Hardy 
 
23324A 
  Jeff 
  Matt 
  Hardy 
 
23325A 
  Jeff 
  Matt 
  Hardy 
 
23326A 
  Jeff 
  Matt 
  Hardy 
 
23327A 
  Jeff 
  Matt 
  Hardy 
 
23328A 
  Jeff 
  Matt 
  Hardy 
 
23329A 
  Jeff 
  Matt 
  Hardy 
 
23330A 
  Jeff 
  Matt 
  Hardy 
 
23331A 
  Jeff 
  Matt 
  Hardy 
 
23332A 
  Jeff 
  Matt 
  Hardy 
 
23333A 
  Jeff 
  Matt 
  Hardy 
 
23334A 
  Jeff 
  Matt 
  Hardy 
 
23335A 
  Jeff 
  Matt 
  Hardy 
 
23336A 
  Jeff 
  Matt 
  Hardy 
 
23337A 
  Jeff 
  Matt 
  Hardy 
 
23338A 
  Postman 
  Testings 
  Postman 
 
23339A 
  Postman 
  Testings 
  Postman 
 
23340A 
  Postman 
  Testings 
  Postman 
 
23341A 
  Amanullah 
  AM 
  Makh 
 
23342A 
  Danillo 
  Igor 
  Igor 
 
23343A 
  Danillo 
  Igor 
  Igor 
 
23344A 
  Danillo 
  Igor 
  Igor 
 
23345A 
  Danillo 
  Igor 
  Igor 
 
23346A 
  Danillo 
  Igor 
  Igor 
 
23347A 
  Danillo 
  Igor 
  Igor 
 
23348A 
  Danillo 
  Igor 
  Igor 
 
23349A 
  Danillo 
  Igor 
  Igor 
 
23350A 
  Danillo 
  Igor 
  Igor 
 
23351A 
  Danillo 
  Igor 
  Igor 
 
23352A 
  Postman 
  Testings 
  Postman 
 
23353A 
  Danillo 
  Igor 
  Igor 
 
23354A 
  Danillo 
  Igor 
  Igor 
 
23355A 
  Danillo 
  Igor 
  Igor 
 
23356A 
  Danillo 
  Igor 
  Igor 
 
23357A 
  Postman 
  Testing 
  Technolgy 
 
23358A 
  Danillo 
  Igor 
  Igor 
 
23359A 
  Postman 
  Testing 
  Technolgy 
 
23360A 
  Rest Assured 
  Testings 
  Postman 
 
23361A 
  Rest Assured 
  Testings 
  Postman 
 
23362A 
  Rest Assured 
  Testings 
  Postman 
 
23363A 
  Danillo 
  Igor 
  Igor 
 
23364A 
  Danillo 
  Igor 
  Igor 
 
23365A 
  Danillo 
  Igor 
  Igor 
 
23366A 
  Danillo 
  Igor 
  Igor 
 
23367A 
  Rest Assured 
  Testings 
  Postman 
 
23368A 
  Rest Assured 
  Testings 
  Postman 
 
23369A 
  Aman 
  AM 
  Makhdomi 
 
23370A 
  Rest Assured 
  Testings 
  Postman 
 
23371A 
  Rest Assured 
  Testings 
  Postman 
 
23372A 
  Rest Assured 
  Testings 
  Postman 
 
23373A 
  Rest Assured 
  Testings 
  Postman 
 
23374A 
  Danillo 
  Igor 
  Igor 
 
23375A 
  Postman 
  Testing 
  Technolgy 
 
23376A 
  Rest Assured 
  Testings 
  Postman 
 
23377A 
  Aman 
  AM 
  Makhdomi 
 
23378A 
  Rest Assured 
  Testings 
  Postman 
 
23379A 
  Rest Assured 
  Testings 
  Postman 
 
23380A 
  Danillo 
  Igor 
  Igor 
 
23381A 
  Danillo 
  Igor 
  Igor 
 
23382A 
  Danillo 
  Igor 
  Igor 
 
23383A 
  Danillo 
  Igor 
  Igor 
 
23384A 
  Danillo 
  Igor 
  Igor 
 
23385A 
  Rest Assured 
  Testings 
  Postman 
 
23386A 
  Rest Assured 
  Testings 
  Postman 
 
23387A 
  Rest Assured 
  Testings 
  Postman 
 
23388A 
  Rest Assured 
  Testings 
  Postman 
 
23389A 
  Rest Assured 
  Testings 
  Postman 
 
23390A 
  Rest Assured 
  Testings 
  Postman 
 
23391A 
  Rest Assured 
  Testings 
  Postman 
 
23392A 
  Rest Assured 
  Testings 
  Postman 
 
23393A 
  Rest Assured 
  Testings 
  Postman 
 
23394A 
  Rest Assured 
  Testings 
  Postman 
 
23395A 
  Rest Assured 
  Testings 
  Postman 
 
23396A 
  Rest Assured 
  Testings 
  Postman 
 
23397A 
  Rest Assured 
  Testings 
  Postman 
 
23398A 
  Rest Assured 
  Testings 
  Postman 
 
23399A 
  Jeff 
  Matt 
  Hardy 
 
23400A 
  Rest Assured 
  Testings 
  Postman 
 
23401A 
  Rest Assured 
  Testings 
  Postman 
 
23402A 
  Rest Assured 
  Testings 
  Postman 
 
23403A 
  Jeff 
  Matt 
  Hardy 
 
23404A 
  Postman 
  Testing 
  Technolgy 
 
23405A 
  Jeff 
  Matt 
  Hardy 
 
23406A 
  Jeff 
  Matt 
  Hardy 
 
23407A 
  Jeff 
  Matt 
  Hardy 
 
23408A 
  Jeff 
  Matt 
  Hardy 
 
23409A 
  Rest Assured 
  Testings 
  Postman 
 
23410A 
  Jeff 
  Matt 
  Hardy 
 
23411A 
  Jeff 
  Matt 
  Hardy 
 
23412A 
  Jeff 
  Matt 
  Hardy 
 
23413A 
  Jeff 
  Matt 
  Hardy 
 
23414A 
  kila 
  stebe 
  strozmg 
 
17796 
  Sedat 
  M2688 
  Peker 
 
17797 
  Sema 
  Mb65c 
  Poker 
 
23415A 
  arianna 
  castro 
  arii 
 
17798 
  Soslu 
  M5f 
  Kuru 
 
17799 
  Soslu 
  M31 
  Kuru 
 
17800 
  Soslu 
  M4c 
  Kuru 
 
17801 
  Soslu 
  M2c 
  Kuru 
 
23416A 
  Monia 
  Shonia 
  Jonia 
 
23417A 
  Sasha 
  Yos 
  Bereza 
 
23418A 
  ValeronYO 
  YOYOYO 
  Laston 
 
23419A 
  ValeronYO 
  YOYOYO 
  Laston 
 
23420A 
  ValeronYO 
  YOYOYO 
  Laston 
 
23421A 
  ValeronYO 
  YOYOYO 
  Laston 
 
23422A 
  ValeronYO 
  YOYOYO 
  Laston 
 
23423A 
  ValeronYO 
  YOYOYO 
  Laston 
 
23424A 
  Maxx 
  ssafd 
  Lldfgg 
 
23425A 
  ValeronYO 
  YOYOYO 
  Laston 
 
23426A 
  ValeronYO 
  YOYOYO 
  Laston 
 
23427A 
  ValeronYO 
  YOYOYO 
  Laston 
 
23428A 
  ValeronYO 
  YOYOYO 
  Laston 
 
23429A 
  ValeronYO 
  YOYOYO 
  Laston 
 
23431A 
  Raymond 
  Angelo 
  Soriano 
 
23432A 
  Raymond 
  Andrew 
  Soriano 
 
23433A 
  ValeronYO 
  YOYOYO 
  Laston 
 
23434A 
  ValeronYO 
  YOYOYO 
  Laston 
 
23435A 
  ValeronYO 
  YOYOYO 
  Laston 
 
23436A 
  Syntax 
  Instructor 
  API 
 
23437A 
  ValeronYO 
  YOYOYO 
  Laston 
 
23438A 
  Syntax 
  Instructor 
  API 
 
23439A 
  ValeronYO 
  YOYOYO 
  Laston 
 
23440A 
  aziz 
  az 
  aziz 
 
23441A 
  ValeronYO 
  YOYOYO 
  Laston 
 
23442A 
  aziz 
  az 
  aziz 
 
23443A 
  aziz 
  az 
  aziz 
 
23444A 
  aziz 
  az 
  aziz 
 
23445A 
  aziz 
  az 
  aziz 
 
23446A 
  aziz 
  az 
  aziz 
 
23447A 
  aziz 
  az 
  aziz 
 
23448A 
  aziz 
  az 
  aziz 
 
23449A 
  aziz 
  az 
  aziz 
 
23450A 
  aziz 
  az 
  aziz 
 
23451A 
  aziz 
  az 
  aziz 
 
23452A 
  aziz 
  az 
  aziz 
 
23453A 
  aziz 
  az 
  aziz 
 
23454A 
  aziz 
  az 
  aziz 
 
23455A 
  azizullah 
  az 
  ayoubi 
 
23456A 
  aziz 
  az 
  aziz 
 
23457A 
  aziz 
  az 
  aziz 
 
23458A 
  aziz 
  az 
  aziz 
 
23459A 
  aziz 
  az 
  aziz 
 
23460A 
  aziz 
  az 
  aziz 
 
23461A 
  aziz 
  az 
  aziz 
 
23462A 
  Sasha 
  Yos 
  Bereza 
 
23463A 
  Sasha 
  Yos 
  Bereza 
 
23464A 
  Sasha 
  Yos 
  Bereza 
 
23465A 
  Danillo 
  Igor 
  Igor 
 
23466A 
  Sasha 
  Yos 
  Bereza 
 
23467A 
  Vladik1 
  vladimirovna 
  Savi 
 
23468A 
  Sasha 
  Yos 
  Bereza 
 
23469A 
  Vladik1 
  vladimirovna 
  Savi 
 
23470A 
  Vladik1 
  vladimirovna 
  Savi 
 
23471A 
  Vladik1 
  vladimirovna 
  Savi 
 
23472A 
  Vladik1 
  vladimirovna 
  Savi 
 
23473A 
  Sasha 
  Yos 
  Bereza 
 
23474A 
  Sasha 
  Yos 
  Bereza 
 
23475A 
  aziz 
  az 
  aziz 
 
23476A 
  aziz 
  az 
  aziz 
 
23477A 
  aziz 
  az 
  aziz 
 
23478A 
  aziz 
  az 
  aziz 
 
23479A 
  Lagy 
  none 
  Gaga 
 
23480A 
  aziz 
  az 
  aziz 
 
23481A 
  Lagy 
  none 
  Gaga 
 
23482A 
  Lagy 
  none 
  Gaga 
 
23483A 
  Lagy 
  none 
  Gaga 
 
23484A 
  Lagy 
  none 
  Gaga 
 
23485A 
  Lagy 
  none 
  Gaga 
 
23486A 
  aziz 
  az 
  aziz 
 
23487A 
  Lagy 
  none 
  Gaga 
 
23489A 
  aziz 
  az 
  aziz 
 
23490A 
  aziz 
  az 
  aziz 
 
23491A 
  aziz 
  az 
  aziz 
 
23492A 
  aziz 
  az 
  aziz 
 
23493A 
  aziz 
  az 
  aziz 
 
23495A 
  aziz 
  az 
  aziz 
 
23496A 
  aziz 
  az 
  aziz 
 
23497A 
  aziz 
  az 
  aziz 
 
23498A 
  aziz 
  az 
  aziz 
 
23500A 
  aziz 
  az 
  aziz 
 
23501A 
  aziz 
  az 
  aziz 
 
23502A 
  aziz 
  az 
  aziz 
 
23503A 
  aziz 
  az 
  aziz 
 
23506A 
  Rasikh 
  habibi 
  Massoud 
 
23507A 
  Aman 
  AM 
  Makhdomi 
 
23508A 
  naween 
  Rasikh 
  Hab 
 
23509A 
  Aman 
  AM 
  Makhdomi 
 
23510A 
  Amanullah 
  AM 
  Makh 
 
23511A 
  Aman 
  AM 
  Makhdomi 
 
23512A 
  Ilyas 
  API 
  Dawlatzai 
 
23513A 
  Ilyas 
  API 
  Dawlatzai 
 
23514A 
  Ilyas 
  API 
  Dawlatzai 
 
23515A 
  Anusha 
  api 
  Restassured 
 
23516A 
  Ilyas 
  API 
  Dawlatzai 
 
23517A 
  Ilyas 
  API 
  Dawlatzai 
 
23518A 
  Ilyas 
  API 
  Dawlatzai 
 
23519A 
  Ilyas 
  API 
  Dawlatzai 
 
23520A 
  Ilyas 
  API 
  Dawlatzai 
 
23521A 
  Ilyas 
  API 
  Dawlatzai 
 
23522A 
  Ilyas 
  API 
  Dawlatzai 
 
23523A 
  Ilyas 
  API 
  Dawlatzai 
 
23524A 
  Ilyas 
  API 
  Dawlatzai 
 
23525A 
  Ilyas 
  API 
  Dawlatzai 
 
23526A 
  Upated 
  cruz 
  HooHO 
 
23527A 
  Ilyas 
  API 
  Dawlatzai 
 
23528A 
  Gulshoda 
  N/A 
  Kurbanbaeva 
 
23529A 
  syntaxUpdatedFirstName 
  syntaxUpdatedMiddleName 
  syntaxUpdatedLastName 
 
23530A 
  Syntax 
  Instructor 
  API 
 
23531A 
  Syntax 
  Instructor 
  API 
 
23532A 
  Syntax 
  Instructor 
  API 
 
23533A 
  Syntax 
  Instructor 
  API 
 
23534A 
  Stephanie J 
  G 
  Postman 
 
23536A 
  Syntax 
  Instructor 
  API 
 
23537A 
  Syntax 
  Instructor 
  API 
 
23538A 
  John 
  dd 
  Cina 
 
23539A 
  John 
  dd 
  Cina 
 
23540A 
  John 
  dd 
  Cina 
 
23541A 
  Stephanie 
  G 
  Postman 
 
23542A 
  Gulshoda 
  N/A 
  Kurbanbaeva 
 
23543A 
  Syntax 
  Instructor 
  API 
 
23544A 
  Stephanie API 
  J. 
  Postman 
 
23545A 
  Gulshoda 
  N/A 
  Kurbanbaeva 
 
23546A 
  Gulshoda 
  N/A 
  Kurbanbaeva 
 
23548A 
  Syntax 
  Instructor 
  API 
 
23549A 
  Syntax 
  Instructor 
  API 
 
23550A 
  Rammani 
  Chaulagain 
  xina 
 
23551A 
  Rammani 
  Chaulagain 
  xina 
 
23552A 
  Rammani 
  Chaulagain 
  xina 
 
23553A 
  Rammani 
  Chaulagain 
  xina 
 
23554A 
  Jare 
  Tyler 
  Russel 
 
23556A 
  Superman 
  Spiderman 
  Batman 
 
23557A 
  Bella 
  Bea 
  Be 
 
23558A 
  Superman 
  Spiderman 
  Batman 
 
23559A 
  AnushaSyntax 
  hrms 
  API 
 
23560A 
  AnushaSyntax 
  hrms 
  API 
 
23561A 
  AnushaSyntax 
  hrms 
  API 
 
23562A 
  AnushaSyntax 
  hrms 
  API 
 
23563A 
  AnushaSyntax 
  hrms 
  API 
 
23564A 
  AnushaSyntax 
  hrms 
  API 
 
23565A 
  AnushaSyntax 
  hrms 
  API 
 
23566A 
  AnushaSyntax 
  hrms 
  API 
 
23567A 
  Viktor 
  Stepanovich 
  Kliukach 
 
23568A 
  AnushaSyntax 
  hrms 
  API 
 
23569A 
  AnushaSyntax 
  hrms 
  API 
 
23570A 
  Viktor 
  Stepanovich 
  Kliukach 
 
23571A 
  Elena 
  I 
  K 
 
23572A 
  Viktor 
  Stepanovich 
  Kliukach 
 
23573A 
  Viktor 
  Stepanovich 
  Kliukach 
 
23574A 
  Viktor 
  Stepanovich 
  Kliukach 
 
23575A 
  Gulshoda 
  N/A 
  Kurbanbaeva 
 
23576A 
  Jared 
  Ty 
  Russell 
 
23577A 
  Jared 
  Ty 
  Russell 
 
23579A 
  Jared 
  Ty 
  Russell 
 
23580A 
  Jared 
  Ty 
  Russell 
 
23583A 
  Jared 
  Ty 
  Russell 
 
23586A 
  Jared 
  Ty 
  Russell 
 
23587A 
  Jared 
  Ty 
  Russell 
 
23588A 
  Viktor 
  Stepanovich 
  Kliukach 
 
23589A 
  Viktor 
  Stepanovich 
  Kliukach 
 
23590A 
  Viktor 
  Stepanovich 
  Kliukach 
 
23592A 
  Jared 
  Ty 
  Russell 
 
23594A 
  Jared 
  Ty 
  Russell 
 
23595A 
  AnushaSyntax 
  hrms 
  API 
 
23596A 
  AnushaSyntax 
  hrms 
  API 
 
23597A 
  AnushaSyntax 
  hrms 
  API 
 
23598A 
  AnushaSyntax 
  hrms 
  API 
 
23599A 
  AnushaSyntax 
  hrms 
  API 
 
23600A 
  AnushaSyntax 
  hrms 
  API 
 
23601A 
  AnushaSyntax 
  hrms 
  API 
 
23602A 
  Shah 
  A 
  Khan 
 
23603A 
  Shah 
  A 
  Khan 
 
23604A 
  Shah 
  A 
  Khan 
 
23605A 
  Shah 
  A 
  Khan 
 
23606A 
  Dash 
  A 
  Board 
 
23607A 
  Dash 
  A 
  Board 
 
23608A 
  Dash 
  A 
  Board 
 
23609A 
  Dash 
  A 
  Board 
 
23610A 
  Vl 
  n 
  Fackefffr 
 
23611A 
  VavlYO 
  YO123YO 
  Laston 
 
23612A 
  ValeronYO 
  YOYOYO 
  Laston 
 
23613A 
  Bella 
  Bea 
  Be 
 
23614A 
  ValeronYO 
  YOYOYO 
  Laston 
 
23615A 
  ValeronYO 
  YOYOYO 
  Laston 
 
23616A 
  ValeronYO 
  YOYOYO 
  Laston 
 
23617A 
  ValeronYO 
  YOYOYO 
  Laston 
 
23618A 
  ValeronYO 
  YOYOYO 
  Laston 
 
23619A 
  ValeronYO 
  YOYOYO 
  Laston 
 
23620A 
  ValeronYO 
  YOYOYO 
  Laston 
 
23621A 
  ValeronYO 
  YOYOYO 
  Laston 
 
23622A 
  ValeronYO 
  YOYOYO 
  Laston 
 
23623A 
  ValeronYO 
  YOYOYO 
  Laston 
 
23624A 
  ValeronYO 
  YOYOYO 
  Laston 
 
23625A 
  ValeronYO 
  YOYOYO 
  Laston 
 
23626A 
  ValeronYO 
  YOYOYO 
  Laston 
 
23627A 
  ValeronYO 
  YOYOYO 
  Laston 
 
23628A 
  ValeronYO 
  YOYOYO 
  Laston 
 
23629A 
  ValeronYO 
  YOYOYO 
  Laston 
 
23630A 
  ValeronYO 
  YOYOYO 
  Laston 
 
23631A 
  ValeronYO 
  YOYOYO 
  Laston 
 
23632A 
  ValeronYO 
  YOYOYO 
  Laston 
 
23633A 
  ValeronYO 
  YOYOYO 
  Laston 
 
23634A 
  Vl 
  n 
  Y 
 
23635A 
  Stephanie 
  G 
  Postman 
 
23636A 
  NewNewUpdate 
  none 
  Batch 
 
23637A 
  Stephanie 
  G 
  Postman 
 
23638A 
  Stephanie 
  G 
  Postman 
 
23639A 
  Stephanie 
  G 
  Postman 
 
23640A 
  Syntax 
  Ten 
  Batch 17 
 
23641A 
  Syntax 
  Ten 
  Batch 17 
 
23642A 
  Syntax 
  Ten 
  Batch 17 
 
23643A 
  Syntax 
  Ten 
  Batch 17 
 
23644A 
  ValeronYO 
  YOYOYO 
  Laston 
 
23645A 
  ValeronYO 
  YOYOYO 
  Laston 
 
23647A 
  aziz 
  az 
  aziz 
 
23648A 
  aziz 
  az 
  aziz 
 
23649A 
  Stephanie 
  G 
  Postman 
 
23650A 
  Stephanie 
  G 
  Postman 
 
23651A 
  Stephanie 
  G 
  Postman 
 
23652A 
  aziz 
  az 
  aziz 
 
23653A 
  Stephanie 
  G 
  Postman 
 
23654A 
  aziz 
  az 
  aziz 
 
23655A 
  ValeronYO 
  YOYOYO 
  Laston 
 
23656A 
  ValeronYO 
  YOYOYO 
  Laston 
 
23657A 
  ValeronYO 
  YOYOYO 
  Laston 
 
23658A 
  ValeronYO 
  YOYOYO 
  Laston 
 
23659A 
  ValeronYO 
  YOYOYO 
  Laston 
 
23660A 
  ValeronYO 
  YOYOYO 
  Laston 
 
23661A 
  ValeronYO 
  YOYOYO 
  Laston 
 
23662A 
  ValeronYO 
  YOYOYO 
  Laston 
 
23663A 
  ValeronYO 
  YOYOYO 
  Laston 
 
23664A 
  ValeronYO 
  YOYOYO 
  Laston 
 
23665A 
  ValeronYO 
  YOYOYO 
  Laston 
 
23666A 
  ValeronYO 
  YOYOYO 
  Laston 
 
23667A 
  ValeronYO 
  YOYOYO 
  Laston 
 
23668A 
  ValeronYO 
  YOYOYO 
  Laston 
 
23669A 
  ValeronYO 
  YOYOYO 
  Laston 
 
23670A 
  ValeronYO 
  YOYOYO 
  Laston 
 
23671A 
  ValeronYO 
  YOYOYO 
  Laston 
 
23672A 
  ValeronYO 
  YOYOYO 
  Laston 
 
23673A 
  ValeronYO 
  YOYOYO 
  Laston 
 
23674A 
  ValeronYO 
  YOYOYO 
  Laston 
 
23675A 
  ValeronYO 
  YOYOYO 
  Laston 
 
23676A 
  Vl 
  n 
  Y 
 
23677A 
  ValeronYO 
  YOYOYO 
  Laston 
 
23678A 
  ValeronYO 
  YOYOYO 
  Laston 
 
23679A 
  ValeronYO 
  YOYOYO 
  Laston 
 
23680A 
  ValeronYO 
  YOYOYO 
  Laston 
 
23681A 
  ValeronYO 
  YOYOYO 
  Laston 
 
23682A 
  ValeronYO 
  YOYOYO 
  Laston 
 
23683A 
  ValeronYO 
  YOYOYO 
  Laston 
 
23684A 
  ValeronYO 
  YOYOYO 
  Laston 
 
23685A 
  ValeronYO 
  YOYOYO 
  Laston 
 
23686A 
  ValeronYO 
  YOYOYO 
  Laston 
 
23687A 
  Syntax 
  Batch 
  Seven 
 
23688A 
  ValeronYO 
  YOYOYO 
  Laston 
 
23689A 
  Syntax 
  Batch 
  Seven 
 
23690A 
  Syntax 
  Batch 
  Seven 
 
23691A 
  John 
  dd 
  Cina 
 
23692A 
  John 
  dd 
  Cina 
 
23693A 
  John 
  dd 
  Cina 
 
23694A 
  Stephanie 
  G 
  Postman 
 
23695A 
  Stephanie 
  G 
  Postman 
 
23696A 
  arianna 
  castro 
  arii 
 
23697A 
  arianna 
  castro 
  arii 
 
23698A 
  John 
  dd 
  Cina 
 
23699A 
  Raymond 
  Andrew 
  Soriano 
 
23700A 
  John 
  dd 
  Cina 
 
23701A 
  John 
  dd 
  Cina 
 
23702A 
  John 
  dd 
  Cina 
 
23703A 
  John 
  dd 
  Cina 
 
23704A 
  John 
  dd 
  Cina 
 
23705A 
  John 
  dd 
  Cina 
 
23706A 
  John 
  dd 
  Cina 
 
23707A 
  John 
  dd 
  Cina 
 
23708A 
  John 
  dd 
  Cina 
 
23709A 
  John 
  dd 
  Cina 
 
23710A 
  John 
  dd 
  Cina 
 
23711A 
  John 
  dd 
  Cina 
 
23712A 
  John 
  dd 
  Cina 
 
23713A 
  John 
  dd 
  Cina 
 
23714A 
  Jeff 
  Matt 
  Hardy 
 
23715A 
  Jeff 
  Matt 
  Hardy 
 
23716A 
  Jeff 
  Matt 
  Hardy 
 
23717A 
  Jeff 
  Matt 
  Hardy 
 
23718A 
  Jeff 
  Matt 
  Hardy 
 
23719A 
  Jeff 
  Matt 
  Hardy 
 
23720A 
  Jeff 
  Matt 
  Hardy 
 
23721A 
  Jeff 
  Matt 
  Hardy 
 
23722A 
  Jeff 
  Matt 
  Hardy 
 
23723A 
  Stephanie 
  G 
  Postman 
 
23724A 
  Stephanie 
  G 
  Postman 
 
23725A 
  Stephanie 
  G 
  Postman 
 
23726A 
  Stephanie 
  G 
  Postman 
 
23727A 
  Stephanie 
  G 
  Postman 
 
23728A 
  Stephanie 
  G 
  Postman 
 
23729A 
  Stephanie 
  G 
  Postman 
 
23730A 
  Stephanie 
  G 
  Postman 
 
23731A 
  Stephanie 
  G 
  Postman 
 
23732A 
  ValeronYO 
  YOYOYO 
  Laston 
 
23733A 
  ValeronYO 
  YOYOYO 
  Laston 
 
23734A 
  ValeronYO 
  YOYOYO 
  Laston 
 
23735A 
  ValeronYO 
  YOYOYO 
  Laston 
 
23736A 
  Syntax 
  Batch 
  Seven 
 
23737A 
  Syntax 
  Batch 
  Seven 
 
23738A 
  Vl 
  n 
  Y 
 
23739A 
  Tyler 
  Ty 
  Russell 
 
23741A 
  ValeronYO 
  YOYOYO 
  Laston 
 
23742A 
  Tyler 
  Ty 
  Russell 
 
23743A 
  Ty 
  jar 
  Russell 
 
23744A 
  Jeff 
  Matt 
  Hardy 
 
23745A 
  ValeronYO 
  YOYOYO 
  Laston 
 
23746A 
  Vl 
  n 
  Y 
 
23748A 
  Moe 
  Jib 
  Kalouda 
 
23749A 
  Jeff 
  Matt 
  Hardy 
 
23750A 
  Jeff 
  Matt 
  Hardy 
 
23751A 
  Updated 
  Syntax 
  Name 
 
23752A 
  Updated 
  Syntax 
  Name 
 
23753A 
  Jeff 
  Matt 
  Hardy 
 
23754A 
  Jeff 
  Matt 
  Hardy 
 
23755A 
  Tyle 
  Ty 
  Russell 
 
23756A 
  Updated 
  Syntax 
  Name 
 
23757A 
  Updated 
  Syntax 
  Name 
 
23758A 
  Tyle 
  Ty 
  Russell 
 
23759A 
  Moe 
  Jib 
  Kalouda 
 
23760A 
  Moe 
  Jib 
  Kalouda 
 
23761A 
  Emma 
  Rose 
  Thomas 
 
23762A 
  Emma 
  Rose 
  Thomas 
 
23763A 
  Emma 
  Rose 
  Thomas 
 
23764A 
  Rammani 
  Chaulagain 
  xina 
 
23765A 
  Superman 
  Spiderman 
  Batman 
 
23766A 
  Superman 
  Spiderman 
  Batman 
 
23767A 
  Emma 
  Rose 
  Thomas 
 
23768A 
  Emma 
  Rose 
  Thomas 
 
23769A 
  Emma 
  Rose 
  Thomas 
 
23770A 
  Emma 
  Rose 
  Thomas 
 
23771A 
  Ram 
  ram 
  ram 
 
23772A 
  Ram 
  ram 
  ram 
 
23773A 
  Rammani 
  Chaulagain 
  xina 
 
23774A 
  Rammani 
  Chaulagain 
  xina 
 
23775A 
  Rammani 
  Chaulagain 
  xina 
 
23776A 
  Anton 
  nhhh 
  Y 
 
23777A 
  Antonio00 
  n 
  Miso 
 
23778A 
  Syntax 
  Instructor 
  API 
 
23779A 
  Syntax 
  Instructor 
  API 
 
23780A 
  Syntax 
  Instructor 
  API 
 
23781A 
  Rammani 
  Chaulagain 
  xina 
 
23782A 
  Ram 
  Xina 
  Chaulagain 
 
23783A 
  Rammani 
  Chaulagain 
  xina 
 
23784A 
  Antonio 
  n 
  Miso 
 
23785A 
  AnushaSyntax 
  hrms 
  API 
 
23786A 
  Kamil 
   
  Gabidullin 
 
23787A 
  Rammani 
  Chaulagain 
  xina 
 
23788A 
  Rammani 
  Chaulagain 
  xina 
 
23789A 
  Rammani 
  Chaulagain 
  xina 
 
23790A 
  AnushaSyntax 
  hrms 
  API 
 
23791A 
  Rest Assured 
  Testings 
  Postman 
 
23792A 
  Rest Assured 
  Testings 
  Postman 
 
23793A 
  Postman 
  Testing 
  Technolgy 
 
17802 
  Soslu 
  M90 
  Kuru 
 
17803 
  Soslu 
  M6c 
  Kuru 
 
23794A 
  Rest Assured 
  Testings 
  Postman 
 
17804 
  Soslu 
  Mcd 
  Kuru 
 
17805 
  Soslu 
  M80 
  Kuru 
 
17806 
  Soslu 
  M5b 
  Kuru 
 
23795A 
  Rest Assured 
  Testings 
  Postman 
 
23796A 
  Rest Assured 
  Testings 
  Postman 
 
23797A 
  Rest Assured 
  Testings 
  Postman 
 
23798A 
  Rest Assured 
  Testings 
  Postman 
 
23799A 
  Jack 
  Mc 
  Sandenmann 
 
23800A 
  Jack 
  Mc 
  Sandenmann 
 
23801A 
  Jack 
  Mc 
  Sandenmann 
 
23802A 
  Jack 
  Mc 
  Sandenmann 
 
23803A 
  Rest Assured 
  Testings 
  Postman 
 
23804A 
  Jack 
  Mc 
  Sandenmann 
 
23805A 
  Jack 
  Mc 
  Sandenmann 
 
23806A 
  Jack 
  Mc 
  Sandenmann 
 
23807A 
  Jack 
  Mc 
  Sandenmann 
 
23808A 
  Jack 
  Mc 
  Sandenmann 
 
23809A 
  Jack 
  Mc 
  Sandenmann 
 
23810A 
  Jack 
  Mc 
  Sandenmann 
 
23811A 
  Rest Assured 
  Testings 
  Postman 
 
23812A 
  Rest Assured 
  Testings 
  Postman 
 
23813A 
  Rest Assured 
  Testings 
  Postman 
 
23814A 
  NotJack 
  Mc 
  Sandenmann 
 
23815A 
  NotJack 
  Mc 
  Sandenmann 
 
23816A 
  NotJack 
  Mc 
  Sandenmann 
 
23817A 
  NotJackAgain 
  Mc 
  Sandenmann 
 
23818A 
  NotJackAgain 
  Mc 
  Sandenmann 
 
23819A 
  NotJackAgain 
  Mc 
  Sandenmann 
 
23820A 
  Rest Assured 
  Testings 
  Postman 
 
23821A 
  Rest Assured 
  Testings 
  Postman 
 
23822A 
  Rest Assured 
  Testings 
  Postman 
 
23823A 
  NotJackAgain 
  Mc 
  Sandenmann 
 
23824A 
  Postman 
  Technolgy 
  Testing 
 
23825A 
  Postman 
  Technolgy 
  Testing 
 
23826A 
  Postman 
  Technolgy 
  Testing 
 
17807 
  Yulia123 
  MS 
  Yulia456 
 
17808 
  Yulia123 
  MS 
  Yulia456 
 
17809 
  Yulia123 
  MS 
  Yulia456 
 
23827A 
  Olg 
  R 
  Simon 
 
23828A 
  Olg 
  R 
  Simon 
 
23829A 
  Gulshoda 
  N/A 
  Kurbanbaeva 
 
23830A 
  Olg 
  R 
  Simon 
 
23831A 
  Olg 
  R 
  Simon 
 
17810 
  Yulia123 
  MS 
  Yulia456 
 
23832A 
  ValeronYO 
  YOYOYO 
  Laston 
 
23833A 
  Antonio 
  n 
  Miso 
 
17811 
  Yulia123 
  MS 
  Yulia456 
 
23835A 
  Kamil 
  Mc 
  Gabidullin 
 
23836A 
  Kamil 
  Mc 
  Gabidullin 
 
17812 
  Yulia123 
  MS 
  Yulia456 
 
23837A 
  Kamil 
  Mc 
  Gabidullin 
 
23838A 
  Kamil 
  Mc 
  Gabidullin 
 
23839A 
  Kamil 
  Mc 
  Gabidullin 
 
23840A 
  Kamil 
  Mc 
  Gabidullin 
 
23841A 
  Kamil 
  Mc 
  Gabidullin 
 
23842A 
  Kamil 
  Mc 
  Gabidullin 
 
23843A 
  Kamil 
  Mc 
  Gabidullin 
 
23844A 
  newKamil 
  Mc 
  Gabidullin 
 
23845A 
  Kamil 
  Mc 
  Gabidullin 
 
23846A 
  Kamil 
  Mc 
  Gabidullin 
 
23847A 
  newKamil 
  Mc 
  Gabidullin 
 
23848A 
  newKamil 
  Mc 
  Gabidullin 
 
23849A 
  Syntax 
  Instructor 
  API 
 
23850A 
  Syntax 
  Instructor 
  API 
 
23851A 
  newKamil 
  Mc 
  Gabidullin 
 
23852A 
  newKamil 
  Mc 
  Gabidullin 
 
23853A 
  newKamil 
  Mc 
  Gabidullin 
 
17813 
  Yulia123 
  MS 
  Yulia456 
 
17814 
  Yulia123 
  MS 
  Yulia456 
 
23854A 
  aziz 
  az 
  aziz 
 
23855A 
  aziz 
  az 
  aziz 
 
23856A 
  aziz 
  az 
  aziz 
 
23857A 
  aziz 
  az 
  aziz 
 
23859A 
  Katiechka 
  Johnchik 
  Yermakovushk 
 
23861A 
  Katiechka 
  Johnchik 
  Yermakovushk 
 
23862A 
  Estela 
  A 
  Vazquez 
 
23863A 
  Estela 
  A 
  Vazquez 
 
23864A 
  Estela 
  A 
  Vazquez 
 
23865A 
  Estela 
  A 
  Vazquez 
 
23866A 
  Estela 
  A 
  Vazquez 
 
23867A 
  Syntax 
  Instructor 
  API 
 
17815 
  Yulia123 
  MS 
  Yulia456 
 
23868A 
  John 
  dd 
  Cina 
 
17816 
  Yulia123 
  MS 
  Yulia456 
 
23869A 
  aziz 
  az 
  aziz 
 
23870A 
  John1155 
  Keith1155 
  Smith1155 
 
17817 
  Yulia123 
  MS 
  Yulia456 
 
17818 
  Jack123 
  Keith123 
  Smith123 
 
17819 
  Yulia123 
  MS 
  Yulia456 
 
17820 
  Yulia123 
  MS 
  Yulia456 
 
17821 
  Yulia123 
  MS 
  Yulia456 
 
23871A 
  Syntax 
  Instructor 
  API 
 
17822 
  Yulia123 
  MS 
  Yulia456 
 
17823 
  Nelson1234 
  MS 
  MS1234 
 
17824 
  Yulia123 
  MS 
  Yulia456 
 
17825 
  Test1212 
  MS 
  Test7654 
 
17826 
  Yulia123 
  MS 
  Yulia456 
 
17827 
  Yulia123 
  MS 
  Yulia456 
 
17828 
  Yulia123 
  MS 
  Yulia456 
 
17829 
  Jack123 
  Keith123 
  Smith123 
 
17830 
  Yulia123 
  MS 
  Yulia456 
 
17831 
  Yuliya 
  MS 
  Yuliya 
 
17832 
  Yulia123 
  MS 
  Yulia456 
 
17833 
  Yulia123 
  MS 
  Yulia456 
 
17834 
  Yuliya 
  MS 
  Yuliya 
 
17835 
  Yulia123 
  MS 
  Yulia456 
 
17836 
  Jack123 
  Keith123 
  Smith123 
 
17837 
  Yulia123 
  MS 
  Yulia456 
 
17838 
  Yulia123 
  MS 
  Yulia456 
 
17839 
  Yulia123 
  MS 
  Yulia456 
 
17840 
  Yulia123 
  MS 
  Yulia456 
 
23872A 
  Look 
  Watch 
  See 
 
17841 
  Yulia123 
  MS 
  Yulia456 
 
17842 
  Yulia123 
  MS 
  Yulia456 
 
17843 
  Yulia123 
  MS 
  Yulia456 
 
17844 
  Yulia123 
  MS 
  Yulia456 
 
23873A 
  Look 
  Watch 
  See 
 
23874A 
  Look 
  Watch 
  See 
 
23875A 
  Look 
  Watch 
  See 
 
23876A 
  Look 
  Watch 
  See 
 
23877A 
  Look 
  Watch 
  See 
 
23878A 
  Look 
  Watch 
  See 
 
23879A 
  Look 
  Watch 
  See 
 
23880A 
  Look 
  Watch 
  See 
 
23881A 
  Look 
  Watch 
  See 
 
23882A 
  Look 
  Watch 
  See 
 
23883A 
  Kamil 
   
  Gabidullin 
 
17845 
  Nelson1234 
  MS 
  MS1234 
 
17846 
  Yulia123 
  MS 
  Yulia456 
 
17847 
  Test123456 
  MS 
  Test9876 
 
17848 
  Test1212 
  MS 
  Test7654 
 
17849 
  Test3232 
  MS 
  Test5454 
 
23884A 
  aziz 
  az 
  aziz 
 
23885A 
  aziz 
  az 
  aziz 
 
23886A 
  aziz 
  az 
  aziz 
 
23887A 
  Kamil 
   
  Gabidullin 
 
23888A 
  aziz 
  az 
  aziz 
 
17850 
  Yulia123 
  MS 
  Yulia456 
 
17851 
  Anusha123 
  SQL 
  Anusha456 
 
17852 
  Anusha123 
  SQL 
  Anusha456 
 
17854 
  Anusha123 
  SQL 
  Anusha456 
 
17855 
  fasdfdsaffff 
  afsdfd 
  afasdfsadf 
 
17856 
  Yulia123 
  MS 
  Yulia456 
 
23889A 
  aziz 
  az 
  aziz 
 
17858 
  Soslu 
  M0c 
  Kuru 
 
17859 
  Nelson123 
  MS 
  MS123 
 
17860 
  Test54321 
  MSS 
  Test14567 
 
17861 
  Test0987 
  Mss 
  Test0987 
 
17862 
  Test89076 
  Mss 
  Test6574 
 
17863 
  Aziz12345 
  az 
  Aziz654321 
 
17864 
  sohile4321 
  so 
  sohil54321 
 
17865 
  sohile43213 
  so1 
  sohil5432145 
 
17866 
  Anusha0909 
  test9 
  anushatest 
 
17867 
  Yanci1010 
  test9 
  yancitest 
 
17868 
  Bryan3838 
  test9 
  bryantest 
 
17869 
  Yulia123 
  MS 
  Yulia456 
 
17870 
  Yulia123 
  MS 
  Yulia456 
 
17871 
  Sema 
  M11d7 
  Poker 
 
23890A 
  John1155 
  Keith1155 
  Smith1155 
 
17872 
  Yulia1234 
  MSS 
  Yulia4564 
 
17873 
  Jon0404 
  MS 
  US 
 
17874 
  Jack0404 
  MS 
  US 
 
17875 
  MS0909 
  MS 
  US 
 
17876 
  Jon0404 
  MS 
  US 
 
17877 
  Jack0404 
  MS 
  US 
 
17878 
  MS0909 
  MS 
  US 
 
17879 
  Jon0404 
  MS 
  US 
 
17880 
  Jack0404 
  MS 
  US 
 
17881 
  MS0909 
  MS 
  US 
 
17882 
  Jon0404 
  MS 
  US 
 
17883 
  Jack0404 
  MS 
  US 
 
17884 
  MS0909 
  MS 
  US 
 
23891A 
  KamilyetAnotherkamil 
  Mc 
  Gabidullin 
 
23892A 
  Ilyas 
  API 
  Dawlatzai 
 
23893A 
  Syntax 
  Instructor 
  API 
 
23894A 
  Syntax 
  Instructor 
  API 
 
23895A 
  naween 
  Hab 
  Rasikh 
 
23896A 
  naween 
  Hab 
  Rasikh 
 
23897A 
  Syntax 
  Instructor 
  API 
 
23898A 
  Syntax 
  Instructor 
  API 
 
17885 
  Yulia123 
  MS 
  Yulia456 
 
17886 
  Yulia123 
  MS 
  Yulia456 
 
17887 
  Yulia123 
  MS 
  Yulia456 
 
17888 
  Yulia123 
  MS 
  Yulia456 
 
17889 
  Yulia123 
  MS 
  Yulia456 
 
17890 
  Yulia123 
  MS 
  Yulia456 
 
17891 
  Yulia123 
  MS 
  Yulia456 
 
17892 
  Yulia123 
  MS 
  Yulia456 
 
17893 
  Yulia123 
  MS 
  Yulia456 
 
17894 
  Yulia123 
  MS 
  Yulia456 
 
23899A 
  Monia 
  Shonia 
  Jonia 
 
23900A 
  Monia 
  Shonia 
  Jonia 
 
23901A 
  Monia 
  Shonia 
  Jonia 
 
23902A 
  Monia 
  Shonia 
  Jonia 
 
23903A 
  Monia 
  Shonia 
  Jonia 
 
23904A 
  Monia 
  Shonia 
  Jonia 
 
23905A 
  Monia 
  Shonia 
  Jonia 
 
23906A 
  Monia 
  Shonia 
  Jonia 
 
23907A 
  Monia 
  Shonia 
  Jonia 
 
23908A 
  Monia 
  Shonia 
  Jonia 
 
23909A 
  Monia 
  Shonia 
  Jonia 
 
23910A 
  Monia 
  Shonia 
  Jonia 
 
23911A 
  Monia 
  Shonia 
  Jonia 
 
23912A 
  Monia 
  Shonia 
  Jonia 
 
23913A 
  Monia 
  Shonia 
  Jonia 
 
23914A 
  Monia 
  Shonia 
  Jonia 
 
23915A 
  Monia 
  Shonia 
  Jonia 
 
23916A 
  Monia 
  Shonia 
  Jonia 
 
23917A 
  Monia 
  Shonia 
  Jonia 
 
23918A 
  Monia 
  Shonia 
  Jonia 
 
23919A 
  Monia 
  Shonia 
  Jonia 
 
23920A 
  Monia 
  Shonia 
  Jonia 
 
23921A 
  Monia 
  Shonia 
  Jonia 
 
23922A 
  Monia 
  Shonia 
  Jonia 
 
23923A 
  Monia 
  Shonia 
  Jonia 
 
23924A 
  Monia 
  Shonia 
  Jonia 
 
23925A 
  aziz 
  az 
  aziz 
 
17895 
  Yuliya 
  MS 
  Yuliya 
 
23926A 
  rwerwerw 
  wertyuytujerer 
  sfsdfdsfsdfsdfsdf 
 
23927A 
  Syntax 
  Instructor 
  API 
 
23928A 
  rwerwerw 
  wertyuytujerer 
  sfsdfdsfsdfsdfsdf 
 
23929A 
  rwerwerw 
  wertyuytujerer 
  sfsdfdsfsdfsdfsdf 
 
23930A 
  Superman 
  Spiderman 
  Batman 
 
17896 
  Yulia1234 
  MSS 
  Yulia4564 
 
17897 
  Yulia123 
  MS 
  Yulia456 
 
17898 
  Yulia123 
  MS 
  Yulia456 
 
17899 
  Yulia123 
  MS 
  Yulia456 
 
23931A 
  aziz 
  az 
  aziz 
 
17900 
  Yulia123 
  MS 
  Yulia456 
 
17901 
  Yulia123 
  MS 
  Yulia456 
 
17902 
  Yulia123 
  MS 
  Yulia456 
 
23932A 
  Mounia 
  NA 
  Id 
 
23933A 
  Mounia 
  NA 
  Id 
 
17903 
  John 
   
  Smith 
 
23934A 
  Mounia 
  NA 
  Id 
 
23935A 
  Mounia 
  NA 
  Id 
 
23936A 
  Mounia 
  NA 
  Id 
 
23937A 
  nami 
  navigator 
  swan 
 
23938A 
  Takashi 
  Takumi 
  Murakami 
 
23939A 
  Ilyas 
  API 
  Dawlatzai 
 
23940A 
  Ilyas 
  API 
  Dawlatzai 
 
23941A 
  Ilyas 
  API 
  Dawlatzai 
 
23942A 
  Ilyas 
  API 
  Dawlatzai 
 
23943A 
  Ilyas 
  API 
  Dawlatzai 
 
23944A 
  Ilyas 
  API 
  Dawlatzai 
 
23945A 
  Ilyas 
  API 
  Dawlatzai 
 
23946A 
  Ilyas 
  API 
  Dawlatzai 
 
17904 
  Yulia123 
  MS 
  Yulia456 
 
17905 
  Yulia123 
  MS 
  Yulia456 
 
23947A 
  Stephanie 
  G 
  Postman 
 
23948A 
  Monia 
  Shonia 
  Jonia 
 
23949A 
  Ilyas 
  API 
  Dawlatzai 
 
17906 
  Yulia123 
  MS 
  Yulia456 
 
17907 
  Yulia123 
  MS 
  Yulia456 
 
17908 
  Yulia123 
  MS 
  Yulia456 
 
17909 
  Yulia123 
  MS 
  Yulia456 
 
23950A 
  Monia 
  Shonia 
  Jonia 
 
23951A 
  Monia 
  Shonia 
  Jonia 
 
23952A 
  Monia 
  Shonia 
  Jonia 
 
17910 
  Yulia123 
  MS 
  Yulia456 
 
23953A 
  Monia 
  Shonia 
  Jonia 
 
23954A 
  Monia 
  Shonia 
  Jonia 
 
23955A 
  Monia 
  Shonia 
  Jonia 
 
23956A 
  Monia 
  Shonia 
  Jonia 
 
23957A 
  Tupac 
  Quola 
  Shakur 
 
23958A 
  Monia 
  Shonia 
  Jonia 
 
23959A 
  Monia 
  Shonia 
  Jonia 
 
23960A 
  Monia 
  Shonia 
  Jonia 
 
23961A 
  Tupac 
  Quola 
  Shakur 
 
23962A 
  Sasha 
  Yos 
  Bereza 
 
17911 
  Yarina123 
  MS 
  Yarina456 
 
17912 
  Yarina123 
  MS 
  Yarina456 
 
17913 
  Yarina123 
  MS 
  Yarina456 
 
17914 
  Yarina123 
  MS 
  Yarina456 
 
17915 
  Yulia123 
  MS 
  Yulia456 
 
17916 
  Yulia123 
  MS 
  Yulia456 
 
17917 
  Yulia123 
  MS 
  Yulia456 
 
17918 
  Yulia123 
  MS 
  Yulia456 
 
17919 
  Ty 
  test9 
  Russell 
 
17920 
  Zack 
  test 
  Sawyer 
 
17921 
  Ty-01 
  New 
  Test 
 
17922 
  Zack-01 
  New 
  Test 
 
17923 
  Yulia123 
  MS 
  Yulia456 
 
17924 
  Yulia123 
  MS 
  Yulia456 
 
17925 
  Yulia123 
  MS 
  Yulia456 
 
17926 
  Yulia123 
  MS 
  Yulia456 
 
17927 
  Yulia123 
  MS 
  Yulia456 
 
23963A 
  aziz 
  az 
  aziz 
 
17928 
  Yulia123 
  MS 
  Yulia456 
 
17929 
  Nelson123 
  MS 
  Smith12 
 
17930 
  Jack123 
  Keith123 
  Smith123 
 
17931 
  Yulia123 
  MS 
  Yulia456 
 
17932 
  Yulia123 
  MS 
  Yulia456 
 
17933 
  Yulia123 
  MS 
  Yulia456 
 
23964A 
  Jason 
  Middle 
  Steitem 
 
23965A 
  Jason 
  Middle 
  Steitem 
 
23966A 
  Stephanie 
  G 
  Postman 
 
23967A 
  Olg 
  R 
  Simon 
 
23968A 
  Saleem 
  Nasim 
  Sadat 
 
23969A 
  Syntax 
  Instructor 
  API 
 
23970A 
  Mark 
  Cropop 
  Mirko 
 
23971A 
  Emma 
  Rose 
  Thomas 
 
23972A 
  khadija11 
  Hab 
  Rasikh 
 
23973A 
  Postman 
  Testing 
  Technolgy 
 
23974A 
  Syntax 
  Instructor 
  API 
 
23975A 
  Jason 
  Middle 
  Statham 
 
23976A 
  Estela 
  A 
  Vazquez 
 
23977A 
  Viktor 
  Stepanovich 
  Kliukach 
 
23978A 
  Sasha 
  Yos 
  Bereza 
 
23979A 
  aziz 
  az 
  aziz 
 
23980A 
  Syntax 
  Instructor 
  API 
 
23981A 
  John1155 
  Keith1155 
  Smith1155 
 
23982A 
  Rammani 
  xina 
  Chaulagain 
 
23983A 
  Jason 
  Middle 
  Steitem 
 
23984A 
  Estela 
  A 
  Vazquez 
 
23985A 
  Jason 
  Middle 
  Steitem 
 
23986A 
  AnushaSyntax 
  hrms 
  API 
 
23987A 
  Estela 
  A 
  Vazquez 
 
23988A 
  Grimpy 
  Samohue 
  Grampy 
 
23989A 
  Takashi 
  Takumi 
  Murakami 
 
23990A 
  stepan 
  Ivanovich 
  Ivanov 
 
23991A 
  Syntax 
  Instructor 
  API 
 
23992A 
  Syntax 
  Instructor 
  API 
 
17934 
  Yulia123 
  MS 
  Yulia456 
 
17935 
  Yulia123 
  MS 
  Yulia456 
 
23993A 
  stepan 
  Ivanovich 
  Ivanov 
 
23994A 
  Anastasia 
   
  Sineavscaia 
 
23995A 
  stepan 
  Ivanovich 
  Ivanov 
 
23996A 
  Syntax 
  Instructor 
  API 
 
23997A 
  Stephanie 
  G 
  Postman 
 
23998A 
  Syntax 
  Instructor 
  API 
 
23999A 
  Anastasia 
   
  Sineavscaia 
 
24000A 
  Saleem 
  Nasim 
  Sadat 
 
24001A 
  Syntax 
  Instructor 
  API 
 
24002A 
  Anastasia 
  AS 
  Sineavscaia 
 
24003A 
  Syntax 
  Instructor 
  API 
 
24004A 
  Stephanie 
  G 
  Postman 
 
24005A 
  Anastasia 
  AS 
  Sineavscaia 
 
24006A 
  aziz 
  az 
  aziz 
 
24007A 
  Syntax 
  Instructor 
  API 
 
24008A 
  Syntax 
  Instructor 
  API 
 
24009A 
  aziz 
  az 
  aziz 
 
24010A 
  Estela 
  A 
  Vazquez 
 
24011A 
  aziz 
  az 
  aziz 
 
24012A 
  aziz 
  az 
  aziz 
 
24013A 
  Estela 
  A 
  Vazquez 
 
24014A 
  Postman 
  Testing 
  Technolgy 
 
24015A 
  Jam 
  T 
  Mike 
 
24016A 
  Jam 
  T 
  Mike 
 
24017A 
   Jam Update 
  Mike 
  postman 
 
24018A 
  Aman 
  AM 
  Makhdomi 
 
24019A 
  Aman 
  AM 
  Makhdomi 
 
24020A 
  Aman 
  AM 
  Makhdomi 
 
24021A 
  Aman 
  AM 
  Makhdomi 
 
24022A 
  Aman 
  AM 
  Makhdomi 
 
24023A 
  Amanull 
  AM 
  Makhdomi 
 
24024A 
  Amanull 
  AM 
  Makhdomi 
 
24025A 
  Amanull 
  AM 
  Makhdomi 
 
24026A 
  Amanull 
  AM 
  Makhdomi 
 
24027A 
  Amanull 
  AM 
  Makhdomi 
 
24028A 
  Amanull 
  AM 
  Makhdomi 
 
24029A 
  Amanull 
  AM 
  Makhdomi 
 
24030A 
  Ilyas 
  API 
  Dawlatzai 
 
24031A 
  Amanull 
  AM 
  Makhdomi 
 
24032A 
  Amanull 
  AM 
  Makhdomi 
 
24033A 
  Amanull 
  AM 
  Makhdomi 
 
24034A 
  Amanulluh 
  AMAN 
  Makhdomi 
 
24035A 
  Amanulluh 
  AMAN 
  Makhdomi 
 
24036A 
  Amanulluh 
  AMAN 
  Makhdomi 
 
17937 
  sssssssasd 
   
  llll 
 
24037A 
  Amanulluh 
  AMAN 
  Makhdomi 
 
24038A 
  Ilyas 
  API 
  Dawlatzai 
 
24039A 
  Amanulluh 
  AMAN 
  Makhdomi 
 
17944 
  s 
   
  a 
 
24040A 
  Amanulluh 
  AMAN 
  Makhdomi 
 
24041A 
  Amanulluh 
  AMAN 
  Makhdomi 
 
24042A 
  Amanulluh 
  AMAN 
  Makhdomi 
 
24043A 
  Amanulluh 
  AMAN 
  Makhdomi 
 
24044A 
  Amanulluh 
  AMAN 
  Makhdomi 
 
24045A 
  Amanulluh 
  AMAN 
  Makhdomi 
 
24046A 
  Amanulluh 
  AMAN 
  Makhdomi 
 
24047A 
  Amanulluh 
  AMAN 
  Makhdomi 
 
17945 
  s 
   
  f 
 
24048A 
  Amanulluh 
  AMAN 
  Makhdomi 
 
24049A 
  Amanulluh 
  AMAN 
  Makhdomi 
 
24050A 
  Ilyas 
  API 
  Dawlatzai 
 
24051A 
  Amanulluh 
  AMAN 
  Makhdomi 
 
24052A 
  Amanulluh 
  AMAN 
  Makhdomi 
 
24053A 
  Ilyas 
  API 
  Dawlatzai 
 
24054A 
  Ilyas 
  API 
  Dawlatzai 
 
24055A 
  Amanulluh 
  AMAN 
  Makhdomi 
 
24056A 
  Ilyas 
  API 
  Dawlatzai 
 
24057A 
  Amanulluh 
  AMAN 
  Makhdomi 
 
24058A 
  Amanulluh 
  AMAN 
  Makhdomi 
 
24059A 
  Amanulluh 
  AMAN 
  Makhdomi 
 
17946 
  Mahbub 
   
  Iltaf 
 
24060A 
  Moe 
  Jib 
  Kalouda 
 
24061A 
  Moe 
  Jib 
  Kalouda 
 
17959 
  Yuliya123 
  MS 
  Yuliya456 
 
17960 
  Yulia123 
  MS 
  Yulia456 
 
24062A 
  rwerwerw 
  wertyuytujerer 
  sfsdfdsfsdfsdfsdf 
 
24063A 
  Ilyas 
  API 
  Dawlatzai 
 
24064A 
  Ilyas 
  API 
  Dawlatzai 
 
24065A 
  Ilyas 
  API 
  Dawlatzai 
 
24066A 
  Ilyas 
  API 
  Dawlatzai 
 
24067A 
  Amanulluh 
  AMAN 
  Makhdomi 
 
24068A 
  Amanulluh 
  AMAN 
  Makhdomi 
 
24069A 
  Amanulluh 
  AMAN 
  Makhdomi 
 
24070A 
  aziz 
  az 
  aziz 
 
24071A 
  Amanulluh 
  AMAN 
  Makhdomi 
 
24072A 
  aziz 
  az 
  aziz 
 
24073A 
  Amanulluh 
  AMAN 
  Makhdomi 
 
24074A 
  Amanulluh 
  AMAN 
  Makhdomi 
 
24075A 
  Amanulluh 
  AMAN 
  Makhdomi 
 
24076A 
  Amanulluh 
  AMAN 
  Makhdomi 
 
24077A 
  Amanulluh 
  AMAN 
  Makhdomi 
 
24078A 
  aziz 
  az 
  aziz 
 
24079A 
  aziz 
  az 
  aziz 
 
17962 
  Sema 
  Mdb70 
  Poker 
 
17963 
  Sema 
  Ma905 
  Poker 
 
24080A 
  aziz 
  az 
  aziz 
 
17964 
  Omer 
  Mecc6 
  Yak 
 
17965 
  Suslu 
  M1b 
  Sulu 
 
24081A 
  eva 
  talat 
  fahmi 
 
24082A 
  Gulshoda 
  N/A 
  Kurbanbaeva 
 
17966 
  test123 
   
  test12345 
 
24083A 
  Jam 
  T 
  Mike 
 
24084A 
  Jam 
  T 
  Mike 
 
24085A 
  Jam 
  T 
  Mike 
 
24086A 
  Amanulluh 
  AMAN 
  Makhdomi 
 
24087A 
  Amanulluh 
  AMAN 
  Makhdomi 
 
24088A 
  Jam 
  T 
  Mike 
 
24089A 
  Amanulluh 
  AMAN 
  Makhdomi 
 
24090A 
  Amanulluh 
  AMAN 
  Makhdomi 
 
24091A 
  Amanulluh 
  AMAN 
  Makhdomi 
 
24092A 
  Amanulluh 
  AMAN 
  Makhdomi 
 
24093A 
  Amanulluh 
  AMAN 
  Makhdomi 
 
24094A 
  Jam 
  T 
  Mike 
 
24095A 
  Amanulluh 
  AMAN 
  Makhdomi 
 
24096A 
  Amanulluh 
  AMAN 
  Makhdomi 
 
24097A 
  Amanulluh 
  AMAN 
  Makhdomi 
 
24098A 
  Jam 
  T 
  Mike 
 
24099A 
  Amanulluh 
  AMAN 
  Makhdomi 
 
24100A 
  Amanulluh 
  AMAN 
  Makhdomi 
 
24101A 
  Amanulluh 
  AMAN 
  Makhdomi 
 
24102A 
  Amanulluh 
  AMAN 
  Makhdomi 
 
24103A 
  Amanulluh 
  AMAN 
  Makhdomi 
 
24104A 
  Amanulluh 
  AMAN 
  Makhdomi 
 
24105A 
  Jam 
  T 
  Mike 
 
24106A 
  Amanulluh 
  AMAN 
  Makhdomi 
 
24107A 
  Amanulluh 
  AMAN 
  Makhdomi 
 
24108A 
  Amanulluh 
  AMAN 
  Makhdomi 
 
24109A 
  Amanulluh 
  AMAN 
  Makhdomi 
 
24110A 
  Jam 
  T 
  Mike 
 
24111A 
  Amanulluh 
  AMAN 
  Makhdomi 
 
24112A 
  Amanulluh 
  AMAN 
  Makhdomi 
 
24113A 
  Amanulluh 
  AMAN 
  Makhdomi 
 
24114A 
  Amanulluh 
  AMAN 
  Makhdomi 
 
24115A 
  Amanulluh 
  AMAN 
  Makhdomi 
 
24116A 
  Amanulluh 
  AMAN 
  Makhdomi 
 
24117A 
  Amanulluh 
  AMAN 
  Makhdomi 
 
24118A 
  Amanulluh 
  AMAN 
  Makhdomi 
 
24119A 
  Amanulluh 
  AMAN 
  Makhdomi 
 
24120A 
  Amanulluh 
  AMAN 
  Makhdomi 
 
24121A 
  Amanulluh 
  AMAN 
  Makhdomi 
 
24122A 
  Amanulluh 
  AMAN 
  Makhdomi 
 
24123A 
  Amanulluh 
  AMAN 
  Makhdomi 
 
24124A 
  Amanulluh 
  AMAN 
  Makhdomi 
 
24125A 
  Amanulluh 
  AMAN 
  Makhdomi 
 
24126A 
  Amanulluh 
  AMAN 
  Makhdomi 
 
24127A 
  Amanulluh 
  AMAN 
  Makhdomi 
 
24128A 
  Amanulluh 
  AMAN 
  Makhdomi 
 
24129A 
  Amanulluh 
  AMAN 
  Makhdomi 
 
24130A 
  Amanulluh 
  AMAN 
  Makhdomi 
 
24131A 
  Jam 
  T 
  Mike 
 
24132A 
  lily 
  Kay 
  King 
 
24133A 
  lily 
  Kay 
  King 
 
24134A 
  lily 
  Ky 
  King 
 
24135A 
  lily 
  Kay 
  King 
 
17967 
  Ksenia5 
   
  Brown5 
 
17968 
  Mirage7 
   
  Brown 
 
24136A 
  Amanulluh 
  AMAN 
  Makhdomi 
 
24137A 
  Amanulluh 
  AMAN 
  Makhdomi 
 
24138A 
  Amanulluh 
  AMAN 
  Makhdomi 
 
24139A 
  Amanulluh 
  AMAN 
  Makhdomi 
 
24140A 
  Amanulluh 
  AMAN 
  Makhdomi 
 
24141A 
  Amanulluh 
  AMAN 
  Makhdomi 
 
24142A 
  John 
  dd 
  Cina 
 
24143A 
  lily 
  Kay 
  King 
 
24144A 
  lily 
  Kay 
  King 
 
24145A 
  Accesss 
  Allow 
  Control 
 
24146A 
  Shiva 
   
  sadiq 
 
24147A 
  Shiva 
   
  sadiq 
 
24148A 
  Shiva 
   
  sadiq 
 
24149A 
  Shiva 
   
  sadiq 
 
24150A 
  Shiva 
   
  sadiq 
 
17969 
  test1232 
   
  test123@ 
 
17970 
  test1232 
   
  test123@ 
 
17971 
  test1232 
   
  test123@ 
 
17972 
  test1232 
   
  test123@ 
 
17973 
  test1232 
   
  test123@ 
 
17974 
  test1232 
   
  test123@ 
 
24151A 
  aziz 
  az 
  aziz 
 
17975 
  Yulia123 
  MS 
  Yulia456 
 
24152A 
  Accesss 
  Allow 
  Control 
 
24153A 
  Accesss 
  Allow 
  Control 
 
24154A 
  Accesss 
  Allow 
  Control 
 
24155A 
  Accesss 
  Allow 
  Control 
 
24156A 
  Accesss 
  Allow 
  Control 
 
24157A 
  Jeff 
  Matt 
  Hardy 
 
24158A 
  Jeff 
  Matt 
  Hardy 
 
24159A 
  Jeff 
  Matt 
  Hardy 
 
24160A 
  Jeff 
  Matt 
  Hardy 
 
24161A 
  Jeff 
  Matt 
  Hardy 
 
17976 
  Yulia123 
  MS 
  Yulia456 
 
17977 
  Yulia123 
  MS 
  Yulia456 
 
17978 
  Yulia123 
  MS 
  Yulia456 
 
17979 
  Yulia123 
  MS 
  Yulia456 
 
17980 
  Yulia123 
  MS 
  Yulia456 
 
17981 
  Yulia129 
  MS 
  Yulia459 
 
17982 
  Yulia129 
  MS 
  Yulia459 
 
24162A 
  Shiva 
   
  sadiq 
 
24163A 
  Shiva 
   
  sadiq 
 
24164A 
  Shiva 
   
  sadiq 
 
24165A 
  Shiva 
   
  sadiq 
 
24166A 
  Shiva 
  talat 
  sadiq 
 
24167A 
  eva 
  talat 
  sadiq 
 
24168A 
  eva 
  talat 
  sadiq 
 
24169A 
  eva 
  talat 
  sadiq 
 
24170A 
  eva 
  talat 
  sadiq 
 
24171A 
  eva 
  talat 
  sadiq 
 
24172A 
  eva 
  talat 
  sadiq 
 
24173A 
  eva 
  talat 
  sadiq 
 
24174A 
  eva 
  talat 
  sadiq 
 
24175A 
  eva 
  talat 
  sadiq 
 
24176A 
  eva 
  talat 
  sadiq 
 
24180A 
  syntaxUpdatedFirstName 
  syntaxUpdatedMiddleName 
  syntaxUpdatedLastName 
 
24181A 
  Syntax 
  Instructor 
  API 
 
24182A 
  Syntax 
  Instructor 
  API 
 
24183A 
  Syntax 
  Instructor 
  API 
 
24184A 
  Syntax 
  Instructor 
  API 
 
24185A 
  Syntax 
  Instructor 
  API 
 
24186A 
  Syntax 
  Instructor 
  API 
 
17983 
  Yulia123 
  MS 
  Yulia456 
 
17984 
  Yulia123 
  MS 
  Yulia456 
 
24187A 
  eva 
  talat 
  sadiq 
 
17985 
  Yulia123 
  MS 
  Yulia456 
 
24188A 
  eva 
  talat 
  sadiq 
 
24189A 
  eva 
  talat 
  sadiq 
 
24190A 
  eva 
  talat 
  sadiq 
 
24191A 
  eva 
  talat 
  sadiq 
 
24192A 
  eva 
  talat 
  sadiq 
 
24193A 
  eva 
  talat 
  sadiq 
 
24194A 
  eva 
  talat 
  sadiq 
 
24195A 
  eva 
  talat 
  sadiq 
 
24196A 
  eva 
  talat 
  sadiq 
 
24197A 
  eva 
  talat 
  sadiq 
 
24198A 
  eva 
  talat 
  sadiq 
 
24199A 
  eva 
  talat 
  sadiq 
 
17986 
  Yulia123 
  MS 
  Yulia456 
 
17987 
  Yulia123 
  MS 
  Yulia456 
 
17988 
  Yulia123 
  MS 
  Yulia456 
 
24200A 
  Accesss 
  Allow 
  Control 
 
24201A 
  Accesss 
  Allow 
  Control 
 
24202A 
  Bob 
  Cliff 
  Tom 
 
24203A 
  Bob 
  Cliff 
  Tom 
 
24204A 
  Bob 
  Cliff 
  Tom 
 
24205A 
  Bob 
  Cliff 
  Tom 
 
24206A 
  Bob 
  Cliff 
  Tom 
 
24207A 
  Bob 
  Cliff 
  Tom 
 
24208A 
  Bob 
  Cliff 
  Tom 
 
24209A 
  Syntax 
  Instructor 
  API 
 
24210A 
  syntaxUpdatedFirstName 
  syntaxUpdatedMiddleName 
  syntaxUpdatedLastName 
 
24211A 
  Ahmad 
  Mark 
  mahmood 
 
24212A 
  Ahmad 
  Mark 
  mahmood 
 
24213A 
  Ahmad 
  Mark 
  mahmood 
 
24214A 
  Ahmad 
  Mark 
  mahmood 
 
24215A 
  Accesss 
  Allow 
  Control 
 
24216A 
  Accesss 
  Allow 
  Control 
 
24217A 
  Accesss 
  Allow 
  Control 
 
24218A 
  Accesss 
  Allow 
  Control 
 
24219A 
  Accesss 
  Allow 
  Control 
 
24220A 
  Accesss 
  Allow 
  Control 
 
17989 
  Yulia123 
  MS 
  Yulia456 
 
17990 
  Yulia123 
  MS 
  Yulia456 
 
17991 
  Yulia123 
  MS 
  Yulia456 
 
17992 
  Yulia123 
  MS 
  Yulia456 
 
17993 
  Yulia123 
  MS 
  Yulia456 
 
17995 
  Yulia123 
  MS 
  Yulia456 
 
17996 
  Yulia123 
  MS 
  Yulia456 
 
17997 
  Yulia123 
  MS 
  Yulia456 
 
17998 
  Yulia123 
  MS 
  Yulia456 
 
17999 
  Yulia123 
  MS 
  Yulia456 
 
18000 
  Yulia123 
  MS 
  Yulia456 
 
18001 
  Yulia123 
  MS 
  Yulia456 
 
18002 
  Yulia123 
  MS 
  Yulia456 
 
18003 
  Yulia123 
  MS 
  Yulia456 
 
18004 
  Yulia123 
  MS 
  Yulia456 
 
18005 
  Yulia123 
  MS 
  Yulia456 
 
18006 
  Yulia123 
  MS 
  Yulia456 
 
18007 
  Zhmishenko 
  enotik 
  Valery 
 
18008 
  Zhmishenko 
  enotik 
  Valery 
 
18009 
  Zhmishenko 
  enotik 
  Valery 
 
18010 
  Zhmishenko 
  enotik 
  Valery 
 
18011 
  Zhmishenko 
  enotik 
  Valery 
 
18012 
  Zhmishenko 
  enotik 
  Valery 
 
18013 
  Zhmishenko 
  enotik 
  Valery 
 
18014 
  Zhmishenko 
  enotik 
  Valery 
 
18015 
  Zhmishenko 
  enotik 
  Valery 
 
18016 
  Zhmishenko 
  enotik 
  Valery 
 
18017 
  Yulia123 
  MS 
  Yulia456 
 
18018 
  Yulia123 
  MS 
  Yulia456 
 
18019 
  Yulia123 
  MS 
  Yulia456 
 
18020 
  Yulia123 
  MS 
  Yulia456 
 
18021 
  Yulia123 
  MS 
  Yulia456 
 
18022 
  Yulia123 
  MS 
  Yulia456 
 
18023 
  Yulia123 
  MS 
  Yulia456 
 
18024 
  Yulia123 
  MS 
  Yulia456 
 
24221A 
  Look 
  Watch 
  See 
 
18026 
  Yulia123 
  MS 
  Yulia456 
 
18027 
  Test123456 
  MS 
  Test9876 
 
18028 
  Test1212 
  MS 
  Test7654 
 
18029 
  Test3232 
  MS 
  Test5454 
 
18030 
  Yulia123 
  MS 
  Yulia456 
 
18031 
  Zhmishenko 
  enotik 
  Valery 
 
18032 
  Zhmishenko 
  enotik 
  Valery 
 
18033 
  Yulia123 
  MS 
  Yulia456 
 
18034 
  Test12347 
  MS 
  Test9879 
 
18035 
  Test32320 
  MS 
  Test5451 
 
18036 
  Yulia123 
  MS 
  Yulia456 
 
18037 
  Yulia123 
  MS 
  Yulia456 
 
18038 
  Yulia123 
  MS 
  Yulia456 
 
18039 
  Givi123 
  MS 
  MS12 
 
18040 
  John0404 
  MS 
  US 
 
18041 
  Test12347 
  MS 
  Test9879 
 
18041 
  Test12125 
  MS 
  Test7655 
 
18043 
  Yury 
  test9 
  Tyan 
 
18044 
  Yulia123 
  MS 
  Yulia456 
 
18045 
  Test12347 
  MS 
  Test9879 
 
18046 
  Givi123 
  MS 
  MS12 
 
18047 
  John0404 
  MS 
  US 
 
18048 
  Yulia123 
  MS 
  Yulia456 
 
18049 
  Yury 
  test9 
  Tyan 
 
18050 
  Jack 
  MS 
  US 
 
18051 
  MS0909 
  MS 
  US 
 
18052 
  Test12125 
  MS 
  Test7655 
 
18053 
  John0404 
  MS 
  US 
 
18054 
  Givi123 
  MS 
  MS12 
 
18055 
  Yulia123 
  MS 
  Yulia456 
 
18056 
  Jack 
  MS 
  US 
 
18057 
  Yury 
  test9 
  Tyan 
 
18058 
  MS0909 
  MS 
  US 
 
18059 
  Test12347 
  MS 
  Test9879 
 
18060 
  Givi123 
  MS 
  MS12 
 
18061 
  John 
  test9 
  Smith 
 
18062 
  Yulia123 
  MS 
  Yulia456 
 
18063 
  Jack 
  MS 
  US 
 
18064 
  MS0909 
  MS 
  US 
 
18065 
  Givi123 
  MS 
  MS12 
 
18066 
  Test32320 
  MS 
  Test5451 
 
18067 
  Yury 
  test9 
  Tyan 
 
18067 
  Test12347 
  MS 
  Test9879 
 
18069 
  Jack 
  MS 
  US 
 
18070 
  MS0909 
  MS 
  US 
 
18071 
  Givi123 
  MS 
  MS12 
 
18072 
  Yulia123 
  MS 
  Yulia456 
 
18073 
  Test12347 
  MS 
  Test9879 
 
18074 
  Givi123 
  MS 
  MS12 
 
18075 
  Yulia123 
  MS 
  Yulia456 
 
18076 
  Test12347 
  MS 
  Test9879 
 
18077 
  Test12125 
  MS 
  Test7655 
 
18078 
  Test32320 
  MS 
  Test5451 
 
18079 
  John0404 
  MS 
  US 
 
18080 
  Jack 
  MS 
  US 
 
18081 
  MS0909 
  MS 
  US 
 
18082 
  Yury 
  test9 
  Tyan 
 
18083 
  Yulia123 
  MS 
  Yulia456 
 
18084 
  Yulia123 
  MS 
  Yulia456 
 
18085 
  Yulia123 
  MS 
  Yulia456 
 
18086 
  Yulia123 
  MS 
  Yulia456 
 
18087 
  azizullah 
   
  ayoubi 
 
18088 
  Yulia123 
  MS 
  Yulia456 
 
18089 
  Yulia123 
  MS 
  Yulia456 
 
18090 
  Givi123 
  MS 
  MS12 
 
18091 
  John0404 
  MS 
  US 
 
18092 
  Test12347 
  MS 
  Test9879 
 
18093 
  John 
  test9 
  Smith 
 
18094 
  Jack 
  MS 
  US 
 
18095 
  MS0909 
  MS 
  US 
 
18096 
  Test32320 
  MS 
  Test5451 
 
18097 
  John 
  test9 
  Smith 
 
18098 
  Test12347 
  MS 
  Test9879 
 
18099 
  Givi123 
  MS 
  MS12 
 
18100 
  Yulia123 
  MS 
  Yulia456 
 
18101 
  Jack 
  MS 
  US 
 
18102 
  MS0909 
  MS 
  US 
 
18103 
  Yury 
  test9 
  Tyan 
 
18104 
  John0404 
  MS 
  US 
 
18105 
  Test12125 
  MS 
  Test7655 
 
18106 
  Test12347 
  MS 
  Test9879 
 
18107 
  Test32320 
  MS 
  Test5451 
 
18108 
  MS0909 
  MS 
  US 
 
18109 
  Givi123 
  MS 
  MS12 
 
18110 
  Yulia123 
  MS 
  Yulia456 
 
18111 
  Test12347 
  MS 
  Test9879 
 
18112 
  Test12125 
  MS 
  Test7655 
 
18113 
  Test32320 
  MS 
  Test5451 
 
18114 
  John0404 
  MS 
  US 
 
18115 
  Jack 
  MS 
  US 
 
18116 
  MS0909 
  MS 
  US 
 
18117 
  Yury 
  test9 
  Tyan 
 
18118 
  Yulia123 
  MS 
  Yulia456 
 
18119 
  Test12125 
  MS 
  Test7655 
 
18120 
  Test32320 
  MS 
  Test5451 
 
18121 
  Yulia123 
  MS 
  Yulia456 
 
18122 
  Test12347 
  MS 
  Test9879 
 
18123 
  Jack 
  MS 
  US 
 
18124 
  MS0909 
  MS 
  US 
 
18125 
  Test32320 
  MS 
  Test5451 
 
18126 
  Test12125 
  MS 
  Test7655 
 
18127 
  Yulia123 
  MS 
  Yulia456 
 
18128 
  Test12347 
  MS 
  Test9879 
 
18129 
  Jack 
  MS 
  US 
 
18130 
  MS0909 
  MS 
  US 
 
18131 
  Test12125 
  MS 
  Test7655 
 
18132 
  Yulia123 
  MS 
  Yulia456 
 
18133 
  John0404 
  MS 
  US 
 
18133 
  Test32320 
  MS 
  Test5451 
 
18133 
  Test12347 
  MS 
  Test9879 
 
18133 
  Givi123 
  MS 
  MS12 
 
18137 
  Jack 
  MS 
  US 
 
18138 
  MS0909 
  MS 
  US 
 
18139 
  Test32320 
  MS 
  Test5451 
 
18140 
  Test12125 
  MS 
  Test7655 
 
18141 
  John0404 
  MS 
  US 
 
18142 
  Test12347 
  MS 
  Test9879 
 
18143 
  Jack 
  MS 
  US 
 
18144 
  MS0909 
  MS 
  US 
 
18145 
  Givi123 
  MS 
  MS12 
 
18146 
  Yulia123 
  MS 
  Yulia456 
 
18147 
  Test12347 
  MS 
  Test9879 
 
18148 
  Test12125 
  MS 
  Test7655 
 
18149 
  Test32320 
  MS 
  Test5451 
 
18150 
  John0404 
  MS 
  US 
 
18151 
  Jack 
  MS 
  US 
 
18152 
  MS0909 
  MS 
  US 
 
18153 
  Yury 
  test9 
  Tyan 
 
18154 
  Yulia123 
  MS 
  Yulia456 
 
18155 
  Givi123 
  MS 
  MS12 
 
18156 
  Yulia123 
  MS 
  Yulia456 
 
18157 
  Test12347 
  MS 
  Test9879 
 
18158 
  Test12125 
  MS 
  Test7655 
 
18159 
  Test32320 
  MS 
  Test5451 
 
18160 
  John0404 
  MS 
  US 
 
18161 
  Jack 
  MS 
  US 
 
18162 
  MS0909 
  MS 
  US 
 
18163 
  Yury 
  test9 
  Tyan 
 
18164 
  Yulia123 
  MS 
  Yulia456 
 
18165 
  Givi123 
  MS 
  MS12 
 
18166 
  Yulia123 
  MS 
  Yulia456 
 
18167 
  Test12347 
  MS 
  Test9879 
 
18168 
  Test12125 
  MS 
  Test7655 
 
18169 
  Test32320 
  MS 
  Test5451 
 
18170 
  John0404 
  MS 
  US 
 
18171 
  Jack 
  MS 
  US 
 
18172 
  MS0909 
  MS 
  US 
 
18173 
  Yury 
  test9 
  Tyan 
 
18174 
  Yulia123 
  MS 
  Yulia456 
 
18175 
  Givi123 
  MS 
  MS12 
 
18176 
  Yulia123 
  MS 
  Yulia456 
 
18177 
  Test12347 
  MS 
  Test9879 
 
18178 
  Test12125 
  MS 
  Test7655 
 
18179 
  Test32320 
  MS 
  Test5451 
 
18180 
  John0404 
  MS 
  US 
 
18181 
  Jack 
  MS 
  US 
 
18182 
  MS0909 
  MS 
  US 
 
18183 
  Yury 
  test9 
  Tyan 
 
18184 
  Yulia123 
  MS 
  Yulia456 
 
18185 
  John 
   
  Smith 
 
18186 
  John 
   
  Smith 
 
18187 
  John 
   
  Smith 
 
18188 
  John 
   
  Smith 
 
18189 
  John 
   
  Smith 
 
18190 
  John 
   
  Smith 
 
18191 
  John 
   
  Smith 
 
18192 
  Zhmishenko 
  enotik 
  Valery 
 
18193 
  Zhmishenko 
  enotik 
  Valery 
 
18194 
  Zhmishenko 
  enotik 
  Valery 
 
18195 
  Zhmishenko 
  enotik 
  Valery 
 
18196 
  test123 
   
  test12345 
 
18197 
  Rammani1 
  test 
  Chaulagain 
 
18198 
  Asgar 
  test 
  nazir 
 
18199 
  Mirag 
  test 
  Kamran 
 
18200 
  Gul 
  test 
  Soda 
 
18201 
  Anusha 
  test 
  Giri 
 
18202 
  Yulia123 
  MS 
  Yulia456 
 
18203 
  Yulia123 
  MS 
  Yulia456 
 
24223A 
  Syntax 
  Instructor 
  API 
 
24224A 
  Olg 
  R 
  Simon 
 
18204 
  Yulia123 
  MS 
  Yulia456 
 
18205 
  Yulia123 
  MS 
  Yulia456 
 
18206 
  Yulia123 
  MS 
  Yulia456 
 
18207 
  Yulia123 
  MS 
  Yulia456 
 
24225A 
  Olg 
  R 
  Simon 
 
18208 
  John 
   
  Smith 
 
18209 
  John 
   
  Smith 
 
24226A 
  andrei 
  Tsras 
  Nurimanova 
 
24227A 
  andrei 
  Tsras 
  Nurimanova 
 
24228A 
  andrei 
  Tsras 
  Nurimanova 
 
18210 
  Yulia123 
  MS 
  Yulia456 
 
24229A 
  aziz 
  az 
  aziz 
 
24231A 
  Syntax 
  Instructor 
  API 
 
18211 
  Givi123 
  MS 
  MS12 
 
18212 
  Yulia123 
  MS 
  Yulia456 
 
18213 
  Test12347 
  MS 
  Test9879 
 
18214 
  Test12125 
  MS 
  Test7655 
 
18215 
  Test32320 
  MS 
  Test5451 
 
18216 
  John0404 
  MS 
  US 
 
18217 
  Jack 
  MS 
  US 
 
18218 
  MS0909 
  MS 
  US 
 
18219 
  Yury 
  test9 
  Tyan 
 
18220 
  Yulia123 
  MS 
  Yulia456 
 
18221 
  Test12347 
  MS 
  Test9879 
 
18222 
  Test32320 
  MS 
  Test5451 
 
18223 
  John0404 
  MS 
  US 
 
18224 
  Test12125 
  MS 
  Test7655 
 
18225 
  Jack 
  MS 
  US 
 
18226 
  MS0909 
  MS 
  US 
 
18227 
  Test12347 
  MS 
  Test9879 
 
18228 
  Test32320 
  MS 
  Test5451 
 
18229 
  Givi123 
  MS 
  MS12 
 
18230 
  MS0909 
  MS 
  US 
 
18231 
  Givi123 
  MS 
  MS12 
 
18232 
  Test32320 
  MS 
  Test5451 
 
18233 
  Test12125 
  MS 
  Test7655 
 
18234 
  Jack 
  MS 
  US 
 
18235 
  Test12347 
  MS 
  Test9879 
 
18236 
  MS0909 
  MS 
  US 
 
18237 
  Soslu 
  M44 
  Kuru 
 
24232A 
  nasrat eng 
  wertyuytujerer 
  sfsdfdsfsdfsdfsdf 
 
24234A 
  Saleem 
  Nasim 
  Sadat 
 
24235A 
  Saleem 
  Nasim 
  Sadat 
 
24236A 
  Saleem 
  Nasim 
  Sadat 
 
24237A 
  Saleem 
  Nasim 
  Sadat 
 
18238 
  Nelson1234 
  MS 
  MS1234 
 
18239 
  Yulia123 
  MS 
  Yulia456 
 
18240 
  Test123456 
  MS 
  Test9876 
 
18241 
  Test1212 
  MS 
  Test7654 
 
18242 
  Test3232 
  MS 
  Test5454 
 
18243 
  Test1234564 
  MS 
  Test987633 
 
18244 
  Test121233 
  MS 
  Test765433 
 
18245 
  Test323212 
  MS 
  Test545433 
 
18246 
  ram123 
  chau 
  chaula 
 
18247 
  Yulia123 
  MS 
  Yulia456 
 
18248 
  Nelson1234 
  MS 
  MS1234 
 
18249 
  Yulia123 
  MS 
  Yulia456 
 
18250 
  Test123456 
  MS 
  Test9876 
 
18251 
  Test1212 
  MS 
  Test7654 
 
18252 
  Test3232 
  MS 
  Test5454 
 
18253 
  Test1234564 
  MS 
  Test987633 
 
18254 
  Test121233 
  MS 
  Test765433 
 
18255 
  Test323212 
  MS 
  Test545433 
 
18256 
  ram123 
  chau 
  chaula 
 
18257 
  Yulia123 
  MS 
  Yulia456 
 
18258 
  Nelson1234 
  MS 
  MS1234 
 
18259 
  Nelson1234 
  MS 
  MS1234 
 
18260 
  Yulia123 
  MS 
  Yulia456 
 
18261 
  Test123456 
  MS 
  Test9876 
 
18262 
  Test1212 
  MS 
  Test7654 
 
18263 
  Test3232 
  MS 
  Test5454 
 
18264 
  Test1234564 
  MS 
  Test987633 
 
18265 
  Test121233 
  MS 
  Test765433 
 
24238A 
  aziz 
  az 
  aziz 
 
18266 
  Nelson1234 
  MS 
  MS1234 
 
18267 
  Nelson1234 
  MS 
  MS1234 
 
18268 
  Yulia123 
  MS 
  Yulia456 
 
18269 
  Test123456 
  MS 
  Test9876 
 
18270 
  Test1212 
  MS 
  Test7654 
 
18271 
  Test3232 
  MS 
  Test5454 
 
18272 
  Test1234564 
  MS 
  Test987633 
 
18273 
  Test121233 
  MS 
  Test765433 
 
18274 
  Test323212 
  MS 
  Test545433 
 
18275 
  ram123 
  chau 
  chaula 
 
18276 
  Yulia123 
  MS 
  Yulia456 
 
24239A 
  Ram 
  Xina 
  Chaulagain 
 
24240A 
  Ram 
  Xina 
  Chaulagain 
 
18277 
  John 
   
  Smith 
 
18278 
  John 
   
  Smith 
 
18279 
  John 
   
  Smith 
 
18280 
  John 
   
  Smith 
 
18281 
  John 
   
  Smith 
 
18282 
  John 
   
  Smith 
 
18283 
  John 
   
  Smith 
 
18284 
  John 
   
  Smith 
 
18285 
  John 
   
  Smith 
 
18286 
  John 
   
  Smith 
 
18287 
  John 
   
  Smith 
 
18288 
  John 
   
  Smith 
 
18289 
  John 
   
  Smith 
 
18290 
  John 
   
  Smith 
 
18291 
  John 
   
  Smith 
 
18292 
  John 
   
  Smith 
 
18293 
  John 
   
  Smith 
 
18294 
  John 
   
  Smith 
 
18295 
  John 
   
  Smith 
 
18296 
  John 
   
  Smith 
 
18297 
  John 
   
  Smith 
 
18298 
  John 
   
  Smith 
 
18299 
  John 
   
  Smith 
 
18300 
  John 
   
  Smith 
 
18301 
  John 
   
  Smith 
 
18302 
  John 
   
  Smith 
 
18307 
  Yulia123 
  MS 
  Yulia456 
 
18308 
  Test123456 
  MS 
  Test9876 
 
18309 
  Test1212 
  MS 
  Test7654 
 
18310 
  Test3232 
  MS 
  Test5454 
 
24242A 
  Jam 
  T 
  Mike 
 
24243A 
  Lms 
  Test 
  Mike 
 
18311 
  Yulia123 
  MS 
  Yulia456 
 
18312 
  Test123456 
  MS 
  Test9876 
 
18313 
  Test1212 
  MS 
  Test7654 
 
18314 
  Test3232 
  MS 
  Test5454 
 
18315 
  Yulia123 
  MS 
  Yulia456 
 
24244A 
  Lms 
  Test 
  Mike 
 
 
  Jane 
   
  Smith 
 
18319 
  James 
  J 
  Smith 
 
18320 
  Faisal 
  F 
  Sakhi 
 
18321 
  Sohil 
  S 
  Instuctor 
 
18322 
  Yunus 
  Emre 
  Yakut 
 
18323 
  John 
  J 
  Doe 
 
18324 
  Jane 
  J 
  Smith 
 
18325 
  ziya 
   
  sengul 
 
24245A 
  Maxx 
  ssafd 
  Lldfgg 
 
18326 
  ssss 
   
  dd 
 
18327 
  LAZ 
   
  ZIYA 
 
18328 
  LAZ 
   
  ZIYA 
 
18329 
  LAZ 
   
  ZIYA 
 
18330 
  LAZ 
   
  ZIYA 
 
24246A 
  Bryan 
  S 
  Espejo 
 
18331 
  Gabbyyy 
  middleeee 
  lasttt 
 
18332 
  Yulia123 
  MS 
  Yulia456 
 
18333 
  Yulia123 
  MS 
  Yulia456 
 
18334 
  Sammyyy 
  middleee 
  lastnameeee 
 
18335 
  Emma 
  Bell 
  Last 
 
18336 
  Emma 
  Bell 
  Last 
 
18337 
  Nelson1234 
  MS 
  MS1234 
 
18338 
  Yulia123 
  MS 
  Yulia456 
 
18339 
  Yulia123 
  MS 
  Yulia456 
 
18340 
  Yulia123 
  MS 
  Yulia456 
 
18341 
  Yulia123 
  MS 
  Yulia456 
 
24247A 
  Greg 
  Hardy 
  Handerson 
 
24248A 
  Greg 
  Hardy 
  Handerson 
 
24249A 
  Valera 
  Valeron 
  One 
 
24250A 
  Valera 
  Valeron 
  One 
 
24251A 
  Valera 
  Valeron 
  One 
 
24252A 
  Valera 
  Valeron 
  One 
 
24253A 
  Valera 
  Valeron 
  One 
 
24254A 
  Valera 
  Valeron 
  One 
 
24255A 
  Valera 
  Valeron 
  One 
 
24256A 
  Valera 
  Valeron 
  One 
 
24257A 
  Valera 
  Valeron 
  One 
 
24258A 
  Valera 
  Valeron 
  One 
 
24259A 
  Valera 
  Valeron 
  One 
 
24260A 
  Valera 
  Valeron 
  One 
 
24261A 
  Valera 
  Valeron 
  One 
 
24262A 
  Rose 
  color 
  Lili 
 
24263A 
  Rose 
  color 
  Lili 
 
24264A 
  Rose 
  color 
  Lili 
 
24265A 
  Rose 
  color 
  Lili 
 
24266A 
  Rose 
  color 
  Lili 
 
24267A 
  Rose 
  color 
  Lili 
 
24268A 
  Rose 
  color 
  Lili 
 
24269A 
  Rose 
  color 
  Lili 
 
24270A 
  Rose 
  color 
  Lili 
 
24271A 
  Rose 
  color 
  Lili 
 
24272A 
  Rose 
  color 
  Lili 
 
24273A 
  Rose 
  color 
  Lili 
 
24274A 
  Rose 
  color 
  Lili 
 
24275A 
  Rose 
  color 
  Lili 
 
24276A 
  Rose 
  color 
  Lili 
 
24277A 
  Rose 
  color 
  Lili 
 
24278A 
  Rose 
  color 
  Lili 
 
24279A 
  Rose 
  color 
  Lili 
 
24280A 
  Rose 
  color 
  Lili 
 
24281A 
  Rose 
  color 
  Lili 
 
24282A 
  Rose 
  color 
  Lili 
 
24283A 
  Rose 
  color 
  Lili 
 
24284A 
  Rose 
  color 
  Lili 
 
24285A 
  Greg1 
  Denisov 
  Den 
 
24286A 
  Tero 
  KHO 
  Name 
 
24287A 
  Hunter 
  Hunted 
  Hunting 
 
18342 
  sad 
   
  asd 
 
18343 
  ziya 
   
  liko 
 
18344 
  vedat 
   
  kaan 
 
18345 
  ali 
   
  veli 
 
18346 
  ali 
   
  veli 
 
18347 
  ziya 
   
  liko 
 
18348 
  vedat 
   
  kaan 
 
18349 
  pamir 
   
  sedat 
 
18350 
  ali 
   
  veli 
 
18351 
  ziya 
   
  liko 
 
18352 
  vedat 
   
  kaan 
 
18353 
  pamir 
   
  sedat 
 
18354 
  John 
   
  Smith 
 
18355 
  Mary 
   
  Ann 
 
18356 
  ali 
   
  veli 
 
18357 
  ziya 
   
  liko 
 
18358 
  vedat 
   
  kaan 
 
18359 
  pamir 
   
  sedat 
 
18360 
  Yulia123 
  MS 
  Yulia456 
 
24288A 
  Elena 
  Kliukach 
  Ivanovna 
 
24289A 
  syntaxUpdatedFirstName 
  syntaxUpdatedMiddleName 
  syntaxUpdatedLastName 
 
24290A 
  syntaxUpdatedFirstName 
  syntaxUpdatedMiddleName 
  syntaxUpdatedLastName 
 
24291A 
  syntaxUpdatedFirstName 
  syntaxUpdatedMiddleName 
  syntaxUpdatedLastName 
 
18361 
  Yulia123 
  MS 
  Yulia456 
 
18362 
  Yulia123 
  MS 
  Yulia456 
 
24292A 
  Syntax 
  Instructor 
  API 
 
24293A 
  syntaxUpdatedFirstName 
  syntaxUpdatedMiddleName 
  syntaxUpdatedLastName 
 
24294A 
  syntaxUpdatedFirstName 
  syntaxUpdatedMiddleName 
  syntaxUpdatedLastName 
 
24295A 
  syntaxUpdatedFirstName 
  syntaxUpdatedMiddleName 
  syntaxUpdatedLastName 
 
24296A 
  syntaxUpdatedFirstName 
  syntaxUpdatedMiddleName 
  syntaxUpdatedLastName 
 
18363 
  Yulia123 
  MS 
  Yulia456 
 
18364 
  Yulia123 
  MS 
  Yulia456 
 
18365 
  Yulia123 
  MS 
  Yulia456 
 
24297A 
  emily 
  ing 
  str 
 
24298A 
  lily 
  Kay 
  King 
 
24299A 
  emily 
  ing 
  str 
 
24300A 
  lily 
  Kay 
  King 
 
24301A 
  lily 
  Ky 
  King 
 
24302A 
  lily 
  Kay 
  King 
 
24303A 
  lily 
  Kay 
  King 
 
24304A 
  emily 
  ing 
  str 
 
18366 
  add 
   
  emp 
 
18367 
  team 
   
  player 
 
18368 
  team 
   
  player 
 
18369 
  Givi123 
  MS 
  MS12 
 
18370 
  Yulia123 
  MS 
  Yulia456 
 
18371 
  Test12347 
  MS 
  Test9879 
 
18372 
  Test12125 
  MS 
  Test7655 
 
18373 
  Test32320 
  MS 
  Test5451 
 
18374 
  John0404 
  MS 
  US 
 
18375 
  Jack 
  MS 
  US 
 
18376 
  MS0909 
  MS 
  US 
 
18377 
  Givi123 
  MS 
  MS12 
 
18378 
  Yulia123 
  MS 
  Yulia456 
 
18379 
  Test12347 
  MS 
  Test9879 
 
18380 
  Test12125 
  MS 
  Test7655 
 
18381 
  Test32320 
  MS 
  Test5451 
 
18382 
  John0404 
  MS 
  US 
 
18383 
  Jack 
  MS 
  US 
 
18384 
  MS0909 
  MS 
  US 
 
18385 
  Yury 
  test9 
  Tyan 
 
18386 
  Yulia123 
  MS 
  Yulia456 
 
  And retrieve "employee_id", "emp_firstname", "emp_middle_name", "emp_lastname" # APISteps.GetAllEmployeesSteps.retrieve(java.lang.String,java.lang.String,java.lang.String,java.lang.String)

    Embedding Get data from all employees [image/png 66502 bytes]

]]></system-out>
    <system-err><![CDATA[Starting ChromeDriver 92.0.4515.107 (87a818b10553a07434ea9e2b6dccf3cbe7895134-refs/branch-heads/4515@{#1634}) on port 6634
Only local connections are allowed.
Please see https://chromedriver.chromium.org/security-considerations for suggestions on keeping ChromeDriver safe.
ChromeDriver was started successfully.
Aug 25, 2021 11:14:17 PM org.openqa.selenium.remote.ProtocolHandshake createSession
INFO: Detected dialect: W3C
]]></system-err>
  </testcase>
</testsuite>